2019-03-03 06:14:12 INFO     Connecting to DB
2019-03-03 06:14:12 INFO     Processing Mapping
2019-03-03 06:14:12 INFO     Loading File Set: [009]
2019-03-03 06:14:12 INFO     --> Total Files [28896]
2019-03-03 06:14:13 INFO     --> Detect Loaded [28804], Resume Mapping
2019-03-03 06:14:13 INFO     Async Processing
2019-03-03 06:14:13 INFO     Collecting Results
2019-03-03 06:14:13 WARNING  [Exception] => [division by zero] - [FileSetID: 009], [FileID: 10.2307_23982724]
2019-03-03 06:14:13 WARNING  [Exception] => [division by zero] - [FileSetID: 009], [FileID: 10.2307_3012862]
2019-03-03 06:14:13 WARNING  [Exception] => [division by zero] - [FileSetID: 009], [FileID: 10.2307_2083357]
2019-03-03 06:14:13 WARNING  [Exception] => [division by zero] - [FileSetID: 009], [FileID: 10.2307_353307]
2019-03-03 06:14:13 WARNING  [Exception] => [division by zero] - [FileSetID: 009], [FileID: 10.2307_350607]
2019-03-03 06:14:13 WARNING  [Exception] => [division by zero] - [FileSetID: 009], [FileID: 10.2307_351511]
2019-03-03 06:14:13 WARNING  [Exception] => [division by zero] - [FileSetID: 009], [FileID: 10.2307_24175892]
2019-03-03 06:14:13 WARNING  [Exception] => [division by zero] - [FileSetID: 009], [FileID: 10.2307_3069638]
2019-03-03 06:14:13 WARNING  [Exception] => [division by zero] - [FileSetID: 009], [FileID: 10.1525_si.1981.4.1.cover]
2019-03-03 06:14:13 WARNING  [Exception] => [division by zero] - [FileSetID: 009], [FileID: 10.2307_353328]
2019-03-03 06:14:13 WARNING  [Exception] => [division by zero] - [FileSetID: 009], [FileID: 10.2307_1385051]
2019-03-03 06:14:13 WARNING  [Exception] => [division by zero] - [FileSetID: 009], [FileID: 10.2307_41844856]
2019-03-03 06:14:13 WARNING  [Exception] => [division by zero] - [FileSetID: 009], [FileID: 10.1525_si.1980.3.1.cover]
2019-03-03 06:14:13 WARNING  [Exception] => [division by zero] - [FileSetID: 009], [FileID: 10.2307_41623053]
2019-03-03 06:14:13 WARNING  [Exception] => [division by zero] - [FileSetID: 009], [FileID: 10.2307_23891491]
2019-03-03 06:14:13 WARNING  [Exception] => [division by zero] - [FileSetID: 009], [FileID: 10.2307_41415731]
2019-03-03 06:14:13 WARNING  [Exception] => [division by zero] - [FileSetID: 009], [FileID: 10.2307_41960823]
2019-03-03 06:14:13 WARNING  [Exception] => [division by zero] - [FileSetID: 009], [FileID: 10.2307_43294243]
2019-03-03 06:14:13 WARNING  [Exception] => [division by zero] - [FileSetID: 009], [FileID: 10.2307_41801095]
2019-03-03 06:14:13 WARNING  [Exception] => [division by zero] - [FileSetID: 009], [FileID: 10.2307_42852420]
2019-03-03 06:14:13 WARNING  [Exception] => [division by zero] - [FileSetID: 009], [FileID: 10.2307_41489870]
2019-03-03 06:14:13 WARNING  [Exception] => [division by zero] - [FileSetID: 009], [FileID: 10.2307_23984661]
2019-03-03 06:14:13 WARNING  [Exception] => [division by zero] - [FileSetID: 009], [FileID: 10.2307_41683992]
2019-03-03 06:14:13 WARNING  [Exception] => [division by zero] - [FileSetID: 009], [FileID: 10.2307_41802538]
2019-03-03 06:14:13 WARNING  [Exception] => [division by zero] - [FileSetID: 009], [FileID: 10.2307_43294847]
2019-03-03 06:14:13 WARNING  [Exception] => [division by zero] - [FileSetID: 009], [FileID: 10.2307_43294985]
2019-03-03 06:14:13 WARNING  [Exception] => [division by zero] - [FileSetID: 009], [FileID: 10.2307_353317]
2019-03-03 06:14:13 WARNING  [Exception] => [division by zero] - [FileSetID: 009], [FileID: 10.1525_si.1992.15.4.cover]
2019-03-03 06:14:13 WARNING  [Exception] => [division by zero] - [FileSetID: 009], [FileID: 10.1525_si.2000.23.2.cover]
2019-03-03 06:14:13 WARNING  [Exception] => [division by zero] - [FileSetID: 009], [FileID: 10.2307_41844687]
2019-03-03 06:14:13 WARNING  [Exception] => [division by zero] - [FileSetID: 009], [FileID: 10.2307_350699]
2019-03-03 06:14:13 WARNING  [Exception] => [division by zero] - [FileSetID: 009], [FileID: 10.1525_si.1984.7.2.cover]
2019-03-03 06:14:13 WARNING  [Exception] => [division by zero] - [FileSetID: 009], [FileID: 10.2307_41683195]
2019-03-03 06:14:13 WARNING  [Exception] => [division by zero] - [FileSetID: 009], [FileID: 10.2307_41067165]
2019-03-03 06:14:13 WARNING  [Exception] => [division by zero] - [FileSetID: 009], [FileID: 10.2307_43294449]
2019-03-03 06:14:13 WARNING  [Exception] => [division by zero] - [FileSetID: 009], [FileID: 10.1525_si.1981.4.2.cover]
2019-03-03 06:14:13 WARNING  [Exception] => [division by zero] - [FileSetID: 009], [FileID: 10.2307_43294485]
2019-03-03 06:14:13 WARNING  [Exception] => [division by zero] - [FileSetID: 009], [FileID: 10.2307_24178576]
2019-03-03 06:14:13 WARNING  [Exception] => [division by zero] - [FileSetID: 009], [FileID: 10.2307_41484911]
2019-03-03 06:14:13 WARNING  [Exception] => [division by zero] - [FileSetID: 009], [FileID: 10.2307_350696]
2019-03-03 06:14:13 WARNING  [Exception] => [division by zero] - [FileSetID: 009], [FileID: 10.2307_3069634]
2019-03-03 06:14:13 WARNING  [Exception] => [division by zero] - [FileSetID: 009], [FileID: 10.2307_350707]
2019-03-03 06:14:13 WARNING  [Exception] => [division by zero] - [FileSetID: 009], [FileID: 10.2307_1387645]
2019-03-03 06:14:13 WARNING  [Exception] => [division by zero] - [FileSetID: 009], [FileID: 10.2307_42636438]
2019-03-03 06:14:13 WARNING  [Exception] => [division by zero] - [FileSetID: 009], [FileID: 10.2307_41131133]
2019-03-03 06:14:13 WARNING  [Exception] => [division by zero] - [FileSetID: 009], [FileID: 10.2307_41844674]
2019-03-03 06:14:13 WARNING  [Exception] => [division by zero] - [FileSetID: 009], [FileID: 10.2307_monthlylaborrev.2008.08.003]
2019-03-03 06:14:13 WARNING  [Exception] => [division by zero] - [FileSetID: 009], [FileID: 10.2307_41555229]
2019-03-03 06:14:13 WARNING  [Exception] => [division by zero] - [FileSetID: 009], [FileID: 10.2307_43630968]
2019-03-03 06:14:13 WARNING  [Exception] => [division by zero] - [FileSetID: 009], [FileID: 10.2307_42844826]
2019-03-03 06:14:13 WARNING  [Exception] => [division by zero] - [FileSetID: 009], [FileID: 10.2307_2083366]
2019-03-03 06:14:13 WARNING  [Exception] => [division by zero] - [FileSetID: 009], [FileID: 10.2307_41554603]
2019-03-03 06:14:13 WARNING  [Exception] => [division by zero] - [FileSetID: 009], [FileID: 10.2307_41844716]
2019-03-03 06:14:13 WARNING  [Exception] => [division by zero] - [FileSetID: 009], [FileID: 10.2307_41960463]
2019-03-03 06:14:13 WARNING  [Exception] => [division by zero] - [FileSetID: 009], [FileID: 10.2307_351507]
2019-03-03 06:14:13 WARNING  [Exception] => [division by zero] - [FileSetID: 009], [FileID: 10.2307_351933]
2019-03-03 06:14:13 WARNING  [Exception] => [division by zero] - [FileSetID: 009], [FileID: 10.2307_41800845]
2019-03-03 06:14:13 WARNING  [Exception] => [division by zero] - [FileSetID: 009], [FileID: 10.2307_3012490]
2019-03-03 06:14:13 WARNING  [Exception] => [division by zero] - [FileSetID: 009], [FileID: 10.2307_43294531]
2019-03-03 06:14:13 WARNING  [Exception] => [division by zero] - [FileSetID: 009], [FileID: 10.2307_42630970]
2019-03-03 06:14:13 WARNING  [Exception] => [division by zero] - [FileSetID: 009], [FileID: 10.2307_43294409]
2019-03-03 06:14:13 WARNING  [Exception] => [division by zero] - [FileSetID: 009], [FileID: 10.2307_41842979]
2019-03-03 06:14:13 WARNING  [Exception] => [division by zero] - [FileSetID: 009], [FileID: 10.2307_1387641]
2019-03-03 06:14:13 WARNING  [Exception] => [division by zero] - [FileSetID: 009], [FileID: 10.2307_41844030]
2019-03-03 06:14:13 WARNING  [Exception] => [division by zero] - [FileSetID: 009], [FileID: 10.2307_41843627]
2019-03-03 06:14:13 WARNING  [Exception] => [division by zero] - [FileSetID: 009], [FileID: 10.2307_41478902]
2019-03-03 06:14:13 WARNING  [Exception] => [division by zero] - [FileSetID: 009], [FileID: 10.2307_350630]
2019-03-03 06:14:13 WARNING  [Exception] => [division by zero] - [FileSetID: 009], [FileID: 10.2307_353316]
2019-03-03 06:14:13 WARNING  [Exception] => [division by zero] - [FileSetID: 009], [FileID: 10.2307_41623825]
2019-03-03 06:14:13 WARNING  [Exception] => [division by zero] - [FileSetID: 009], [FileID: 10.2307_41838854]
2019-03-03 06:14:13 WARNING  [Exception] => [division by zero] - [FileSetID: 009], [FileID: 10.2307_350705]
2019-03-03 06:14:13 WARNING  [Exception] => [division by zero] - [FileSetID: 009], [FileID: 10.2307_43497870]
2019-03-03 06:14:13 WARNING  [Exception] => [division by zero] - [FileSetID: 009], [FileID: 10.2307_41843108]
2019-03-03 06:14:13 WARNING  [Exception] => [division by zero] - [FileSetID: 009], [FileID: 10.2307_41843317]
2019-03-03 06:14:13 WARNING  [Exception] => [division by zero] - [FileSetID: 009], [FileID: 10.2307_44816678]
2019-03-03 06:14:13 WARNING  [Exception] => [division by zero] - [FileSetID: 009], [FileID: 10.2307_41621908]
2019-03-03 06:14:13 WARNING  [Exception] => [division by zero] - [FileSetID: 009], [FileID: 10.2307_41427528]
2019-03-03 06:14:13 WARNING  [Exception] => [division by zero] - [FileSetID: 009], [FileID: 10.2307_41844563]
2019-03-03 06:14:13 WARNING  [Exception] => [division by zero] - [FileSetID: 009], [FileID: 10.2307_41637882]
2019-03-03 06:14:13 WARNING  [Exception] => [division by zero] - [FileSetID: 009], [FileID: 10.2307_41274529]
2019-03-03 06:14:13 WARNING  [Exception] => [division by zero] - [FileSetID: 009], [FileID: 10.2307_41843137]
2019-03-03 06:14:13 WARNING  [Exception] => [division by zero] - [FileSetID: 009], [FileID: 10.2307_43294329]
2019-03-03 06:14:13 WARNING  [Exception] => [division by zero] - [FileSetID: 009], [FileID: 10.2307_41843004]
2019-03-03 06:14:13 WARNING  [Exception] => [division by zero] - [FileSetID: 009], [FileID: 10.2307_43294904]
2019-03-03 06:14:13 WARNING  [Exception] => [division by zero] - [FileSetID: 009], [FileID: 10.2307_43294273]
2019-03-03 06:14:13 WARNING  [Exception] => [division by zero] - [FileSetID: 009], [FileID: 10.2307_44816080]
2019-03-03 06:14:13 WARNING  [Exception] => [division by zero] - [FileSetID: 009], [FileID: 10.2307_41067929]
2019-03-03 06:14:13 WARNING  [Exception] => [division by zero] - [FileSetID: 009], [FileID: 10.2307_30123774]
2019-03-03 06:14:13 WARNING  [Exception] => [division by zero] - [FileSetID: 009], [FileID: 10.2307_41514823]
2019-03-03 06:14:13 WARNING  [Exception] => [division by zero] - [FileSetID: 009], [FileID: 10.2307_30123715]
2019-03-03 06:14:13 WARNING  [Exception] => [division by zero] - [FileSetID: 009], [FileID: 10.2307_41515247]
2019-03-03 06:14:14 WARNING  [Exception] => [division by zero] - [FileSetID: 009], [FileID: 10.2307_44815878]
2019-03-03 06:14:14 INFO     Mission Complete
