2019-02-27 16:42:20 INFO     Connecting to DB
2019-02-27 16:42:20 INFO     Start Iterative Mapping
2019-02-27 16:42:20 INFO     Computing File Set: [014]
2019-02-27 16:42:21 INFO     Multi-Processing Files 
2019-02-27 16:42:22 INFO     Async Running -- To Be Completed
2019-02-27 16:43:03 INFO     Avg Time: 775657312.8621237
2019-02-27 16:43:03 INFO     Avg Time: 1034209736.5781453
2019-02-27 16:43:04 INFO     Avg Time: 1163485948.519258
2019-02-27 16:43:04 INFO     Avg Time: 1241051675.841236
2019-02-27 16:43:04 INFO     Avg Time: 1292762160.5997224
2019-02-27 16:44:33 INFO     Avg Time: 1329698310.454369
2019-02-27 16:44:33 INFO     Avg Time: 1357400355.8646402
2019-02-27 16:44:33 INFO     Avg Time: 1378946391.185378
2019-02-27 16:44:33 INFO     Avg Time: 1396183219.4456983
2019-02-27 16:46:25 INFO     Connecting to DB
2019-02-27 16:46:25 INFO     Start Iterative Mapping
2019-02-27 16:46:26 INFO     Computing File Set: [014]
2019-02-27 16:46:26 INFO     Multi-Processing Files 
2019-02-27 16:46:27 INFO     Async Running -- To Be Completed
2019-02-27 16:47:14 INFO     Avg Time: 23.469791769981384
2019-02-27 16:47:14 INFO     Avg Time: 15.652395804723104
2019-02-27 16:47:14 INFO     Avg Time: 11.742445170879364
2019-02-27 16:47:14 INFO     Avg Time: 9.396587896347047
2019-02-27 16:47:14 INFO     Avg Time: 7.832503795623779
2019-02-27 16:48:57 INFO     Avg Time: 21.38650175503322
2019-02-27 16:48:57 INFO     Avg Time: 18.714769631624222
2019-02-27 16:48:57 INFO     Avg Time: 16.64029047224257
2019-02-27 16:48:57 INFO     Avg Time: 14.981771850585938
2019-02-27 16:51:32 INFO     Connecting to DB
2019-02-27 16:51:32 INFO     Start Iterative Mapping
2019-02-27 16:51:32 INFO     Computing File Set: [014]
2019-02-27 16:51:33 INFO     Multi-Processing Files 
2019-02-27 16:51:38 INFO     Async Running -- To Be Completed
