2019-02-27 16:36:13 INFO     Connecting to DB
2019-02-27 16:36:13 INFO     Start Iterative Mapping
2019-02-27 16:36:13 INFO     Computing File Set: [014]
2019-02-27 16:36:13 INFO     Multi-Processing Files 
2019-02-27 16:36:15 INFO     Async Running -- To Be Completed
2019-02-27 16:36:44 INFO     Connecting to DB
2019-02-27 16:36:44 INFO     Start Iterative Mapping
2019-02-27 16:36:44 INFO     Computing File Set: [014]
2019-02-27 16:36:44 INFO     Multi-Processing Files 
2019-02-27 16:36:45 INFO     Async Running -- To Be Completed
2019-02-27 16:37:21 INFO     Time: 35.917234659194946
2019-02-27 16:37:21 INFO     Avg Time: 35.917234659194946
2019-02-27 16:37:21 INFO     Time: 35.932532787323
2019-02-27 16:37:21 INFO     Avg Time: 35.92233403523763
2019-02-27 16:37:21 INFO     Time: 35.9477756023407
2019-02-27 16:37:21 INFO     Avg Time: 35.9286944270134
2019-02-27 16:37:21 INFO     Time: 35.96158576011658
2019-02-27 16:37:21 INFO     Avg Time: 35.93527269363403
2019-02-27 16:37:21 INFO     Time: 35.9743390083313
2019-02-27 16:37:21 INFO     Avg Time: 35.94178374608358
2019-02-27 16:38:48 INFO     Time: 122.41403079032898
2019-02-27 16:38:48 INFO     Avg Time: 48.294961895261494
2019-02-27 16:38:48 INFO     Time: 122.42929601669312
2019-02-27 16:38:48 INFO     Avg Time: 57.561753660440445
2019-02-27 16:38:48 INFO     Time: 122.4445972442627
2019-02-27 16:38:48 INFO     Avg Time: 64.77095850308736
2019-02-27 16:38:48 INFO     Time: 122.46013236045837
2019-02-27 16:38:48 INFO     Avg Time: 70.53987588882447
2019-02-27 16:40:38 INFO     Time: 232.9202585220337
2019-02-27 16:40:38 INFO     Avg Time: 85.30172885547985
2019-02-27 16:40:38 INFO     Time: 232.9456980228424
2019-02-27 16:40:38 INFO     Avg Time: 97.60539295276006
2019-02-27 16:40:38 INFO     Time: 232.99563550949097
2019-02-27 16:40:38 INFO     Avg Time: 108.02002699558551
2019-02-27 16:40:38 INFO     Time: 233.03268790245056
2019-02-27 16:40:38 INFO     Avg Time: 116.9495027746473
2019-02-27 16:40:38 INFO     Time: 233.04725790023804
2019-02-27 16:40:38 INFO     Avg Time: 124.68935311635336
2019-02-27 16:40:38 INFO     Time: 233.1095414161682
2019-02-27 16:40:38 INFO     Avg Time: 131.46561488509178
2019-02-27 16:40:38 INFO     Time: 233.1522102355957
2019-02-27 16:40:38 INFO     Avg Time: 137.44717931747437
2019-02-27 16:40:38 INFO     Time: 233.17207646369934
2019-02-27 16:40:38 INFO     Avg Time: 142.7652291589313
2019-02-27 16:40:38 INFO     Time: 233.19055557250977
2019-02-27 16:40:38 INFO     Avg Time: 147.52445686490913
2019-02-27 16:40:38 INFO     Time: 233.21336317062378
2019-02-27 16:40:38 INFO     Avg Time: 151.80890218019485
2019-02-27 16:40:38 INFO     Time: 233.24479484558105
2019-02-27 16:40:38 INFO     Avg Time: 155.68680183092752
2019-02-27 16:40:39 INFO     Time: 233.38926935195923
2019-02-27 16:40:39 INFO     Avg Time: 159.2187321727926
2019-02-27 16:40:39 INFO     Time: 233.4631063938141
2019-02-27 16:40:39 INFO     Avg Time: 162.44674844327182
2019-02-27 16:40:39 INFO     Time: 233.499587059021
2019-02-27 16:40:39 INFO     Avg Time: 165.4072833855947
2019-02-27 16:40:39 INFO     Time: 233.55432081222534
2019-02-27 16:40:39 INFO     Avg Time: 168.1331648826599
2019-02-27 16:40:39 INFO     Time: 233.57613515853882
2019-02-27 16:40:39 INFO     Avg Time: 170.65020220096295
2019-02-27 16:40:39 INFO     Time: 233.62710809707642
2019-02-27 16:40:39 INFO     Avg Time: 172.9826801971153
2019-02-27 16:40:39 INFO     Time: 233.6451427936554
2019-02-27 16:40:39 INFO     Avg Time: 175.1491967184203
2019-02-27 16:40:39 INFO     Time: 233.68693041801453
2019-02-27 16:40:39 INFO     Avg Time: 177.1677392597856
2019-02-27 16:40:39 INFO     Time: 233.73290514945984
2019-02-27 16:40:39 INFO     Avg Time: 179.05324478944144
2019-02-27 16:40:39 INFO     Time: 233.7706069946289
2019-02-27 16:40:39 INFO     Avg Time: 180.81832098960876
2019-02-27 16:41:23 INFO     Time: 278.04445934295654
2019-02-27 16:41:23 INFO     Avg Time: 183.85663781315088
2019-02-27 16:41:23 INFO     Time: 278.0929207801819
2019-02-27 16:41:23 INFO     Avg Time: 186.71228275154576
2019-02-27 16:41:23 INFO     Time: 278.1356694698334
2019-02-27 16:41:23 INFO     Avg Time: 189.40120589031892
2019-02-27 16:41:23 INFO     Time: 278.2216806411743
2019-02-27 16:41:23 INFO     Avg Time: 191.93893374034337
2019-02-27 16:41:24 INFO     Time: 278.26574969291687
2019-02-27 16:41:24 INFO     Avg Time: 194.33690085013708
2019-02-27 16:41:24 INFO     Time: 278.30552554130554
2019-02-27 16:41:24 INFO     Avg Time: 196.60632313908758
2019-02-27 16:42:20 INFO     Connecting to DB
2019-02-27 16:42:20 INFO     Start Iterative Mapping
2019-02-27 16:42:20 INFO     Computing File Set: [014]
2019-02-27 16:42:21 INFO     Multi-Processing Files 
2019-02-27 16:42:22 INFO     Async Running -- To Be Completed
2019-02-27 16:43:03 INFO     Avg Time: 775657312.8621237
2019-02-27 16:43:03 INFO     Avg Time: 1034209736.5781453
2019-02-27 16:43:04 INFO     Avg Time: 1163485948.519258
2019-02-27 16:43:04 INFO     Avg Time: 1241051675.841236
2019-02-27 16:43:04 INFO     Avg Time: 1292762160.5997224
2019-02-27 16:44:33 INFO     Avg Time: 1329698310.454369
2019-02-27 16:44:33 INFO     Avg Time: 1357400355.8646402
2019-02-27 16:44:33 INFO     Avg Time: 1378946391.185378
2019-02-27 16:44:33 INFO     Avg Time: 1396183219.4456983
2019-02-27 16:46:25 INFO     Connecting to DB
2019-02-27 16:46:25 INFO     Start Iterative Mapping
2019-02-27 16:46:26 INFO     Computing File Set: [014]
2019-02-27 16:46:26 INFO     Multi-Processing Files 
2019-02-27 16:46:27 INFO     Async Running -- To Be Completed
2019-02-27 16:47:14 INFO     Avg Time: 23.469791769981384
2019-02-27 16:47:14 INFO     Avg Time: 15.652395804723104
2019-02-27 16:47:14 INFO     Avg Time: 11.742445170879364
2019-02-27 16:47:14 INFO     Avg Time: 9.396587896347047
2019-02-27 16:47:14 INFO     Avg Time: 7.832503795623779
2019-02-27 16:48:57 INFO     Avg Time: 21.38650175503322
2019-02-27 16:48:57 INFO     Avg Time: 18.714769631624222
2019-02-27 16:48:57 INFO     Avg Time: 16.64029047224257
2019-02-27 16:48:57 INFO     Avg Time: 14.981771850585938
2019-02-27 16:51:32 INFO     Connecting to DB
2019-02-27 16:51:32 INFO     Start Iterative Mapping
2019-02-27 16:51:32 INFO     Computing File Set: [014]
2019-02-27 16:51:33 INFO     Multi-Processing Files 
2019-02-27 16:51:38 INFO     Async Running -- To Be Completed
