2019-02-28 02:07:21 INFO     Connecting to DB
2019-02-28 02:07:21 INFO     Processing Mapping
2019-02-28 02:07:21 INFO     Loading File Set: [014]
2019-02-28 02:07:21 INFO     --> Detect Loaded [3984], Resume Mapping
2019-02-28 02:07:21 INFO     Async Processing
2019-02-28 02:07:21 WARNING  [Exception] => [division by zero] - [FileSetID: 014], [FileID: 10.2307_3013006]
2019-02-28 02:07:22 WARNING  [Exception] => [division by zero] - [FileSetID: 014], [FileID: 10.2307_41830839]
2019-02-28 02:07:22 WARNING  [Exception] => [division by zero] - [FileSetID: 014], [FileID: 10.2307_41488865]
2019-02-28 02:07:22 WARNING  [Exception] => [division by zero] - [FileSetID: 014], [FileID: 10.2307_351513]
2019-02-28 02:07:22 WARNING  [Exception] => [division by zero] - [FileSetID: 014], [FileID: 10.2307_41801071]
2019-02-28 02:07:22 WARNING  [Exception] => [division by zero] - [FileSetID: 014], [FileID: 10.2307_41845303]
2019-02-28 02:07:22 WARNING  [Exception] => [division by zero] - [FileSetID: 014], [FileID: 10.2307_350617]
2019-02-28 02:07:22 WARNING  [Exception] => [division by zero] - [FileSetID: 014], [FileID: 10.2307_42860461]
2019-02-28 02:07:22 WARNING  [Exception] => [division by zero] - [FileSetID: 014], [FileID: 10.2307_43294960]
2019-02-28 02:07:22 WARNING  [Exception] => [division by zero] - [FileSetID: 014], [FileID: 10.2307_41844460]
2019-02-28 02:07:22 WARNING  [Exception] => [division by zero] - [FileSetID: 014], [FileID: 10.2307_41623834]
2019-02-28 02:07:22 INFO     Collecting Results
2019-02-28 02:14:16 INFO     --> Processed: 4084; Average Time: 4.138806328773499
2019-02-28 02:14:41 INFO     --> Processed: 4184; Average Time: 2.198313910961151
2019-02-28 02:15:08 INFO     --> Processed: 4284; Average Time: 1.5537032341957093
2019-02-28 02:15:43 INFO     --> Processed: 4384; Average Time: 1.2538965404033662
2019-02-28 02:16:16 INFO     --> Processed: 4484; Average Time: 1.0680705127716064
2019-02-28 02:19:34 INFO     --> Processed: 4584; Average Time: 1.2198701453208924
2019-02-28 02:20:04 INFO     --> Processed: 4684; Average Time: 1.088441947868892
2019-02-28 02:21:32 INFO     --> Processed: 4784; Average Time: 1.063221599161625
2019-02-28 02:23:25 INFO     --> Processed: 4884; Average Time: 1.0697575245963202
2019-02-28 02:24:38 INFO     --> Processed: 4984; Average Time: 1.035886169910431
2019-02-28 02:25:20 INFO     --> Processed: 5084; Average Time: 0.9803633317080411
2019-02-28 02:28:15 INFO     --> Processed: 5184; Average Time: 1.04418206234773
2019-02-28 02:28:25 INFO     --> Processed: 5284; Average Time: 0.971773448907412
2019-02-28 02:30:02 INFO     --> Processed: 5384; Average Time: 0.971399062190737
2019-02-28 02:30:08 WARNING  [Exception] => [division by zero] - [FileSetID: 014], [FileID: 10.2307_41069850]
2019-02-28 02:31:58 INFO     --> Processed: 5484; Average Time: 0.9839125863711039
2019-02-28 02:34:15 INFO     --> Processed: 5584; Average Time: 1.0083978964388371
2019-02-28 02:35:26 INFO     --> Processed: 5684; Average Time: 0.9904846849161036
2019-02-28 02:36:41 INFO     --> Processed: 5784; Average Time: 0.9773683851295047
2019-02-28 02:37:28 WARNING  [Exception] => [division by zero] - [FileSetID: 014], [FileID: 10.2307_3090246]
2019-02-28 02:38:26 INFO     --> Processed: 5884; Average Time: 0.9811282209346169
2019-02-28 02:40:10 WARNING  [Exception] => [division by zero] - [FileSetID: 014], [FileID: 10.2307_350624]
2019-02-28 02:41:08 INFO     --> Processed: 5984; Average Time: 1.0132887674570084
2019-02-28 02:43:23 INFO     --> Processed: 6084; Average Time: 1.0293650155975704
2019-02-28 02:44:06 INFO     --> Processed: 6184; Average Time: 1.001943817463788
2019-02-28 02:47:02 WARNING  [Exception] => [division by zero] - [FileSetID: 014], [FileID: 10.2307_351935]
2019-02-28 02:48:08 INFO     --> Processed: 6284; Average Time: 1.0634074335512909
2019-02-28 02:49:11 INFO     --> Processed: 6384; Average Time: 1.045330811838309
2019-02-28 02:49:37 INFO     --> Processed: 6484; Average Time: 1.014105797958374
2019-02-28 02:50:43 INFO     --> Processed: 6584; Average Time: 1.0005053072709305
2019-02-28 02:52:35 INFO     --> Processed: 6684; Average Time: 1.0050590185765866
2019-02-28 02:54:07 WARNING  [Exception] => [division by zero] - [FileSetID: 014], [FileID: 10.2307_20851507]
2019-02-28 02:54:20 WARNING  [Exception] => [division by zero] - [FileSetID: 014], [FileID: 10.2307_30124910]
2019-02-28 02:55:43 INFO     --> Processed: 6784; Average Time: 1.036119977235794
2019-02-28 02:55:44 INFO     --> Processed: 6884; Average Time: 1.0006781804150549
2019-02-28 02:57:21 INFO     --> Processed: 6984; Average Time: 0.9998335259755452
2019-02-28 02:59:13 WARNING  [Exception] => [division by zero] - [FileSetID: 014], [FileID: 10.2307_44816233]
2019-02-28 03:00:21 WARNING  [Exception] => [division by zero] - [FileSetID: 014], [FileID: 10.1525_si.1999.22.1.cover]
2019-02-28 03:00:37 INFO     --> Processed: 7084; Average Time: 1.0306371200469233
2019-02-28 03:00:44 INFO     --> Processed: 7184; Average Time: 1.0005828977376223
2019-02-28 03:02:43 INFO     --> Processed: 7284; Average Time: 1.006426783475009
2019-02-28 03:04:21 INFO     --> Processed: 7384; Average Time: 1.0056575717645533
2019-02-28 03:06:01 INFO     --> Processed: 7484; Average Time: 1.0054158919879368
2019-02-28 03:07:17 INFO     --> Processed: 7584; Average Time: 0.9986086557308833
2019-02-28 03:08:03 WARNING  [Exception] => [division by zero] - [FileSetID: 014], [FileID: 10.2307_351527]
2019-02-28 03:08:48 INFO     --> Processed: 7684; Average Time: 0.9963599543958097
2019-02-28 03:10:49 INFO     --> Processed: 7784; Average Time: 1.0018189036846161
2019-02-28 03:20:25 INFO     --> Processed: 7884; Average Time: 1.1239063647465828
2019-02-28 03:20:26 INFO     --> Processed: 7984; Average Time: 1.096009601712227
2019-02-28 03:20:27 INFO     --> Processed: 8084; Average Time: 1.0694743755387097
2019-02-28 03:20:27 INFO     --> Processed: 8184; Average Time: 1.0442065122581663
2019-02-28 03:20:28 INFO     --> Processed: 8284; Average Time: 1.0201147399392239
2019-02-28 03:21:03 WARNING  [Exception] => [division by zero] - [FileSetID: 014], [FileID: 10.2307_351944]
2019-02-28 03:22:53 INFO     --> Processed: 8384; Average Time: 1.0297756485505538
2019-02-28 03:23:03 INFO     --> Processed: 8484; Average Time: 1.009160734123654
2019-02-28 03:24:32 INFO     --> Processed: 8584; Average Time: 1.0066424689085587
2019-02-28 03:26:35 INFO     --> Processed: 8684; Average Time: 1.0112523272189688
2019-02-28 03:27:16 INFO     --> Processed: 8784; Average Time: 0.9988816864291827
2019-02-28 03:30:41 INFO     --> Processed: 8884; Average Time: 1.0202802870224934
2019-02-28 03:31:39 INFO     --> Processed: 8984; Average Time: 1.01152163066864
2019-02-28 03:32:47 INFO     --> Processed: 9084; Average Time: 1.0050389072941799
2019-02-28 03:34:12 INFO     --> Processed: 9184; Average Time: 1.0020612237545161
2019-02-28 03:36:35 INFO     --> Processed: 9284; Average Time: 1.0099553288603729
2019-02-28 03:37:48 INFO     --> Processed: 9384; Average Time: 1.0049006507131788
2019-02-28 03:39:08 INFO     --> Processed: 9484; Average Time: 1.0010997370373118
2019-02-28 03:40:22 INFO     --> Processed: 9584; Average Time: 0.9964081762943949
2019-02-28 03:42:42 INFO     --> Processed: 9684; Average Time: 1.0034789005915323
2019-02-28 03:43:59 WARNING  [Exception] => [division by zero] - [FileSetID: 014], [FileID: 10.2307_24178655]
2019-02-28 03:46:23 INFO     --> Processed: 9784; Average Time: 1.0242802369594575
2019-02-28 03:46:23 INFO     --> Processed: 9884; Average Time: 1.0070574830346188
2019-02-28 03:49:11 INFO     --> Processed: 9984; Average Time: 1.0182611547311147
2019-02-28 03:49:15 INFO     --> Processed: 10084; Average Time: 1.0022080443335362
2019-02-28 03:51:43 INFO     --> Processed: 10184; Average Time: 1.009801764103674
2019-02-28 03:52:05 WARNING  [Exception] => [division by zero] - [FileSetID: 014], [FileID: 10.2307_1385042]
2019-02-28 03:52:18 WARNING  [Exception] => [division by zero] - [FileSetID: 014], [FileID: 10.2307_41843874]
2019-02-28 03:52:53 INFO     --> Processed: 10284; Average Time: 1.0049284702255612
2019-02-28 03:53:51 WARNING  [Exception] => [division by zero] - [FileSetID: 014], [FileID: 10.1525_si.1995.18.2.cover]
2019-02-28 03:54:20 WARNING  [Exception] => [division by zero] - [FileSetID: 014], [FileID: 10.2307_350611]
2019-02-28 03:54:26 WARNING  [Exception] => [division by zero] - [FileSetID: 014], [FileID: 10.2307_351960]
2019-02-28 03:55:35 INFO     --> Processed: 10384; Average Time: 1.0145257956162095
2019-02-28 03:57:05 INFO     --> Processed: 10484; Average Time: 1.0128482331496018
2019-02-28 03:58:00 INFO     --> Processed: 10584; Average Time: 1.0058587980631626
2019-02-28 04:00:03 INFO     --> Processed: 10684; Average Time: 1.0091632294298998
2019-02-28 04:01:39 WARNING  [Exception] => [division by zero] - [FileSetID: 014], [FileID: 10.2307_350610]
2019-02-28 04:02:25 INFO     --> Processed: 10784; Average Time: 1.0152185123808244
2019-02-28 04:03:58 INFO     --> Processed: 10884; Average Time: 1.0139702302822169
2019-02-28 04:06:14 WARNING  [Exception] => [division by zero] - [FileSetID: 014], [FileID: 10.2307_43294879]
2019-02-28 04:07:48 INFO     --> Processed: 10984; Average Time: 1.0322988787037986
2019-02-28 04:07:49 INFO     --> Processed: 11084; Average Time: 1.0178749570376437
2019-02-28 04:08:51 WARNING  [Exception] => [division by zero] - [FileSetID: 014], [FileID: 10.2307_2391485]
2019-02-28 04:09:37 INFO     --> Processed: 11184; Average Time: 1.0187261054913204
2019-02-28 04:11:50 INFO     --> Processed: 11284; Average Time: 1.0230500563530074
2019-02-28 04:13:23 WARNING  [Exception] => [division by zero] - [FileSetID: 014], [FileID: 10.2307_43294601]
2019-02-28 04:13:43 INFO     --> Processed: 11384; Average Time: 1.0245139737386961
2019-02-28 04:14:34 INFO     --> Processed: 11484; Average Time: 1.0176649621327718
2019-02-28 04:16:04 INFO     --> Processed: 11584; Average Time: 1.0160426634236386
2019-02-28 04:16:23 WARNING  [Exception] => [division by zero] - [FileSetID: 014], [FileID: 10.2307_42844902]
2019-02-28 04:17:29 INFO     --> Processed: 11684; Average Time: 1.013904699536113
2019-02-28 04:20:19 INFO     --> Processed: 11784; Average Time: 1.022727052615239
2019-02-28 04:22:48 INFO     --> Processed: 11884; Average Time: 1.0285831902902338
2019-02-28 04:23:10 WARNING  [Exception] => [division by zero] - [FileSetID: 014], [FileID: 10.2307_24178623]
2019-02-28 04:24:18 INFO     --> Processed: 11984; Average Time: 1.0270425283908844
2019-02-28 04:24:32 INFO     --> Processed: 12084; Average Time: 1.0160405457166979
2019-02-28 04:26:39 WARNING  [Exception] => [division by zero] - [FileSetID: 014], [FileID: 10.2307_41843994]
2019-02-28 04:26:46 INFO     --> Processed: 12184; Average Time: 1.0200522560317342
2019-02-28 04:27:57 INFO     --> Processed: 12284; Average Time: 1.0162571343743658
2019-02-28 04:30:27 INFO     --> Processed: 12384; Average Time: 1.0220059409028008
2019-02-28 04:31:20 WARNING  [Exception] => [division by zero] - [FileSetID: 014], [FileID: 10.2307_41554455]
2019-02-28 04:33:09 INFO     --> Processed: 12484; Average Time: 1.0290543374734766
2019-02-28 04:33:35 INFO     --> Processed: 12584; Average Time: 1.020138252502264
2019-02-28 04:35:20 INFO     --> Processed: 12684; Average Time: 1.0204544913357703
2019-02-28 04:37:32 INFO     --> Processed: 12784; Average Time: 1.0238838971473954
2019-02-28 04:37:41 WARNING  [Exception] => [division by zero] - [FileSetID: 014], [FileID: 10.2307_43294307]
2019-02-28 04:38:24 INFO     --> Processed: 12884; Average Time: 1.0182172488898373
2019-02-28 04:41:18 INFO     --> Processed: 12984; Average Time: 1.02629465285937
2019-02-28 04:42:05 INFO     --> Processed: 13084; Average Time: 1.0201201039618188
2019-02-28 04:44:20 INFO     --> Processed: 13184; Average Time: 1.0237100152606549
2019-02-28 04:45:45 INFO     --> Processed: 13284; Average Time: 1.0218474470415424
2019-02-28 04:46:51 INFO     --> Processed: 13384; Average Time: 1.0179615879058839
2019-02-28 04:50:35 INFO     --> Processed: 13484; Average Time: 1.0308855527074714
2019-02-28 04:51:00 INFO     --> Processed: 13584; Average Time: 1.0227731117109458
2019-02-28 04:53:02 INFO     --> Processed: 13684; Average Time: 1.0247771441813596
2019-02-28 04:54:30 WARNING  [Exception] => [division by zero] - [FileSetID: 014], [FileID: 10.2307_41960094]
2019-02-28 04:54:33 INFO     --> Processed: 13784; Average Time: 1.0236278249536241
2019-02-28 04:55:33 INFO     --> Processed: 13884; Average Time: 1.0193654493611268
2019-02-28 04:57:30 INFO     --> Processed: 13984; Average Time: 1.0207798607826233
2019-02-28 04:59:04 INFO     --> Processed: 14084; Average Time: 1.0200238362869414
2019-02-28 05:00:46 INFO     --> Processed: 14184; Average Time: 1.0200409906284482
2019-02-28 05:02:07 WARNING  [Exception] => [division by zero] - [FileSetID: 014], [FileID: 10.2307_24178569]
2019-02-28 05:02:24 WARNING  [Exception] => [division by zero] - [FileSetID: 014], [FileID: 10.2307_41783586]
2019-02-28 05:05:16 INFO     --> Processed: 14284; Average Time: 1.0363310852791499
2019-02-28 05:05:17 INFO     --> Processed: 14384; Average Time: 1.0264435350894927
2019-02-28 05:06:10 INFO     --> Processed: 14484; Average Time: 1.021735341299148
2019-02-28 05:07:32 INFO     --> Processed: 14584; Average Time: 1.0198493310190597
2019-02-28 05:09:21 INFO     --> Processed: 14684; Average Time: 1.0205268423579563
2019-02-28 05:10:14 WARNING  [Exception] => [division by zero] - [FileSetID: 014], [FileID: 10.2307_43294588]
2019-02-28 05:10:25 INFO     --> Processed: 14784; Average Time: 1.0169782870566404
2019-02-28 05:12:42 INFO     --> Processed: 14884; Average Time: 1.0201656442169749
2019-02-28 05:13:46 WARNING  [Exception] => [division by zero] - [FileSetID: 014], [FileID: 10.2307_23677894]
2019-02-28 05:15:07 INFO     --> Processed: 14984; Average Time: 1.0240689256841486
2019-02-28 05:15:07 INFO     --> Processed: 15084; Average Time: 1.0149185167132198
2019-02-28 05:15:46 WARNING  [Exception] => [division by zero] - [FileSetID: 014], [FileID: 10.2307_350613]
2019-02-28 05:17:04 INFO     --> Processed: 15184; Average Time: 1.0162343490336623
2019-02-28 05:18:26 INFO     --> Processed: 15284; Average Time: 1.0145074092392372
2019-02-28 05:20:04 INFO     --> Processed: 15384; Average Time: 1.0142650114653404
2019-02-28 05:20:06 WARNING  [Exception] => [division by zero] - [FileSetID: 014], [FileID: 10.2307_20830925]
2019-02-28 05:21:38 INFO     --> Processed: 15484; Average Time: 1.013567893774613
2019-02-28 05:22:32 INFO     --> Processed: 15584; Average Time: 1.0095444403845688
2019-02-28 05:24:10 WARNING  [Exception] => [division by zero] - [FileSetID: 014], [FileID: 10.2307_23982809]
2019-02-28 05:25:15 WARNING  [Exception] => [division by zero] - [FileSetID: 014], [FileID: 10.2307_41702439]
2019-02-28 05:26:02 INFO     --> Processed: 15684; Average Time: 1.018851159209879
2019-02-28 05:26:23 INFO     --> Processed: 15784; Average Time: 1.0119543930837664
2019-02-28 05:29:36 WARNING  [Exception] => [division by zero] - [FileSetID: 014], [FileID: 10.2307_43294868]
2019-02-28 05:30:32 INFO     --> Processed: 15884; Average Time: 1.0243971879342022
2019-02-28 05:30:35 INFO     --> Processed: 15984; Average Time: 1.0160939762592316
2019-02-28 05:30:59 WARNING  [Exception] => [division by zero] - [FileSetID: 014], [FileID: 10.2307_40226370]
2019-02-28 05:31:58 INFO     --> Processed: 16084; Average Time: 1.0145488479511797
2019-02-28 05:33:40 INFO     --> Processed: 16184; Average Time: 1.0145951607774515
2019-02-28 05:36:01 INFO     --> Processed: 16284; Average Time: 1.0177841707167588
2019-02-28 05:36:04 WARNING  [Exception] => [division by zero] - [FileSetID: 014], [FileID: 10.2307_40648621]
2019-02-28 05:36:41 INFO     --> Processed: 16384; Average Time: 1.0128197951086106
2019-02-28 05:38:30 WARNING  [Exception] => [division by zero] - [FileSetID: 014], [FileID: 10.2307_41802565]
2019-02-28 05:38:46 INFO     --> Processed: 16484; Average Time: 1.0147360425949097
2019-02-28 05:40:17 WARNING  [Exception] => [division by zero] - [FileSetID: 014], [FileID: 10.2307_41842947]
2019-02-28 05:41:08 INFO     --> Processed: 16584; Average Time: 1.0179292340884134
2019-02-28 05:41:26 WARNING  [Exception] => [division by zero] - [FileSetID: 014], [FileID: 10.2307_41802806]
2019-02-28 05:41:32 INFO     --> Processed: 16684; Average Time: 1.0118456527191824
2019-02-28 05:42:37 WARNING  [Exception] => [division by zero] - [FileSetID: 014], [FileID: 10.2307_41682655]
2019-02-28 05:43:10 INFO     --> Processed: 16784; Average Time: 1.0115779080614447
2019-02-28 05:43:47 WARNING  [Exception] => [division by zero] - [FileSetID: 014], [FileID: 10.2307_41845242]
2019-02-28 05:45:29 INFO     --> Processed: 16884; Average Time: 1.01450714684272
2019-02-28 05:47:02 INFO     --> Processed: 16984; Average Time: 1.0138395467171302
2019-02-28 05:48:18 INFO     --> Processed: 17084; Average Time: 1.0119411788095956
2019-02-28 05:48:21 WARNING  [Exception] => [division by zero] - [FileSetID: 014], [FileID: 10.1086_677395]
2019-02-28 05:49:25 WARNING  [Exception] => [division by zero] - [FileSetID: 014], [FileID: 10.2307_41843566]
2019-02-28 05:50:45 INFO     --> Processed: 17184; Average Time: 1.0154280096834356
2019-02-28 05:50:59 INFO     --> Processed: 17284; Average Time: 1.0087781297533136
2019-02-28 05:51:10 WARNING  [Exception] => [division by zero] - [FileSetID: 014], [FileID: 10.2307_41008408]
2019-02-28 05:54:13 INFO     --> Processed: 17384; Average Time: 1.0157630637688424
2019-02-28 05:55:17 INFO     --> Processed: 17484; Average Time: 1.0130166412106267
2019-02-28 05:56:36 INFO     --> Processed: 17584; Average Time: 1.0113538290647899
2019-02-28 05:57:17 WARNING  [Exception] => [division by zero] - [FileSetID: 014], [FileID: 10.2307_44461162]
2019-02-28 05:58:44 INFO     --> Processed: 17684; Average Time: 1.0133119127350132
2019-02-28 06:00:14 INFO     --> Processed: 17784; Average Time: 1.0125093321005503
2019-02-28 06:01:45 INFO     --> Processed: 17884; Average Time: 1.011765885130107
2019-02-28 06:03:23 INFO     --> Processed: 17984; Average Time: 1.011524373463222
2019-02-28 06:05:18 INFO     --> Processed: 18084; Average Time: 1.0125239158014878
2019-02-28 06:06:32 INFO     --> Processed: 18184; Average Time: 1.0105952220735415
2019-02-28 06:08:04 INFO     --> Processed: 18284; Average Time: 1.0099289398926956
2019-02-28 06:09:45 INFO     --> Processed: 18384; Average Time: 1.0099146256513065
2019-02-28 06:11:06 INFO     --> Processed: 18484; Average Time: 1.0085388072441364
2019-02-28 06:13:32 INFO     --> Processed: 18584; Average Time: 1.0116738658735196
2019-02-28 06:14:31 INFO     --> Processed: 18684; Average Time: 1.0088188153870252
2019-02-28 06:19:02 INFO     --> Processed: 18784; Average Time: 1.0203110803945645
2019-02-28 06:20:01 INFO     --> Processed: 18884; Average Time: 1.017404742192902
2019-02-28 06:20:40 INFO     --> Processed: 18984; Average Time: 1.0132128760178885
2019-02-28 06:21:08 WARNING  [Exception] => [division by zero] - [FileSetID: 014], [FileID: 10.2307_25059546]
2019-02-28 06:21:40 INFO     --> Processed: 19084; Average Time: 1.010489185993245
2019-02-28 06:23:01 WARNING  [Exception] => [division by zero] - [FileSetID: 014], [FileID: 10.2307_20831425]
2019-02-28 06:23:20 INFO     --> Processed: 19184; Average Time: 1.0103818004225429
2019-02-28 06:23:36 WARNING  [Exception] => [division by zero] - [FileSetID: 014], [FileID: 10.2307_43295017]
2019-02-28 06:24:59 INFO     --> Processed: 19284; Average Time: 1.0102815274319619
2019-02-28 06:26:15 WARNING  [Exception] => [division by zero] - [FileSetID: 014], [FileID: 10.2307_41970302]
2019-02-28 06:28:02 INFO     --> Processed: 19384; Average Time: 1.0156266373318512
2019-02-28 06:28:11 INFO     --> Processed: 19484; Average Time: 1.009626185048011
2019-02-28 06:30:28 INFO     --> Processed: 19584; Average Time: 1.0119634029651299
2019-02-28 06:31:33 INFO     --> Processed: 19684; Average Time: 1.0096024840652562
2019-02-28 06:33:22 INFO     --> Processed: 19784; Average Time: 1.010155928783779
2019-02-28 06:34:41 WARNING  [Exception] => [division by zero] - [FileSetID: 014], [FileID: 10.2307_43295027]
2019-02-28 06:34:49 INFO     --> Processed: 19884; Average Time: 1.0092403229527502
2019-02-28 06:36:45 INFO     --> Processed: 19984; Average Time: 1.0101982641518117
2019-02-28 06:40:24 INFO     --> Processed: 20084; Average Time: 1.0175147569994007
2019-02-28 06:40:44 INFO     --> Processed: 20184; Average Time: 1.012463957792447
2019-02-28 06:45:28 INFO     --> Processed: 20284; Average Time: 1.0237165119165292
2019-02-28 06:45:33 INFO     --> Processed: 20384; Average Time: 1.017755638942486
2019-02-28 06:45:50 INFO     --> Processed: 20484; Average Time: 1.0126055568348278
2019-02-28 06:48:32 INFO     --> Processed: 20584; Average Time: 1.0163045967774218
2019-02-28 06:48:59 INFO     --> Processed: 20684; Average Time: 1.0117982011783622
2019-02-28 06:53:31 WARNING  [Exception] => [division by zero] - [FileSetID: 014], [FileID: 10.2307_42844327]
2019-02-28 06:53:34 INFO     --> Processed: 20784; Average Time: 1.022138188268457
2019-02-28 06:53:35 INFO     --> Processed: 20884; Average Time: 1.0161381269065586
2019-02-28 06:54:29 INFO     --> Processed: 20984; Average Time: 1.0133798045551075
2019-02-28 06:55:56 INFO     --> Processed: 21084; Average Time: 1.0125557445782667
2019-02-28 06:57:55 INFO     --> Processed: 21184; Average Time: 1.013565942367842
2019-02-28 06:58:59 WARNING  [Exception] => [division by zero] - [FileSetID: 014], [FileID: 10.2307_350691]
2019-02-28 06:59:19 INFO     --> Processed: 21284; Average Time: 1.0125385149641533
2019-02-28 07:00:50 INFO     --> Processed: 21384; Average Time: 1.011971381354606
