2019-03-02 01:08:42 INFO     Connecting to DB
2019-03-02 01:08:42 INFO     Processing Mapping
2019-03-02 01:08:42 INFO     Loading File Set: [004]
2019-03-02 01:08:42 INFO     --> Total Files [29034]
2019-03-02 01:08:43 INFO     --> Detect Loaded [28944], Resume Mapping
2019-03-02 01:08:43 INFO     Async Processing
2019-03-02 01:08:43 INFO     Collecting Results
2019-03-02 01:08:43 WARNING  [Exception] => [division by zero] - [FileSetID: 004], [FileID: 10.2307_1387648]
2019-03-02 01:08:43 WARNING  [Exception] => [division by zero] - [FileSetID: 004], [FileID: 10.2307_1385043]
2019-03-02 01:08:43 WARNING  [Exception] => [division by zero] - [FileSetID: 004], [FileID: 10.2307_1387624]
2019-03-02 01:08:43 WARNING  [Exception] => [division by zero] - [FileSetID: 004], [FileID: 10.2307_353310]
2019-03-02 01:08:43 WARNING  [Exception] => [division by zero] - [FileSetID: 004], [FileID: 10.2307_monthlylaborrev.2011.02.025]
2019-03-02 01:08:43 WARNING  [Exception] => [division by zero] - [FileSetID: 004], [FileID: 10.2307_353309]
2019-03-02 01:08:43 WARNING  [Exception] => [division by zero] - [FileSetID: 004], [FileID: 10.2307_353323]
2019-03-02 01:08:43 WARNING  [Exception] => [division by zero] - [FileSetID: 004], [FileID: 10.2307_41801171]
2019-03-02 01:08:43 WARNING  [Exception] => [division by zero] - [FileSetID: 004], [FileID: 10.2307_43294517]
2019-03-02 01:08:43 WARNING  [Exception] => [division by zero] - [FileSetID: 004], [FileID: 10.2307_41842872]
2019-03-02 01:08:43 WARNING  [Exception] => [division by zero] - [FileSetID: 004], [FileID: 10.2307_41845200]
2019-03-02 01:08:43 WARNING  [Exception] => [division by zero] - [FileSetID: 004], [FileID: 10.2307_41067985]
2019-03-02 01:08:43 WARNING  [Exception] => [division by zero] - [FileSetID: 004], [FileID: 10.2307_24721093]
2019-03-02 01:08:43 WARNING  [Exception] => [division by zero] - [FileSetID: 004], [FileID: 10.2307_24182990]
2019-03-02 01:08:43 WARNING  [Exception] => [division by zero] - [FileSetID: 004], [FileID: 10.2307_41802753]
2019-03-02 01:08:43 WARNING  [Exception] => [division by zero] - [FileSetID: 004], [FileID: 10.2307_350622]
2019-03-02 01:08:43 WARNING  [Exception] => [division by zero] - [FileSetID: 004], [FileID: 10.2307_41839401]
2019-03-02 01:08:43 WARNING  [Exception] => [division by zero] - [FileSetID: 004], [FileID: 10.2307_43645526]
2019-03-02 01:08:43 WARNING  [Exception] => [division by zero] - [FileSetID: 004], [FileID: 10.2307_41960679]
2019-03-02 01:08:43 WARNING  [Exception] => [division by zero] - [FileSetID: 004], [FileID: 10.2307_43294997]
2019-03-02 01:08:43 WARNING  [Exception] => [division by zero] - [FileSetID: 004], [FileID: 10.1525_si.2000.23.3.cover]
2019-03-02 01:08:43 WARNING  [Exception] => [division by zero] - [FileSetID: 004], [FileID: 10.2307_350682]
2019-03-02 01:08:43 WARNING  [Exception] => [division by zero] - [FileSetID: 004], [FileID: 10.2307_41843260]
2019-03-02 01:08:43 WARNING  [Exception] => [division by zero] - [FileSetID: 004], [FileID: 10.2307_43294266]
2019-03-02 01:08:43 WARNING  [Exception] => [division by zero] - [FileSetID: 004], [FileID: 10.2307_41554407]
2019-03-02 01:08:43 WARNING  [Exception] => [division by zero] - [FileSetID: 004], [FileID: 10.2307_41484897]
2019-03-02 01:08:43 WARNING  [Exception] => [division by zero] - [FileSetID: 004], [FileID: 10.2307_41490365]
2019-03-02 01:08:43 WARNING  [Exception] => [division by zero] - [FileSetID: 004], [FileID: 10.2307_41843530]
2019-03-02 01:08:43 WARNING  [Exception] => [division by zero] - [FileSetID: 004], [FileID: 10.2307_24176024]
2019-03-02 01:08:43 WARNING  [Exception] => [division by zero] - [FileSetID: 004], [FileID: 10.2307_41959992]
2019-03-02 01:08:43 WARNING  [Exception] => [division by zero] - [FileSetID: 004], [FileID: 10.2307_23745419]
2019-03-02 01:08:43 WARNING  [Exception] => [division by zero] - [FileSetID: 004], [FileID: 10.2307_24178561]
2019-03-02 01:08:43 WARNING  [Exception] => [division by zero] - [FileSetID: 004], [FileID: 10.2307_1385058]
2019-03-02 01:08:43 WARNING  [Exception] => [division by zero] - [FileSetID: 004], [FileID: 10.2307_350604]
2019-03-02 01:08:43 WARNING  [Exception] => [division by zero] - [FileSetID: 004], [FileID: 10.2307_43294800]
2019-03-02 01:08:43 WARNING  [Exception] => [division by zero] - [FileSetID: 004], [FileID: 10.2307_1385055]
2019-03-02 01:08:43 WARNING  [Exception] => [division by zero] - [FileSetID: 004], [FileID: 10.2307_41844475]
2019-03-02 01:08:43 WARNING  [Exception] => [division by zero] - [FileSetID: 004], [FileID: 10.2307_350620]
2019-03-02 01:08:43 WARNING  [Exception] => [division by zero] - [FileSetID: 004], [FileID: 10.2307_43294930]
2019-03-02 01:08:43 WARNING  [Exception] => [division by zero] - [FileSetID: 004], [FileID: 10.2307_41801294]
2019-03-02 01:08:43 WARNING  [Exception] => [division by zero] - [FileSetID: 004], [FileID: 10.2307_41845427]
2019-03-02 01:08:43 WARNING  [Exception] => [division by zero] - [FileSetID: 004], [FileID: 10.2307_41415755]
2019-03-02 01:08:43 WARNING  [Exception] => [division by zero] - [FileSetID: 004], [FileID: 10.2307_41488855]
2019-03-02 01:08:43 WARNING  [Exception] => [division by zero] - [FileSetID: 004], [FileID: 10.2307_351516]
2019-03-02 01:08:43 WARNING  [Exception] => [division by zero] - [FileSetID: 004], [FileID: 10.2307_41554385]
2019-03-02 01:08:43 WARNING  [Exception] => [division by zero] - [FileSetID: 004], [FileID: 10.2307_41843925]
2019-03-02 01:08:43 WARNING  [Exception] => [division by zero] - [FileSetID: 004], [FileID: 10.2307_43294992]
2019-03-02 01:08:43 WARNING  [Exception] => [division by zero] - [FileSetID: 004], [FileID: 10.2307_24175734]
2019-03-02 01:08:43 WARNING  [Exception] => [division by zero] - [FileSetID: 004], [FileID: 10.2307_41068887]
2019-03-02 01:08:43 WARNING  [Exception] => [division by zero] - [FileSetID: 004], [FileID: 10.2307_350632]
2019-03-02 01:08:43 WARNING  [Exception] => [division by zero] - [FileSetID: 004], [FileID: 10.2307_41069031]
2019-03-02 01:08:43 WARNING  [Exception] => [division by zero] - [FileSetID: 004], [FileID: 10.2307_41582866]
2019-03-02 01:08:43 WARNING  [Exception] => [division by zero] - [FileSetID: 004], [FileID: 10.2307_41843385]
2019-03-02 01:08:43 WARNING  [Exception] => [division by zero] - [FileSetID: 004], [FileID: 10.2307_41489994]
2019-03-02 01:08:43 WARNING  [Exception] => [division by zero] - [FileSetID: 004], [FileID: 10.2307_350609]
2019-03-02 01:08:43 WARNING  [Exception] => [division by zero] - [FileSetID: 004], [FileID: 10.2307_2391496]
2019-03-02 01:08:43 WARNING  [Exception] => [division by zero] - [FileSetID: 004], [FileID: 10.2307_41762556]
2019-03-02 01:08:43 WARNING  [Exception] => [division by zero] - [FileSetID: 004], [FileID: 10.2307_41488280]
2019-03-02 01:08:43 WARNING  [Exception] => [division by zero] - [FileSetID: 004], [FileID: 10.2307_41490021]
2019-03-02 01:08:43 WARNING  [Exception] => [division by zero] - [FileSetID: 004], [FileID: 10.2307_41554761]
2019-03-02 01:08:43 WARNING  [Exception] => [division by zero] - [FileSetID: 004], [FileID: 10.2307_41554352]
2019-03-02 01:08:43 WARNING  [Exception] => [division by zero] - [FileSetID: 004], [FileID: 10.2307_43294399]
2019-03-02 01:08:43 WARNING  [Exception] => [division by zero] - [FileSetID: 004], [FileID: 10.2307_41845439]
2019-03-02 01:08:43 WARNING  [Exception] => [division by zero] - [FileSetID: 004], [FileID: 10.2307_41845060]
2019-03-02 01:08:43 WARNING  [Exception] => [division by zero] - [FileSetID: 004], [FileID: 10.2307_43295070]
2019-03-02 01:08:43 WARNING  [Exception] => [division by zero] - [FileSetID: 004], [FileID: 10.2307_42855639]
2019-03-02 01:08:43 WARNING  [Exception] => [division by zero] - [FileSetID: 004], [FileID: 10.2307_350686]
2019-03-02 01:08:43 WARNING  [Exception] => [division by zero] - [FileSetID: 004], [FileID: 10.2307_41582778]
2019-03-02 01:08:43 WARNING  [Exception] => [division by zero] - [FileSetID: 004], [FileID: 10.2307_monthlylaborrev.2011.11.037]
2019-03-02 01:08:43 WARNING  [Exception] => [division by zero] - [FileSetID: 004], [FileID: 10.2307_2083373]
2019-03-02 01:08:43 WARNING  [Exception] => [division by zero] - [FileSetID: 004], [FileID: 10.2307_351936]
2019-03-02 01:08:43 WARNING  [Exception] => [division by zero] - [FileSetID: 004], [FileID: 10.2307_41403647]
2019-03-02 01:08:43 WARNING  [Exception] => [division by zero] - [FileSetID: 004], [FileID: 10.2307_43481326]
2019-03-02 01:08:43 WARNING  [Exception] => [division by zero] - [FileSetID: 004], [FileID: 10.2307_30124865]
2019-03-02 01:08:43 WARNING  [Exception] => [division by zero] - [FileSetID: 004], [FileID: 10.1525_si.1998.21.3.cover]
2019-03-02 01:08:43 WARNING  [Exception] => [division by zero] - [FileSetID: 004], [FileID: 10.2307_41475099]
2019-03-02 01:08:43 WARNING  [Exception] => [division by zero] - [FileSetID: 004], [FileID: 10.2307_41783717]
2019-03-02 01:08:43 WARNING  [Exception] => [division by zero] - [FileSetID: 004], [FileID: 10.2307_41288625]
2019-03-02 01:08:43 WARNING  [Exception] => [division by zero] - [FileSetID: 004], [FileID: 10.2307_41494892]
2019-03-02 01:08:43 WARNING  [Exception] => [division by zero] - [FileSetID: 004], [FileID: 10.2307_2083375]
2019-03-02 01:08:43 WARNING  [Exception] => [division by zero] - [FileSetID: 004], [FileID: 10.2307_41514649]
2019-03-02 01:08:43 WARNING  [Exception] => [division by zero] - [FileSetID: 004], [FileID: 10.2307_40226376]
2019-03-02 01:08:43 WARNING  [Exception] => [division by zero] - [FileSetID: 004], [FileID: 10.2307_3341211]
2019-03-02 01:08:43 WARNING  [Exception] => [division by zero] - [FileSetID: 004], [FileID: 10.2307_41478279]
2019-03-02 01:08:43 WARNING  [Exception] => [division by zero] - [FileSetID: 004], [FileID: 10.2307_3341391]
2019-03-02 01:08:43 WARNING  [Exception] => [division by zero] - [FileSetID: 004], [FileID: 10.2307_43294925]
2019-03-02 01:08:43 WARNING  [Exception] => [division by zero] - [FileSetID: 004], [FileID: 10.2307_41067978]
2019-03-02 01:08:43 WARNING  [Exception] => [division by zero] - [FileSetID: 004], [FileID: 10.2307_41931637]
2019-03-02 01:08:43 WARNING  [Exception] => [division by zero] - [FileSetID: 004], [FileID: 10.2307_41554382]
2019-03-02 01:08:43 WARNING  [Exception] => [division by zero] - [FileSetID: 004], [FileID: 10.2307_20831508]
2019-03-02 01:08:43 INFO     Mission Complete
