2019-03-01 00:33:16 INFO     Connecting to DB
2019-03-01 00:33:16 INFO     Processing Mapping
2019-03-01 00:33:16 INFO     Loading File Set: [001]
2019-03-01 00:33:16 INFO     --> Detect Loaded [16], Resume Mapping
2019-03-01 00:33:16 INFO     Async Processing
2019-03-01 00:33:17 INFO     Collecting Results
2019-03-01 00:34:48 WARNING  [Exception] => [division by zero] - [FileSetID: 001], [FileID: 10.2307_42843882]
2019-03-01 00:36:01 INFO     --> Processed: 116; Average Time: 1.642149088382721
2019-03-01 00:38:01 INFO     --> Processed: 216; Average Time: 1.4238823568820953
2019-03-01 00:39:15 INFO     --> Processed: 316; Average Time: 1.1949737246831258
2019-03-01 00:40:54 INFO     --> Processed: 416; Average Time: 1.1427063673734665
2019-03-01 00:42:16 INFO     --> Processed: 516; Average Time: 1.0781882858276368
2019-03-01 00:44:03 INFO     --> Processed: 616; Average Time: 1.0766393427054088
2019-03-01 00:44:19 WARNING  [Exception] => [division by zero] - [FileSetID: 001], [FileID: 10.2307_41514687]
2019-03-01 00:45:59 INFO     --> Processed: 716; Average Time: 1.0897194031306676
2019-03-01 00:47:21 INFO     --> Processed: 816; Average Time: 1.0560016292333603
2019-03-01 00:48:35 WARNING  [Exception] => [division by zero] - [FileSetID: 001], [FileID: 10.2307_42750987]
2019-03-01 00:49:40 INFO     --> Processed: 916; Average Time: 1.0924568014674716
2019-03-01 00:50:33 INFO     --> Processed: 1016; Average Time: 1.0359610483646393
2019-03-01 00:51:49 WARNING  [Exception] => [division by zero] - [FileSetID: 001], [FileID: 10.2307_41844448]
2019-03-01 00:54:22 WARNING  [Exception] => [division by zero] - [FileSetID: 001], [FileID: 10.2307_351941]
2019-03-01 00:54:24 INFO     --> Processed: 1116; Average Time: 1.1521354267813944
2019-03-01 00:55:26 WARNING  [Exception] => [division by zero] - [FileSetID: 001], [FileID: 10.2307_41345978]
2019-03-01 00:57:21 INFO     --> Processed: 1216; Average Time: 1.2038162253300349
2019-03-01 00:57:22 INFO     --> Processed: 1316; Average Time: 1.111962604706104
2019-03-01 00:58:02 INFO     --> Processed: 1416; Average Time: 1.0609582931654793
2019-03-01 00:58:53 WARNING  [Exception] => [division by zero] - [FileSetID: 001], [FileID: 10.1525_si.1994.17.3.cover]
2019-03-01 00:59:46 WARNING  [Exception] => [division by zero] - [FileSetID: 001], [FileID: 10.2307_41484871]
2019-03-01 00:59:49 INFO     --> Processed: 1516; Average Time: 1.0618795773188272
2019-03-01 01:01:33 INFO     --> Processed: 1616; Average Time: 1.0605710180103778
2019-03-01 01:02:56 INFO     --> Processed: 1716; Average Time: 1.0468123464023367
2019-03-01 01:02:58 WARNING  [Exception] => [division by zero] - [FileSetID: 001], [FileID: 10.2307_41843359]
2019-03-01 01:05:27 WARNING  [Exception] => [division by zero] - [FileSetID: 001], [FileID: 10.2307_3090243]
2019-03-01 01:05:32 INFO     --> Processed: 1816; Average Time: 1.0752615767055087
2019-03-01 01:06:49 INFO     --> Processed: 1916; Average Time: 1.058974215858861
2019-03-01 01:08:23 INFO     --> Processed: 2016; Average Time: 1.0530392085313798
2019-03-01 01:09:50 WARNING  [Exception] => [division by zero] - [FileSetID: 001], [FileID: 10.2307_43242227]
2019-03-01 01:10:54 INFO     --> Processed: 2116; Average Time: 1.0748822341646467
2019-03-01 01:11:36 INFO     --> Processed: 2216; Average Time: 1.0453504838726737
2019-03-01 01:13:08 INFO     --> Processed: 2316; Average Time: 1.0398548602021258
2019-03-01 01:15:02 INFO     --> Processed: 2416; Average Time: 1.0441350651780765
2019-03-01 01:16:25 INFO     --> Processed: 2516; Average Time: 1.035220016002655
2019-03-01 01:17:34 WARNING  [Exception] => [division by zero] - [FileSetID: 001], [FileID: 10.2307_350703]
2019-03-01 01:18:22 INFO     --> Processed: 2616; Average Time: 1.0406595814228057
2019-03-01 01:18:33 WARNING  [Exception] => [division by zero] - [FileSetID: 001], [FileID: 10.2307_351531]
2019-03-01 01:20:08 INFO     --> Processed: 2716; Average Time: 1.0411487230548153
2019-03-01 01:23:41 INFO     --> Processed: 2816; Average Time: 1.0800135660171508
2019-03-01 01:24:00 INFO     --> Processed: 2916; Average Time: 1.0494092946216977
2019-03-01 01:25:41 INFO     --> Processed: 3016; Average Time: 1.0481850725015005
2019-03-01 01:28:42 INFO     --> Processed: 3116; Average Time: 1.0726194051004225
2019-03-01 01:29:04 INFO     --> Processed: 3216; Average Time: 1.046151236668229
2019-03-01 01:30:30 INFO     --> Processed: 3316; Average Time: 1.0403361118923533
2019-03-01 01:30:59 WARNING  [Exception] => [division by zero] - [FileSetID: 001], [FileID: 10.2307_23891610]
2019-03-01 01:31:57 INFO     --> Processed: 3416; Average Time: 1.0355236697196961
2019-03-01 01:33:55 INFO     --> Processed: 3516; Average Time: 1.039447744505746
2019-03-01 01:34:35 WARNING  [Exception] => [division by zero] - [FileSetID: 001], [FileID: 10.2307_3013368]
2019-03-01 01:35:08 INFO     --> Processed: 3616; Average Time: 1.0309788352251053
2019-03-01 01:36:42 INFO     --> Processed: 3716; Average Time: 1.0284899711608886
2019-03-01 01:38:15 WARNING  [Exception] => [division by zero] - [FileSetID: 001], [FileID: 10.2307_1387638]
2019-03-01 01:38:24 INFO     --> Processed: 3816; Average Time: 1.0282398172428733
2019-03-01 01:40:23 INFO     --> Processed: 3916; Average Time: 1.0323166114856035
2019-03-01 01:42:03 INFO     --> Processed: 4016; Average Time: 1.0314906113147735
2019-03-01 01:44:00 INFO     --> Processed: 4116; Average Time: 1.0349013310525474
2019-03-01 01:45:39 INFO     --> Processed: 4216; Average Time: 1.0338967801275707
2019-03-01 01:47:06 INFO     --> Processed: 4316; Average Time: 1.0301067461523898
2019-03-01 01:47:24 WARNING  [Exception] => [division by zero] - [FileSetID: 001], [FileID: 10.2307_24178487]
2019-03-01 01:48:57 INFO     --> Processed: 4416; Average Time: 1.0319556676799602
2019-03-01 01:50:56 INFO     --> Processed: 4516; Average Time: 1.035464218934377
2019-03-01 01:54:23 INFO     --> Processed: 4616; Average Time: 1.0578509455141814
2019-03-01 01:54:24 INFO     --> Processed: 4716; Average Time: 1.0355676983265167
2019-03-01 01:55:08 INFO     --> Processed: 4816; Average Time: 1.0231929479539394
2019-03-01 01:56:37 INFO     --> Processed: 4916; Average Time: 1.020402727224389
2019-03-01 01:58:58 INFO     --> Processed: 5016; Average Time: 1.0282844831466675
2019-03-01 02:00:35 INFO     --> Processed: 5116; Average Time: 1.0271386424232931
2019-03-01 02:02:10 WARNING  [Exception] => [division by zero] - [FileSetID: 001], [FileID: 10.2307_24713317]
2019-03-01 02:02:15 INFO     --> Processed: 5216; Average Time: 1.026690684419412
2019-03-01 02:04:12 INFO     --> Processed: 5316; Average Time: 1.0293959753918198
2019-03-01 02:06:11 INFO     --> Processed: 5416; Average Time: 1.0323153358918649
2019-03-01 02:09:59 WARNING  [Exception] => [division by zero] - [FileSetID: 001], [FileID: 10.2307_41067707]
2019-03-01 02:10:04 INFO     --> Processed: 5516; Average Time: 1.0558152591965415
2019-03-01 02:10:08 INFO     --> Processed: 5616; Average Time: 1.0377407736863409
2019-03-01 02:11:25 INFO     --> Processed: 5716; Average Time: 1.0329809999465942
2019-03-01 02:13:26 INFO     --> Processed: 5816; Average Time: 1.0360645809255797
2019-03-01 02:14:11 WARNING  [Exception] => [division by zero] - [FileSetID: 001], [FileID: 10.2307_23891393]
2019-03-01 02:14:35 INFO     --> Processed: 5916; Average Time: 1.030170850794194
2019-03-01 02:16:24 INFO     --> Processed: 6016; Average Time: 1.0311745369434357
2019-03-01 02:16:29 WARNING  [Exception] => [division by zero] - [FileSetID: 001], [FileID: 10.2307_3013130]
2019-03-01 02:17:41 INFO     --> Processed: 6116; Average Time: 1.0269381555963735
2019-03-01 02:20:47 INFO     --> Processed: 6216; Average Time: 1.0404275238129401
2019-03-01 02:22:30 INFO     --> Processed: 6316; Average Time: 1.0402915198083909
2019-03-01 02:23:31 INFO     --> Processed: 6416; Average Time: 1.0335035529360175
2019-03-01 02:25:21 INFO     --> Processed: 6516; Average Time: 1.034555378327003
2019-03-01 02:26:43 INFO     --> Processed: 6616; Average Time: 1.031324991240646
2019-03-01 02:28:29 INFO     --> Processed: 6716; Average Time: 1.0317563317782843
2019-03-01 02:32:59 INFO     --> Processed: 6816; Average Time: 1.0562428330323275
2019-03-01 02:33:06 INFO     --> Processed: 6916; Average Time: 1.0419471579358197
2019-03-01 02:34:04 WARNING  [Exception] => [division by zero] - [FileSetID: 001], [FileID: 10.2307_41801072]
2019-03-01 02:34:15 INFO     --> Processed: 7016; Average Time: 1.0369844313349044
2019-03-01 02:35:41 INFO     --> Processed: 7116; Average Time: 1.0344157679651824
2019-03-01 02:40:25 INFO     --> Processed: 7216; Average Time: 1.0594717228081492
2019-03-01 02:40:26 INFO     --> Processed: 7316; Average Time: 1.0451159306748272
2019-03-01 02:41:15 INFO     --> Processed: 7416; Average Time: 1.0376745555207536
2019-03-01 02:42:18 INFO     --> Processed: 7516; Average Time: 1.0321499107996623
2019-03-01 02:42:47 WARNING  [Exception] => [division by zero] - [FileSetID: 001], [FileID: 10.2307_monthlylaborrev.2010.08.032]
2019-03-01 02:44:36 INFO     --> Processed: 7616; Average Time: 1.0368217808321902
2019-03-01 02:47:52 INFO     --> Processed: 7716; Average Time: 1.0487198696508035
2019-03-01 02:47:53 INFO     --> Processed: 7816; Average Time: 1.0354181472766093
2019-03-01 02:49:16 INFO     --> Processed: 7916; Average Time: 1.0328362263305277
2019-03-01 02:49:31 WARNING  [Exception] => [division by zero] - [FileSetID: 001], [FileID: 10.2307_351951]
2019-03-01 02:50:33 INFO     --> Processed: 8016; Average Time: 1.0296007788181305
2019-03-01 02:52:52 INFO     --> Processed: 8116; Average Time: 1.0340642836653156
2019-03-01 02:54:21 INFO     --> Processed: 8216; Average Time: 1.0322031070255653
2019-03-01 02:56:29 WARNING  [Exception] => [division by zero] - [FileSetID: 001], [FileID: 10.2307_90007862]
2019-03-01 02:56:34 INFO     --> Processed: 8316; Average Time: 1.0358403850176248
2019-03-01 02:58:11 INFO     --> Processed: 8416; Average Time: 1.0350886644919712
2019-03-01 02:58:46 WARNING  [Exception] => [division by zero] - [FileSetID: 001], [FileID: 10.2307_353312]
2019-03-01 03:00:09 INFO     --> Processed: 8516; Average Time: 1.0367782142583062
2019-03-01 03:00:26 WARNING  [Exception] => [division by zero] - [FileSetID: 001], [FileID: 10.2307_41288379]
2019-03-01 03:01:54 INFO     --> Processed: 8616; Average Time: 1.036952471095462
2019-03-01 03:03:04 INFO     --> Processed: 8716; Average Time: 1.0330144116522253
2019-03-01 03:06:04 INFO     --> Processed: 8816; Average Time: 1.041742352003401
2019-03-01 03:07:25 INFO     --> Processed: 8916; Average Time: 1.0391880001110978
2019-03-01 03:08:36 INFO     --> Processed: 9016; Average Time: 1.0355216191079881
2019-03-01 03:10:35 INFO     --> Processed: 9116; Average Time: 1.0371754715468857
2019-03-01 03:12:32 WARNING  [Exception] => [division by zero] - [FileSetID: 001], [FileID: 10.2307_1387632]
2019-03-01 03:12:55 INFO     --> Processed: 9216; Average Time: 1.041163137399632
2019-03-01 03:13:45 INFO     --> Processed: 9316; Average Time: 1.0352839918290415
2019-03-01 03:14:22 WARNING  [Exception] => [division by zero] - [FileSetID: 001], [FileID: 10.2307_353320]
2019-03-01 03:15:16 INFO     --> Processed: 9416; Average Time: 1.0340055629040332
2019-03-01 03:16:23 INFO     --> Processed: 9516; Average Time: 1.0301636089525725
2019-03-01 03:16:37 WARNING  [Exception] => [division by zero] - [FileSetID: 001], [FileID: 10.2307_24721042]
2019-03-01 03:17:20 WARNING  [Exception] => [division by zero] - [FileSetID: 001], [FileID: 10.1525_si.1991.14.2.cover]
2019-03-01 03:18:32 INFO     --> Processed: 9616; Average Time: 1.0329010219623644
2019-03-01 03:19:00 WARNING  [Exception] => [division by zero] - [FileSetID: 001], [FileID: 10.2307_30198893]
2019-03-01 03:19:26 WARNING  [Exception] => [division by zero] - [FileSetID: 001], [FileID: 10.2307_41841942]
2019-03-01 03:19:43 INFO     --> Processed: 9716; Average Time: 1.0295448848144295
2019-03-01 03:21:17 WARNING  [Exception] => [division by zero] - [FileSetID: 001], [FileID: 10.2307_1387636]
2019-03-01 03:21:24 INFO     --> Processed: 9816; Average Time: 1.0293345465952037
2019-03-01 03:22:50 INFO     --> Processed: 9916; Average Time: 1.0275854380443843
2019-03-01 03:23:16 WARNING  [Exception] => [division by zero] - [FileSetID: 001], [FileID: 10.1525_si.1990.13.1.cover]
2019-03-01 03:24:50 INFO     --> Processed: 10016; Average Time: 1.0293007950782775
2019-03-01 03:26:43 INFO     --> Processed: 10116; Average Time: 1.0303854983631928
2019-03-01 03:28:11 INFO     --> Processed: 10216; Average Time: 1.0289106344241723
2019-03-01 03:29:36 INFO     --> Processed: 10316; Average Time: 1.0271617831072761
2019-03-01 03:31:54 INFO     --> Processed: 10416; Average Time: 1.0305196469105207
2019-03-01 03:34:15 WARNING  [Exception] => [division by zero] - [FileSetID: 001], [FileID: 10.2307_41800730]
2019-03-01 03:34:28 INFO     --> Processed: 10516; Average Time: 1.0353834944452558
2019-03-01 03:35:40 INFO     --> Processed: 10616; Average Time: 1.0324320496928017
2019-03-01 03:37:43 INFO     --> Processed: 10716; Average Time: 1.0342436035325595
2019-03-01 03:38:40 WARNING  [Exception] => [division by zero] - [FileSetID: 001], [FileID: 10.2307_41801223]
2019-03-01 03:39:08 INFO     --> Processed: 10816; Average Time: 1.032578192309097
2019-03-01 03:40:54 INFO     --> Processed: 10916; Average Time: 1.032823249484421
2019-03-01 03:42:34 INFO     --> Processed: 11016; Average Time: 1.0325186774947426
2019-03-01 03:43:41 INFO     --> Processed: 11116; Average Time: 1.0292265044891082
2019-03-01 03:44:30 WARNING  [Exception] => [division by zero] - [FileSetID: 001], [FileID: 10.2307_24175766]
2019-03-01 03:44:46 WARNING  [Exception] => [division by zero] - [FileSetID: 001], [FileID: 10.2307_20831283]
2019-03-01 03:45:25 WARNING  [Exception] => [division by zero] - [FileSetID: 001], [FileID: 10.2307_41555234]
2019-03-01 03:46:01 INFO     --> Processed: 11216; Average Time: 1.0325506445339747
2019-03-01 03:46:48 WARNING  [Exception] => [division by zero] - [FileSetID: 001], [FileID: 10.2307_351509]
2019-03-01 03:48:50 WARNING  [Exception] => [division by zero] - [FileSetID: 001], [FileID: 10.2307_353327]
2019-03-01 03:49:01 INFO     --> Processed: 11316; Average Time: 1.0393152446451441
2019-03-01 03:49:09 INFO     --> Processed: 11416; Average Time: 1.0309474801808072
2019-03-01 03:50:50 WARNING  [Exception] => [division by zero] - [FileSetID: 001], [FileID: 10.2307_41633805]
2019-03-01 03:52:12 INFO     --> Processed: 11516; Average Time: 1.0378292796508126
2019-03-01 03:52:47 INFO     --> Processed: 11616; Average Time: 1.0319206128860343
2019-03-01 03:54:34 INFO     --> Processed: 11716; Average Time: 1.032293747306889
2019-03-01 03:55:47 INFO     --> Processed: 11816; Average Time: 1.02965793397467
2019-03-01 03:56:08 WARNING  [Exception] => [division by zero] - [FileSetID: 001], [FileID: 10.2307_41843555]
2019-03-01 03:59:38 INFO     --> Processed: 11916; Average Time: 1.040477465902056
2019-03-01 04:00:15 INFO     --> Processed: 12016; Average Time: 1.0349000172813734
2019-03-01 04:02:10 INFO     --> Processed: 12116; Average Time: 1.0358498198926942
2019-03-01 04:02:40 WARNING  [Exception] => [division by zero] - [FileSetID: 001], [FileID: 10.1525_si.1997.20.3.cover]
2019-03-01 04:04:27 INFO     --> Processed: 12216; Average Time: 1.0385614489727333
2019-03-01 04:04:53 WARNING  [Exception] => [division by zero] - [FileSetID: 001], [FileID: 10.2307_41844170]
2019-03-01 04:05:23 WARNING  [Exception] => [division by zero] - [FileSetID: 001], [FileID: 10.2307_41069726]
2019-03-01 04:05:45 INFO     --> Processed: 12316; Average Time: 1.0364802320022892
2019-03-01 04:06:47 INFO     --> Processed: 12416; Average Time: 1.0330689558098394
2019-03-01 04:07:31 WARNING  [Exception] => [division by zero] - [FileSetID: 001], [FileID: 10.2307_41068559]
2019-03-01 04:08:17 INFO     --> Processed: 12516; Average Time: 1.0320465120506286
2019-03-01 04:09:57 INFO     --> Processed: 12616; Average Time: 1.0317914288763017
2019-03-01 04:10:52 WARNING  [Exception] => [division by zero] - [FileSetID: 001], [FileID: 10.2307_353303]
2019-03-01 04:11:19 WARNING  [Exception] => [division by zero] - [FileSetID: 001], [FileID: 10.2307_1385049]
2019-03-01 04:11:41 INFO     --> Processed: 12716; Average Time: 1.031811276796296
2019-03-01 04:13:03 INFO     --> Processed: 12816; Average Time: 1.0301838760264217
2019-03-01 04:14:08 WARNING  [Exception] => [division by zero] - [FileSetID: 001], [FileID: 10.2307_43295006]
2019-03-01 04:14:18 WARNING  [Exception] => [division by zero] - [FileSetID: 001], [FileID: 10.2307_2580713]
2019-03-01 04:14:30 INFO     --> Processed: 12916; Average Time: 1.0289408298241076
2019-03-01 04:15:46 INFO     --> Processed: 13016; Average Time: 1.026890508725093
2019-03-01 04:16:37 WARNING  [Exception] => [division by zero] - [FileSetID: 001], [FileID: 10.2307_23292983]
2019-03-01 04:17:39 INFO     --> Processed: 13116; Average Time: 1.027647813822477
2019-03-01 04:19:03 INFO     --> Processed: 13216; Average Time: 1.0262092397249105
2019-03-01 04:20:29 INFO     --> Processed: 13316; Average Time: 1.0250197147964535
2019-03-01 04:22:15 INFO     --> Processed: 13416; Average Time: 1.0252708927019318
2019-03-01 04:23:46 INFO     --> Processed: 13516; Average Time: 1.0244164061193113
2019-03-01 04:24:38 WARNING  [Exception] => [division by zero] - [FileSetID: 001], [FileID: 10.1525_si.1996.19.2.cover]
2019-03-01 04:26:16 INFO     --> Processed: 13616; Average Time: 1.0279131303990587
2019-03-01 04:28:36 INFO     --> Processed: 13716; Average Time: 1.0305947255566172
2019-03-01 04:29:28 WARNING  [Exception] => [division by zero] - [FileSetID: 001], [FileID: 10.2307_41554411]
2019-03-01 04:30:07 INFO     --> Processed: 13816; Average Time: 1.029776194717573
2019-03-01 04:30:29 WARNING  [Exception] => [division by zero] - [FileSetID: 001], [FileID: 10.2307_350680]
2019-03-01 04:31:28 INFO     --> Processed: 13916; Average Time: 1.0281531702528754
2019-03-01 04:31:41 WARNING  [Exception] => [division by zero] - [FileSetID: 001], [FileID: 10.2307_41844643]
2019-03-01 04:33:09 WARNING  [Exception] => [division by zero] - [FileSetID: 001], [FileID: 10.2307_41844610]
2019-03-01 04:33:22 INFO     --> Processed: 14016; Average Time: 1.028982581428119
2019-03-01 04:35:10 INFO     --> Processed: 14116; Average Time: 1.0293077885850948
2019-03-01 04:36:41 INFO     --> Processed: 14216; Average Time: 1.028503220752931
2019-03-01 04:37:54 INFO     --> Processed: 14316; Average Time: 1.026372097105413
2019-03-01 04:39:31 INFO     --> Processed: 14416; Average Time: 1.0260197784006595
2019-03-01 04:42:03 INFO     --> Processed: 14516; Average Time: 1.02943404544633
2019-03-01 04:42:57 INFO     --> Processed: 14616; Average Time: 1.0260908078494138
2019-03-01 04:44:32 INFO     --> Processed: 14716; Average Time: 1.0255630720878135
2019-03-01 04:44:34 WARNING  [Exception] => [division by zero] - [FileSetID: 001], [FileID: 10.2307_41931567]
2019-03-01 04:46:22 INFO     --> Processed: 14816; Average Time: 1.0260505265964044
2019-03-01 04:47:42 INFO     --> Processed: 14916; Average Time: 1.0245317389020985
2019-03-01 04:49:35 INFO     --> Processed: 15016; Average Time: 1.025211035601298
2019-03-01 04:50:57 INFO     --> Processed: 15116; Average Time: 1.0238411413912742
2019-03-01 04:52:31 WARNING  [Exception] => [division by zero] - [FileSetID: 001], [FileID: 10.2307_42629824]
2019-03-01 04:53:16 INFO     --> Processed: 15216; Average Time: 1.0262958205844226
2019-03-01 04:53:26 WARNING  [Exception] => [division by zero] - [FileSetID: 001], [FileID: 10.2307_41844057]
2019-03-01 04:54:03 INFO     --> Processed: 15316; Average Time: 1.0226373161209954
2019-03-01 04:54:33 WARNING  [Exception] => [division by zero] - [FileSetID: 001], [FileID: 10.2307_41554462]
2019-03-01 04:54:48 WARNING  [Exception] => [division by zero] - [FileSetID: 001], [FileID: 10.2307_42858060]
2019-03-01 04:55:51 INFO     --> Processed: 15416; Average Time: 1.0229857449717337
2019-03-01 04:55:51 WARNING  [Exception] => [division by zero] - [FileSetID: 001], [FileID: 10.2307_41844806]
2019-03-01 04:59:14 INFO     --> Processed: 15516; Average Time: 1.0294844184844725
2019-03-01 04:59:14 INFO     --> Processed: 15616; Average Time: 1.0229412038051164
2019-03-01 05:02:16 INFO     --> Processed: 15716; Average Time: 1.0279752321152171
2019-03-01 05:02:54 INFO     --> Processed: 15816; Average Time: 1.0238808143138884
2019-03-01 05:03:29 WARNING  [Exception] => [division by zero] - [FileSetID: 001], [FileID: 10.2307_41725225]
2019-03-01 05:04:43 INFO     --> Processed: 15916; Average Time: 1.024281050169243
2019-03-01 05:07:13 INFO     --> Processed: 16016; Average Time: 1.027265698581934
2019-03-01 05:09:31 WARNING  [Exception] => [division by zero] - [FileSetID: 001], [FileID: 10.2307_3380385]
2019-03-01 05:09:31 INFO     --> Processed: 16116; Average Time: 1.0294749654153859
2019-03-01 05:11:13 WARNING  [Exception] => [division by zero] - [FileSetID: 001], [FileID: 10.2307_43294560]
2019-03-01 05:12:42 WARNING  [Exception] => [division by zero] - [FileSetID: 001], [FileID: 10.2307_23891670]
2019-03-01 05:13:07 INFO     --> Processed: 16216; Average Time: 1.0364165090925899
2019-03-01 05:13:32 INFO     --> Processed: 16316; Average Time: 1.0316443694588597
2019-03-01 05:13:45 WARNING  [Exception] => [division by zero] - [FileSetID: 001], [FileID: 10.1525_si.1996.19.3.cover]
2019-03-01 05:14:02 INFO     --> Processed: 16416; Average Time: 1.0271456174588784
2019-03-01 05:17:37 INFO     --> Processed: 16516; Average Time: 1.0339548389405915
2019-03-01 05:18:49 WARNING  [Exception] => [division by zero] - [FileSetID: 001], [FileID: 10.2307_41845291]
2019-03-01 05:19:02 INFO     --> Processed: 16616; Average Time: 1.0328349569763047
2019-03-01 05:19:14 INFO     --> Processed: 16716; Average Time: 1.0273667170473202
2019-03-01 05:21:48 INFO     --> Processed: 16816; Average Time: 1.0304441577338037
2019-03-01 05:23:21 INFO     --> Processed: 16916; Average Time: 1.0298749808870125
2019-03-01 05:24:33 WARNING  [Exception] => [division by zero] - [FileSetID: 001], [FileID: 10.2307_41839478]
2019-03-01 05:25:42 INFO     --> Processed: 17016; Average Time: 1.0320692434871899
2019-03-01 05:27:22 WARNING  [Exception] => [division by zero] - [FileSetID: 001], [FileID: 10.2307_42851335]
2019-03-01 05:29:16 INFO     --> Processed: 17116; Average Time: 1.0385644816097461
2019-03-01 05:29:17 INFO     --> Processed: 17216; Average Time: 1.0325845839533696
2019-03-01 05:29:47 WARNING  [Exception] => [division by zero] - [FileSetID: 001], [FileID: 10.2307_41844526]
2019-03-01 05:30:02 INFO     --> Processed: 17316; Average Time: 1.0291876571164655
2019-03-01 05:30:58 INFO     --> Processed: 17416; Average Time: 1.0265462073649483
2019-03-01 05:33:17 INFO     --> Processed: 17516; Average Time: 1.0286160871914456
2019-03-01 05:34:21 WARNING  [Exception] => [division by zero] - [FileSetID: 001], [FileID: 10.2307_351524]
2019-03-01 05:34:58 INFO     --> Processed: 17616; Average Time: 1.0284950004924427
2019-03-01 05:37:15 WARNING  [Exception] => [division by zero] - [FileSetID: 001], [FileID: 10.2307_351534]
2019-03-01 05:38:09 INFO     --> Processed: 17716; Average Time: 1.0334954612807365
2019-03-01 05:39:28 INFO     --> Processed: 17816; Average Time: 1.0320768220906846
2019-03-01 05:41:47 INFO     --> Processed: 17916; Average Time: 1.0341123406713901
2019-03-01 05:42:22 WARNING  [Exception] => [division by zero] - [FileSetID: 001], [FileID: 10.2307_353322]
2019-03-01 05:42:33 INFO     --> Processed: 18016; Average Time: 1.0309105236397849
2019-03-01 05:45:42 INFO     --> Processed: 18116; Average Time: 1.0356350794549805
2019-03-01 05:45:43 INFO     --> Processed: 18216; Average Time: 1.0299979028727981
2019-03-01 05:48:15 INFO     --> Processed: 18316; Average Time: 1.0326786691504097
2019-03-01 05:48:53 WARNING  [Exception] => [division by zero] - [FileSetID: 001], [FileID: 10.2307_43294295]
2019-03-01 05:49:19 INFO     --> Processed: 18416; Average Time: 1.0305559764867243
2019-03-01 05:50:08 WARNING  [Exception] => [division by zero] - [FileSetID: 001], [FileID: 10.2307_1385060]
2019-03-01 05:52:35 INFO     --> Processed: 18516; Average Time: 1.035579437874459
2019-03-01 05:52:45 INFO     --> Processed: 18616; Average Time: 1.0305421701938875
2019-03-01 05:54:27 INFO     --> Processed: 18716; Average Time: 1.0305140933633488
2019-03-01 05:57:27 INFO     --> Processed: 18816; Average Time: 1.0345949851578855
2019-03-01 05:57:57 INFO     --> Processed: 18916; Average Time: 1.0307103759775718
2019-03-01 06:00:50 INFO     --> Processed: 19016; Average Time: 1.034371587753296
2019-03-01 06:01:09 INFO     --> Processed: 19116; Average Time: 1.0299673704701569
2019-03-01 06:05:06 INFO     --> Processed: 19216; Average Time: 1.036957302975158
2019-03-01 06:05:25 INFO     --> Processed: 19316; Average Time: 1.032579728494654
2019-03-01 06:06:45 INFO     --> Processed: 19416; Average Time: 1.0313419664889267
2019-03-01 06:08:11 INFO     --> Processed: 19516; Average Time: 1.0305006194236952
2019-03-01 06:10:07 INFO     --> Processed: 19616; Average Time: 1.0311544396804304
2019-03-01 06:10:44 WARNING  [Exception] => [division by zero] - [FileSetID: 001], [FileID: 10.2307_23894562]
2019-03-01 06:13:28 WARNING  [Exception] => [division by zero] - [FileSetID: 001], [FileID: 10.1525_si.1993.16.3.cover]
2019-03-01 06:14:11 INFO     --> Processed: 19716; Average Time: 1.0383124439002294
2019-03-01 06:14:16 INFO     --> Processed: 19816; Average Time: 1.033287765811188
2019-03-01 06:15:35 INFO     --> Processed: 19916; Average Time: 1.0320631320512474
2019-03-01 06:17:33 INFO     --> Processed: 20016; Average Time: 1.0328384372353554
2019-03-01 06:17:49 WARNING  [Exception] => [division by zero] - [FileSetID: 001], [FileID: 10.2307_41844937]
2019-03-01 06:18:33 INFO     --> Processed: 20116; Average Time: 1.0306819332535586
2019-03-01 06:20:21 INFO     --> Processed: 20216; Average Time: 1.0309306429164244
2019-03-01 06:20:22 WARNING  [Exception] => [division by zero] - [FileSetID: 001], [FileID: 10.2307_3069643]
2019-03-01 06:22:42 INFO     --> Processed: 20316; Average Time: 1.0327826258584196
