2019-03-01 17:06:11 INFO     DB Reset Command Received
2019-03-01 17:06:17 INFO     Table Dropped
2019-03-01 17:06:17 INFO     Table Init Success
2019-03-01 17:06:17 INFO     Connecting to DB
2019-03-01 17:06:17 INFO     Processing Mapping
2019-03-01 17:06:17 INFO     Loading File Set: [004]
2019-03-01 17:06:17 INFO     --> Total Files [29034]
2019-03-01 17:06:17 INFO     Async Processing
2019-03-01 17:06:17 INFO     Collecting Results
2019-03-01 17:08:33 WARNING  [Exception] => [division by zero] - [FileSetID: 004], [FileID: 10.2307_1387648]
2019-03-01 17:08:47 INFO     --> Processed: 100; Average Time: 1.4978964734077453
2019-03-01 17:10:26 INFO     --> Processed: 200; Average Time: 1.242163028717041
2019-03-01 17:12:43 INFO     --> Processed: 300; Average Time: 1.283714386622111
2019-03-01 17:14:21 INFO     --> Processed: 400; Average Time: 1.2100998079776764
2019-03-01 17:15:52 INFO     --> Processed: 500; Average Time: 1.1499473700523377
2019-03-01 17:17:29 INFO     --> Processed: 600; Average Time: 1.118901735941569
2019-03-01 17:19:19 INFO     --> Processed: 700; Average Time: 1.1163527376311166
2019-03-01 17:20:38 INFO     --> Processed: 800; Average Time: 1.0752262717485428
2019-03-01 17:22:28 WARNING  [Exception] => [division by zero] - [FileSetID: 004], [FileID: 10.2307_41842872]
2019-03-01 17:22:40 INFO     --> Processed: 900; Average Time: 1.092012955877516
2019-03-01 17:24:23 INFO     --> Processed: 1000; Average Time: 1.0854112164974212
2019-03-01 17:26:41 INFO     --> Processed: 1100; Average Time: 1.1121623802185059
2019-03-01 17:27:11 WARNING  [Exception] => [division by zero] - [FileSetID: 004], [FileID: 10.2307_353310]
2019-03-01 17:27:47 INFO     --> Processed: 1200; Average Time: 1.074424722592036
2019-03-01 17:29:17 INFO     --> Processed: 1300; Average Time: 1.0610202516042269
2019-03-01 17:30:46 INFO     --> Processed: 1400; Average Time: 1.0489728018215725
2019-03-01 17:32:08 WARNING  [Exception] => [division by zero] - [FileSetID: 004], [FileID: 10.2307_41845200]
2019-03-01 17:33:16 INFO     --> Processed: 1500; Average Time: 1.0789919457435608
2019-03-01 17:34:28 INFO     --> Processed: 1600; Average Time: 1.05689930960536
2019-03-01 17:36:04 INFO     --> Processed: 1700; Average Time: 1.0509320095006158
2019-03-01 17:37:25 INFO     --> Processed: 1800; Average Time: 1.0376577052805158
2019-03-01 17:38:56 WARNING  [Exception] => [division by zero] - [FileSetID: 004], [FileID: 10.2307_43294992]
2019-03-01 17:39:33 INFO     --> Processed: 1900; Average Time: 1.0501541881812246
2019-03-01 17:41:00 INFO     --> Processed: 2000; Average Time: 1.0414961994886398
2019-03-01 17:43:18 INFO     --> Processed: 2100; Average Time: 1.0574843413489206
2019-03-01 17:44:28 INFO     --> Processed: 2200; Average Time: 1.0410743536732414
2019-03-01 17:46:00 INFO     --> Processed: 2300; Average Time: 1.0359957432746887
2019-03-01 17:47:49 INFO     --> Processed: 2400; Average Time: 1.0381932627161343
2019-03-01 17:49:35 INFO     --> Processed: 2500; Average Time: 1.0391004243850708
2019-03-01 17:50:42 WARNING  [Exception] => [division by zero] - [FileSetID: 004], [FileID: 10.2307_1385043]
2019-03-01 17:51:09 INFO     --> Processed: 2600; Average Time: 1.0352447842634642
2019-03-01 17:51:15 WARNING  [Exception] => [division by zero] - [FileSetID: 004], [FileID: 10.2307_43294997]
2019-03-01 17:53:41 INFO     --> Processed: 2700; Average Time: 1.0532055496286463
2019-03-01 17:53:42 INFO     --> Processed: 2800; Average Time: 1.0160565618957793
2019-03-01 17:55:52 INFO     --> Processed: 2900; Average Time: 1.0257723100432035
2019-03-01 17:56:19 WARNING  [Exception] => [division by zero] - [FileSetID: 004], [FileID: 10.1525_si.2000.23.3.cover]
2019-03-01 17:57:25 INFO     --> Processed: 3000; Average Time: 1.0224805737336478
2019-03-01 17:58:58 INFO     --> Processed: 3100; Average Time: 1.0196015387965787
2019-03-01 18:00:33 INFO     --> Processed: 3200; Average Time: 1.0174152882397174
2019-03-01 18:02:06 INFO     --> Processed: 3300; Average Time: 1.0147344180309412
2019-03-01 18:02:11 WARNING  [Exception] => [division by zero] - [FileSetID: 004], [FileID: 10.2307_41960679]
2019-03-01 18:02:13 WARNING  [Exception] => [division by zero] - [FileSetID: 004], [FileID: 10.2307_41067985]
2019-03-01 18:04:03 INFO     --> Processed: 3400; Average Time: 1.0192599573556114
2019-03-01 18:05:50 WARNING  [Exception] => [division by zero] - [FileSetID: 004], [FileID: 10.2307_30124865]
2019-03-01 18:06:07 INFO     --> Processed: 3500; Average Time: 1.0255350284576417
2019-03-01 18:06:29 INFO     --> Processed: 3600; Average Time: 1.0031074418624242
2019-03-01 18:09:14 INFO     --> Processed: 3700; Average Time: 1.0205680591995652
2019-03-01 18:09:47 WARNING  [Exception] => [division by zero] - [FileSetID: 004], [FileID: 10.2307_1387624]
2019-03-01 18:09:49 WARNING  [Exception] => [division by zero] - [FileSetID: 004], [FileID: 10.2307_353309]
2019-03-01 18:12:13 INFO     --> Processed: 3800; Average Time: 1.0408655324107723
2019-03-01 18:12:39 INFO     --> Processed: 3900; Average Time: 1.0209171889989803
2019-03-01 18:13:07 INFO     --> Processed: 4000; Average Time: 1.0022843022346497
2019-03-01 18:15:27 INFO     --> Processed: 4100; Average Time: 1.0120803105540392
2019-03-01 18:19:39 INFO     --> Processed: 4200; Average Time: 1.0478825184277125
2019-03-01 18:23:22 WARNING  [Exception] => [division by zero] - [FileSetID: 004], [FileID: 10.2307_43294925]
2019-03-01 18:24:13 INFO     --> Processed: 4300; Average Time: 1.0873674352778946
2019-03-01 18:24:46 INFO     --> Processed: 4400; Average Time: 1.070247945243662
2019-03-01 18:24:51 INFO     --> Processed: 4500; Average Time: 1.047494655609131
2019-03-01 18:24:54 INFO     --> Processed: 4600; Average Time: 1.0253848525752192
2019-03-01 18:24:59 INFO     --> Processed: 4700; Average Time: 1.004558794701353
2019-03-01 18:27:37 INFO     --> Processed: 4800; Average Time: 1.0166578938563664
2019-03-01 18:29:30 INFO     --> Processed: 4900; Average Time: 1.0188485086207486
2019-03-01 18:30:18 INFO     --> Processed: 5000; Average Time: 1.0080661192417144
2019-03-01 18:31:20 INFO     --> Processed: 5100; Average Time: 1.0004965055222605
2019-03-01 18:32:14 WARNING  [Exception] => [division by zero] - [FileSetID: 004], [FileID: 10.2307_350622]
2019-03-01 18:33:08 INFO     --> Processed: 5200; Average Time: 1.002024947817509
2019-03-01 18:34:42 INFO     --> Processed: 5300; Average Time: 1.000863905582788
2019-03-01 18:36:44 INFO     --> Processed: 5400; Average Time: 1.004872968814991
2019-03-01 18:37:30 INFO     --> Processed: 5500; Average Time: 0.9950921648198908
2019-03-01 18:38:56 INFO     --> Processed: 5600; Average Time: 0.9926103584681238
2019-03-01 18:40:53 INFO     --> Processed: 5700; Average Time: 0.9958014913609153
2019-03-01 18:42:10 INFO     --> Processed: 5800; Average Time: 0.9917551808932732
2019-03-01 18:44:17 INFO     --> Processed: 5900; Average Time: 0.9966038431959637
2019-03-01 18:45:24 INFO     --> Processed: 6000; Average Time: 0.991087012608846
2019-03-01 18:46:20 WARNING  [Exception] => [division by zero] - [FileSetID: 004], [FileID: 10.2307_monthlylaborrev.2011.02.025]
2019-03-01 18:46:57 WARNING  [Exception] => [division by zero] - [FileSetID: 004], [FileID: 10.2307_24182990]
2019-03-01 18:47:12 WARNING  [Exception] => [division by zero] - [FileSetID: 004], [FileID: 10.2307_41490365]
2019-03-01 18:47:16 INFO     --> Processed: 6100; Average Time: 0.9932612910817881
2019-03-01 18:49:03 WARNING  [Exception] => [division by zero] - [FileSetID: 004], [FileID: 10.2307_2391496]
2019-03-01 18:49:04 INFO     --> Processed: 6200; Average Time: 0.9946572119574393
2019-03-01 18:50:09 INFO     --> Processed: 6300; Average Time: 0.9890667539929586
2019-03-01 18:52:14 INFO     --> Processed: 6400; Average Time: 0.9931765584275126
2019-03-01 18:53:54 INFO     --> Processed: 6500; Average Time: 0.9933638319602379
2019-03-01 18:55:25 INFO     --> Processed: 6600; Average Time: 0.9919928238608621
2019-03-01 18:56:47 WARNING  [Exception] => [division by zero] - [FileSetID: 004], [FileID: 10.2307_43294800]
2019-03-01 18:58:14 WARNING  [Exception] => [division by zero] - [FileSetID: 004], [FileID: 10.2307_43294517]
2019-03-01 18:58:52 INFO     --> Processed: 6700; Average Time: 1.0081736988451944
2019-03-01 18:59:14 INFO     --> Processed: 6800; Average Time: 0.9965680884263095
2019-03-01 19:00:25 INFO     --> Processed: 6900; Average Time: 0.9924460407270902
2019-03-01 19:04:00 WARNING  [Exception] => [division by zero] - [FileSetID: 004], [FileID: 10.2307_353323]
2019-03-01 19:04:03 INFO     --> Processed: 7000; Average Time: 1.0093256308010645
2019-03-01 19:04:06 INFO     --> Processed: 7100; Average Time: 0.99561470740278
2019-03-01 19:05:24 INFO     --> Processed: 7200; Average Time: 0.9926355742414792
2019-03-01 19:07:48 INFO     --> Processed: 7300; Average Time: 0.9987786434774529
2019-03-01 19:08:07 WARNING  [Exception] => [division by zero] - [FileSetID: 004], [FileID: 10.2307_41959992]
2019-03-01 19:08:43 INFO     --> Processed: 7400; Average Time: 0.9926297635001106
2019-03-01 19:10:34 INFO     --> Processed: 7500; Average Time: 0.9942262005488077
2019-03-01 19:12:07 INFO     --> Processed: 7600; Average Time: 0.9934061890526822
2019-03-01 19:14:35 INFO     --> Processed: 7700; Average Time: 0.9996963980600432
2019-03-01 19:15:41 INFO     --> Processed: 7800; Average Time: 0.9953857619028825
2019-03-01 19:17:59 INFO     --> Processed: 7900; Average Time: 1.0001936250396921
2019-03-01 19:19:41 INFO     --> Processed: 8000; Average Time: 1.0004535362124443
2019-03-01 19:20:10 INFO     --> Processed: 8100; Average Time: 0.9916898731537808
2019-03-01 19:21:35 WARNING  [Exception] => [division by zero] - [FileSetID: 004], [FileID: 10.2307_41801171]
2019-03-01 19:22:24 INFO     --> Processed: 8200; Average Time: 0.9959366151763172
2019-03-01 19:23:57 WARNING  [Exception] => [division by zero] - [FileSetID: 004], [FileID: 10.2307_43294266]
2019-03-01 19:24:06 INFO     --> Processed: 8300; Average Time: 0.9962162719289941
2019-03-01 19:26:20 INFO     --> Processed: 8400; Average Time: 1.0003271825540634
2019-03-01 19:26:46 INFO     --> Processed: 8500; Average Time: 0.9916476891461541
2019-03-01 19:29:10 INFO     --> Processed: 8600; Average Time: 0.9968337903466336
2019-03-01 19:30:00 INFO     --> Processed: 8700; Average Time: 0.9911492833049818
2019-03-01 19:30:42 WARNING  [Exception] => [division by zero] - [FileSetID: 004], [FileID: 10.2307_41762556]
2019-03-01 19:31:34 INFO     --> Processed: 8800; Average Time: 0.99056788650426
2019-03-01 19:33:27 INFO     --> Processed: 8900; Average Time: 0.9920672393648812
2019-03-01 19:34:49 INFO     --> Processed: 9000; Average Time: 0.9902051298883227
2019-03-01 19:35:22 WARNING  [Exception] => [division by zero] - [FileSetID: 004], [FileID: 10.2307_41839401]
2019-03-01 19:37:06 INFO     --> Processed: 9100; Average Time: 0.994304551921048
2019-03-01 19:37:54 INFO     --> Processed: 9200; Average Time: 0.9887122648176939
2019-03-01 19:40:02 WARNING  [Exception] => [division by zero] - [FileSetID: 004], [FileID: 10.2307_41554382]
2019-03-01 19:40:40 INFO     --> Processed: 9300; Average Time: 0.9960206316363427
2019-03-01 19:41:15 INFO     --> Processed: 9400; Average Time: 0.9890693056837041
2019-03-01 19:42:52 INFO     --> Processed: 9500; Average Time: 0.9889511476064983
2019-03-01 19:44:10 INFO     --> Processed: 9600; Average Time: 0.9867294278244177
2019-03-01 19:44:38 WARNING  [Exception] => [division by zero] - [FileSetID: 004], [FileID: 10.2307_41415755]
2019-03-01 19:46:17 INFO     --> Processed: 9700; Average Time: 0.9896431696783636
2019-03-01 19:48:17 INFO     --> Processed: 9800; Average Time: 0.991763462412114
2019-03-01 19:48:55 WARNING  [Exception] => [division by zero] - [FileSetID: 004], [FileID: 10.2307_41802753]
2019-03-01 19:50:34 INFO     --> Processed: 9900; Average Time: 0.9955974083235769
2019-03-01 19:52:05 INFO     --> Processed: 10000; Average Time: 0.994775200843811
2019-03-01 19:53:53 INFO     --> Processed: 10100; Average Time: 0.9956387655333717
2019-03-01 19:54:16 WARNING  [Exception] => [division by zero] - [FileSetID: 004], [FileID: 10.2307_41843260]
2019-03-01 19:54:40 WARNING  [Exception] => [division by zero] - [FileSetID: 004], [FileID: 10.2307_41484897]
2019-03-01 19:54:55 INFO     --> Processed: 10200; Average Time: 0.9919015116551343
2019-03-01 19:56:45 INFO     --> Processed: 10300; Average Time: 0.9929785934003812
2019-03-01 19:57:55 INFO     --> Processed: 10400; Average Time: 0.9901201242666978
2019-03-01 19:59:39 INFO     --> Processed: 10500; Average Time: 0.9905904309863136
2019-03-01 20:00:16 WARNING  [Exception] => [division by zero] - [FileSetID: 004], [FileID: 10.2307_41843925]
2019-03-01 20:00:43 INFO     --> Processed: 10600; Average Time: 0.9873230571341964
2019-03-01 20:03:21 INFO     --> Processed: 10700; Average Time: 0.9928566866054713
2019-03-01 20:04:38 INFO     --> Processed: 10800; Average Time: 0.9907762567864524
2019-03-01 20:05:51 INFO     --> Processed: 10900; Average Time: 0.9884470815177357
2019-03-01 20:07:33 INFO     --> Processed: 11000; Average Time: 0.988690416986292
2019-03-01 20:08:45 WARNING  [Exception] => [division by zero] - [FileSetID: 004], [FileID: 10.2307_41478279]
2019-03-01 20:09:10 INFO     --> Processed: 11100; Average Time: 0.9885384391234802
2019-03-01 20:10:27 INFO     --> Processed: 11200; Average Time: 0.9865319459566049
2019-03-01 20:11:54 WARNING  [Exception] => [division by zero] - [FileSetID: 004], [FileID: 10.2307_24721093]
2019-03-01 20:13:31 INFO     --> Processed: 11300; Average Time: 0.9941660294701568
2019-03-01 20:14:02 INFO     --> Processed: 11400; Average Time: 0.9880792998431022
2019-03-01 20:15:42 WARNING  [Exception] => [division by zero] - [FileSetID: 004], [FileID: 10.2307_23745419]
2019-03-01 20:16:54 INFO     --> Processed: 11500; Average Time: 0.9944890318331511
2019-03-01 20:17:50 INFO     --> Processed: 11600; Average Time: 0.9907791377347092
2019-03-01 20:18:48 INFO     --> Processed: 11700; Average Time: 0.9872588519560985
2019-03-01 20:19:16 WARNING  [Exception] => [division by zero] - [FileSetID: 004], [FileID: 10.2307_41843530]
2019-03-01 20:22:04 INFO     --> Processed: 11800; Average Time: 0.9954511895422208
2019-03-01 20:22:07 WARNING  [Exception] => [division by zero] - [FileSetID: 004], [FileID: 10.2307_43645526]
2019-03-01 20:22:35 INFO     --> Processed: 11900; Average Time: 0.9896814530036029
2019-03-01 20:25:18 INFO     --> Processed: 12000; Average Time: 0.9950267146627109
2019-03-01 20:26:32 INFO     --> Processed: 12100; Average Time: 0.9929339330649573
2019-03-01 20:27:28 INFO     --> Processed: 12200; Average Time: 0.9893579058959836
2019-03-01 20:30:00 WARNING  [Exception] => [division by zero] - [FileSetID: 004], [FileID: 10.2307_41554407]
2019-03-01 20:30:42 INFO     --> Processed: 12300; Average Time: 0.9971542000964405
2019-03-01 20:31:03 INFO     --> Processed: 12400; Average Time: 0.990773141461034
2019-03-01 20:31:57 INFO     --> Processed: 12500; Average Time: 0.9871941703414917
2019-03-01 20:33:43 INFO     --> Processed: 12600; Average Time: 0.9877454170915816
2019-03-01 20:34:33 INFO     --> Processed: 12700; Average Time: 0.98388115957966
2019-03-01 20:36:41 INFO     --> Processed: 12800; Average Time: 0.9862352282367647
2019-03-01 20:37:40 INFO     --> Processed: 12900; Average Time: 0.9831720772085264
2019-03-01 20:39:46 WARNING  [Exception] => [division by zero] - [FileSetID: 004], [FileID: 10.2307_41514649]
2019-03-01 20:41:00 INFO     --> Processed: 13000; Average Time: 0.9909374991380251
2019-03-01 20:42:22 INFO     --> Processed: 13100; Average Time: 0.9896725380875682
2019-03-01 20:42:57 INFO     --> Processed: 13200; Average Time: 0.9847959311261322
2019-03-01 20:44:37 WARNING  [Exception] => [division by zero] - [FileSetID: 004], [FileID: 10.2307_1385058]
2019-03-01 20:44:51 INFO     --> Processed: 13300; Average Time: 0.9859973065835193
2019-03-01 20:46:49 INFO     --> Processed: 13400; Average Time: 0.9874239405055544
2019-03-01 20:47:29 INFO     --> Processed: 13500; Average Time: 0.9830946017194677
2019-03-01 20:48:19 WARNING  [Exception] => [division by zero] - [FileSetID: 004], [FileID: 10.2307_41845427]
2019-03-01 20:49:57 INFO     --> Processed: 13600; Average Time: 0.9867483447930392
2019-03-01 20:50:39 WARNING  [Exception] => [division by zero] - [FileSetID: 004], [FileID: 10.2307_43294930]
2019-03-01 20:51:52 INFO     --> Processed: 13700; Average Time: 0.9878968886737406
2019-03-01 20:53:35 INFO     --> Processed: 13800; Average Time: 0.9882411291288293
2019-03-01 20:54:47 INFO     --> Processed: 13900; Average Time: 0.986284540505718
2019-03-01 20:57:30 INFO     --> Processed: 14000; Average Time: 0.9908995762041637
2019-03-01 20:58:51 INFO     --> Processed: 14100; Average Time: 0.9896170696468218
2019-03-01 21:00:32 INFO     --> Processed: 14200; Average Time: 0.9897536619448326
2019-03-01 21:01:29 WARNING  [Exception] => [division by zero] - [FileSetID: 004], [FileID: 10.2307_350682]
2019-03-01 21:01:49 INFO     --> Processed: 14300; Average Time: 0.9882422753647491
2019-03-01 21:03:23 INFO     --> Processed: 14400; Average Time: 0.9878882801201608
2019-03-01 21:04:17 WARNING  [Exception] => [division by zero] - [FileSetID: 004], [FileID: 10.2307_1385055]
2019-03-01 21:05:43 INFO     --> Processed: 14500; Average Time: 0.9907328177978253
2019-03-01 21:06:05 INFO     --> Processed: 14600; Average Time: 0.9854274431973288
2019-03-01 21:07:59 INFO     --> Processed: 14700; Average Time: 0.9864906163604892
2019-03-01 21:11:19 INFO     --> Processed: 14800; Average Time: 0.9933187495695578
2019-03-01 21:12:03 WARNING  [Exception] => [division by zero] - [FileSetID: 004], [FileID: 10.2307_41844475]
2019-03-01 21:12:55 INFO     --> Processed: 14900; Average Time: 0.9930993014374035
2019-03-01 21:13:22 WARNING  [Exception] => [division by zero] - [FileSetID: 004], [FileID: 10.2307_41068887]
2019-03-01 21:14:26 INFO     --> Processed: 15000; Average Time: 0.9925999195416768
2019-03-01 21:15:42 INFO     --> Processed: 15100; Average Time: 0.9910344841622359
2019-03-01 21:15:48 INFO     --> Processed: 15200; Average Time: 0.9849149650649021
2019-03-01 21:17:48 INFO     --> Processed: 15300; Average Time: 0.9862978556732727
2019-03-01 21:18:17 WARNING  [Exception] => [division by zero] - [FileSetID: 004], [FileID: 10.2307_350632]
2019-03-01 21:19:50 INFO     --> Processed: 15400; Average Time: 0.9878041557058111
2019-03-01 21:20:45 INFO     --> Processed: 15500; Average Time: 0.9850042446967094
2019-03-01 21:22:39 INFO     --> Processed: 15600; Average Time: 0.9859925418328016
2019-03-01 21:23:51 INFO     --> Processed: 15700; Average Time: 0.9842917481956968
2019-03-01 21:24:31 WARNING  [Exception] => [division by zero] - [FileSetID: 004], [FileID: 10.2307_41488855]
2019-03-01 21:24:53 WARNING  [Exception] => [division by zero] - [FileSetID: 004], [FileID: 10.2307_41554385]
2019-03-01 21:25:27 INFO     --> Processed: 15800; Average Time: 0.9841463212272789
2019-03-01 21:27:03 INFO     --> Processed: 15900; Average Time: 0.9840091257125326
2019-03-01 21:27:04 WARNING  [Exception] => [division by zero] - [FileSetID: 004], [FileID: 10.2307_41801294]
2019-03-01 21:28:31 INFO     --> Processed: 16000; Average Time: 0.9833633458763361
2019-03-01 21:30:18 INFO     --> Processed: 16100; Average Time: 0.9838779538758793
2019-03-01 21:30:26 WARNING  [Exception] => [division by zero] - [FileSetID: 004], [FileID: 10.2307_24176024]
2019-03-01 21:31:51 INFO     --> Processed: 16200; Average Time: 0.9835392910462839
2019-03-01 21:34:03 INFO     --> Processed: 16300; Average Time: 0.9855922401170789
2019-03-01 21:36:32 INFO     --> Processed: 16400; Average Time: 0.9887077103446169
2019-03-01 21:36:35 INFO     --> Processed: 16500; Average Time: 0.982862516186454
2019-03-01 21:38:51 INFO     --> Processed: 16600; Average Time: 0.9851786752781236
2019-03-01 21:40:08 INFO     --> Processed: 16700; Average Time: 0.9838462189714352
2019-03-01 21:42:56 INFO     --> Processed: 16800; Average Time: 0.9880319313917841
2019-03-01 21:43:16 WARNING  [Exception] => [division by zero] - [FileSetID: 004], [FileID: 10.2307_24178561]
2019-03-01 21:43:30 INFO     --> Processed: 16900; Average Time: 0.9841730214434968
2019-03-01 21:44:34 WARNING  [Exception] => [division by zero] - [FileSetID: 004], [FileID: 10.2307_41843385]
2019-03-01 21:45:23 INFO     --> Processed: 17000; Average Time: 0.9850434115353752
2019-03-01 21:46:22 INFO     --> Processed: 17100; Average Time: 0.9827190069845545
2019-03-01 21:46:47 WARNING  [Exception] => [division by zero] - [FileSetID: 004], [FileID: 10.2307_350604]
2019-03-01 21:47:55 INFO     --> Processed: 17200; Average Time: 0.9824262478878332
2019-03-01 21:49:21 INFO     --> Processed: 17300; Average Time: 0.98173684273152
2019-03-01 21:51:50 INFO     --> Processed: 17400; Average Time: 0.9846412640193413
2019-03-01 21:53:25 INFO     --> Processed: 17500; Average Time: 0.9844270904677255
2019-03-01 21:54:31 INFO     --> Processed: 17600; Average Time: 0.9825827614692124
2019-03-01 21:56:06 WARNING  [Exception] => [division by zero] - [FileSetID: 004], [FileID: 10.2307_3341391]
2019-03-01 21:57:06 WARNING  [Exception] => [division by zero] - [FileSetID: 004], [FileID: 10.2307_20831508]
2019-03-01 21:57:31 INFO     --> Processed: 17700; Average Time: 0.9871929509895669
2019-03-01 21:57:32 INFO     --> Processed: 17800; Average Time: 0.9816962535193797
2019-03-01 21:59:04 INFO     --> Processed: 17900; Average Time: 0.9813529755682918
2019-03-01 22:00:54 INFO     --> Processed: 18000; Average Time: 0.9820199512905544
2019-03-01 22:02:36 WARNING  [Exception] => [division by zero] - [FileSetID: 004], [FileID: 10.2307_41582778]
2019-03-01 22:03:13 INFO     --> Processed: 18100; Average Time: 0.9842700254719561
2019-03-01 22:03:28 WARNING  [Exception] => [division by zero] - [FileSetID: 004], [FileID: 10.2307_41489994]
2019-03-01 22:06:41 INFO     --> Processed: 18200; Average Time: 0.9903295339856829
2019-03-01 22:06:42 INFO     --> Processed: 18300; Average Time: 0.9849663463446612
2019-03-01 22:08:02 WARNING  [Exception] => [division by zero] - [FileSetID: 004], [FileID: 10.2307_350620]
2019-03-01 22:08:29 INFO     --> Processed: 18400; Average Time: 0.985414265718149
2019-03-01 22:09:08 WARNING  [Exception] => [division by zero] - [FileSetID: 004], [FileID: 10.2307_41582866]
2019-03-01 22:09:14 INFO     --> Processed: 18500; Average Time: 0.9824970211982728
2019-03-01 22:10:14 WARNING  [Exception] => [division by zero] - [FileSetID: 004], [FileID: 10.2307_41931637]
2019-03-01 22:11:33 INFO     --> Processed: 18600; Average Time: 0.9846912231624767
2019-03-01 22:12:23 INFO     --> Processed: 18700; Average Time: 0.982107928908445
2019-03-01 22:13:26 WARNING  [Exception] => [division by zero] - [FileSetID: 004], [FileID: 10.2307_41554761]
2019-03-01 22:14:29 INFO     --> Processed: 18800; Average Time: 0.9835715098583951
2019-03-01 22:15:42 INFO     --> Processed: 18900; Average Time: 0.9822461644556156
2019-03-01 22:16:20 WARNING  [Exception] => [division by zero] - [FileSetID: 004], [FileID: 10.2307_351516]
2019-03-01 22:18:28 INFO     --> Processed: 19000; Average Time: 0.985804632814307
2019-03-01 22:19:05 INFO     --> Processed: 19100; Average Time: 0.9825791252470766
2019-03-01 22:19:57 WARNING  [Exception] => [division by zero] - [FileSetID: 004], [FileID: 10.2307_41488280]
2019-03-01 22:20:44 WARNING  [Exception] => [division by zero] - [FileSetID: 004], [FileID: 10.2307_42855639]
2019-03-01 22:21:28 INFO     --> Processed: 19200; Average Time: 0.9849444796641668
2019-03-01 22:22:26 INFO     --> Processed: 19300; Average Time: 0.9828415096979685
2019-03-01 22:22:53 WARNING  [Exception] => [division by zero] - [FileSetID: 004], [FileID: 10.2307_41475099]
2019-03-01 22:23:53 INFO     --> Processed: 19400; Average Time: 0.9822348312127221
2019-03-01 22:25:25 INFO     --> Processed: 19500; Average Time: 0.9819293832534399
2019-03-01 22:28:17 INFO     --> Processed: 19600; Average Time: 0.985712915269696
2019-03-01 22:28:50 INFO     --> Processed: 19700; Average Time: 0.982370867232986
2019-03-01 22:30:40 INFO     --> Processed: 19800; Average Time: 0.9829653902728148
2019-03-01 22:34:00 INFO     --> Processed: 19900; Average Time: 0.988069769413627
2019-03-01 22:34:01 INFO     --> Processed: 20000; Average Time: 0.9831698702931404
2019-03-01 22:34:48 INFO     --> Processed: 20100; Average Time: 0.9806267147752183
2019-03-01 22:35:02 WARNING  [Exception] => [division by zero] - [FileSetID: 004], [FileID: 10.2307_43294399]
2019-03-01 22:37:33 WARNING  [Exception] => [division by zero] - [FileSetID: 004], [FileID: 10.2307_24175734]
2019-03-01 22:37:36 INFO     --> Processed: 20200; Average Time: 0.9841112362866354
2019-03-01 22:38:49 INFO     --> Processed: 20300; Average Time: 0.982843727666169
2019-03-01 22:41:19 INFO     --> Processed: 20400; Average Time: 0.985350246721623
2019-03-01 22:42:22 INFO     --> Processed: 20500; Average Time: 0.9836619455291004
2019-03-01 22:43:06 INFO     --> Processed: 20600; Average Time: 0.9809773804146109
2019-03-01 22:44:56 INFO     --> Processed: 20700; Average Time: 0.9815849441836998
2019-03-01 22:48:14 INFO     --> Processed: 20800; Average Time: 0.9863982531428337
2019-03-01 22:48:17 INFO     --> Processed: 20900; Average Time: 0.9818207729262028
2019-03-01 22:48:51 WARNING  [Exception] => [division by zero] - [FileSetID: 004], [FileID: 10.2307_41490021]
2019-03-01 22:50:18 INFO     --> Processed: 21000; Average Time: 0.9828973934991019
2019-03-01 22:51:48 INFO     --> Processed: 21100; Average Time: 0.9824746553366783
2019-03-01 22:53:37 INFO     --> Processed: 21200; Average Time: 0.9830186553383773
2019-03-01 22:54:12 WARNING  [Exception] => [division by zero] - [FileSetID: 004], [FileID: 10.2307_41069031]
2019-03-01 22:54:53 INFO     --> Processed: 21300; Average Time: 0.9819387887117449
2019-03-01 22:56:25 INFO     --> Processed: 21400; Average Time: 0.9816494840439235
2019-03-01 22:57:52 INFO     --> Processed: 21500; Average Time: 0.9811446757981943
2019-03-01 22:59:56 INFO     --> Processed: 21600; Average Time: 0.9823344962685197
2019-03-01 23:01:51 INFO     --> Processed: 21700; Average Time: 0.983118146223956
2019-03-01 23:02:49 INFO     --> Processed: 21800; Average Time: 0.9812860039396023
2019-03-01 23:03:56 WARNING  [Exception] => [division by zero] - [FileSetID: 004], [FileID: 10.2307_41845439]
2019-03-01 23:05:19 WARNING  [Exception] => [division by zero] - [FileSetID: 004], [FileID: 10.2307_43295070]
2019-03-01 23:05:19 INFO     --> Processed: 21900; Average Time: 0.98365063655322
2019-03-01 23:06:13 INFO     --> Processed: 22000; Average Time: 0.9816115070147948
2019-03-01 23:06:32 WARNING  [Exception] => [division by zero] - [FileSetID: 004], [FileID: 10.2307_41067978]
2019-03-01 23:06:46 WARNING  [Exception] => [division by zero] - [FileSetID: 004], [FileID: 10.2307_2083373]
2019-03-01 23:07:53 INFO     --> Processed: 22100; Average Time: 0.981685724139753
2019-03-01 23:09:31 WARNING  [Exception] => [division by zero] - [FileSetID: 004], [FileID: 10.2307_40226376]
2019-03-01 23:09:45 INFO     --> Processed: 22200; Average Time: 0.9823024023116171
2019-03-01 23:11:40 INFO     --> Processed: 22300; Average Time: 0.9830668402145797
2019-03-01 23:13:03 INFO     --> Processed: 22400; Average Time: 0.9824147166524615
2019-03-01 23:14:04 INFO     --> Processed: 22500; Average Time: 0.9807534743203057
2019-03-01 23:16:55 INFO     --> Processed: 22600; Average Time: 0.9839573589784909
2019-03-01 23:17:35 INFO     --> Processed: 22700; Average Time: 0.9814009371728099
2019-03-01 23:18:57 INFO     --> Processed: 22800; Average Time: 0.9807025837898254
2019-03-01 23:20:30 INFO     --> Processed: 22900; Average Time: 0.9804502980365504
2019-03-01 23:22:09 INFO     --> Processed: 23000; Average Time: 0.9805072290171748
2019-03-01 23:23:37 INFO     --> Processed: 23100; Average Time: 0.9800862473533267
2019-03-01 23:25:07 INFO     --> Processed: 23200; Average Time: 0.9797302076117745
2019-03-01 23:27:03 WARNING  [Exception] => [division by zero] - [FileSetID: 004], [FileID: 10.2307_351936]
2019-03-01 23:27:49 WARNING  [Exception] => [division by zero] - [FileSetID: 004], [FileID: 10.2307_350609]
2019-03-01 23:33:08 WARNING  [Exception] => [division by zero] - [FileSetID: 004], [FileID: 10.2307_43481326]
2019-03-01 23:34:32 INFO     --> Processed: 23300; Average Time: 0.9997829323674476
2019-03-01 23:34:35 INFO     --> Processed: 23400; Average Time: 0.9956451475824046
2019-03-01 23:34:39 INFO     --> Processed: 23500; Average Time: 0.9915433322115147
2019-03-01 23:34:41 INFO     --> Processed: 23600; Average Time: 0.9874614998647722
2019-03-01 23:34:46 INFO     --> Processed: 23700; Average Time: 0.9835054829050217
2019-03-01 23:34:50 INFO     --> Processed: 23800; Average Time: 0.979508108762132
2019-03-01 23:35:57 INFO     --> Processed: 23900; Average Time: 0.9782223959148678
2019-03-01 23:39:39 INFO     --> Processed: 24000; Average Time: 0.983409074306488
2019-03-01 23:40:09 INFO     --> Processed: 24100; Average Time: 0.9805546067364483
2019-03-01 23:42:25 INFO     --> Processed: 24200; Average Time: 0.9821419563963394
2019-03-01 23:42:53 INFO     --> Processed: 24300; Average Time: 0.9792412737858148
2019-03-01 23:44:19 INFO     --> Processed: 24400; Average Time: 0.9787647490618658
2019-03-01 23:45:53 INFO     --> Processed: 24500; Average Time: 0.9786065651251346
2019-03-01 23:48:33 INFO     --> Processed: 24600; Average Time: 0.9811183909672062
2019-03-01 23:49:24 INFO     --> Processed: 24700; Average Time: 0.9792119240085123
2019-03-01 23:50:17 WARNING  [Exception] => [division by zero] - [FileSetID: 004], [FileID: 10.2307_2083375]
2019-03-01 23:52:05 INFO     --> Processed: 24800; Average Time: 0.9817641074715122
2019-03-01 23:53:15 INFO     --> Processed: 24900; Average Time: 0.9806106334039006
2019-03-01 23:54:44 INFO     --> Processed: 25000; Average Time: 0.9802730258846283
2019-03-01 23:56:30 INFO     --> Processed: 25100; Average Time: 0.9805719367631404
2019-03-01 23:58:16 INFO     --> Processed: 25200; Average Time: 0.9808941998273607
2019-03-01 23:59:44 INFO     --> Processed: 25300; Average Time: 0.9805114082008483
2019-03-02 00:01:30 INFO     --> Processed: 25400; Average Time: 0.9808088998062404
2019-03-02 00:02:32 INFO     --> Processed: 25500; Average Time: 0.979384798040577
2019-03-02 00:04:16 INFO     --> Processed: 25600; Average Time: 0.979614635752514
2019-03-02 00:05:51 INFO     --> Processed: 25700; Average Time: 0.9795177136413782
2019-03-02 00:07:19 INFO     --> Processed: 25800; Average Time: 0.9791332290985788
2019-03-02 00:08:23 WARNING  [Exception] => [division by zero] - [FileSetID: 004], [FileID: 10.2307_41554352]
2019-03-02 00:10:04 WARNING  [Exception] => [division by zero] - [FileSetID: 004], [FileID: 10.2307_41845060]
2019-03-02 00:10:26 INFO     --> Processed: 25900; Average Time: 0.9825567994154558
2019-03-02 00:10:36 INFO     --> Processed: 26000; Average Time: 0.9791712127098671
2019-03-02 00:10:36 WARNING  [Exception] => [division by zero] - [FileSetID: 004], [FileID: 10.2307_3341211]
2019-03-02 00:13:49 INFO     --> Processed: 26100; Average Time: 0.9828246755709593
2019-03-02 00:14:13 WARNING  [Exception] => [division by zero] - [FileSetID: 004], [FileID: 10.2307_41783717]
2019-03-02 00:15:41 WARNING  [Exception] => [division by zero] - [FileSetID: 004], [FileID: 10.2307_41403647]
2019-03-02 00:16:09 INFO     --> Processed: 26200; Average Time: 0.9844276002436194
2019-03-02 00:16:19 INFO     --> Processed: 26300; Average Time: 0.9810399412746212
2019-03-02 00:17:24 INFO     --> Processed: 26400; Average Time: 0.9798060544331868
2019-03-02 00:18:55 INFO     --> Processed: 26500; Average Time: 0.9795154153445982
2019-03-02 00:20:18 INFO     --> Processed: 26600; Average Time: 0.9789661533491952
2019-03-02 00:22:15 INFO     --> Processed: 26700; Average Time: 0.9796786197383752
2019-03-02 00:23:39 INFO     --> Processed: 26800; Average Time: 0.9791493406135644
2019-03-02 00:25:29 INFO     --> Processed: 26900; Average Time: 0.9795993903578436
2019-03-02 00:26:55 INFO     --> Processed: 27000; Average Time: 0.9791694954854471
2019-03-02 00:27:48 INFO     --> Processed: 27100; Average Time: 0.9775037330015119
2019-03-02 00:28:06 WARNING  [Exception] => [division by zero] - [FileSetID: 004], [FileID: 10.2307_41288625]
2019-03-02 00:31:14 INFO     --> Processed: 27200; Average Time: 0.9814768652092009
2019-03-02 00:31:23 INFO     --> Processed: 27300; Average Time: 0.9782406762056735
2019-03-02 00:32:28 INFO     --> Processed: 27400; Average Time: 0.9770146514899539
2019-03-02 00:32:44 WARNING  [Exception] => [division by zero] - [FileSetID: 004], [FileID: 10.2307_41494892]
2019-03-02 00:32:52 WARNING  [Exception] => [division by zero] - [FileSetID: 004], [FileID: 10.2307_350686]
2019-03-02 00:34:20 INFO     --> Processed: 27500; Average Time: 0.9775314114310525
2019-03-02 00:36:03 INFO     --> Processed: 27600; Average Time: 0.9777550178334333
2019-03-02 00:36:11 WARNING  [Exception] => [division by zero] - [FileSetID: 004], [FileID: 10.1525_si.1998.21.3.cover]
2019-03-02 00:38:30 INFO     --> Processed: 27700; Average Time: 0.9795068342160662
2019-03-02 00:40:42 INFO     --> Processed: 27800; Average Time: 0.9807399716737459
2019-03-02 00:41:23 INFO     --> Processed: 27900; Average Time: 0.9786908916418697
2019-03-02 00:43:18 INFO     --> Processed: 28000; Average Time: 0.9792917581711497
2019-03-02 00:44:45 INFO     --> Processed: 28100; Average Time: 0.9789054391307763
2019-03-02 00:46:05 INFO     --> Processed: 28200; Average Time: 0.978267874455621
2019-03-02 00:47:18 INFO     --> Processed: 28300; Average Time: 0.9774055935300281
2019-03-02 00:49:35 INFO     --> Processed: 28400; Average Time: 0.9787968247960991
2019-03-02 00:50:17 WARNING  [Exception] => [division by zero] - [FileSetID: 004], [FileID: 10.2307_monthlylaborrev.2011.11.037]
2019-03-02 00:51:08 INFO     --> Processed: 28500; Average Time: 0.9786077665948031
2019-03-02 00:53:05 INFO     --> Processed: 28600; Average Time: 0.9792944273081693
2019-03-02 00:56:03 INFO     --> Processed: 28700; Average Time: 0.9820824174100098
2019-03-02 00:56:13 INFO     --> Processed: 28800; Average Time: 0.9790204368614488
2019-03-02 00:57:43 INFO     --> Processed: 28900; Average Time: 0.9787508506840901
