2019-02-28 01:02:02 INFO     Connecting to DB
2019-02-28 01:02:02 INFO     Start Iterative Mapping
2019-02-28 01:02:02 INFO     Loading File Set: [014]
2019-02-28 01:02:02 INFO     --> Detect Loaded [2770], Resume Mapping
2019-02-28 01:02:02 INFO     Async Processing
2019-02-28 01:02:02 WARNING  [Exception] => [division by zero] - [FileSetID: 014], [FileID: 10.2307_3013006]
2019-02-28 01:02:02 WARNING  [Exception] => [division by zero] - [FileSetID: 014], [FileID: 10.2307_41830839]
2019-02-28 01:02:02 WARNING  [Exception] => [division by zero] - [FileSetID: 014], [FileID: 10.2307_41488865]
2019-02-28 01:02:02 WARNING  [Exception] => [division by zero] - [FileSetID: 014], [FileID: 10.2307_351513]
2019-02-28 01:02:02 WARNING  [Exception] => [division by zero] - [FileSetID: 014], [FileID: 10.2307_41801071]
2019-02-28 01:02:02 WARNING  [Exception] => [division by zero] - [FileSetID: 014], [FileID: 10.2307_41845303]
2019-02-28 01:02:02 WARNING  [Exception] => [division by zero] - [FileSetID: 014], [FileID: 10.2307_350617]
2019-02-28 01:02:02 WARNING  [Exception] => [division by zero] - [FileSetID: 014], [FileID: 10.2307_42860461]
2019-02-28 01:02:03 WARNING  [Exception] => [division by zero] - [FileSetID: 014], [FileID: 10.2307_43294960]
2019-02-28 01:02:03 INFO     Collecting Results
2019-02-28 01:02:39 WARNING  [Exception] => [division by zero] - [FileSetID: 014], [FileID: 10.2307_41844460]
2019-02-28 01:03:48 WARNING  [Exception] => [division by zero] - [FileSetID: 014], [FileID: 10.2307_41623834]
2019-02-28 01:05:18 INFO     --> Processed: 2870; Average Time: 1.9520846438407897
2019-02-28 01:07:58 INFO     --> Processed: 2970; Average Time: 1.776783527135849
2019-02-28 01:08:57 INFO     --> Processed: 3070; Average Time: 1.382372133731842
2019-02-28 01:12:05 INFO     --> Processed: 3170; Average Time: 1.5056857037544251
2019-02-28 01:12:07 INFO     --> Processed: 3270; Average Time: 1.2093920483589173
2019-02-28 01:13:54 INFO     --> Processed: 3370; Average Time: 1.186288898785909
2019-02-28 01:15:58 INFO     --> Processed: 3470; Average Time: 1.193601837498801
2019-02-28 01:17:35 INFO     --> Processed: 3570; Average Time: 1.165096556842327
2019-02-28 01:19:53 INFO     --> Processed: 3670; Average Time: 1.1893952851825291
