2019-03-01 07:14:51 INFO     Connecting to DB
2019-03-01 07:14:51 INFO     Processing Mapping
2019-03-01 07:14:51 INFO     Loading File Set: [001]
2019-03-01 07:14:52 INFO     --> Total Files [29070]
2019-03-01 07:14:52 INFO     --> Detect Loaded [23400], Resume Mapping
2019-03-01 07:14:52 INFO     Async Processing
2019-03-01 07:14:52 WARNING  [Exception] => [division by zero] - [FileSetID: 001], [FileID: 10.2307_42843882]
2019-03-01 07:14:52 WARNING  [Exception] => [division by zero] - [FileSetID: 001], [FileID: 10.2307_351941]
2019-03-01 07:14:52 WARNING  [Exception] => [division by zero] - [FileSetID: 001], [FileID: 10.2307_42750987]
2019-03-01 07:14:52 WARNING  [Exception] => [division by zero] - [FileSetID: 001], [FileID: 10.2307_41345978]
2019-03-01 07:14:52 WARNING  [Exception] => [division by zero] - [FileSetID: 001], [FileID: 10.1525_si.1994.17.3.cover]
2019-03-01 07:14:52 WARNING  [Exception] => [division by zero] - [FileSetID: 001], [FileID: 10.2307_41514687]
2019-03-01 07:14:52 WARNING  [Exception] => [division by zero] - [FileSetID: 001], [FileID: 10.2307_41844448]
2019-03-01 07:14:52 WARNING  [Exception] => [division by zero] - [FileSetID: 001], [FileID: 10.2307_41484871]
2019-03-01 07:14:52 WARNING  [Exception] => [division by zero] - [FileSetID: 001], [FileID: 10.2307_3090243]
2019-03-01 07:14:52 INFO     Collecting Results
2019-03-01 07:14:52 WARNING  [Exception] => [division by zero] - [FileSetID: 001], [FileID: 10.2307_351531]
2019-03-01 07:14:52 WARNING  [Exception] => [division by zero] - [FileSetID: 001], [FileID: 10.2307_1387638]
2019-03-01 07:14:52 WARNING  [Exception] => [division by zero] - [FileSetID: 001], [FileID: 10.2307_3013368]
2019-03-01 07:14:52 WARNING  [Exception] => [division by zero] - [FileSetID: 001], [FileID: 10.2307_24178487]
2019-03-01 07:14:52 WARNING  [Exception] => [division by zero] - [FileSetID: 001], [FileID: 10.2307_90007862]
2019-03-01 07:14:52 WARNING  [Exception] => [division by zero] - [FileSetID: 001], [FileID: 10.2307_monthlylaborrev.2010.08.032]
2019-03-01 07:14:52 WARNING  [Exception] => [division by zero] - [FileSetID: 001], [FileID: 10.1525_si.1991.14.2.cover]
2019-03-01 07:14:52 WARNING  [Exception] => [division by zero] - [FileSetID: 001], [FileID: 10.2307_24721042]
2019-03-01 07:14:52 WARNING  [Exception] => [division by zero] - [FileSetID: 001], [FileID: 10.2307_24713317]
2019-03-01 07:14:52 WARNING  [Exception] => [division by zero] - [FileSetID: 001], [FileID: 10.1525_si.1990.13.1.cover]
2019-03-01 07:14:52 WARNING  [Exception] => [division by zero] - [FileSetID: 001], [FileID: 10.2307_351509]
2019-03-01 07:14:52 WARNING  [Exception] => [division by zero] - [FileSetID: 001], [FileID: 10.2307_41843359]
2019-03-01 07:14:52 WARNING  [Exception] => [division by zero] - [FileSetID: 001], [FileID: 10.2307_353312]
2019-03-01 07:14:52 WARNING  [Exception] => [division by zero] - [FileSetID: 001], [FileID: 10.2307_41801223]
2019-03-01 07:14:52 WARNING  [Exception] => [division by zero] - [FileSetID: 001], [FileID: 10.2307_1387632]
2019-03-01 07:14:52 WARNING  [Exception] => [division by zero] - [FileSetID: 001], [FileID: 10.1525_si.1997.20.3.cover]
2019-03-01 07:14:52 WARNING  [Exception] => [division by zero] - [FileSetID: 001], [FileID: 10.2307_41288379]
2019-03-01 07:14:52 WARNING  [Exception] => [division by zero] - [FileSetID: 001], [FileID: 10.2307_20831283]
2019-03-01 07:14:52 WARNING  [Exception] => [division by zero] - [FileSetID: 001], [FileID: 10.2307_23891393]
2019-03-01 07:14:52 WARNING  [Exception] => [division by zero] - [FileSetID: 001], [FileID: 10.2307_353303]
2019-03-01 07:14:52 WARNING  [Exception] => [division by zero] - [FileSetID: 001], [FileID: 10.2307_41800730]
2019-03-01 07:14:52 WARNING  [Exception] => [division by zero] - [FileSetID: 001], [FileID: 10.2307_41801072]
2019-03-01 07:14:52 WARNING  [Exception] => [division by zero] - [FileSetID: 001], [FileID: 10.2307_23292983]
2019-03-01 07:14:52 WARNING  [Exception] => [division by zero] - [FileSetID: 001], [FileID: 10.2307_41067707]
2019-03-01 07:14:52 WARNING  [Exception] => [division by zero] - [FileSetID: 001], [FileID: 10.1525_si.1996.19.2.cover]
2019-03-01 07:14:52 WARNING  [Exception] => [division by zero] - [FileSetID: 001], [FileID: 10.2307_41633805]
2019-03-01 07:14:52 WARNING  [Exception] => [division by zero] - [FileSetID: 001], [FileID: 10.2307_353327]
2019-03-01 07:14:52 WARNING  [Exception] => [division by zero] - [FileSetID: 001], [FileID: 10.2307_3013130]
2019-03-01 07:14:52 WARNING  [Exception] => [division by zero] - [FileSetID: 001], [FileID: 10.2307_1387636]
2019-03-01 07:14:52 WARNING  [Exception] => [division by zero] - [FileSetID: 001], [FileID: 10.2307_41844170]
2019-03-01 07:14:52 WARNING  [Exception] => [division by zero] - [FileSetID: 001], [FileID: 10.2307_41555234]
2019-03-01 07:14:52 WARNING  [Exception] => [division by zero] - [FileSetID: 001], [FileID: 10.2307_41931567]
2019-03-01 07:14:52 WARNING  [Exception] => [division by zero] - [FileSetID: 001], [FileID: 10.2307_1385049]
2019-03-01 07:14:52 WARNING  [Exception] => [division by zero] - [FileSetID: 001], [FileID: 10.2307_30198893]
2019-03-01 07:14:52 WARNING  [Exception] => [division by zero] - [FileSetID: 001], [FileID: 10.2307_42629824]
2019-03-01 07:14:52 WARNING  [Exception] => [division by zero] - [FileSetID: 001], [FileID: 10.2307_41068559]
2019-03-01 07:14:52 WARNING  [Exception] => [division by zero] - [FileSetID: 001], [FileID: 10.2307_43294560]
2019-03-01 07:14:52 WARNING  [Exception] => [division by zero] - [FileSetID: 001], [FileID: 10.2307_41844057]
2019-03-01 07:14:52 WARNING  [Exception] => [division by zero] - [FileSetID: 001], [FileID: 10.2307_41554462]
2019-03-01 07:14:52 WARNING  [Exception] => [division by zero] - [FileSetID: 001], [FileID: 10.2307_41844610]
2019-03-01 07:14:52 WARNING  [Exception] => [division by zero] - [FileSetID: 001], [FileID: 10.2307_41843555]
2019-03-01 07:14:52 WARNING  [Exception] => [division by zero] - [FileSetID: 001], [FileID: 10.2307_41725225]
2019-03-01 07:14:52 WARNING  [Exception] => [division by zero] - [FileSetID: 001], [FileID: 10.2307_41844643]
2019-03-01 07:14:52 WARNING  [Exception] => [division by zero] - [FileSetID: 001], [FileID: 10.2307_351524]
2019-03-01 07:14:52 WARNING  [Exception] => [division by zero] - [FileSetID: 001], [FileID: 10.2307_351534]
2019-03-01 07:14:52 WARNING  [Exception] => [division by zero] - [FileSetID: 001], [FileID: 10.1525_si.1996.19.3.cover]
2019-03-01 07:14:52 WARNING  [Exception] => [division by zero] - [FileSetID: 001], [FileID: 10.2307_353322]
2019-03-01 07:14:52 WARNING  [Exception] => [division by zero] - [FileSetID: 001], [FileID: 10.2307_23894562]
2019-03-01 07:14:52 WARNING  [Exception] => [division by zero] - [FileSetID: 001], [FileID: 10.2307_41554411]
2019-03-01 07:14:52 WARNING  [Exception] => [division by zero] - [FileSetID: 001], [FileID: 10.2307_41839478]
2019-03-01 07:14:52 WARNING  [Exception] => [division by zero] - [FileSetID: 001], [FileID: 10.2307_1385060]
2019-03-01 07:14:52 WARNING  [Exception] => [division by zero] - [FileSetID: 001], [FileID: 10.1525_si.1993.16.3.cover]
2019-03-01 07:14:52 WARNING  [Exception] => [division by zero] - [FileSetID: 001], [FileID: 10.2307_3069643]
2019-03-01 07:14:52 WARNING  [Exception] => [division by zero] - [FileSetID: 001], [FileID: 10.2307_2083363]
2019-03-01 07:14:52 WARNING  [Exception] => [division by zero] - [FileSetID: 001], [FileID: 10.2307_41844937]
2019-03-01 07:14:52 WARNING  [Exception] => [division by zero] - [FileSetID: 001], [FileID: 10.2307_43294965]
2019-03-01 07:14:52 WARNING  [Exception] => [division by zero] - [FileSetID: 001], [FileID: 10.2307_1385053]
2019-03-01 07:14:52 WARNING  [Exception] => [division by zero] - [FileSetID: 001], [FileID: 10.2307_41844526]
2019-03-01 07:14:52 WARNING  [Exception] => [division by zero] - [FileSetID: 001], [FileID: 10.2307_41845291]
2019-03-01 07:14:52 WARNING  [Exception] => [division by zero] - [FileSetID: 001], [FileID: 10.2307_43294295]
2019-03-01 07:14:52 WARNING  [Exception] => [division by zero] - [FileSetID: 001], [FileID: 10.2307_44594762]
2019-03-01 07:14:52 WARNING  [Exception] => [division by zero] - [FileSetID: 001], [FileID: 10.2307_2580713]
2019-03-01 07:14:52 WARNING  [Exception] => [division by zero] - [FileSetID: 001], [FileID: 10.2307_43295006]
2019-03-01 07:14:52 WARNING  [Exception] => [division by zero] - [FileSetID: 001], [FileID: 10.2307_24175766]
2019-03-01 07:14:52 WARNING  [Exception] => [division by zero] - [FileSetID: 001], [FileID: 10.2307_353320]
2019-03-01 07:14:52 WARNING  [Exception] => [division by zero] - [FileSetID: 001], [FileID: 10.2307_350703]
2019-03-01 07:14:52 WARNING  [Exception] => [division by zero] - [FileSetID: 001], [FileID: 10.2307_23891610]
2019-03-01 07:14:52 WARNING  [Exception] => [division by zero] - [FileSetID: 001], [FileID: 10.2307_41841942]
2019-03-01 07:14:52 WARNING  [Exception] => [division by zero] - [FileSetID: 001], [FileID: 10.2307_43242227]
2019-03-01 07:14:52 WARNING  [Exception] => [division by zero] - [FileSetID: 001], [FileID: 10.2307_42858060]
2019-03-01 07:14:52 WARNING  [Exception] => [division by zero] - [FileSetID: 001], [FileID: 10.2307_41844806]
2019-03-01 07:14:52 WARNING  [Exception] => [division by zero] - [FileSetID: 001], [FileID: 10.2307_23891670]
2019-03-01 07:14:52 WARNING  [Exception] => [division by zero] - [FileSetID: 001], [FileID: 10.2307_350680]
2019-03-01 07:14:52 WARNING  [Exception] => [division by zero] - [FileSetID: 001], [FileID: 10.2307_42851335]
2019-03-01 07:14:52 WARNING  [Exception] => [division by zero] - [FileSetID: 001], [FileID: 10.2307_41069726]
2019-03-01 07:14:52 WARNING  [Exception] => [division by zero] - [FileSetID: 001], [FileID: 10.2307_351951]
2019-03-01 07:14:52 WARNING  [Exception] => [division by zero] - [FileSetID: 001], [FileID: 10.2307_3380385]
2019-03-01 07:16:24 WARNING  [Exception] => [division by zero] - [FileSetID: 001], [FileID: 10.2307_41844622]
2019-03-01 07:17:43 INFO     --> Processed: 23500; Average Time: 1.7135366368293763
2019-03-01 07:17:59 WARNING  [Exception] => [division by zero] - [FileSetID: 001], [FileID: 10.2307_350616]
2019-03-01 07:19:04 INFO     --> Processed: 23600; Average Time: 1.259049628973007
2019-03-01 07:20:51 INFO     --> Processed: 23700; Average Time: 1.1976060485839843
2019-03-01 07:20:56 WARNING  [Exception] => [division by zero] - [FileSetID: 001], [FileID: 10.2307_350692]
2019-03-01 07:22:16 INFO     --> Processed: 23800; Average Time: 1.1109077978134154
2019-03-01 07:26:05 INFO     --> Processed: 23900; Average Time: 1.3461972322463989
2019-03-01 07:26:06 INFO     --> Processed: 24000; Average Time: 1.1234408934911093
2019-03-01 07:27:06 INFO     --> Processed: 24100; Average Time: 1.0483191507203238
2019-03-01 07:29:20 INFO     --> Processed: 24200; Average Time: 1.0848398157954215
2019-03-01 07:30:24 INFO     --> Processed: 24300; Average Time: 1.0353727375136481
2019-03-01 07:31:59 WARNING  [Exception] => [division by zero] - [FileSetID: 001], [FileID: 10.2307_353308]
2019-03-01 07:32:42 INFO     --> Processed: 24400; Average Time: 1.0703395500183106
2019-03-01 07:34:32 WARNING  [Exception] => [division by zero] - [FileSetID: 001], [FileID: 10.2307_41475075]
2019-03-01 07:36:28 INFO     --> Processed: 24500; Average Time: 1.1778708243370055
2019-03-01 07:36:36 WARNING  [Exception] => [division by zero] - [FileSetID: 001], [FileID: 10.2307_41844873]
2019-03-01 07:36:40 WARNING  [Exception] => [division by zero] - [FileSetID: 001], [FileID: 10.2307_24178469]
2019-03-01 07:36:40 WARNING  [Exception] => [division by zero] - [FileSetID: 001], [FileID: 10.2307_350603]
2019-03-01 07:36:47 INFO     --> Processed: 24600; Average Time: 1.0962620123227438
2019-03-01 07:38:26 INFO     --> Processed: 24700; Average Time: 1.087721529006958
2019-03-01 07:40:02 INFO     --> Processed: 24800; Average Time: 1.0784887085642134
2019-03-01 07:40:17 WARNING  [Exception] => [division by zero] - [FileSetID: 001], [FileID: 10.2307_41582827]
2019-03-01 07:41:07 INFO     --> Processed: 24900; Average Time: 1.0500420940717061
2019-03-01 07:41:51 WARNING  [Exception] => [division by zero] - [FileSetID: 001], [FileID: 10.2307_43150991]
2019-03-01 07:45:42 INFO     --> Processed: 25000; Average Time: 1.156079552769661
2019-03-01 07:46:23 INFO     --> Processed: 25100; Average Time: 1.112174515724182
2019-03-01 07:46:45 INFO     --> Processed: 25200; Average Time: 1.0629620485835605
2019-03-01 07:47:19 WARNING  [Exception] => [division by zero] - [FileSetID: 001], [FileID: 10.2307_3012582]
2019-03-01 07:49:04 INFO     --> Processed: 25300; Average Time: 1.079907919482181
2019-03-01 07:49:41 INFO     --> Processed: 25400; Average Time: 1.0444134503602982
2019-03-01 07:51:16 INFO     --> Processed: 25500; Average Time: 1.040199529557001
2019-03-01 07:53:23 INFO     --> Processed: 25600; Average Time: 1.0505424240502443
2019-03-01 07:53:33 WARNING  [Exception] => [division by zero] - [FileSetID: 001], [FileID: 10.2307_41844312]
2019-03-01 07:54:18 INFO     --> Processed: 25700; Average Time: 1.0288893271529156
2019-03-01 07:56:08 INFO     --> Processed: 25800; Average Time: 1.0315871731440227
2019-03-01 07:57:59 WARNING  [Exception] => [division by zero] - [FileSetID: 001], [FileID: 10.2307_351519]
2019-03-01 07:58:34 INFO     --> Processed: 25900; Average Time: 1.0486614048957825
2019-03-01 08:00:51 INFO     --> Processed: 26000; Average Time: 1.061031998029122
2019-03-01 08:01:44 INFO     --> Processed: 26100; Average Time: 1.0413809290638676
2019-03-01 08:01:48 WARNING  [Exception] => [division by zero] - [FileSetID: 001], [FileID: 10.2307_351954]
2019-03-01 08:03:13 INFO     --> Processed: 26200; Average Time: 1.0361674599136625
2019-03-01 08:04:40 INFO     --> Processed: 26300; Average Time: 1.0303834684963884
2019-03-01 08:05:02 WARNING  [Exception] => [division by zero] - [FileSetID: 001], [FileID: 10.2307_41514842]
2019-03-01 08:08:09 INFO     --> Processed: 26400; Average Time: 1.0656087741851807
2019-03-01 08:08:34 INFO     --> Processed: 26500; Average Time: 1.0392345041613424
2019-03-01 08:08:53 WARNING  [Exception] => [division by zero] - [FileSetID: 001], [FileID: 10.2307_41800948]
2019-03-01 08:10:15 INFO     --> Processed: 26600; Average Time: 1.038498605042696
2019-03-01 08:11:29 WARNING  [Exception] => [division by zero] - [FileSetID: 001], [FileID: 10.2307_3069633]
2019-03-01 08:12:40 INFO     --> Processed: 26700; Average Time: 1.0509391125765715
2019-03-01 08:13:38 INFO     --> Processed: 26800; Average Time: 1.0370670700073241
2019-03-01 08:16:41 INFO     --> Processed: 26900; Average Time: 1.0597799956457956
2019-03-01 08:17:10 INFO     --> Processed: 27000; Average Time: 1.0384306453996235
2019-03-01 08:18:27 INFO     --> Processed: 27100; Average Time: 1.031122249590384
2019-03-01 08:21:55 INFO     --> Processed: 27200; Average Time: 1.0588017160014103
2019-03-01 08:22:06 INFO     --> Processed: 27300; Average Time: 1.0343636549436128
2019-03-01 08:24:13 INFO     --> Processed: 27400; Average Time: 1.0402660833597184
2019-03-01 08:26:24 INFO     --> Processed: 27500; Average Time: 1.0469004107684623
2019-03-01 08:27:28 INFO     --> Processed: 27600; Average Time: 1.0371240553401766
2019-03-01 08:29:20 INFO     --> Processed: 27700; Average Time: 1.0391361254869504
2019-03-01 08:29:36 WARNING  [Exception] => [division by zero] - [FileSetID: 001], [FileID: 10.2307_43481369]
2019-03-01 08:30:34 INFO     --> Processed: 27800; Average Time: 1.0322066141800448
2019-03-01 08:32:26 WARNING  [Exception] => [division by zero] - [FileSetID: 001], [FileID: 10.2307_3090244]
2019-03-01 08:32:52 INFO     --> Processed: 27900; Average Time: 1.040109631644355
2019-03-01 08:34:29 INFO     --> Processed: 28000; Average Time: 1.0385962407485299
2019-03-01 08:37:11 INFO     --> Processed: 28100; Average Time: 1.0508466836746704
2019-03-01 08:37:30 INFO     --> Processed: 28200; Average Time: 1.0328403614958128
2019-03-01 08:38:14 WARNING  [Exception] => [division by zero] - [FileSetID: 001], [FileID: 10.2307_43295002]
2019-03-01 08:39:16 INFO     --> Processed: 28300; Average Time: 1.0334669889722552
2019-03-01 08:40:54 INFO     --> Processed: 28400; Average Time: 1.0323241522312165
2019-03-01 08:42:39 INFO     --> Processed: 28500; Average Time: 1.0326848662600798
2019-03-01 08:46:36 INFO     --> Processed: 28600; Average Time: 1.0584773974693737
2019-03-01 08:47:40 INFO     --> Processed: 28700; Average Time: 1.0505025832158215
2019-03-01 08:48:19 INFO     --> Processed: 28800; Average Time: 1.0383093932381382
2019-03-01 08:48:39 WARNING  [Exception] => [division by zero] - [FileSetID: 001], [FileID: 10.2307_3013008]
2019-03-01 08:50:31 INFO     --> Processed: 28900; Average Time: 1.0434061690677296
