2019-03-03 06:11:51 INFO     Connecting to DB
2019-03-03 06:11:51 INFO     Processing Mapping
2019-03-03 06:11:51 INFO     Loading File Set: [013]
2019-03-03 06:11:51 INFO     --> Total Files [28977]
2019-03-03 06:11:52 INFO     --> Detect Loaded [21066], Resume Mapping
2019-03-03 06:11:52 INFO     Async Processing
2019-03-03 06:11:52 WARNING  [Exception] => [division by zero] - [FileSetID: 013], [FileID: 10.2307_1387643]
2019-03-03 06:11:52 WARNING  [Exception] => [division by zero] - [FileSetID: 013], [FileID: 10.2307_43294593]
2019-03-03 06:11:52 WARNING  [Exception] => [division by zero] - [FileSetID: 013], [FileID: 10.2307_41800867]
2019-03-03 06:11:52 WARNING  [Exception] => [division by zero] - [FileSetID: 013], [FileID: 10.2307_23870871]
2019-03-03 06:11:52 WARNING  [Exception] => [division by zero] - [FileSetID: 013], [FileID: 10.2307_23413749]
2019-03-03 06:11:52 WARNING  [Exception] => [division by zero] - [FileSetID: 013], [FileID: 10.2307_monthlylaborrev.2012.09.003]
2019-03-03 06:11:52 WARNING  [Exception] => [division by zero] - [FileSetID: 013], [FileID: 10.2307_23747687]
2019-03-03 06:11:52 WARNING  [Exception] => [division by zero] - [FileSetID: 013], [FileID: 10.2307_1385056]
2019-03-03 06:11:52 WARNING  [Exception] => [division by zero] - [FileSetID: 013], [FileID: 10.2307_43294419]
2019-03-03 06:11:52 INFO     Collecting Results
2019-03-03 06:11:52 WARNING  [Exception] => [division by zero] - [FileSetID: 013], [FileID: 10.1525_si.1983.6.1.cover]
2019-03-03 06:11:52 WARNING  [Exception] => [division by zero] - [FileSetID: 013], [FileID: 10.2307_42853418]
2019-03-03 06:11:52 WARNING  [Exception] => [division by zero] - [FileSetID: 013], [FileID: 10.2307_monthlylaborrev.2008.02.083]
2019-03-03 06:11:52 WARNING  [Exception] => [division by zero] - [FileSetID: 013], [FileID: 10.2307_350621]
2019-03-03 06:11:52 WARNING  [Exception] => [division by zero] - [FileSetID: 013], [FileID: 10.2307_24719432]
2019-03-03 06:11:52 WARNING  [Exception] => [division by zero] - [FileSetID: 013], [FileID: 10.2307_350700]
2019-03-03 06:11:52 WARNING  [Exception] => [division by zero] - [FileSetID: 013], [FileID: 10.2307_351522]
2019-03-03 06:11:52 WARNING  [Exception] => [division by zero] - [FileSetID: 013], [FileID: 10.2307_1387649]
2019-03-03 06:11:52 WARNING  [Exception] => [division by zero] - [FileSetID: 013], [FileID: 10.2307_23891713]
2019-03-03 06:11:52 WARNING  [Exception] => [division by zero] - [FileSetID: 013], [FileID: 10.2307_351525]
2019-03-03 06:11:52 WARNING  [Exception] => [division by zero] - [FileSetID: 013], [FileID: 10.2307_2083362]
2019-03-03 06:11:52 WARNING  [Exception] => [division by zero] - [FileSetID: 013], [FileID: 10.2307_41318839]
2019-03-03 06:11:52 WARNING  [Exception] => [division by zero] - [FileSetID: 013], [FileID: 10.2307_1387631]
2019-03-03 06:11:52 WARNING  [Exception] => [division by zero] - [FileSetID: 013], [FileID: 10.2307_3069640]
2019-03-03 06:11:52 WARNING  [Exception] => [division by zero] - [FileSetID: 013], [FileID: 10.2307_41844211]
2019-03-03 06:11:52 WARNING  [Exception] => [division by zero] - [FileSetID: 013], [FileID: 10.2307_41932079]
2019-03-03 06:11:52 WARNING  [Exception] => [division by zero] - [FileSetID: 013], [FileID: 10.2307_41844223]
2019-03-03 06:11:52 WARNING  [Exception] => [division by zero] - [FileSetID: 013], [FileID: 10.2307_43294414]
2019-03-03 06:11:52 WARNING  [Exception] => [division by zero] - [FileSetID: 013], [FileID: 10.2307_41838057]
2019-03-03 06:11:52 WARNING  [Exception] => [division by zero] - [FileSetID: 013], [FileID: 10.2307_41843940]
2019-03-03 06:11:52 WARNING  [Exception] => [division by zero] - [FileSetID: 013], [FileID: 10.2307_41336930]
2019-03-03 06:11:52 WARNING  [Exception] => [division by zero] - [FileSetID: 013], [FileID: 10.2307_42843945]
2019-03-03 06:11:52 WARNING  [Exception] => [division by zero] - [FileSetID: 013], [FileID: 10.2307_24720919]
2019-03-03 06:11:52 WARNING  [Exception] => [division by zero] - [FileSetID: 013], [FileID: 10.2307_2083368]
2019-03-03 06:11:52 WARNING  [Exception] => [division by zero] - [FileSetID: 013], [FileID: 10.2307_41929335]
2019-03-03 06:11:52 WARNING  [Exception] => [division by zero] - [FileSetID: 013], [FileID: 10.2307_41845048]
2019-03-03 06:11:52 WARNING  [Exception] => [division by zero] - [FileSetID: 013], [FileID: 10.2307_41842130]
2019-03-03 06:11:52 WARNING  [Exception] => [division by zero] - [FileSetID: 013], [FileID: 10.2307_41863053]
2019-03-03 06:11:52 WARNING  [Exception] => [division by zero] - [FileSetID: 013], [FileID: 10.2307_42852200]
2019-03-03 06:11:52 WARNING  [Exception] => [division by zero] - [FileSetID: 013], [FileID: 10.2307_23893723]
2019-03-03 06:11:52 WARNING  [Exception] => [division by zero] - [FileSetID: 013], [FileID: 10.2307_41484884]
2019-03-03 06:11:52 WARNING  [Exception] => [division by zero] - [FileSetID: 013], [FileID: 10.2307_41068340]
2019-03-03 06:11:52 WARNING  [Exception] => [division by zero] - [FileSetID: 013], [FileID: 10.2307_41069897]
2019-03-03 06:11:52 WARNING  [Exception] => [division by zero] - [FileSetID: 013], [FileID: 10.2307_351520]
2019-03-03 06:11:52 WARNING  [Exception] => [division by zero] - [FileSetID: 013], [FileID: 10.2307_41800729]
2019-03-03 06:11:52 WARNING  [Exception] => [division by zero] - [FileSetID: 013], [FileID: 10.2307_41555190]
2019-03-03 06:11:52 WARNING  [Exception] => [division by zero] - [FileSetID: 013], [FileID: 10.2307_43294548]
2019-03-03 06:11:52 WARNING  [Exception] => [division by zero] - [FileSetID: 013], [FileID: 10.2307_41960221]
2019-03-03 06:11:52 WARNING  [Exception] => [division by zero] - [FileSetID: 013], [FileID: 10.2307_41068047]
2019-03-03 06:11:52 WARNING  [Exception] => [division by zero] - [FileSetID: 013], [FileID: 10.2307_24175834]
2019-03-03 06:11:52 WARNING  [Exception] => [division by zero] - [FileSetID: 013], [FileID: 10.2307_41132976]
2019-03-03 06:11:52 WARNING  [Exception] => [division by zero] - [FileSetID: 013], [FileID: 10.2307_41554419]
2019-03-03 06:11:52 WARNING  [Exception] => [division by zero] - [FileSetID: 013], [FileID: 10.2307_41959969]
2019-03-03 06:11:52 WARNING  [Exception] => [division by zero] - [FileSetID: 013], [FileID: 10.2307_44816248]
2019-03-03 06:11:52 WARNING  [Exception] => [division by zero] - [FileSetID: 013], [FileID: 10.2307_43956320]
2019-03-03 06:11:52 WARNING  [Exception] => [division by zero] - [FileSetID: 013], [FileID: 10.2307_41801121]
2019-03-03 06:11:52 WARNING  [Exception] => [division by zero] - [FileSetID: 013], [FileID: 10.2307_350679]
2019-03-03 06:11:52 WARNING  [Exception] => [division by zero] - [FileSetID: 013], [FileID: 10.2307_24708165]
2019-03-03 06:11:52 WARNING  [Exception] => [division by zero] - [FileSetID: 013], [FileID: 10.2307_350685]
2019-03-03 06:11:52 WARNING  [Exception] => [division by zero] - [FileSetID: 013], [FileID: 10.2307_41843287]
2019-03-03 06:11:52 WARNING  [Exception] => [division by zero] - [FileSetID: 013], [FileID: 10.1525_si.1997.20.2.cover]
2019-03-03 06:11:52 WARNING  [Exception] => [division by zero] - [FileSetID: 013], [FileID: 10.2307_43482533]
2019-03-03 06:11:52 WARNING  [Exception] => [division by zero] - [FileSetID: 013], [FileID: 10.1525_si.1978.1.2.cover]
2019-03-03 06:11:52 WARNING  [Exception] => [division by zero] - [FileSetID: 013], [FileID: 10.2307_24047905]
2019-03-03 06:11:52 WARNING  [Exception] => [division by zero] - [FileSetID: 013], [FileID: 10.2307_24175976]
2019-03-03 06:11:52 WARNING  [Exception] => [division by zero] - [FileSetID: 013], [FileID: 10.2307_43294459]
2019-03-03 06:11:52 WARNING  [Exception] => [division by zero] - [FileSetID: 013], [FileID: 10.2307_42853223]
2019-03-03 06:11:52 WARNING  [Exception] => [division by zero] - [FileSetID: 013], [FileID: 10.2307_41800996]
2019-03-03 06:11:52 WARNING  [Exception] => [division by zero] - [FileSetID: 013], [FileID: 10.2307_41800826]
2019-03-03 06:11:52 WARNING  [Exception] => [division by zero] - [FileSetID: 013], [FileID: 10.2307_23634594]
2019-03-03 06:11:52 WARNING  [Exception] => [division by zero] - [FileSetID: 013], [FileID: 10.2307_43481411]
2019-03-03 06:11:53 WARNING  [Exception] => [division by zero] - [FileSetID: 013], [FileID: 10.2307_41861524]
2019-03-03 06:11:54 WARNING  [Exception] => [division by zero] - [FileSetID: 013], [FileID: 10.2307_41861859]
2019-03-03 06:14:19 INFO     --> Processed: 21166; Average Time: 1.4755851531028747
2019-03-03 06:15:24 INFO     --> Processed: 21266; Average Time: 1.062498996257782
2019-03-03 06:18:17 WARNING  [Exception] => [division by zero] - [FileSetID: 013], [FileID: 10.2307_41484651]
2019-03-03 06:18:41 INFO     --> Processed: 21366; Average Time: 1.3637801512082417
2019-03-03 06:18:54 INFO     --> Processed: 21466; Average Time: 1.0558538520336151
2019-03-03 06:20:41 INFO     --> Processed: 21566; Average Time: 1.0580897316932678
2019-03-03 06:22:23 INFO     --> Processed: 21666; Average Time: 1.0527423723538716
2019-03-03 06:24:01 INFO     --> Processed: 21766; Average Time: 1.0421301003864833
2019-03-03 06:24:17 WARNING  [Exception] => [division by zero] - [FileSetID: 013], [FileID: 10.2307_3090249]
2019-03-03 06:26:47 INFO     --> Processed: 21866; Average Time: 1.1191747584939002
2019-03-03 06:27:02 INFO     --> Processed: 21966; Average Time: 1.0109253480699327
2019-03-03 06:28:40 INFO     --> Processed: 22066; Average Time: 1.008165192604065
2019-03-03 06:29:59 WARNING  [Exception] => [division by zero] - [FileSetID: 013], [FileID: 10.2307_44824972]
2019-03-03 06:31:56 INFO     --> Processed: 22166; Average Time: 1.0945129812847485
2019-03-03 06:32:01 INFO     --> Processed: 22266; Average Time: 1.0080580081542332
2019-03-03 06:33:05 INFO     --> Processed: 22366; Average Time: 0.9794427525080167
2019-03-03 06:33:07 WARNING  [Exception] => [division by zero] - [FileSetID: 013], [FileID: 10.2307_353300]
2019-03-03 06:33:34 WARNING  [Exception] => [division by zero] - [FileSetID: 013], [FileID: 10.2307_43151001]
2019-03-03 06:35:11 INFO     --> Processed: 22466; Average Time: 0.9994885950429099
2019-03-03 06:36:40 INFO     --> Processed: 22566; Average Time: 0.9919345941543579
2019-03-03 06:38:40 WARNING  [Exception] => [division by zero] - [FileSetID: 013], [FileID: 10.1525_si.1985.8.2.cover]
2019-03-03 06:39:40 INFO     --> Processed: 22666; Average Time: 1.0425638268887996
2019-03-03 06:40:00 INFO     --> Processed: 22766; Average Time: 0.9929079839762519
2019-03-03 06:40:39 WARNING  [Exception] => [division by zero] - [FileSetID: 013], [FileID: 10.2307_41229557]
2019-03-03 06:40:59 INFO     --> Processed: 22866; Average Time: 0.970841467248069
2019-03-03 06:43:27 WARNING  [Exception] => [division by zero] - [FileSetID: 013], [FileID: 10.2307_3069637]
2019-03-03 06:43:51 INFO     --> Processed: 22966; Average Time: 1.0101486047945525
2019-03-03 06:44:36 INFO     --> Processed: 23066; Average Time: 0.9822985109090805
2019-03-03 06:48:02 INFO     --> Processed: 23166; Average Time: 1.0336412273134503
2019-03-03 06:48:06 INFO     --> Processed: 23266; Average Time: 0.9884173961119218
2019-03-03 06:49:22 INFO     --> Processed: 23366; Average Time: 0.9784039725428042
2019-03-03 06:52:19 INFO     --> Processed: 23466; Average Time: 1.0113154551386834
2019-03-03 06:53:12 INFO     --> Processed: 23566; Average Time: 0.9921420844078064
2019-03-03 06:53:51 INFO     --> Processed: 23666; Average Time: 0.9687682023415198
2019-03-03 06:55:08 INFO     --> Processed: 23766; Average Time: 0.9617042137075353
2019-03-03 06:55:28 WARNING  [Exception] => [division by zero] - [FileSetID: 013], [FileID: 10.2307_43294251]
2019-03-03 06:57:15 INFO     --> Processed: 23866; Average Time: 0.9725077390670777
2019-03-03 06:57:31 WARNING  [Exception] => [division by zero] - [FileSetID: 013], [FileID: 10.2307_350636]
2019-03-03 06:59:47 INFO     --> Processed: 23966; Average Time: 0.991496142929998
2019-03-03 07:00:05 INFO     --> Processed: 24066; Average Time: 0.9642782700856527
2019-03-03 07:01:05 WARNING  [Exception] => [division by zero] - [FileSetID: 013], [FileID: 10.2307_3012766]
2019-03-03 07:01:31 INFO     --> Processed: 24166; Average Time: 0.9610483657160113
2019-03-03 07:02:42 WARNING  [Exception] => [division by zero] - [FileSetID: 013], [FileID: 10.2307_3013373]
2019-03-03 07:02:47 WARNING  [Exception] => [division by zero] - [FileSetID: 013], [FileID: 10.2307_41554450]
2019-03-03 07:03:14 WARNING  [Exception] => [division by zero] - [FileSetID: 013], [FileID: 10.2307_41415710]
2019-03-03 07:03:15 INFO     --> Processed: 24266; Average Time: 0.9634596417844296
2019-03-03 07:04:54 INFO     --> Processed: 24366; Average Time: 0.9642102388902144
2019-03-03 07:07:36 WARNING  [Exception] => [division by zero] - [FileSetID: 013], [FileID: 10.2307_24175883]
2019-03-03 07:08:10 INFO     --> Processed: 24466; Average Time: 0.9935682483981637
2019-03-03 07:08:11 INFO     --> Processed: 24566; Average Time: 0.9654278517450605
2019-03-03 07:10:00 INFO     --> Processed: 24666; Average Time: 0.9690210667583677
2019-03-03 07:10:54 WARNING  [Exception] => [division by zero] - [FileSetID: 013], [FileID: 10.2307_2083374]
2019-03-03 07:11:17 INFO     --> Processed: 24766; Average Time: 0.9634740371317477
2019-03-03 07:13:12 INFO     --> Processed: 24866; Average Time: 0.9684969192429592
2019-03-03 07:13:43 WARNING  [Exception] => [division by zero] - [FileSetID: 013], [FileID: 10.2307_41069975]
2019-03-03 07:14:13 INFO     --> Processed: 24966; Average Time: 0.9594117274039831
2019-03-03 07:16:26 INFO     --> Processed: 25066; Average Time: 0.9685193957090378
2019-03-03 07:17:21 WARNING  [Exception] => [division by zero] - [FileSetID: 013], [FileID: 10.2307_3090242]
2019-03-03 07:19:24 INFO     --> Processed: 25166; Average Time: 0.9883039691971569
2019-03-03 07:19:37 INFO     --> Processed: 25266; Average Time: 0.9679202558880761
2019-03-03 07:19:51 WARNING  [Exception] => [division by zero] - [FileSetID: 013], [FileID: 10.2307_41682688]
2019-03-03 07:20:40 INFO     --> Processed: 25366; Average Time: 0.9600751383360042
2019-03-03 07:22:42 INFO     --> Processed: 25466; Average Time: 0.9658771020174026
2019-03-03 07:24:39 INFO     --> Processed: 25566; Average Time: 0.970519653002421
2019-03-03 07:26:06 INFO     --> Processed: 25666; Average Time: 0.9683830684164296
2019-03-03 07:28:00 INFO     --> Processed: 25766; Average Time: 0.9718735755758082
2019-03-03 07:29:59 INFO     --> Processed: 25866; Average Time: 0.9764901820321877
2019-03-03 07:33:20 INFO     --> Processed: 25966; Average Time: 0.9975780305570485
2019-03-03 07:33:28 INFO     --> Processed: 26066; Average Time: 0.9792877538204193
2019-03-03 07:35:02 INFO     --> Processed: 26166; Average Time: 0.9784511063613144
2019-03-03 07:37:16 INFO     --> Processed: 26266; Average Time: 0.9854435689174212
2019-03-03 07:37:47 WARNING  [Exception] => [division by zero] - [FileSetID: 013], [FileID: 10.2307_43294814]
2019-03-03 07:38:25 INFO     --> Processed: 26366; Average Time: 0.9799226804499356
2019-03-03 07:39:48 INFO     --> Processed: 26466; Average Time: 0.9771429328565244
2019-03-03 07:41:42 INFO     --> Processed: 26566; Average Time: 0.9801288634647023
2019-03-03 07:44:44 INFO     --> Processed: 26666; Average Time: 0.9951047016467367
2019-03-03 07:44:50 INFO     --> Processed: 26766; Average Time: 0.9786787488167746
2019-03-03 07:45:56 INFO     --> Processed: 26866; Average Time: 0.9730719144179903
2019-03-03 07:48:17 INFO     --> Processed: 26966; Average Time: 0.9805584744679726
2019-03-03 07:49:14 INFO     --> Processed: 27066; Average Time: 0.9737616045475006
2019-03-03 07:51:05 WARNING  [Exception] => [division by zero] - [FileSetID: 013], [FileID: 10.2307_41229593]
2019-03-03 07:51:11 INFO     --> Processed: 27166; Average Time: 0.9768412766300264
2019-03-03 07:52:18 INFO     --> Processed: 27266; Average Time: 0.9719318014575589
2019-03-03 07:53:05 WARNING  [Exception] => [division by zero] - [FileSetID: 013], [FileID: 10.2307_43294597]
2019-03-03 07:53:28 WARNING  [Exception] => [division by zero] - [FileSetID: 013], [FileID: 10.2307_23867090]
2019-03-03 07:54:50 INFO     --> Processed: 27366; Average Time: 0.9806481396962726
2019-03-03 07:55:11 INFO     --> Processed: 27466; Average Time: 0.9686400141194462
2019-03-03 07:56:30 WARNING  [Exception] => [division by zero] - [FileSetID: 013], [FileID: 10.2307_30124453]
2019-03-03 07:57:17 INFO     --> Processed: 27566; Average Time: 0.9730498308035044
2019-03-03 07:58:58 INFO     --> Processed: 27666; Average Time: 0.9737442529923989
2019-03-03 08:00:14 INFO     --> Processed: 27766; Average Time: 0.9704395549332918
2019-03-03 08:02:12 INFO     --> Processed: 27866; Average Time: 0.9736089808800641
2019-03-03 08:04:07 INFO     --> Processed: 27966; Average Time: 0.9760500992208287
2019-03-03 08:05:19 INFO     --> Processed: 28066; Average Time: 0.9724597977910723
2019-03-03 08:07:13 INFO     --> Processed: 28166; Average Time: 0.974886453621824
2019-03-03 08:08:26 INFO     --> Processed: 28266; Average Time: 0.9714082456959618
2019-03-03 08:10:04 INFO     --> Processed: 28366; Average Time: 0.9715812700741912
2019-03-03 08:12:37 INFO     --> Processed: 28466; Average Time: 0.9791091378315075
2019-03-03 08:13:49 INFO     --> Processed: 28566; Average Time: 0.9756893109003703
2019-03-03 08:15:08 INFO     --> Processed: 28666; Average Time: 0.9731445352340999
2019-03-03 08:15:23 WARNING  [Exception] => [division by zero] - [FileSetID: 013], [FileID: 10.2307_44816072]
2019-03-03 08:17:52 INFO     --> Processed: 28766; Average Time: 0.9818135576743584
2019-03-03 08:18:52 INFO     --> Processed: 28866; Average Time: 0.976962089844239
2019-03-03 08:19:03 INFO     Mission Complete
