2019-03-03 06:16:32 INFO     Connecting to DB
2019-03-03 06:16:32 INFO     Processing Mapping
2019-03-03 06:16:32 INFO     Loading File Set: [001]
2019-03-03 06:16:32 INFO     --> Total Files [29070]
2019-03-03 06:16:32 INFO     --> Detect Loaded [28963], Resume Mapping
2019-03-03 06:16:32 INFO     Async Processing
2019-03-03 06:16:32 INFO     Collecting Results
2019-03-03 06:16:32 WARNING  [Exception] => [division by zero] - [FileSetID: 001], [FileID: 10.2307_monthlylaborrev.2010.08.032]
2019-03-03 06:16:32 WARNING  [Exception] => [division by zero] - [FileSetID: 001], [FileID: 10.2307_42750987]
2019-03-03 06:16:32 WARNING  [Exception] => [division by zero] - [FileSetID: 001], [FileID: 10.2307_24178487]
2019-03-03 06:16:32 WARNING  [Exception] => [division by zero] - [FileSetID: 001], [FileID: 10.2307_41067707]
2019-03-03 06:16:32 WARNING  [Exception] => [division by zero] - [FileSetID: 001], [FileID: 10.2307_23891610]
2019-03-03 06:16:32 WARNING  [Exception] => [division by zero] - [FileSetID: 001], [FileID: 10.2307_1387632]
2019-03-03 06:16:32 WARNING  [Exception] => [division by zero] - [FileSetID: 001], [FileID: 10.2307_3090243]
2019-03-03 06:16:32 WARNING  [Exception] => [division by zero] - [FileSetID: 001], [FileID: 10.2307_351951]
2019-03-03 06:16:32 WARNING  [Exception] => [division by zero] - [FileSetID: 001], [FileID: 10.2307_351941]
2019-03-03 06:16:32 WARNING  [Exception] => [division by zero] - [FileSetID: 001], [FileID: 10.2307_23891393]
2019-03-03 06:16:32 WARNING  [Exception] => [division by zero] - [FileSetID: 001], [FileID: 10.2307_351531]
2019-03-03 06:16:33 WARNING  [Exception] => [division by zero] - [FileSetID: 001], [FileID: 10.2307_24721042]
2019-03-03 06:16:33 WARNING  [Exception] => [division by zero] - [FileSetID: 001], [FileID: 10.1525_si.1994.17.3.cover]
2019-03-03 06:16:33 WARNING  [Exception] => [division by zero] - [FileSetID: 001], [FileID: 10.2307_1387638]
2019-03-03 06:16:33 WARNING  [Exception] => [division by zero] - [FileSetID: 001], [FileID: 10.2307_3013368]
2019-03-03 06:16:33 WARNING  [Exception] => [division by zero] - [FileSetID: 001], [FileID: 10.2307_41801072]
2019-03-03 06:16:33 WARNING  [Exception] => [division by zero] - [FileSetID: 001], [FileID: 10.2307_41843359]
2019-03-03 06:16:33 WARNING  [Exception] => [division by zero] - [FileSetID: 001], [FileID: 10.2307_41514687]
2019-03-03 06:16:33 WARNING  [Exception] => [division by zero] - [FileSetID: 001], [FileID: 10.2307_41345978]
2019-03-03 06:16:33 WARNING  [Exception] => [division by zero] - [FileSetID: 001], [FileID: 10.2307_24713317]
2019-03-03 06:16:33 WARNING  [Exception] => [division by zero] - [FileSetID: 001], [FileID: 10.2307_353320]
2019-03-03 06:16:33 WARNING  [Exception] => [division by zero] - [FileSetID: 001], [FileID: 10.1525_si.1990.13.1.cover]
2019-03-03 06:16:33 WARNING  [Exception] => [division by zero] - [FileSetID: 001], [FileID: 10.1525_si.1997.20.3.cover]
2019-03-03 06:16:33 WARNING  [Exception] => [division by zero] - [FileSetID: 001], [FileID: 10.2307_353312]
2019-03-03 06:16:33 WARNING  [Exception] => [division by zero] - [FileSetID: 001], [FileID: 10.2307_350703]
2019-03-03 06:16:33 WARNING  [Exception] => [division by zero] - [FileSetID: 001], [FileID: 10.2307_41288379]
2019-03-03 06:16:33 WARNING  [Exception] => [division by zero] - [FileSetID: 001], [FileID: 10.2307_353327]
2019-03-03 06:16:33 WARNING  [Exception] => [division by zero] - [FileSetID: 001], [FileID: 10.2307_41844448]
2019-03-03 06:16:33 WARNING  [Exception] => [division by zero] - [FileSetID: 001], [FileID: 10.2307_90007862]
2019-03-03 06:16:33 WARNING  [Exception] => [division by zero] - [FileSetID: 001], [FileID: 10.2307_42843882]
2019-03-03 06:16:33 WARNING  [Exception] => [division by zero] - [FileSetID: 001], [FileID: 10.2307_351509]
2019-03-03 06:16:33 WARNING  [Exception] => [division by zero] - [FileSetID: 001], [FileID: 10.2307_41484871]
2019-03-03 06:16:33 WARNING  [Exception] => [division by zero] - [FileSetID: 001], [FileID: 10.1525_si.1991.14.2.cover]
2019-03-03 06:16:33 WARNING  [Exception] => [division by zero] - [FileSetID: 001], [FileID: 10.2307_350680]
2019-03-03 06:16:33 WARNING  [Exception] => [division by zero] - [FileSetID: 001], [FileID: 10.2307_41800730]
2019-03-03 06:16:33 WARNING  [Exception] => [division by zero] - [FileSetID: 001], [FileID: 10.2307_23292983]
2019-03-03 06:16:33 WARNING  [Exception] => [division by zero] - [FileSetID: 001], [FileID: 10.2307_41801223]
2019-03-03 06:16:33 WARNING  [Exception] => [division by zero] - [FileSetID: 001], [FileID: 10.2307_20831283]
2019-03-03 06:16:33 WARNING  [Exception] => [division by zero] - [FileSetID: 001], [FileID: 10.2307_41841942]
2019-03-03 06:16:33 WARNING  [Exception] => [division by zero] - [FileSetID: 001], [FileID: 10.2307_41844643]
2019-03-03 06:16:33 WARNING  [Exception] => [division by zero] - [FileSetID: 001], [FileID: 10.2307_41633805]
2019-03-03 06:16:33 WARNING  [Exception] => [division by zero] - [FileSetID: 001], [FileID: 10.2307_42629824]
2019-03-03 06:16:33 WARNING  [Exception] => [division by zero] - [FileSetID: 001], [FileID: 10.2307_41068559]
2019-03-03 06:16:33 WARNING  [Exception] => [division by zero] - [FileSetID: 001], [FileID: 10.2307_353303]
2019-03-03 06:16:33 WARNING  [Exception] => [division by zero] - [FileSetID: 001], [FileID: 10.2307_41844170]
2019-03-03 06:16:33 WARNING  [Exception] => [division by zero] - [FileSetID: 001], [FileID: 10.2307_42858060]
2019-03-03 06:16:33 WARNING  [Exception] => [division by zero] - [FileSetID: 001], [FileID: 10.1525_si.1996.19.2.cover]
2019-03-03 06:16:33 WARNING  [Exception] => [division by zero] - [FileSetID: 001], [FileID: 10.2307_41844057]
2019-03-03 06:16:33 WARNING  [Exception] => [division by zero] - [FileSetID: 001], [FileID: 10.2307_24175766]
2019-03-03 06:16:33 WARNING  [Exception] => [division by zero] - [FileSetID: 001], [FileID: 10.2307_41931567]
2019-03-03 06:16:33 WARNING  [Exception] => [division by zero] - [FileSetID: 001], [FileID: 10.2307_41844806]
2019-03-03 06:16:33 WARNING  [Exception] => [division by zero] - [FileSetID: 001], [FileID: 10.2307_43294560]
2019-03-03 06:16:33 WARNING  [Exception] => [division by zero] - [FileSetID: 001], [FileID: 10.2307_351534]
2019-03-03 06:16:33 WARNING  [Exception] => [division by zero] - [FileSetID: 001], [FileID: 10.2307_41725225]
2019-03-03 06:16:33 WARNING  [Exception] => [division by zero] - [FileSetID: 001], [FileID: 10.2307_42851335]
2019-03-03 06:16:33 WARNING  [Exception] => [division by zero] - [FileSetID: 001], [FileID: 10.2307_1385060]
2019-03-03 06:16:33 WARNING  [Exception] => [division by zero] - [FileSetID: 001], [FileID: 10.2307_353322]
2019-03-03 06:16:33 WARNING  [Exception] => [division by zero] - [FileSetID: 001], [FileID: 10.2307_23891670]
2019-03-03 06:16:33 WARNING  [Exception] => [division by zero] - [FileSetID: 001], [FileID: 10.2307_41845291]
2019-03-03 06:16:33 WARNING  [Exception] => [division by zero] - [FileSetID: 001], [FileID: 10.2307_3069643]
2019-03-03 06:16:33 WARNING  [Exception] => [division by zero] - [FileSetID: 001], [FileID: 10.2307_41844526]
2019-03-03 06:16:33 WARNING  [Exception] => [division by zero] - [FileSetID: 001], [FileID: 10.2307_30198893]
2019-03-03 06:16:33 WARNING  [Exception] => [division by zero] - [FileSetID: 001], [FileID: 10.1525_si.1996.19.3.cover]
2019-03-03 06:16:33 WARNING  [Exception] => [division by zero] - [FileSetID: 001], [FileID: 10.2307_41844622]
2019-03-03 06:16:33 WARNING  [Exception] => [division by zero] - [FileSetID: 001], [FileID: 10.2307_350616]
2019-03-03 06:16:33 WARNING  [Exception] => [division by zero] - [FileSetID: 001], [FileID: 10.1525_si.1993.16.3.cover]
2019-03-03 06:16:33 WARNING  [Exception] => [division by zero] - [FileSetID: 001], [FileID: 10.2307_23894562]
2019-03-03 06:16:33 WARNING  [Exception] => [division by zero] - [FileSetID: 001], [FileID: 10.2307_43294965]
2019-03-03 06:16:33 WARNING  [Exception] => [division by zero] - [FileSetID: 001], [FileID: 10.2307_41069726]
2019-03-03 06:16:33 WARNING  [Exception] => [division by zero] - [FileSetID: 001], [FileID: 10.2307_2083363]
2019-03-03 06:16:33 WARNING  [Exception] => [division by zero] - [FileSetID: 001], [FileID: 10.2307_41844937]
2019-03-03 06:16:33 WARNING  [Exception] => [division by zero] - [FileSetID: 001], [FileID: 10.2307_41839478]
2019-03-03 06:16:33 WARNING  [Exception] => [division by zero] - [FileSetID: 001], [FileID: 10.2307_41844873]
2019-03-03 06:16:33 WARNING  [Exception] => [division by zero] - [FileSetID: 001], [FileID: 10.2307_24178469]
2019-03-03 06:16:33 WARNING  [Exception] => [division by zero] - [FileSetID: 001], [FileID: 10.2307_1385053]
2019-03-03 06:16:33 WARNING  [Exception] => [division by zero] - [FileSetID: 001], [FileID: 10.2307_43150991]
2019-03-03 06:16:33 WARNING  [Exception] => [division by zero] - [FileSetID: 001], [FileID: 10.2307_3012582]
2019-03-03 06:16:33 WARNING  [Exception] => [division by zero] - [FileSetID: 001], [FileID: 10.2307_41582827]
2019-03-03 06:16:33 WARNING  [Exception] => [division by zero] - [FileSetID: 001], [FileID: 10.2307_351519]
2019-03-03 06:16:33 WARNING  [Exception] => [division by zero] - [FileSetID: 001], [FileID: 10.2307_351954]
2019-03-03 06:16:33 WARNING  [Exception] => [division by zero] - [FileSetID: 001], [FileID: 10.2307_350603]
2019-03-03 06:16:33 WARNING  [Exception] => [division by zero] - [FileSetID: 001], [FileID: 10.2307_43481369]
2019-03-03 06:16:33 WARNING  [Exception] => [division by zero] - [FileSetID: 001], [FileID: 10.2307_2580713]
2019-03-03 06:16:33 WARNING  [Exception] => [division by zero] - [FileSetID: 001], [FileID: 10.2307_41475075]
2019-03-03 06:16:33 WARNING  [Exception] => [division by zero] - [FileSetID: 001], [FileID: 10.2307_3090244]
2019-03-03 06:16:33 WARNING  [Exception] => [division by zero] - [FileSetID: 001], [FileID: 10.2307_41555234]
2019-03-03 06:16:33 WARNING  [Exception] => [division by zero] - [FileSetID: 001], [FileID: 10.2307_41844312]
2019-03-03 06:16:33 WARNING  [Exception] => [division by zero] - [FileSetID: 001], [FileID: 10.2307_41800948]
2019-03-03 06:16:33 WARNING  [Exception] => [division by zero] - [FileSetID: 001], [FileID: 10.2307_41843555]
2019-03-03 06:16:33 WARNING  [Exception] => [division by zero] - [FileSetID: 001], [FileID: 10.2307_3013008]
2019-03-03 06:16:33 WARNING  [Exception] => [division by zero] - [FileSetID: 001], [FileID: 10.2307_44594762]
2019-03-03 06:16:33 WARNING  [Exception] => [division by zero] - [FileSetID: 001], [FileID: 10.2307_41844610]
2019-03-03 06:16:33 WARNING  [Exception] => [division by zero] - [FileSetID: 001], [FileID: 10.2307_41554411]
2019-03-03 06:16:33 WARNING  [Exception] => [division by zero] - [FileSetID: 001], [FileID: 10.2307_1387636]
2019-03-03 06:16:33 WARNING  [Exception] => [division by zero] - [FileSetID: 001], [FileID: 10.2307_1385049]
2019-03-03 06:16:33 WARNING  [Exception] => [division by zero] - [FileSetID: 001], [FileID: 10.2307_41554462]
2019-03-03 06:16:33 WARNING  [Exception] => [division by zero] - [FileSetID: 001], [FileID: 10.2307_43242227]
2019-03-03 06:16:33 WARNING  [Exception] => [division by zero] - [FileSetID: 001], [FileID: 10.2307_351524]
2019-03-03 06:16:33 WARNING  [Exception] => [division by zero] - [FileSetID: 001], [FileID: 10.2307_43294295]
2019-03-03 06:16:33 WARNING  [Exception] => [division by zero] - [FileSetID: 001], [FileID: 10.2307_353308]
2019-03-03 06:16:33 WARNING  [Exception] => [division by zero] - [FileSetID: 001], [FileID: 10.2307_350692]
2019-03-03 06:16:33 WARNING  [Exception] => [division by zero] - [FileSetID: 001], [FileID: 10.2307_3380385]
2019-03-03 06:16:33 WARNING  [Exception] => [division by zero] - [FileSetID: 001], [FileID: 10.2307_3069633]
2019-03-03 06:16:33 WARNING  [Exception] => [division by zero] - [FileSetID: 001], [FileID: 10.2307_41514842]
2019-03-03 06:16:33 WARNING  [Exception] => [division by zero] - [FileSetID: 001], [FileID: 10.2307_43295002]
2019-03-03 06:16:34 WARNING  [Exception] => [division by zero] - [FileSetID: 001], [FileID: 10.2307_43295006]
2019-03-03 06:16:36 WARNING  [Exception] => [division by zero] - [FileSetID: 001], [FileID: 10.2307_3013130]
2019-03-03 06:16:36 INFO     Mission Complete
