2019-03-03 19:09:36 INFO     DB Reset Command Received
2019-03-03 19:09:36 INFO     Please input authorization code: 
2019-03-03 19:09:38 INFO     Table Dropped
2019-03-03 19:09:38 INFO     Table Init Success
2019-03-03 19:09:38 INFO     Connecting to DB
2019-03-03 19:09:38 INFO     Processing Mapping
2019-03-03 19:09:38 INFO     Loading File Set: [003]
2019-03-03 19:09:38 INFO     --> Total Files [29116]
2019-03-03 19:09:38 INFO     Async Processing
2019-03-03 19:09:39 INFO     Collecting Results
2019-03-03 19:10:25 WARNING  [Exception] => [division by zero] - [FileSetID: 003], [FileID: 10.2307_351517]
2019-03-03 19:10:38 WARNING  [Exception] => [division by zero] - [FileSetID: 003], [FileID: 10.2307_41844353]
2019-03-03 19:11:44 INFO     --> Processed: 100; Average Time: 1.2472480249404907
2019-03-03 19:13:28 INFO     --> Processed: 200; Average Time: 1.144036569595337
2019-03-03 19:15:23 INFO     --> Processed: 300; Average Time: 1.1453853011131288
2019-03-03 19:17:04 INFO     --> Processed: 400; Average Time: 1.1112352842092514
2019-03-03 19:17:25 WARNING  [Exception] => [division by zero] - [FileSetID: 003], [FileID: 10.2307_350687]
2019-03-03 19:19:04 INFO     --> Processed: 500; Average Time: 1.1305031909942627
2019-03-03 19:20:09 INFO     --> Processed: 600; Average Time: 1.0502295084794362
2019-03-03 19:22:13 INFO     --> Processed: 700; Average Time: 1.0777254349844796
2019-03-03 19:23:09 INFO     --> Processed: 800; Average Time: 1.0125080892443656
2019-03-03 19:26:46 INFO     --> Processed: 900; Average Time: 1.1415767897499933
2019-03-03 19:26:47 INFO     --> Processed: 1000; Average Time: 1.028395914554596
2019-03-03 19:27:39 INFO     --> Processed: 1100; Average Time: 0.9818550662560896
2019-03-03 19:29:17 INFO     --> Processed: 1200; Average Time: 0.9813239594300588
2019-03-03 19:31:13 INFO     --> Processed: 1300; Average Time: 0.9954976962162898
2019-03-03 19:32:29 INFO     --> Processed: 1400; Average Time: 0.978660831962313
2019-03-03 19:34:26 WARNING  [Exception] => [division by zero] - [FileSetID: 003], [FileID: 10.2307_43481258]
2019-03-03 19:34:31 INFO     --> Processed: 1500; Average Time: 0.9947050755818685
2019-03-03 19:35:57 INFO     --> Processed: 1600; Average Time: 0.986068324893713
2019-03-03 19:36:39 INFO     --> Processed: 1700; Average Time: 0.9531436098323148
2019-03-03 19:39:04 INFO     --> Processed: 1800; Average Time: 0.9805351363288032
2019-03-03 19:40:22 INFO     --> Processed: 1900; Average Time: 0.9700345986767819
2019-03-03 19:41:32 INFO     --> Processed: 2000; Average Time: 0.9566676480770111
2019-03-03 19:43:17 INFO     --> Processed: 2100; Average Time: 0.9607086871919178
2019-03-03 19:44:45 INFO     --> Processed: 2200; Average Time: 0.9572255129163916
2019-03-03 19:45:34 INFO     --> Processed: 2300; Average Time: 0.9370561418326004
2019-03-03 19:47:13 INFO     --> Processed: 2400; Average Time: 0.9391575730840365
2019-03-03 19:49:47 INFO     --> Processed: 2500; Average Time: 0.9633324345588684
2019-03-03 19:51:11 INFO     --> Processed: 2600; Average Time: 0.9585422081213731
2019-03-03 19:52:40 INFO     --> Processed: 2700; Average Time: 0.9558081896216781
2019-03-03 19:54:48 WARNING  [Exception] => [division by zero] - [FileSetID: 003], [FileID: 10.2307_23891657]
2019-03-03 19:56:00 INFO     --> Processed: 2800; Average Time: 0.9931747890370233
2019-03-03 19:56:01 INFO     --> Processed: 2900; Average Time: 0.9592214607370311
2019-03-03 19:56:08 WARNING  [Exception] => [division by zero] - [FileSetID: 003], [FileID: 10.2307_350623]
2019-03-03 19:57:32 INFO     --> Processed: 3000; Average Time: 0.9577238608996074
2019-03-03 19:58:12 WARNING  [Exception] => [division by zero] - [FileSetID: 003], [FileID: 10.2307_2083371]
2019-03-03 19:59:10 INFO     --> Processed: 3100; Average Time: 0.9583221470925116
2019-03-03 19:59:40 WARNING  [Exception] => [division by zero] - [FileSetID: 003], [FileID: 10.2307_351948]
2019-03-03 20:00:43 INFO     --> Processed: 3200; Average Time: 0.9576190183311701
2019-03-03 20:02:26 INFO     --> Processed: 3300; Average Time: 0.9596899354096615
2019-03-03 20:03:56 INFO     --> Processed: 3400; Average Time: 0.9580730693480548
2019-03-03 20:06:03 INFO     --> Processed: 3500; Average Time: 0.966712195123945
2019-03-03 20:07:25 INFO     --> Processed: 3600; Average Time: 0.9627659867207209
2019-03-03 20:09:03 INFO     --> Processed: 3700; Average Time: 0.9632789113070513
2019-03-03 20:11:02 INFO     --> Processed: 3800; Average Time: 0.9693009941201461
2019-03-03 20:11:54 INFO     --> Processed: 3900; Average Time: 0.9577504220986978
2019-03-03 20:13:34 INFO     --> Processed: 4000; Average Time: 0.9587396945953369
2019-03-03 20:15:11 INFO     --> Processed: 4100; Average Time: 0.9590501336353581
2019-03-03 20:17:19 INFO     --> Processed: 4200; Average Time: 0.9666354207197825
2019-03-03 20:20:54 WARNING  [Exception] => [division by zero] - [FileSetID: 003], [FileID: 10.2307_41478432]
2019-03-03 20:21:20 INFO     --> Processed: 4300; Average Time: 1.0002273637194967
2019-03-03 20:21:21 INFO     --> Processed: 4400; Average Time: 0.9776983800259503
2019-03-03 20:22:08 INFO     --> Processed: 4500; Average Time: 0.9664497329923841
2019-03-03 20:23:16 INFO     --> Processed: 4600; Average Time: 0.9603220447250035
2019-03-03 20:25:48 INFO     --> Processed: 4700; Average Time: 0.972123716029715
2019-03-03 20:26:43 INFO     --> Processed: 4800; Average Time: 0.963382059286038
2019-03-03 20:27:49 WARNING  [Exception] => [division by zero] - [FileSetID: 003], [FileID: 10.2307_1387637]
2019-03-03 20:28:28 INFO     --> Processed: 4900; Average Time: 0.9650047564019962
2019-03-03 20:31:59 INFO     --> Processed: 5000; Average Time: 0.9880870958805085
2019-03-03 20:32:46 INFO     --> Processed: 5100; Average Time: 0.9777437359678979
2019-03-03 20:33:08 INFO     --> Processed: 5200; Average Time: 0.9633418151048514
2019-03-03 20:34:01 WARNING  [Exception] => [division by zero] - [FileSetID: 003], [FileID: 10.1525_si.1992.15.3.cover]
2019-03-03 20:34:41 INFO     --> Processed: 5300; Average Time: 0.9626910139929573
2019-03-03 20:36:08 WARNING  [Exception] => [division by zero] - [FileSetID: 003], [FileID: 10.2307_351958]
2019-03-03 20:36:23 INFO     --> Processed: 5400; Average Time: 0.9636631680417944
2019-03-03 20:37:35 INFO     --> Processed: 5500; Average Time: 0.9592657741633328
2019-03-03 20:39:21 INFO     --> Processed: 5600; Average Time: 0.9611191627808979
2019-03-03 20:42:24 INFO     --> Processed: 5700; Average Time: 0.9763025833012765
2019-03-03 20:43:15 INFO     --> Processed: 5800; Average Time: 0.9682622175792168
2019-03-03 20:44:55 WARNING  [Exception] => [division by zero] - [FileSetID: 003], [FileID: 10.2307_43294479]
2019-03-03 20:45:24 INFO     --> Processed: 5900; Average Time: 0.9737027049064636
2019-03-03 20:45:46 WARNING  [Exception] => [division by zero] - [FileSetID: 003], [FileID: 10.2307_43498083]
2019-03-03 20:46:07 INFO     --> Processed: 6000; Average Time: 0.964607900182406
2019-03-03 20:46:49 WARNING  [Exception] => [division by zero] - [FileSetID: 003], [FileID: 10.2307_41844513]
2019-03-03 20:49:21 INFO     --> Processed: 6100; Average Time: 0.9807166015124712
2019-03-03 20:50:08 INFO     --> Processed: 6200; Average Time: 0.9724086662261717
2019-03-03 20:51:26 INFO     --> Processed: 6300; Average Time: 0.9693797955437312
2019-03-03 20:54:39 INFO     --> Processed: 6400; Average Time: 0.9844317130744458
2019-03-03 20:54:44 INFO     --> Processed: 6500; Average Time: 0.9699498827640827
2019-03-03 20:56:03 INFO     --> Processed: 6600; Average Time: 0.967245211095521
2019-03-03 20:57:53 INFO     --> Processed: 6700; Average Time: 0.969285011255919
2019-03-03 20:58:27 WARNING  [Exception] => [division by zero] - [FileSetID: 003], [FileID: 10.2307_30123776]
2019-03-03 20:59:32 INFO     --> Processed: 6800; Average Time: 0.969574605436886
2019-03-03 21:01:48 INFO     --> Processed: 6900; Average Time: 0.9752575769631759
2019-03-03 21:02:48 INFO     --> Processed: 7000; Average Time: 0.9699202050822122
2019-03-03 21:03:48 WARNING  [Exception] => [division by zero] - [FileSetID: 003], [FileID: 10.2307_41960702]
2019-03-03 21:05:02 INFO     --> Processed: 7100; Average Time: 0.9750741317574407
2019-03-03 21:06:14 INFO     --> Processed: 7200; Average Time: 0.9714801318777933
2019-03-03 21:07:59 INFO     --> Processed: 7300; Average Time: 0.972544535316833
2019-03-03 21:09:07 INFO     --> Processed: 7400; Average Time: 0.96863801266696
2019-03-03 21:10:21 INFO     --> Processed: 7500; Average Time: 0.9656146345456441
2019-03-03 21:12:04 INFO     --> Processed: 7600; Average Time: 0.9664270160700146
2019-03-03 21:14:32 INFO     --> Processed: 7700; Average Time: 0.9731584404970144
2019-03-03 21:15:18 INFO     --> Processed: 7800; Average Time: 0.9664968788929474
2019-03-03 21:16:39 INFO     --> Processed: 7900; Average Time: 0.964524318025082
2019-03-03 21:17:40 INFO     --> Processed: 8000; Average Time: 0.9601151643395424
2019-03-03 21:19:47 WARNING  [Exception] => [division by zero] - [FileSetID: 003], [FileID: 10.2307_41861868]
2019-03-03 21:20:35 WARNING  [Exception] => [division by zero] - [FileSetID: 003], [FileID: 10.1525_si.1991.14.3.cover]
2019-03-03 21:21:56 INFO     --> Processed: 8100; Average Time: 0.9798299891860397
2019-03-03 21:22:04 INFO     --> Processed: 8200; Average Time: 0.9689524037663529
2019-03-03 21:23:45 INFO     --> Processed: 8300; Average Time: 0.9693851736080216
2019-03-03 21:24:48 INFO     --> Processed: 8400; Average Time: 0.9653367856286821
2019-03-03 21:26:28 INFO     --> Processed: 8500; Average Time: 0.9657635345178492
2019-03-03 21:27:46 INFO     --> Processed: 8600; Average Time: 0.963645368398622
2019-03-03 21:29:44 INFO     --> Processed: 8700; Average Time: 0.9660595351252063
2019-03-03 21:30:02 WARNING  [Exception] => [division by zero] - [FileSetID: 003], [FileID: 10.2307_350678]
2019-03-03 21:31:04 INFO     --> Processed: 8800; Average Time: 0.9642561892216855
2019-03-03 21:33:06 WARNING  [Exception] => [division by zero] - [FileSetID: 003], [FileID: 10.1525_si.1992.15.1.cover]
2019-03-03 21:33:29 INFO     --> Processed: 8900; Average Time: 0.9697041611725025
2019-03-03 21:33:39 INFO     --> Processed: 9000; Average Time: 0.9599475235144297
2019-03-03 21:34:41 WARNING  [Exception] => [division by zero] - [FileSetID: 003], [FileID: 10.2307_2391184]
2019-03-03 21:35:19 INFO     --> Processed: 9100; Average Time: 0.9604174069519882
2019-03-03 21:36:30 INFO     --> Processed: 9200; Average Time: 0.9577042728144189
2019-03-03 21:37:44 INFO     --> Processed: 9300; Average Time: 0.9553399946099969
2019-03-03 21:40:18 INFO     --> Processed: 9400; Average Time: 0.9615853719762031
2019-03-03 21:41:49 INFO     --> Processed: 9500; Average Time: 0.9610829343293843
2019-03-03 21:42:20 WARNING  [Exception] => [division by zero] - [FileSetID: 003], [FileID: 10.2307_41421196]
2019-03-03 21:42:29 INFO     --> Processed: 9600; Average Time: 0.955253156820933
2019-03-03 21:43:46 INFO     --> Processed: 9700; Average Time: 0.9532572317369206
2019-03-03 21:45:23 INFO     --> Processed: 9800; Average Time: 0.9535043041073546
2019-03-03 21:47:08 INFO     --> Processed: 9900; Average Time: 0.9544348458328632
2019-03-03 21:49:18 INFO     --> Processed: 10000; Average Time: 0.9579448393344879
2019-03-03 21:50:26 INFO     --> Processed: 10100; Average Time: 0.9551895156237158
2019-03-03 21:51:15 WARNING  [Exception] => [division by zero] - [FileSetID: 003], [FileID: 10.2307_41507296]
2019-03-03 21:53:05 INFO     --> Processed: 10200; Average Time: 0.9613591921329498
2019-03-03 21:54:17 INFO     --> Processed: 10300; Average Time: 0.9590648391871777
2019-03-03 21:55:51 INFO     --> Processed: 10400; Average Time: 0.958838884142729
2019-03-03 21:57:41 INFO     --> Processed: 10500; Average Time: 0.9601717032705035
2019-03-03 21:58:10 WARNING  [Exception] => [division by zero] - [FileSetID: 003], [FileID: 10.2307_23891322]
2019-03-03 21:59:40 INFO     --> Processed: 10600; Average Time: 0.9623597945357268
2019-03-03 22:00:51 INFO     --> Processed: 10700; Average Time: 0.9600119713310883
2019-03-03 22:02:28 INFO     --> Processed: 10800; Average Time: 0.9600957591666116
2019-03-03 22:03:03 WARNING  [Exception] => [division by zero] - [FileSetID: 003], [FileID: 10.2307_30124889]
2019-03-03 22:04:22 INFO     --> Processed: 10900; Average Time: 0.9617740944328658
2019-03-03 22:05:17 INFO     --> Processed: 11000; Average Time: 0.9580205552361228
2019-03-03 22:06:39 WARNING  [Exception] => [division by zero] - [FileSetID: 003], [FileID: 10.2307_351950]
2019-03-03 22:07:30 INFO     --> Processed: 11100; Average Time: 0.9613945576521727
2019-03-03 22:08:04 WARNING  [Exception] => [division by zero] - [FileSetID: 003], [FileID: 10.2307_41067432]
2019-03-03 22:08:47 INFO     --> Processed: 11200; Average Time: 0.959682387326445
2019-03-03 22:09:32 WARNING  [Exception] => [division by zero] - [FileSetID: 003], [FileID: 10.1525_si.1998.21.2.cover]
2019-03-03 22:10:27 WARNING  [Exception] => [division by zero] - [FileSetID: 003], [FileID: 10.2307_1387646]
2019-03-03 22:10:45 WARNING  [Exception] => [division by zero] - [FileSetID: 003], [FileID: 10.2307_23254610]
2019-03-03 22:10:51 WARNING  [Exception] => [division by zero] - [FileSetID: 003], [FileID: 10.2307_351518]
2019-03-03 22:10:59 INFO     --> Processed: 11300; Average Time: 0.9628287172739485
2019-03-03 22:11:59 INFO     --> Processed: 11400; Average Time: 0.9596074261999967
2019-03-03 22:13:36 INFO     --> Processed: 11500; Average Time: 0.9597671838843305
2019-03-03 22:15:01 INFO     --> Processed: 11600; Average Time: 0.9588341391292111
2019-03-03 22:15:43 WARNING  [Exception] => [division by zero] - [FileSetID: 003], [FileID: 10.2307_353305]
2019-03-03 22:16:39 INFO     --> Processed: 11700; Average Time: 0.9589512184542468
2019-03-03 22:18:06 INFO     --> Processed: 11800; Average Time: 0.9582176004425954
2019-03-03 22:19:25 WARNING  [Exception] => [division by zero] - [FileSetID: 003], [FileID: 10.2307_24175718]
2019-03-03 22:19:25 WARNING  [Exception] => [division by zero] - [FileSetID: 003], [FileID: 10.2307_41408010]
2019-03-03 22:19:32 INFO     --> Processed: 11900; Average Time: 0.9573674185536489
2019-03-03 22:20:23 WARNING  [Exception] => [division by zero] - [FileSetID: 003], [FileID: 10.2307_41844447]
2019-03-03 22:23:06 INFO     --> Processed: 12000; Average Time: 0.9672502854863803
2019-03-03 22:24:41 INFO     --> Processed: 12100; Average Time: 0.9670919365331161
2019-03-03 22:24:51 INFO     --> Processed: 12200; Average Time: 0.9600104598725429
2019-03-03 22:25:56 INFO     --> Processed: 12300; Average Time: 0.9575100615547925
2019-03-03 22:27:47 INFO     --> Processed: 12400; Average Time: 0.9586822486500586
2019-03-03 22:28:56 INFO     --> Processed: 12500; Average Time: 0.9565253268241882
2019-03-03 22:31:37 INFO     --> Processed: 12600; Average Time: 0.9617475405571952
2019-03-03 22:32:40 INFO     --> Processed: 12700; Average Time: 0.9591147237499867
2019-03-03 22:34:14 INFO     --> Processed: 12800; Average Time: 0.9589752137847245
2019-03-03 22:36:14 INFO     --> Processed: 12900; Average Time: 0.9608709936733394
2019-03-03 22:37:35 WARNING  [Exception] => [division by zero] - [FileSetID: 003], [FileID: 10.2307_41843542]
2019-03-03 22:38:35 WARNING  [Exception] => [division by zero] - [FileSetID: 003], [FileID: 10.2307_3069641]
2019-03-03 22:38:45 WARNING  [Exception] => [division by zero] - [FileSetID: 003], [FileID: 10.2307_43294428]
2019-03-03 22:39:20 INFO     --> Processed: 13000; Average Time: 0.9677943174105424
2019-03-03 22:39:27 INFO     --> Processed: 13100; Average Time: 0.9609146376238524
2019-03-03 22:41:15 INFO     --> Processed: 13200; Average Time: 0.9617798586144591
2019-03-03 22:41:20 WARNING  [Exception] => [division by zero] - [FileSetID: 003], [FileID: 10.2307_42843558]
2019-03-03 22:43:15 INFO     --> Processed: 13300; Average Time: 0.9635765121933213
2019-03-03 22:45:09 INFO     --> Processed: 13400; Average Time: 0.964930115706885
2019-03-03 22:46:39 INFO     --> Processed: 13500; Average Time: 0.9644102889520151
2019-03-03 22:47:21 INFO     --> Processed: 13600; Average Time: 0.9604189284759409
2019-03-03 22:47:45 WARNING  [Exception] => [division by zero] - [FileSetID: 003], [FileID: 10.2307_41132959]
2019-03-03 22:48:47 INFO     --> Processed: 13700; Average Time: 0.959673656025072
2019-03-03 22:52:17 INFO     --> Processed: 13800; Average Time: 0.9679490490236144
2019-03-03 22:52:18 INFO     --> Processed: 13900; Average Time: 0.961046094928714
2019-03-03 22:55:36 INFO     --> Processed: 14000; Average Time: 0.9683619800465447
2019-03-03 22:55:45 INFO     --> Processed: 14100; Average Time: 0.9621138537521904
2019-03-03 22:56:40 INFO     --> Processed: 14200; Average Time: 0.959227933883667
2019-03-03 22:57:56 WARNING  [Exception] => [division by zero] - [FileSetID: 003], [FileID: 10.2307_43294285]
2019-03-03 22:58:28 INFO     --> Processed: 14300; Average Time: 0.9600951508375315
2019-03-03 22:59:25 INFO     --> Processed: 14400; Average Time: 0.9573639761573739
2019-03-03 23:02:19 INFO     --> Processed: 14500; Average Time: 0.9627860285989169
2019-03-03 23:02:53 INFO     --> Processed: 14600; Average Time: 0.9584878729467523
2019-03-03 23:05:01 INFO     --> Processed: 14700; Average Time: 0.9607076252398847
2019-03-03 23:05:42 WARNING  [Exception] => [division by zero] - [FileSetID: 003], [FileID: 10.2307_20831589]
2019-03-03 23:07:04 INFO     --> Processed: 14800; Average Time: 0.9624959110247122
2019-03-03 23:07:35 INFO     --> Processed: 14900; Average Time: 0.9581486399381752
2019-03-03 23:09:12 INFO     --> Processed: 15000; Average Time: 0.9581981544971466
2019-03-03 23:12:02 INFO     --> Processed: 15100; Average Time: 0.9630843683583847
2019-03-03 23:12:43 INFO     --> Processed: 15200; Average Time: 0.9594432962881891
2019-03-03 23:14:01 INFO     --> Processed: 15300; Average Time: 0.9583162124016705
2019-03-03 23:16:04 INFO     --> Processed: 15400; Average Time: 0.9600641020087453
2019-03-03 23:17:09 INFO     --> Processed: 15500; Average Time: 0.9580930162860501
2019-03-03 23:18:27 INFO     --> Processed: 15600; Average Time: 0.9568924384392224
2019-03-03 23:20:54 INFO     --> Processed: 15700; Average Time: 0.960209685298288
2019-03-03 23:21:47 INFO     --> Processed: 15800; Average Time: 0.9574872119064572
2019-03-03 23:23:41 INFO     --> Processed: 15900; Average Time: 0.9585909112144566
2019-03-03 23:24:00 WARNING  [Exception] => [division by zero] - [FileSetID: 003], [FileID: 10.2307_41783725]
2019-03-03 23:24:51 INFO     --> Processed: 16000; Average Time: 0.9570092166960239
2019-03-03 23:25:57 INFO     --> Processed: 16100; Average Time: 0.9551380250320671
2019-03-03 23:28:37 WARNING  [Exception] => [division by zero] - [FileSetID: 003], [FileID: 10.2307_350608]
2019-03-03 23:29:27 INFO     --> Processed: 16200; Average Time: 0.9622206625820678
2019-03-03 23:29:28 INFO     --> Processed: 16300; Average Time: 0.9563674639631634
2019-03-03 23:31:14 INFO     --> Processed: 16400; Average Time: 0.9569966758460533
2019-03-03 23:34:12 INFO     --> Processed: 16500; Average Time: 0.9619775268236797
2019-03-03 23:35:26 INFO     --> Processed: 16600; Average Time: 0.9606807592403458
2019-03-03 23:37:56 INFO     --> Processed: 16700; Average Time: 0.9638709276593374
2019-03-03 23:39:30 INFO     --> Processed: 16800; Average Time: 0.9637763263923781
2019-03-03 23:40:18 INFO     --> Processed: 16900; Average Time: 0.9608719846200661
2019-03-03 23:42:45 INFO     --> Processed: 17000; Average Time: 0.9638868769196903
2019-03-03 23:44:16 INFO     --> Processed: 17100; Average Time: 0.9635467901006777
2019-03-03 23:45:02 INFO     --> Processed: 17200; Average Time: 0.9606535617140837
2019-03-03 23:46:50 INFO     --> Processed: 17300; Average Time: 0.9613241566674557
2019-03-03 23:48:49 INFO     --> Processed: 17400; Average Time: 0.9626315940385577
2019-03-03 23:49:05 WARNING  [Exception] => [division by zero] - [FileSetID: 003], [FileID: 10.2307_350688]
2019-03-03 23:50:05 INFO     --> Processed: 17500; Average Time: 0.9615062689236232
2019-03-03 23:51:22 INFO     --> Processed: 17600; Average Time: 0.9603769156743179
2019-03-03 23:53:26 INFO     --> Processed: 17700; Average Time: 0.9619647654436403
2019-03-03 23:54:23 INFO     --> Processed: 17800; Average Time: 0.9597845185606667
2019-03-03 23:56:40 INFO     --> Processed: 17900; Average Time: 0.9620625961026665
2019-03-03 23:57:53 INFO     --> Processed: 18000; Average Time: 0.9607578822374344
2019-03-03 23:59:14 INFO     --> Processed: 18100; Average Time: 0.9599437127587545
2019-03-04 00:00:41 INFO     --> Processed: 18200; Average Time: 0.9594321480164161
2019-03-04 00:02:35 INFO     --> Processed: 18300; Average Time: 0.9604161765536324
2019-03-04 00:03:47 INFO     --> Processed: 18400; Average Time: 0.9591295503274254
2019-03-04 00:05:23 INFO     --> Processed: 18500; Average Time: 0.9591581252587809
2019-03-04 00:06:21 WARNING  [Exception] => [division by zero] - [FileSetID: 003], [FileID: 10.1525_si.1980.3.2.cover]
2019-03-04 00:08:30 INFO     --> Processed: 18600; Average Time: 0.9640388016290562
2019-03-04 00:08:55 INFO     --> Processed: 18700; Average Time: 0.9602304726233457
2019-03-04 00:10:36 INFO     --> Processed: 18800; Average Time: 0.9604932001676966
2019-03-04 00:11:47 INFO     --> Processed: 18900; Average Time: 0.9591540212101407
2019-03-04 00:12:30 WARNING  [Exception] => [division by zero] - [FileSetID: 003], [FileID: 10.2307_41844402]
2019-03-04 00:12:39 WARNING  [Exception] => [division by zero] - [FileSetID: 003], [FileID: 10.2307_41489922]
2019-03-04 00:13:19 INFO     --> Processed: 19000; Average Time: 0.9589320830922378
2019-03-04 00:14:19 WARNING  [Exception] => [division by zero] - [FileSetID: 003], [FileID: 10.2307_44089940]
2019-03-04 00:14:40 INFO     --> Processed: 19100; Average Time: 0.9581876756757965
2019-03-04 00:15:32 WARNING  [Exception] => [division by zero] - [FileSetID: 003], [FileID: 10.2307_41842597]
2019-03-04 00:16:00 INFO     --> Processed: 19200; Average Time: 0.95732901028047
2019-03-04 00:17:27 INFO     --> Processed: 19300; Average Time: 0.9569065807891015
2019-03-04 00:18:52 WARNING  [Exception] => [division by zero] - [FileSetID: 003], [FileID: 10.2307_351508]
2019-03-04 00:19:13 INFO     --> Processed: 19400; Average Time: 0.9574296793863946
2019-03-04 00:19:42 WARNING  [Exception] => [division by zero] - [FileSetID: 003], [FileID: 10.2307_353326]
2019-03-04 00:20:24 INFO     --> Processed: 19500; Average Time: 0.9561775583242759
2019-03-04 00:21:37 WARNING  [Exception] => [division by zero] - [FileSetID: 003], [FileID: 10.2307_41066488]
2019-03-04 00:22:36 INFO     --> Processed: 19600; Average Time: 0.9579919192985612
2019-03-04 00:23:25 INFO     --> Processed: 19700; Average Time: 0.9556099286055202
2019-03-04 00:23:27 WARNING  [Exception] => [division by zero] - [FileSetID: 003], [FileID: 10.2307_41960267]
2019-03-04 00:24:40 INFO     --> Processed: 19800; Average Time: 0.9545905821732801
2019-03-04 00:25:43 WARNING  [Exception] => [division by zero] - [FileSetID: 003], [FileID: 10.2307_3013271]
2019-03-04 00:26:28 WARNING  [Exception] => [division by zero] - [FileSetID: 003], [FileID: 10.2307_44817443]
2019-03-04 00:26:30 INFO     --> Processed: 19900; Average Time: 0.9553131403515687
2019-03-04 00:28:13 INFO     --> Processed: 20000; Average Time: 0.9557155958533287
2019-03-04 00:29:37 INFO     --> Processed: 20100; Average Time: 0.9551038700075292
2019-03-04 00:31:33 WARNING  [Exception] => [division by zero] - [FileSetID: 003], [FileID: 10.1525_si.1994.17.4.cover]
2019-03-04 00:31:59 INFO     --> Processed: 20200; Average Time: 0.9574191896042021
2019-03-04 00:33:10 INFO     --> Processed: 20300; Average Time: 0.9562193663601805
2019-03-04 00:33:42 WARNING  [Exception] => [division by zero] - [FileSetID: 003], [FileID: 10.2307_41845035]
2019-03-04 00:34:59 WARNING  [Exception] => [division by zero] - [FileSetID: 003], [FileID: 10.2307_24493012]
2019-03-04 00:35:02 WARNING  [Exception] => [division by zero] - [FileSetID: 003], [FileID: 10.2307_41844327]
2019-03-04 00:35:03 INFO     --> Processed: 20400; Average Time: 0.9570810933323467
2019-03-04 00:36:16 INFO     --> Processed: 20500; Average Time: 0.955955440777104
2019-03-04 00:37:41 INFO     --> Processed: 20600; Average Time: 0.9554472655462988
2019-03-04 00:39:30 INFO     --> Processed: 20700; Average Time: 0.9560900220202939
2019-03-04 00:41:35 INFO     --> Processed: 20800; Average Time: 0.9574760146439075
2019-03-04 00:43:19 INFO     --> Processed: 20900; Average Time: 0.9579082302043312
2019-03-04 00:44:55 INFO     --> Processed: 21000; Average Time: 0.9579120278585525
2019-03-04 00:46:18 INFO     --> Processed: 21100; Average Time: 0.9572894538070353
2019-03-04 00:49:04 INFO     --> Processed: 21200; Average Time: 0.960625294008345
2019-03-04 00:50:54 INFO     --> Processed: 21300; Average Time: 0.9612763173031695
2019-03-04 00:52:23 INFO     --> Processed: 21400; Average Time: 0.9609200653405947
2019-03-04 00:53:26 INFO     --> Processed: 21500; Average Time: 0.9594073039653689
2019-03-04 00:54:33 WARNING  [Exception] => [division by zero] - [FileSetID: 003], [FileID: 10.2307_41843577]
2019-03-04 00:55:14 INFO     --> Processed: 21600; Average Time: 0.9599301650016396
2019-03-04 00:56:54 INFO     --> Processed: 21700; Average Time: 0.9601499548595622
2019-03-04 00:57:53 WARNING  [Exception] => [division by zero] - [FileSetID: 003], [FileID: 10.2307_43684113]
2019-03-04 00:58:03 INFO     --> Processed: 21800; Average Time: 0.9589182890664547
2019-03-04 00:59:49 INFO     --> Processed: 21900; Average Time: 0.9593472112477098
2019-03-04 01:01:23 WARNING  [Exception] => [division by zero] - [FileSetID: 003], [FileID: 10.2307_41842038]
2019-03-04 01:01:58 INFO     --> Processed: 22000; Average Time: 0.9608713548291813
2019-03-04 01:03:06 INFO     --> Processed: 22100; Average Time: 0.9596093253096843
2019-03-04 01:04:07 INFO     --> Processed: 22200; Average Time: 0.9580167458830653
2019-03-04 01:04:23 WARNING  [Exception] => [division by zero] - [FileSetID: 003], [FileID: 10.2307_40376045]
2019-03-04 01:07:05 INFO     --> Processed: 22300; Average Time: 0.9616895769102156
2019-03-04 01:07:25 INFO     --> Processed: 22400; Average Time: 0.9583026273016418
2019-03-04 01:07:40 WARNING  [Exception] => [division by zero] - [FileSetID: 003], [FileID: 10.2307_41843205]
2019-03-04 01:09:15 INFO     --> Processed: 22500; Average Time: 0.9589508485688104
2019-03-04 01:10:34 INFO     --> Processed: 22600; Average Time: 0.958192917752055
2019-03-04 01:12:24 WARNING  [Exception] => [division by zero] - [FileSetID: 003], [FileID: 10.2307_43242495]
2019-03-04 01:12:29 INFO     --> Processed: 22700; Average Time: 0.959024523323328
2019-03-04 01:14:17 INFO     --> Processed: 22800; Average Time: 0.9595789607993344
2019-03-04 01:14:57 WARNING  [Exception] => [division by zero] - [FileSetID: 003], [FileID: 10.2307_351961]
2019-03-04 01:15:36 INFO     --> Processed: 22900; Average Time: 0.958821568926349
2019-03-04 01:17:53 INFO     --> Processed: 23000; Average Time: 0.9605958630831345
2019-03-04 01:20:46 INFO     --> Processed: 23100; Average Time: 0.9639272830806254
2019-03-04 01:22:11 INFO     --> Processed: 23200; Average Time: 0.9634683094353511
2019-03-04 01:22:28 INFO     --> Processed: 23300; Average Time: 0.9600445821561527
2019-03-04 01:23:37 INFO     --> Processed: 23400; Average Time: 0.9588980598938771
2019-03-04 01:25:39 INFO     --> Processed: 23500; Average Time: 0.9599892690841187
2019-03-04 01:26:40 WARNING  [Exception] => [division by zero] - [FileSetID: 003], [FileID: 10.2307_43498786]
2019-03-04 01:27:27 WARNING  [Exception] => [division by zero] - [FileSetID: 003], [FileID: 10.2307_23889291]
2019-03-04 01:27:37 INFO     --> Processed: 23600; Average Time: 0.9609380063869185
2019-03-04 01:28:01 INFO     --> Processed: 23700; Average Time: 0.9578997722758522
2019-03-04 01:28:16 WARNING  [Exception] => [division by zero] - [FileSetID: 003], [FileID: 10.2307_41066020]
2019-03-04 01:28:32 WARNING  [Exception] => [division by zero] - [FileSetID: 003], [FileID: 10.2307_30124934]
2019-03-04 01:29:48 INFO     --> Processed: 23800; Average Time: 0.9583805509775627
2019-03-04 01:31:28 INFO     --> Processed: 23900; Average Time: 0.9585476986334414
2019-03-04 01:33:32 WARNING  [Exception] => [division by zero] - [FileSetID: 003], [FileID: 10.2307_43294911]
2019-03-04 01:34:16 INFO     --> Processed: 24000; Average Time: 0.9615577365259329
2019-03-04 01:35:08 WARNING  [Exception] => [division by zero] - [FileSetID: 003], [FileID: 10.1525_si.1999.22.2.cover]
2019-03-04 01:37:02 INFO     --> Processed: 24100; Average Time: 0.9644324386169307
2019-03-04 01:37:03 INFO     --> Processed: 24200; Average Time: 0.9604817006706207
2019-03-04 01:38:11 INFO     --> Processed: 24300; Average Time: 0.9593524174238919
2019-03-04 01:39:35 WARNING  [Exception] => [division by zero] - [FileSetID: 003], [FileID: 10.2307_41484697]
2019-03-04 01:41:51 INFO     --> Processed: 24400; Average Time: 0.9644399887518804
2019-03-04 01:42:07 INFO     --> Processed: 24500; Average Time: 0.9611261937861539
2019-03-04 01:43:21 INFO     --> Processed: 24600; Average Time: 0.9602516006066547
2019-03-04 01:44:13 INFO     --> Processed: 24700; Average Time: 0.9584669561328193
2019-03-04 01:46:12 INFO     --> Processed: 24800; Average Time: 0.9594125494841607
2019-03-04 01:47:38 INFO     --> Processed: 24900; Average Time: 0.9589820274674749
2019-03-04 01:48:22 WARNING  [Exception] => [division by zero] - [FileSetID: 003], [FileID: 10.2307_20830900]
2019-03-04 01:49:53 INFO     --> Processed: 25000; Average Time: 0.9605741614913941
2019-03-04 01:50:17 WARNING  [Exception] => [division by zero] - [FileSetID: 003], [FileID: 10.2307_43481426]
2019-03-04 01:50:48 WARNING  [Exception] => [division by zero] - [FileSetID: 003], [FileID: 10.1525_si.1987.10.2.cover]
2019-03-04 01:50:52 INFO     --> Processed: 25100; Average Time: 0.9590689729409388
2019-03-04 01:53:03 INFO     --> Processed: 25200; Average Time: 0.9604598615566889
2019-03-04 01:54:03 INFO     --> Processed: 25300; Average Time: 0.959067195027242
2019-03-04 01:55:32 WARNING  [Exception] => [division by zero] - [FileSetID: 003], [FileID: 10.2307_350631]
2019-03-04 01:55:38 INFO     --> Processed: 25400; Average Time: 0.9590283747826974
2019-03-04 01:57:24 INFO     --> Processed: 25500; Average Time: 0.9594265560168846
2019-03-04 01:58:39 INFO     --> Processed: 25600; Average Time: 0.9585857737157494
2019-03-04 02:01:19 WARNING  [Exception] => [division by zero] - [FileSetID: 003], [FileID: 10.2307_43294615]
2019-03-04 02:01:35 INFO     --> Processed: 25700; Average Time: 0.9616936785052259
2019-03-04 02:02:09 INFO     --> Processed: 25800; Average Time: 0.9593101396579151
2019-03-04 02:03:24 INFO     --> Processed: 25900; Average Time: 0.9584940863944389
2019-03-04 02:04:06 WARNING  [Exception] => [division by zero] - [FileSetID: 003], [FileID: 10.2307_2083367]
2019-03-04 02:05:57 INFO     --> Processed: 26000; Average Time: 0.9606743331230604
2019-03-04 02:07:38 INFO     --> Processed: 26100; Average Time: 0.9608841513856617
2019-03-04 02:08:50 INFO     --> Processed: 26200; Average Time: 0.9599711664578386
2019-03-04 02:09:18 WARNING  [Exception] => [division by zero] - [FileSetID: 003], [FileID: 10.2307_41514829]
2019-03-04 02:10:18 INFO     --> Processed: 26300; Average Time: 0.9596502705671941
2019-03-04 02:10:25 WARNING  [Exception] => [division by zero] - [FileSetID: 003], [FileID: 10.2307_2391618]
2019-03-04 02:12:21 INFO     --> Processed: 26400; Average Time: 0.9606821277286067
2019-03-04 02:15:33 INFO     --> Processed: 26500; Average Time: 0.9642859030579621
2019-03-04 02:15:47 INFO     --> Processed: 26600; Average Time: 0.9611847156062162
2019-03-04 02:16:57 INFO     --> Processed: 26700; Average Time: 0.960231601691871
2019-03-04 02:18:08 INFO     --> Processed: 26800; Average Time: 0.9592772744840651
2019-03-04 02:19:13 INFO     --> Processed: 26900; Average Time: 0.9581496513554598
2019-03-04 02:21:08 INFO     --> Processed: 27000; Average Time: 0.9588659601564761
2019-03-04 02:22:44 INFO     --> Processed: 27100; Average Time: 0.9588437099122473
2019-03-04 02:24:10 INFO     --> Processed: 27200; Average Time: 0.9585039512199514
2019-03-04 02:25:23 INFO     --> Processed: 27300; Average Time: 0.957653727033636
2019-03-04 02:26:50 INFO     --> Processed: 27400; Average Time: 0.957322782982875
2019-03-04 02:29:38 INFO     --> Processed: 27500; Average Time: 0.9599687167947942
2019-03-04 02:31:22 INFO     --> Processed: 27600; Average Time: 0.9602460501159447
2019-03-04 02:31:57 WARNING  [Exception] => [division by zero] - [FileSetID: 003], [FileID: 10.2307_43294835]
2019-03-04 02:32:14 WARNING  [Exception] => [division by zero] - [FileSetID: 003], [FileID: 10.2307_351521]
2019-03-04 02:33:35 INFO     --> Processed: 27700; Average Time: 0.9615956956470917
2019-03-04 02:34:48 WARNING  [Exception] => [division by zero] - [FileSetID: 003], [FileID: 10.2307_41960173]
2019-03-04 02:35:25 INFO     --> Processed: 27800; Average Time: 0.962087921255784
2019-03-04 02:36:30 WARNING  [Exception] => [division by zero] - [FileSetID: 003], [FileID: 10.2307_41800766]
2019-03-04 02:36:46 INFO     --> Processed: 27900; Average Time: 0.9615429978302302
2019-03-04 02:38:00 INFO     --> Processed: 28000; Average Time: 0.9607639725208282
2019-03-04 02:39:01 INFO     --> Processed: 28100; Average Time: 0.9595064377530189
2019-03-04 02:42:17 INFO     --> Processed: 28200; Average Time: 0.963051639245757
2019-03-04 02:43:34 WARNING  [Exception] => [division by zero] - [FileSetID: 003], [FileID: 10.2307_42855577]
2019-03-04 02:43:50 INFO     --> Processed: 28300; Average Time: 0.9629168232927895
2019-03-04 02:46:15 WARNING  [Exception] => [division by zero] - [FileSetID: 003], [FileID: 10.2307_42852386]
2019-03-04 02:46:28 INFO     --> Processed: 28400; Average Time: 0.9650989747551125
2019-03-04 02:48:20 INFO     --> Processed: 28500; Average Time: 0.9656468431071231
2019-03-04 02:49:03 INFO     --> Processed: 28600; Average Time: 0.963781202956513
2019-03-04 02:49:21 INFO     --> Processed: 28700; Average Time: 0.9610478356740201
2019-03-04 02:50:09 INFO     --> Processed: 28800; Average Time: 0.9593703352163235
2019-03-04 02:52:17 INFO     --> Processed: 28900; Average Time: 0.9604896844547101
2019-03-04 02:53:33 INFO     --> Processed: 29000; Average Time: 0.9597811000018284
2019-03-04 02:53:52 INFO     Mission Complete
