2019-03-02 01:10:45 INFO     DB Reset Command Received
2019-03-02 01:10:45 INFO     Please input authorization code: 
2019-03-02 01:10:49 WARNING  [Exception] => [no such table: map_result]
2019-03-02 01:10:49 INFO     Table Init Success
2019-03-02 01:10:49 INFO     Connecting to DB
2019-03-02 01:10:49 INFO     Processing Mapping
2019-03-02 01:10:49 INFO     Loading File Set: [007]
2019-03-02 01:10:50 INFO     --> Total Files [29140]
2019-03-02 01:10:50 INFO     Async Processing
2019-03-02 01:10:50 INFO     Collecting Results
2019-03-02 01:12:39 WARNING  [Exception] => [division by zero] - [FileSetID: 007], [FileID: 10.1525_si.1991.14.1.cover]
2019-03-02 01:12:58 INFO     --> Processed: 100; Average Time: 1.2741209506988525
2019-03-02 01:13:25 WARNING  [Exception] => [division by zero] - [FileSetID: 007], [FileID: 10.2307_41163925]
2019-03-02 01:14:30 INFO     --> Processed: 200; Average Time: 1.1005464720726013
2019-03-02 01:15:57 INFO     --> Processed: 300; Average Time: 1.0231108077367146
2019-03-02 01:17:55 WARNING  [Exception] => [division by zero] - [FileSetID: 007], [FileID: 10.2307_351504]
2019-03-02 01:17:57 INFO     --> Processed: 400; Average Time: 1.0655113708972932
2019-03-02 01:19:13 INFO     --> Processed: 500; Average Time: 1.0054667582511903
2019-03-02 01:21:13 WARNING  [Exception] => [division by zero] - [FileSetID: 007], [FileID: 10.2307_350612]
2019-03-02 01:21:27 INFO     --> Processed: 600; Average Time: 1.0608679950237274
2019-03-02 01:23:21 INFO     --> Processed: 700; Average Time: 1.0721515931401935
2019-03-02 01:24:19 INFO     --> Processed: 800; Average Time: 1.0110431283712387
2019-03-02 01:25:21 WARNING  [Exception] => [division by zero] - [FileSetID: 007], [FileID: 10.2307_41841960]
2019-03-02 01:27:10 INFO     --> Processed: 900; Average Time: 1.0881563705868191
2019-03-02 01:28:25 INFO     --> Processed: 1000; Average Time: 1.0547845041751862
2019-03-02 01:28:26 INFO     --> Processed: 1100; Average Time: 0.959656097238714
2019-03-02 01:30:23 INFO     --> Processed: 1200; Average Time: 0.9774485371510188
2019-03-02 01:30:39 WARNING  [Exception] => [division by zero] - [FileSetID: 007], [FileID: 10.2307_353318]
2019-03-02 01:31:37 INFO     --> Processed: 1300; Average Time: 0.9590935635566712
2019-03-02 01:32:57 INFO     --> Processed: 1400; Average Time: 0.9478852389539991
2019-03-02 01:33:19 WARNING  [Exception] => [division by zero] - [FileSetID: 007], [FileID: 10.2307_353311]
2019-03-02 01:35:34 INFO     --> Processed: 1500; Average Time: 0.9888280205726624
2019-03-02 01:37:20 INFO     --> Processed: 1600; Average Time: 0.9936296899616718
2019-03-02 01:37:57 INFO     --> Processed: 1700; Average Time: 0.9568940579189974
2019-03-02 01:40:03 INFO     --> Processed: 1800; Average Time: 0.9736418826050228
2019-03-02 01:40:25 WARNING  [Exception] => [division by zero] - [FileSetID: 007], [FileID: 10.2307_41844433]
2019-03-02 01:41:27 INFO     --> Processed: 1900; Average Time: 0.9665379696143301
2019-03-02 01:43:37 INFO     --> Processed: 2000; Average Time: 0.9833368266820908
2019-03-02 01:43:57 WARNING  [Exception] => [division by zero] - [FileSetID: 007], [FileID: 10.2307_41514698]
2019-03-02 01:44:40 INFO     --> Processed: 2100; Average Time: 0.9667174111093794
2019-03-02 01:46:17 INFO     --> Processed: 2200; Average Time: 0.9665979072180662
2019-03-02 01:48:02 WARNING  [Exception] => [division by zero] - [FileSetID: 007], [FileID: 10.2307_23891727]
2019-03-02 01:48:14 INFO     --> Processed: 2300; Average Time: 0.975362882717796
2019-03-02 01:49:24 INFO     --> Processed: 2400; Average Time: 0.9639571630954742
2019-03-02 01:49:29 WARNING  [Exception] => [division by zero] - [FileSetID: 007], [FileID: 10.2307_42860100]
2019-03-02 01:50:22 WARNING  [Exception] => [division by zero] - [FileSetID: 007], [FileID: 10.2307_40182585]
2019-03-02 01:51:56 INFO     --> Processed: 2500; Average Time: 0.986318020439148
2019-03-02 01:53:10 INFO     --> Processed: 2600; Average Time: 0.9768219865285434
2019-03-02 01:53:12 WARNING  [Exception] => [division by zero] - [FileSetID: 007], [FileID: 10.2307_41553544]
2019-03-02 01:53:33 WARNING  [Exception] => [division by zero] - [FileSetID: 007], [FileID: 10.2307_24178440]
2019-03-02 01:54:09 INFO     --> Processed: 2700; Average Time: 0.9624425050947402
2019-03-02 01:56:00 INFO     --> Processed: 2800; Average Time: 0.967561897124563
2019-03-02 01:57:27 WARNING  [Exception] => [division by zero] - [FileSetID: 007], [FileID: 10.2307_26197789]
2019-03-02 01:57:52 INFO     --> Processed: 2900; Average Time: 0.973092119940396
2019-03-02 01:58:53 INFO     --> Processed: 3000; Average Time: 0.9610156040986378
2019-03-02 02:03:12 INFO     --> Processed: 3100; Average Time: 1.0134699706877432
2019-03-02 02:04:38 INFO     --> Processed: 3200; Average Time: 1.008604515120387
2019-03-02 02:04:39 INFO     --> Processed: 3300; Average Time: 0.9782890061176185
2019-03-02 02:06:23 INFO     --> Processed: 3400; Average Time: 0.9802234302548801
2019-03-02 02:08:33 INFO     --> Processed: 3500; Average Time: 0.989418343271528
2019-03-02 02:09:33 INFO     --> Processed: 3600; Average Time: 0.9783964418702655
2019-03-02 02:10:53 INFO     --> Processed: 3700; Average Time: 0.9737935882645684
2019-03-02 02:13:50 INFO     --> Processed: 3800; Average Time: 0.9947022889789782
2019-03-02 02:14:40 INFO     --> Processed: 3900; Average Time: 0.9818951685000689
2019-03-02 02:15:42 INFO     --> Processed: 4000; Average Time: 0.9728122276067733
2019-03-02 02:17:04 INFO     --> Processed: 4100; Average Time: 0.969110248437742
2019-03-02 02:18:56 INFO     --> Processed: 4200; Average Time: 0.9727828007084983
2019-03-02 02:20:30 INFO     --> Processed: 4300; Average Time: 0.9719286658043085
2019-03-02 02:21:48 WARNING  [Exception] => [division by zero] - [FileSetID: 007], [FileID: 10.2307_353306]
2019-03-02 02:22:37 INFO     --> Processed: 4400; Average Time: 0.9788208349184556
2019-03-02 02:22:55 WARNING  [Exception] => [division by zero] - [FileSetID: 007], [FileID: 10.2307_20851861]
2019-03-02 02:26:18 INFO     --> Processed: 4500; Average Time: 1.0060574088626437
2019-03-02 02:26:22 INFO     --> Processed: 4600; Average Time: 0.9852395234418952
2019-03-02 02:28:10 INFO     --> Processed: 4700; Average Time: 0.9870745016666169
2019-03-02 02:29:28 INFO     --> Processed: 4800; Average Time: 0.9828188932438692
2019-03-02 02:31:05 INFO     --> Processed: 4900; Average Time: 0.9826572966575623
2019-03-02 02:32:45 WARNING  [Exception] => [division by zero] - [FileSetID: 007], [FileID: 10.2307_41069227]
2019-03-02 02:36:00 INFO     --> Processed: 5000; Average Time: 1.0218653510570526
2019-03-02 02:36:02 INFO     --> Processed: 5100; Average Time: 1.002211286460652
2019-03-02 02:36:03 INFO     --> Processed: 5200; Average Time: 0.983262526163688
2019-03-02 02:37:31 INFO     --> Processed: 5300; Average Time: 0.9811746726845795
2019-03-02 02:38:54 INFO     --> Processed: 5400; Average Time: 0.9783695486298314
2019-03-02 02:39:45 INFO     --> Processed: 5500; Average Time: 0.9698950031453913
2019-03-02 02:39:56 WARNING  [Exception] => [division by zero] - [FileSetID: 007], [FileID: 10.2307_3511001]
2019-03-02 02:41:51 INFO     --> Processed: 5600; Average Time: 0.975048591366836
2019-03-02 02:43:33 INFO     --> Processed: 5700; Average Time: 0.9758450162201597
2019-03-02 02:45:24 INFO     --> Processed: 5800; Average Time: 0.9782552205283066
2019-03-02 02:46:32 INFO     --> Processed: 5900; Average Time: 0.9731948748281447
2019-03-02 02:48:24 INFO     --> Processed: 6000; Average Time: 0.9756681716442108
2019-03-02 02:49:26 INFO     --> Processed: 6100; Average Time: 0.9697975386166182
2019-03-02 02:51:23 INFO     --> Processed: 6200; Average Time: 0.9729623474228767
2019-03-02 02:52:44 INFO     --> Processed: 6300; Average Time: 0.970370042816041
2019-03-02 02:54:35 WARNING  [Exception] => [division by zero] - [FileSetID: 007], [FileID: 10.2307_41416299]
2019-03-02 02:55:42 INFO     --> Processed: 6400; Average Time: 0.9831234280765057
2019-03-02 02:56:18 INFO     --> Processed: 6500; Average Time: 0.9734268524830157
2019-03-02 02:57:32 INFO     --> Processed: 6600; Average Time: 0.9700039824211236
2019-03-02 03:01:24 INFO     --> Processed: 6700; Average Time: 0.9901169503980608
2019-03-02 03:02:09 INFO     --> Processed: 6800; Average Time: 0.9821290058949415
2019-03-02 03:02:46 INFO     --> Processed: 6900; Average Time: 0.9732123539067696
2019-03-02 03:04:54 INFO     --> Processed: 7000; Average Time: 0.9776950055531093
2019-03-02 03:06:03 INFO     --> Processed: 7100; Average Time: 0.9736544815587326
2019-03-02 03:08:44 INFO     --> Processed: 7200; Average Time: 0.9824093744821019
2019-03-02 03:09:36 WARNING  [Exception] => [division by zero] - [FileSetID: 007], [FileID: 10.2307_43294861]
2019-03-02 03:11:16 INFO     --> Processed: 7300; Average Time: 0.9897755119571947
2019-03-02 03:12:22 INFO     --> Processed: 7400; Average Time: 0.9853028381515193
2019-03-02 03:14:31 INFO     --> Processed: 7500; Average Time: 0.9893793566385904
2019-03-02 03:14:32 INFO     --> Processed: 7600; Average Time: 0.9765946475769344
2019-03-02 03:16:21 INFO     --> Processed: 7700; Average Time: 0.9780362431105081
2019-03-02 03:17:44 INFO     --> Processed: 7800; Average Time: 0.9761276371356769
2019-03-02 03:19:46 INFO     --> Processed: 7900; Average Time: 0.9792096118987361
2019-03-02 03:20:53 INFO     --> Processed: 8000; Average Time: 0.9752830237746238
2019-03-02 03:22:43 INFO     --> Processed: 8100; Average Time: 0.9768279021168933
2019-03-02 03:24:20 INFO     --> Processed: 8200; Average Time: 0.9767858072315775
2019-03-02 03:25:54 INFO     --> Processed: 8300; Average Time: 0.9763779491688832
2019-03-02 03:26:09 WARNING  [Exception] => [division by zero] - [FileSetID: 007], [FileID: 10.2307_41484847]
2019-03-02 03:26:47 WARNING  [Exception] => [division by zero] - [FileSetID: 007], [FileID: 10.2307_43294955]
2019-03-02 03:27:36 INFO     --> Processed: 8400; Average Time: 0.9768257919379643
2019-03-02 03:28:00 WARNING  [Exception] => [division by zero] - [FileSetID: 007], [FileID: 10.2307_1387627]
2019-03-02 03:29:50 INFO     --> Processed: 8500; Average Time: 0.9811147233458126
2019-03-02 03:30:46 INFO     --> Processed: 8600; Average Time: 0.976201819403227
2019-03-02 03:32:08 INFO     --> Processed: 8700; Average Time: 0.9743878379361383
2019-03-02 03:33:49 WARNING  [Exception] => [division by zero] - [FileSetID: 007], [FileID: 10.2307_41842916]
2019-03-02 03:36:18 INFO     --> Processed: 8800; Average Time: 0.9917764076048677
2019-03-02 03:37:42 INFO     --> Processed: 8900; Average Time: 0.9900632174363297
2019-03-02 03:38:27 INFO     --> Processed: 9000; Average Time: 0.9840860826704237
2019-03-02 03:39:23 INFO     --> Processed: 9100; Average Time: 0.979460801763849
2019-03-02 03:41:43 INFO     --> Processed: 9200; Average Time: 0.9839931980682456
2019-03-02 03:42:25 INFO     --> Processed: 9300; Average Time: 0.9778797342956707
2019-03-02 03:47:07 INFO     --> Processed: 9400; Average Time: 0.9975409643447145
2019-03-02 03:47:08 INFO     --> Processed: 9500; Average Time: 0.9871250055463691
2019-03-02 03:47:25 INFO     --> Processed: 9600; Average Time: 0.9786519774546226
2019-03-02 03:48:34 WARNING  [Exception] => [division by zero] - [FileSetID: 007], [FileID: 10.2307_41844342]
2019-03-02 03:50:39 INFO     --> Processed: 9700; Average Time: 0.9885150987094211
2019-03-02 03:53:45 INFO     --> Processed: 9800; Average Time: 0.9973950043016551
2019-03-02 03:54:27 INFO     --> Processed: 9900; Average Time: 0.9915590655201614
2019-03-02 03:54:57 INFO     --> Processed: 10000; Average Time: 0.984622093629837
2019-03-02 03:56:30 INFO     --> Processed: 10100; Average Time: 0.9841477945063374
2019-03-02 03:58:55 INFO     --> Processed: 10200; Average Time: 0.9887161982526966
2019-03-02 03:59:49 INFO     --> Processed: 10300; Average Time: 0.9843332639018308
2019-03-02 04:01:37 INFO     --> Processed: 10400; Average Time: 0.9852487570505876
2019-03-02 04:03:19 WARNING  [Exception] => [division by zero] - [FileSetID: 007], [FileID: 10.1525_si.1993.16.2.cover]
2019-03-02 04:03:42 INFO     --> Processed: 10500; Average Time: 0.9877546243894668
2019-03-02 04:04:29 INFO     --> Processed: 10600; Average Time: 0.9828745306887716
2019-03-02 04:07:33 INFO     --> Processed: 10700; Average Time: 0.9908623671531678
2019-03-02 04:08:33 INFO     --> Processed: 10800; Average Time: 0.9872792317469915
2019-03-02 04:09:14 INFO     --> Processed: 10900; Average Time: 0.9819633005518432
2019-03-02 04:10:20 INFO     --> Processed: 11000; Average Time: 0.9790450246984308
2019-03-02 04:12:37 INFO     --> Processed: 11100; Average Time: 0.9825812267183184
2019-03-02 04:21:44 WARNING  [Exception] => [division by zero] - [FileSetID: 007], [FileID: 10.2307_20831041]
2019-03-02 04:23:56 WARNING  [Exception] => [division by zero] - [FileSetID: 007], [FileID: 10.2307_41843093]
2019-03-02 04:24:49 WARNING  [Exception] => [division by zero] - [FileSetID: 007], [FileID: 10.2307_41415682]
2019-03-02 04:25:11 INFO     --> Processed: 11200; Average Time: 1.0411462758055756
2019-03-02 04:25:15 INFO     --> Processed: 11300; Average Time: 1.0322652067336362
2019-03-02 04:25:21 INFO     --> Processed: 11400; Average Time: 1.0237582022892802
2019-03-02 04:25:24 INFO     --> Processed: 11500; Average Time: 1.0150543920890145
2019-03-02 04:25:29 INFO     --> Processed: 11600; Average Time: 1.0067577145634026
2019-03-02 04:25:32 INFO     --> Processed: 11700; Average Time: 0.9983966011878772
2019-03-02 04:25:37 INFO     --> Processed: 11800; Average Time: 0.9903955066204071
2019-03-02 04:25:48 INFO     --> Processed: 11900; Average Time: 0.9829827744019132
2019-03-02 04:26:06 WARNING  [Exception] => [division by zero] - [FileSetID: 007], [FileID: 10.2307_23891642]
2019-03-02 04:27:39 WARNING  [Exception] => [division by zero] - [FileSetID: 007], [FileID: 10.1525_si.2000.23.1.cover]
2019-03-02 04:28:43 INFO     --> Processed: 12000; Average Time: 0.9893464783430099
2019-03-02 04:29:00 INFO     --> Processed: 12100; Average Time: 0.9825954402379753
2019-03-02 04:30:54 INFO     --> Processed: 12200; Average Time: 0.9838940592867429
2019-03-02 04:31:16 WARNING  [Exception] => [division by zero] - [FileSetID: 007], [FileID: 10.2307_30123780]
2019-03-02 04:32:22 INFO     --> Processed: 12300; Average Time: 0.983074501568709
2019-03-02 04:32:31 WARNING  [Exception] => [division by zero] - [FileSetID: 007], [FileID: 10.2307_41421282]
2019-03-02 04:41:00 WARNING  [Exception] => [division by zero] - [FileSetID: 007], [FileID: 10.2307_30122193]
2019-03-02 04:43:41 WARNING  [Exception] => [division by zero] - [FileSetID: 007], [FileID: 10.2307_41791208]
2019-03-02 04:45:57 INFO     --> Processed: 12400; Average Time: 1.0408817068992122
2019-03-02 04:45:59 INFO     --> Processed: 12500; Average Time: 1.0326818007850647
2019-03-02 04:46:00 INFO     --> Processed: 12600; Average Time: 1.0245952008451735
2019-03-02 04:46:02 INFO     --> Processed: 12700; Average Time: 1.016695020048637
2019-03-02 04:46:03 INFO     --> Processed: 12800; Average Time: 1.0088154899142683
2019-03-02 04:46:06 INFO     --> Processed: 12900; Average Time: 1.0011966699223185
2019-03-02 04:46:07 INFO     --> Processed: 13000; Average Time: 0.9935591347767756
2019-03-02 04:46:09 INFO     --> Processed: 13100; Average Time: 0.9861226890287327
2019-03-02 04:47:24 INFO     --> Processed: 13200; Average Time: 0.9843343372959079
2019-03-02 04:48:45 INFO     --> Processed: 13300; Average Time: 0.9830725490060964
2019-03-02 04:50:52 INFO     --> Processed: 13400; Average Time: 0.9851993828922955
2019-03-02 04:51:58 WARNING  [Exception] => [division by zero] - [FileSetID: 007], [FileID: 10.2307_42843815]
2019-03-02 04:52:34 INFO     --> Processed: 13500; Average Time: 0.9854870284221791
2019-03-02 04:53:59 WARNING  [Exception] => [division by zero] - [FileSetID: 007], [FileID: 10.2307_41844142]
2019-03-02 04:54:10 INFO     --> Processed: 13600; Average Time: 0.9852971393921796
2019-03-02 04:54:45 INFO     --> Processed: 13700; Average Time: 0.9806642905987092
2019-03-02 04:56:46 INFO     --> Processed: 13800; Average Time: 0.9822886368502741
2019-03-02 04:58:06 INFO     --> Processed: 13900; Average Time: 0.9809825552281716
2019-03-02 04:59:52 WARNING  [Exception] => [division by zero] - [FileSetID: 007], [FileID: 10.1525_si.1993.16.1.cover]
2019-03-02 05:01:29 INFO     --> Processed: 14000; Average Time: 0.9884930639948164
2019-03-02 05:01:30 INFO     --> Processed: 14100; Average Time: 0.9815415836733283
2019-03-02 05:02:54 WARNING  [Exception] => [division by zero] - [FileSetID: 007], [FileID: 10.2307_43294544]
2019-03-02 05:03:48 INFO     --> Processed: 14200; Average Time: 0.9843609019568269
2019-03-02 05:03:52 WARNING  [Exception] => [division by zero] - [FileSetID: 007], [FileID: 10.2307_43294224]
2019-03-02 05:04:49 WARNING  [Exception] => [division by zero] - [FileSetID: 007], [FileID: 10.2307_44815946]
2019-03-02 05:05:09 INFO     --> Processed: 14300; Average Time: 0.983128966668269
2019-03-02 05:05:59 INFO     --> Processed: 14400; Average Time: 0.9797358787390921
2019-03-02 05:07:24 INFO     --> Processed: 14500; Average Time: 0.978870288602237
2019-03-02 05:09:30 INFO     --> Processed: 14600; Average Time: 0.9807747849536269
2019-03-02 05:10:08 WARNING  [Exception] => [division by zero] - [FileSetID: 007], [FileID: 10.2307_30124913]
2019-03-02 05:10:26 WARNING  [Exception] => [division by zero] - [FileSetID: 007], [FileID: 10.2307_23677839]
2019-03-02 05:11:37 WARNING  [Exception] => [division by zero] - [FileSetID: 007], [FileID: 10.2307_351529]
2019-03-02 05:11:40 WARNING  [Exception] => [division by zero] - [FileSetID: 007], [FileID: 10.2307_351943]
2019-03-02 05:11:45 INFO     --> Processed: 14700; Average Time: 0.983316905693132
2019-03-02 05:12:51 INFO     --> Processed: 14800; Average Time: 0.9811490327603108
2019-03-02 05:14:47 INFO     --> Processed: 14900; Average Time: 0.9823283038683386
2019-03-02 05:15:33 INFO     --> Processed: 15000; Average Time: 0.9788154329140981
2019-03-02 05:17:32 INFO     --> Processed: 15100; Average Time: 0.980231682748984
2019-03-02 05:19:07 INFO     --> Processed: 15200; Average Time: 0.9800324644854195
2019-03-02 05:21:16 WARNING  [Exception] => [division by zero] - [FileSetID: 007], [FileID: 10.2307_2391181]
2019-03-02 05:21:46 INFO     --> Processed: 15300; Average Time: 0.9839998666757073
2019-03-02 05:22:51 INFO     --> Processed: 15400; Average Time: 0.9818504589099388
2019-03-02 05:23:45 INFO     --> Processed: 15500; Average Time: 0.9789908884417626
2019-03-02 05:25:52 INFO     --> Processed: 15600; Average Time: 0.9808771154972223
2019-03-02 05:26:28 WARNING  [Exception] => [division by zero] - [FileSetID: 007], [FileID: 10.2307_350683]
2019-03-02 05:26:45 WARNING  [Exception] => [division by zero] - [FileSetID: 007], [FileID: 10.2307_41844999]
2019-03-02 05:27:13 INFO     --> Processed: 15700; Average Time: 0.9798026643285326
2019-03-02 05:29:18 INFO     --> Processed: 15800; Average Time: 0.9815065583850764
2019-03-02 05:31:15 INFO     --> Processed: 15900; Average Time: 0.9826714169304326
2019-03-02 05:31:46 WARNING  [Exception] => [division by zero] - [FileSetID: 007], [FileID: 10.2307_42843544]
2019-03-02 05:32:34 INFO     --> Processed: 16000; Average Time: 0.981452159255743
2019-03-02 05:34:05 INFO     --> Processed: 16100; Average Time: 0.9810175270027255
2019-03-02 05:35:24 INFO     --> Processed: 16200; Average Time: 0.9798622215971534
2019-03-02 05:37:37 INFO     --> Processed: 16300; Average Time: 0.9819964469283636
2019-03-02 05:38:48 INFO     --> Processed: 16400; Average Time: 0.9803305035248036
2019-03-02 05:40:49 INFO     --> Processed: 16500; Average Time: 0.9817434350938508
2019-03-02 05:41:24 WARNING  [Exception] => [division by zero] - [FileSetID: 007], [FileID: 10.2307_41960245]
2019-03-02 05:42:40 INFO     --> Processed: 16600; Average Time: 0.9824809105137745
2019-03-02 05:45:02 INFO     --> Processed: 16700; Average Time: 0.9851552192179742
2019-03-02 05:45:33 INFO     --> Processed: 16800; Average Time: 0.9810840821266175
2019-03-02 05:48:54 INFO     --> Processed: 16900; Average Time: 0.9872024708527785
2019-03-02 05:49:09 INFO     --> Processed: 17000; Average Time: 0.9822493159911212
2019-03-02 05:50:31 WARNING  [Exception] => [division by zero] - [FileSetID: 007], [FileID: 10.2307_41683173]
2019-03-02 05:50:37 INFO     --> Processed: 17100; Average Time: 0.9816659183251231
2019-03-02 05:52:30 INFO     --> Processed: 17200; Average Time: 0.9825349204762037
2019-03-02 05:53:54 INFO     --> Processed: 17300; Average Time: 0.9817401178448186
2019-03-02 05:54:13 WARNING  [Exception] => [division by zero] - [FileSetID: 007], [FileID: 10.2307_41844113]
2019-03-02 05:55:21 INFO     --> Processed: 17400; Average Time: 0.9810417702554286
2019-03-02 05:58:22 INFO     --> Processed: 17500; Average Time: 0.9858133373532977
2019-03-02 05:59:19 INFO     --> Processed: 17600; Average Time: 0.9834549791162664
2019-03-02 06:00:13 INFO     --> Processed: 17700; Average Time: 0.9809650831168655
2019-03-02 06:01:12 WARNING  [Exception] => [division by zero] - [FileSetID: 007], [FileID: 10.2307_42854950]
2019-03-02 06:02:02 WARNING  [Exception] => [division by zero] - [FileSetID: 007], [FileID: 10.2307_41582852]
2019-03-02 06:02:57 WARNING  [Exception] => [division by zero] - [FileSetID: 007], [FileID: 10.2307_41623087]
2019-03-02 06:10:37 WARNING  [Exception] => [division by zero] - [FileSetID: 007], [FileID: 10.2307_41802781]
2019-03-02 06:10:37 WARNING  [Exception] => [division by zero] - [FileSetID: 007], [FileID: 10.2307_43294300]
2019-03-02 06:11:08 WARNING  [Exception] => [division by zero] - [FileSetID: 007], [FileID: 10.2307_43294524]
2019-03-02 06:11:39 INFO     --> Processed: 17800; Average Time: 1.01395913085241
2019-03-02 06:11:55 INFO     --> Processed: 17900; Average Time: 1.0092032322137716
2019-03-02 06:12:04 INFO     --> Processed: 18000; Average Time: 1.0040819225841098
2019-03-02 06:12:16 INFO     --> Processed: 18100; Average Time: 0.9992313782022803
2019-03-02 06:12:36 INFO     --> Processed: 18200; Average Time: 0.9948208124690003
2019-03-02 06:12:51 INFO     --> Processed: 18300; Average Time: 0.990220462911116
2019-03-02 06:13:09 INFO     --> Processed: 18400; Average Time: 0.9857702306042547
2019-03-02 06:13:59 INFO     --> Processed: 18500; Average Time: 0.9831500063200255
2019-03-02 06:18:06 INFO     --> Processed: 18600; Average Time: 0.9911735720660096
2019-03-02 06:18:07 INFO     --> Processed: 18700; Average Time: 0.9859161485580199
2019-03-02 06:19:02 INFO     --> Processed: 18800; Average Time: 0.9835922602643358
2019-03-02 06:19:43 WARNING  [Exception] => [division by zero] - [FileSetID: 007], [FileID: 10.2307_44816055]
2019-03-02 06:20:35 WARNING  [Exception] => [division by zero] - [FileSetID: 007], [FileID: 10.2307_351940]
2019-03-02 06:20:39 WARNING  [Exception] => [division by zero] - [FileSetID: 007], [FileID: 10.2307_42844191]
2019-03-02 06:22:19 INFO     --> Processed: 18900; Average Time: 0.9887965073408904
2019-03-02 06:22:19 INFO     --> Processed: 19000; Average Time: 0.9836343492708708
2019-03-02 06:23:36 WARNING  [Exception] => [division by zero] - [FileSetID: 007], [FileID: 10.1525_si.1988.11.2.cover]
2019-03-02 06:24:15 INFO     --> Processed: 19100; Average Time: 0.9845092560483523
2019-03-02 06:26:08 INFO     --> Processed: 19200; Average Time: 0.9852894634380936
2019-03-02 06:26:29 WARNING  [Exception] => [division by zero] - [FileSetID: 007], [FileID: 10.1525_si.2000.23.4.cover]
2019-03-02 06:28:48 INFO     --> Processed: 19300; Average Time: 0.9884832399249694
2019-03-02 06:29:13 INFO     --> Processed: 19400; Average Time: 0.9846794203630428
2019-03-02 06:30:13 WARNING  [Exception] => [division by zero] - [FileSetID: 007], [FileID: 10.1525_si.1988.11.1.cover]
2019-03-02 06:31:26 WARNING  [Exception] => [division by zero] - [FileSetID: 007], [FileID: 10.2307_43294373]
2019-03-02 06:32:05 INFO     --> Processed: 19500; Average Time: 0.98846596238552
2019-03-02 06:33:36 INFO     --> Processed: 19600; Average Time: 0.9880417057324429
2019-03-02 06:33:46 INFO     --> Processed: 19700; Average Time: 0.9835207688384855
2019-03-02 06:34:16 WARNING  [Exception] => [division by zero] - [FileSetID: 007], [FileID: 10.2307_41960244]
2019-03-02 06:35:19 INFO     --> Processed: 19800; Average Time: 0.9832534430966233
2019-03-02 06:36:38 INFO     --> Processed: 19900; Average Time: 0.9823074127681292
2019-03-02 06:38:15 INFO     --> Processed: 20000; Average Time: 0.9822339153289795
2019-03-02 06:40:26 INFO     --> Processed: 20100; Average Time: 0.9838523827737836
2019-03-02 06:41:21 WARNING  [Exception] => [division by zero] - [FileSetID: 007], [FileID: 10.2307_41783578]
2019-03-02 06:41:31 INFO     --> Processed: 20200; Average Time: 0.982187190303708
2019-03-02 06:42:54 WARNING  [Exception] => [division by zero] - [FileSetID: 007], [FileID: 10.2307_350702]
2019-03-02 06:43:07 INFO     --> Processed: 20300; Average Time: 0.9821022625157398
2019-03-02 06:45:20 INFO     --> Processed: 20400; Average Time: 0.9837921071987527
2019-03-02 06:46:31 INFO     --> Processed: 20500; Average Time: 0.9824488288367667
2019-03-02 06:48:51 INFO     --> Processed: 20600; Average Time: 0.9844886431300525
2019-03-02 06:48:57 WARNING  [Exception] => [division by zero] - [FileSetID: 007], [FileID: 10.2307_351929]
2019-03-02 06:50:56 INFO     --> Processed: 20700; Average Time: 0.9857745667471401
2019-03-02 06:52:01 INFO     --> Processed: 20800; Average Time: 0.984162200746628
2019-03-02 06:52:46 INFO     --> Processed: 20900; Average Time: 0.9816134236988269
2019-03-02 06:54:01 INFO     --> Processed: 21000; Average Time: 0.9805199684302012
2019-03-02 06:54:19 WARNING  [Exception] => [division by zero] - [FileSetID: 007], [FileID: 10.2307_44824719]
2019-03-02 06:56:21 INFO     --> Processed: 21100; Average Time: 0.9824969963552828
2019-03-02 06:58:05 INFO     --> Processed: 21200; Average Time: 0.9827464714140263
2019-03-02 06:58:50 INFO     --> Processed: 21300; Average Time: 0.9802582714815095
2019-03-02 06:59:40 WARNING  [Exception] => [division by zero] - [FileSetID: 007], [FileID: 10.2307_42844793]
2019-03-02 07:00:56 INFO     --> Processed: 21400; Average Time: 0.98158021262873
2019-03-02 07:04:23 INFO     --> Processed: 21500; Average Time: 0.9866287771158441
2019-03-02 07:04:41 INFO     --> Processed: 21600; Average Time: 0.9829081902790953
2019-03-02 07:05:15 WARNING  [Exception] => [division by zero] - [FileSetID: 007], [FileID: 10.2307_20831580]
2019-03-02 07:06:14 INFO     --> Processed: 21700; Average Time: 0.9826759260590725
2019-03-02 07:07:44 INFO     --> Processed: 21800; Average Time: 0.9822606818719741
2019-03-02 07:09:31 INFO     --> Processed: 21900; Average Time: 0.9826812887082905
2019-03-02 07:10:30 INFO     --> Processed: 22000; Average Time: 0.9808850777365945
2019-03-02 07:11:50 INFO     --> Processed: 22100; Average Time: 0.9800734533767355
2019-03-02 07:13:22 WARNING  [Exception] => [division by zero] - [FileSetID: 007], [FileID: 10.2307_30121064]
2019-03-02 07:13:40 WARNING  [Exception] => [division by zero] - [FileSetID: 007], [FileID: 10.2307_351926]
2019-03-02 07:18:14 INFO     --> Processed: 22200; Average Time: 0.9929521040658693
2019-03-02 07:18:17 WARNING  [Exception] => [division by zero] - [FileSetID: 007], [FileID: 10.2307_43242458]
2019-03-02 07:18:20 INFO     --> Processed: 22300; Average Time: 0.9887605877307498
2019-03-02 07:18:23 INFO     --> Processed: 22400; Average Time: 0.9844931738397905
2019-03-02 07:18:25 INFO     --> Processed: 22500; Average Time: 0.9802133969624838
2019-03-02 07:19:28 INFO     --> Processed: 22600; Average Time: 0.9786618662724452
2019-03-02 07:21:08 INFO     --> Processed: 22700; Average Time: 0.9787390810802644
2019-03-02 07:22:56 INFO     --> Processed: 22800; Average Time: 0.979199874516119
2019-03-02 07:25:40 INFO     --> Processed: 22900; Average Time: 0.9820866202995767
2019-03-02 07:28:29 INFO     --> Processed: 23000; Average Time: 0.9851491169411203
2019-03-02 07:28:43 INFO     --> Processed: 23100; Average Time: 0.9814996109793197
2019-03-02 07:28:58 WARNING  [Exception] => [division by zero] - [FileSetID: 007], [FileID: 10.2307_40282588]
2019-03-02 07:29:48 INFO     --> Processed: 23200; Average Time: 0.9800675100293653
2019-03-02 07:31:12 INFO     --> Processed: 23300; Average Time: 0.9794482327428499
2019-03-02 07:33:10 INFO     --> Processed: 23400; Average Time: 0.9803360200845278
2019-03-02 07:33:37 WARNING  [Exception] => [division by zero] - [FileSetID: 007], [FileID: 10.2307_41484827]
2019-03-02 07:34:17 INFO     --> Processed: 23500; Average Time: 0.9790168004137404
2019-03-02 07:37:35 WARNING  [Exception] => [division by zero] - [FileSetID: 007], [FileID: 10.2307_41274510]
2019-03-02 07:38:11 WARNING  [Exception] => [division by zero] - [FileSetID: 007], [FileID: 10.2307_351955]
2019-03-02 07:39:15 INFO     --> Processed: 23600; Average Time: 0.987501973812863
2019-03-02 07:39:16 INFO     --> Processed: 23700; Average Time: 0.9833725336734755
2019-03-02 07:41:03 INFO     --> Processed: 23800; Average Time: 0.9837233537285268
2019-03-02 07:41:55 INFO     --> Processed: 23900; Average Time: 0.9817744748362937
2019-03-02 07:42:47 WARNING  [Exception] => [division by zero] - [FileSetID: 007], [FileID: 10.1525_si.1977.1.1.cover]
2019-03-02 07:43:13 WARNING  [Exception] => [division by zero] - [FileSetID: 007], [FileID: 10.2307_41959844]
2019-03-02 07:43:18 INFO     --> Processed: 24000; Average Time: 0.9811391566991806
2019-03-02 07:44:16 INFO     --> Processed: 24100; Average Time: 0.979481828648025
2019-03-02 07:45:49 INFO     --> Processed: 24200; Average Time: 0.9792885766541662
2019-03-02 07:48:24 INFO     --> Processed: 24300; Average Time: 0.9816398938595022
2019-03-02 07:50:13 INFO     --> Processed: 24400; Average Time: 0.9820944580582321
2019-03-02 07:51:29 INFO     --> Processed: 24500; Average Time: 0.9811724248516316
2019-03-02 07:52:01 WARNING  [Exception] => [division by zero] - [FileSetID: 007], [FileID: 10.2307_41307825]
2019-03-02 07:52:32 WARNING  [Exception] => [division by zero] - [FileSetID: 007], [FileID: 10.2307_41067178]
2019-03-02 07:52:48 INFO     --> Processed: 24600; Average Time: 0.9803939462774168
2019-03-02 07:53:10 WARNING  [Exception] => [division by zero] - [FileSetID: 007], [FileID: 10.2307_41554469]
2019-03-02 07:55:21 INFO     --> Processed: 24700; Average Time: 0.982627541188769
2019-03-02 07:56:26 INFO     --> Processed: 24800; Average Time: 0.981262793694773
2019-03-02 07:58:04 INFO     --> Processed: 24900; Average Time: 0.9812584944422466
2019-03-02 07:59:37 WARNING  [Exception] => [division by zero] - [FileSetID: 007], [FileID: 10.2307_2391186]
2019-03-02 07:59:39 INFO     --> Processed: 25000; Average Time: 0.981140669221878
2019-03-02 08:00:17 WARNING  [Exception] => [division by zero] - [FileSetID: 007], [FileID: 10.2307_43294393]
2019-03-02 08:02:26 INFO     --> Processed: 25100; Average Time: 0.9839048825412158
2019-03-02 08:03:10 INFO     --> Processed: 25200; Average Time: 0.9817198615414756
2019-03-02 08:06:44 INFO     --> Processed: 25300; Average Time: 0.9863181202873411
2019-03-02 08:06:45 INFO     --> Processed: 25400; Average Time: 0.9824658091049495
2019-03-02 08:07:36 WARNING  [Exception] => [division by zero] - [FileSetID: 007], [FileID: 10.2307_42852349]
2019-03-02 08:08:45 INFO     --> Processed: 25500; Average Time: 0.9833265136269962
2019-03-02 08:09:05 WARNING  [Exception] => [division by zero] - [FileSetID: 007], [FileID: 10.1525_si.1996.19.1.cover]
2019-03-02 08:09:47 INFO     --> Processed: 25600; Average Time: 0.9819113167654723
2019-03-02 08:10:35 WARNING  [Exception] => [division by zero] - [FileSetID: 007], [FileID: 10.2307_30118167]
2019-03-02 08:11:17 INFO     --> Processed: 25700; Average Time: 0.9815626936385604
2019-03-02 08:12:41 INFO     --> Processed: 25800; Average Time: 0.9810451720851336
2019-03-02 08:13:57 WARNING  [Exception] => [division by zero] - [FileSetID: 007], [FileID: 10.2307_24175955]
2019-03-02 08:14:40 INFO     --> Processed: 25900; Average Time: 0.9818284228317525
2019-03-02 08:15:13 WARNING  [Exception] => [division by zero] - [FileSetID: 007], [FileID: 10.2307_41844758]
2019-03-02 08:15:19 WARNING  [Exception] => [division by zero] - [FileSetID: 007], [FileID: 10.2307_3012040]
2019-03-02 08:16:02 INFO     --> Processed: 26000; Average Time: 0.9812296083431977
2019-03-02 08:16:22 WARNING  [Exception] => [division by zero] - [FileSetID: 007], [FileID: 10.2307_41421249]
2019-03-02 08:17:25 INFO     --> Processed: 26100; Average Time: 0.9806454792059245
2019-03-02 08:18:52 INFO     --> Processed: 26200; Average Time: 0.9802012924747613
2019-03-02 08:20:05 WARNING  [Exception] => [division by zero] - [FileSetID: 007], [FileID: 10.2307_41843953]
2019-03-02 08:20:09 INFO     --> Processed: 26300; Average Time: 0.9794181046558423
2019-03-02 08:20:36 WARNING  [Exception] => [division by zero] - [FileSetID: 007], [FileID: 10.2307_23747766]
2019-03-02 08:21:33 INFO     --> Processed: 26400; Average Time: 0.9788744307557742
2019-03-02 08:23:03 WARNING  [Exception] => [division by zero] - [FileSetID: 007], [FileID: 10.2307_24708253]
2019-03-02 08:23:22 INFO     --> Processed: 26500; Average Time: 0.9793161981960512
2019-03-02 08:26:00 INFO     --> Processed: 26600; Average Time: 0.9815569801617385
2019-03-02 08:26:40 INFO     --> Processed: 26700; Average Time: 0.979405074923226
2019-03-02 08:27:51 INFO     --> Processed: 26800; Average Time: 0.9783736564508125
2019-03-02 08:28:29 WARNING  [Exception] => [division by zero] - [FileSetID: 007], [FileID: 10.2307_350693]
2019-03-02 08:31:19 INFO     --> Processed: 26900; Average Time: 0.9824677834634887
2019-03-02 08:31:51 INFO     --> Processed: 27000; Average Time: 0.9800281995049229
2019-03-02 08:32:27 INFO     --> Processed: 27100; Average Time: 0.9777338078541069
2019-03-02 08:33:50 INFO     --> Processed: 27200; Average Time: 0.9771742542175685
2019-03-02 08:35:36 INFO     --> Processed: 27300; Average Time: 0.9774877367351518
2019-03-02 08:37:01 INFO     --> Processed: 27400; Average Time: 0.9770291477137238
2019-03-02 08:38:44 WARNING  [Exception] => [division by zero] - [FileSetID: 007], [FileID: 10.1525_si.1991.14.4.489]
2019-03-02 08:38:46 INFO     --> Processed: 27500; Average Time: 0.9772892704443498
2019-03-02 08:40:43 INFO     --> Processed: 27600; Average Time: 0.9779928044910017
2019-03-02 08:41:50 INFO     --> Processed: 27700; Average Time: 0.9768783832198876
2019-03-02 08:43:41 INFO     --> Processed: 27800; Average Time: 0.9773449185597811
2019-03-02 08:44:07 WARNING  [Exception] => [division by zero] - [FileSetID: 007], [FileID: 10.2307_353329]
2019-03-02 08:45:02 WARNING  [Exception] => [division by zero] - [FileSetID: 007], [FileID: 10.2307_350681]
2019-03-02 08:45:11 INFO     --> Processed: 27900; Average Time: 0.977076980093474
2019-03-02 08:48:52 INFO     --> Processed: 28000; Average Time: 0.9814860571452549
2019-03-02 08:49:41 WARNING  [Exception] => [division by zero] - [FileSetID: 007], [FileID: 10.2307_43294494]
2019-03-02 08:50:21 INFO     --> Processed: 28100; Average Time: 0.9811617406661824
2019-03-02 08:51:34 INFO     --> Processed: 28200; Average Time: 0.9802626188511544
2019-03-02 08:52:26 INFO     --> Processed: 28300; Average Time: 0.9786283017047303
2019-03-02 08:52:40 WARNING  [Exception] => [division by zero] - [FileSetID: 007], [FileID: 10.2307_43294445]
2019-03-02 08:54:17 WARNING  [Exception] => [division by zero] - [FileSetID: 007], [FileID: 10.2307_43294970]
2019-03-02 08:55:14 INFO     --> Processed: 28400; Average Time: 0.9811102179070593
2019-03-02 08:56:02 INFO     --> Processed: 28500; Average Time: 0.9793699412931476
2019-03-02 08:56:49 INFO     --> Processed: 28600; Average Time: 0.9775631672185617
2019-03-02 08:58:05 INFO     --> Processed: 28700; Average Time: 0.9768084072651348
2019-03-02 08:59:37 INFO     --> Processed: 28800; Average Time: 0.9766045304139456
2019-03-02 09:01:07 INFO     --> Processed: 28900; Average Time: 0.976352790185737
2019-03-02 09:02:13 WARNING  [Exception] => [division by zero] - [FileSetID: 007], [FileID: 10.2307_23867172]
2019-03-02 09:04:03 INFO     --> Processed: 29000; Average Time: 0.9790393058595986
2019-03-02 09:04:03 INFO     Mission Complete
