2019-03-02 22:33:18 INFO     DB Reset Command Received
2019-03-02 22:33:18 INFO     Please input authorization code: 
2019-03-02 22:33:22 WARNING  [Exception] => [no such table: map_result]
2019-03-02 22:33:22 INFO     Table Init Success
2019-03-02 22:33:22 INFO     Connecting to DB
2019-03-02 22:33:22 INFO     Processing Mapping
2019-03-02 22:33:22 INFO     Loading File Set: [013]
2019-03-02 22:33:22 INFO     --> Total Files [28977]
2019-03-02 22:33:22 INFO     Async Processing
2019-03-02 22:33:23 INFO     Collecting Results
2019-03-02 22:34:20 WARNING  [Exception] => [division by zero] - [FileSetID: 013], [FileID: 10.2307_43294593]
2019-03-02 22:35:39 INFO     --> Processed: 100; Average Time: 1.3624830222129822
2019-03-02 22:36:06 WARNING  [Exception] => [division by zero] - [FileSetID: 013], [FileID: 10.2307_41800867]
2019-03-02 22:38:07 WARNING  [Exception] => [division by zero] - [FileSetID: 013], [FileID: 10.2307_1387643]
2019-03-02 22:38:16 WARNING  [Exception] => [division by zero] - [FileSetID: 013], [FileID: 10.2307_41801121]
2019-03-02 22:39:16 INFO     --> Processed: 200; Average Time: 1.7658333909511565
2019-03-02 22:39:17 INFO     --> Processed: 300; Average Time: 1.1801484394073487
2019-03-02 22:40:43 INFO     --> Processed: 400; Average Time: 1.1010186648368836
2019-03-02 22:41:44 WARNING  [Exception] => [division by zero] - [FileSetID: 013], [FileID: 10.2307_41800826]
2019-03-02 22:42:47 INFO     --> Processed: 500; Average Time: 1.1272061762809753
2019-03-02 22:43:31 INFO     --> Processed: 600; Average Time: 1.01317888657252
2019-03-02 22:44:24 WARNING  [Exception] => [division by zero] - [FileSetID: 013], [FileID: 10.2307_23413749]
2019-03-02 22:44:49 INFO     --> Processed: 700; Average Time: 0.9794992715971811
2019-03-02 22:47:19 INFO     --> Processed: 800; Average Time: 1.0452973815798758
2019-03-02 22:48:53 INFO     --> Processed: 900; Average Time: 1.0327289621035258
2019-03-02 22:49:53 INFO     --> Processed: 1000; Average Time: 0.9903034415245057
2019-03-02 22:51:45 INFO     --> Processed: 1100; Average Time: 1.0016939700733531
2019-03-02 22:52:49 INFO     --> Processed: 1200; Average Time: 0.9714171671867371
2019-03-02 22:55:01 INFO     --> Processed: 1300; Average Time: 0.9985030806981601
2019-03-02 22:57:32 INFO     --> Processed: 1400; Average Time: 1.0350449878828867
2019-03-02 22:58:16 INFO     --> Processed: 1500; Average Time: 0.9955296802520752
2019-03-02 22:58:33 WARNING  [Exception] => [division by zero] - [FileSetID: 013], [FileID: 10.2307_monthlylaborrev.2012.09.003]
2019-03-02 22:58:40 WARNING  [Exception] => [division by zero] - [FileSetID: 013], [FileID: 10.2307_23747687]
2019-03-02 22:58:40 WARNING  [Exception] => [division by zero] - [FileSetID: 013], [FileID: 10.2307_23870871]
2019-03-02 22:59:17 INFO     --> Processed: 1600; Average Time: 0.9711217625439167
2019-03-02 22:59:58 WARNING  [Exception] => [division by zero] - [FileSetID: 013], [FileID: 10.2307_1385056]
2019-03-02 23:00:23 WARNING  [Exception] => [division by zero] - [FileSetID: 013], [FileID: 10.2307_43482533]
2019-03-02 23:00:30 WARNING  [Exception] => [division by zero] - [FileSetID: 013], [FileID: 10.2307_43294419]
2019-03-02 23:01:09 INFO     --> Processed: 1700; Average Time: 0.9801681789229898
2019-03-02 23:02:32 WARNING  [Exception] => [division by zero] - [FileSetID: 013], [FileID: 10.2307_43481411]
2019-03-02 23:03:07 INFO     --> Processed: 1800; Average Time: 0.9910749060577816
2019-03-02 23:03:35 WARNING  [Exception] => [division by zero] - [FileSetID: 013], [FileID: 10.2307_24708165]
2019-03-02 23:04:25 INFO     --> Processed: 1900; Average Time: 0.980054247128336
2019-03-02 23:06:58 INFO     --> Processed: 2000; Average Time: 1.0076751770973205
2019-03-02 23:08:11 INFO     --> Processed: 2100; Average Time: 0.9943277785891579
2019-03-02 23:09:54 INFO     --> Processed: 2200; Average Time: 0.9957218249277635
2019-03-02 23:10:55 INFO     --> Processed: 2300; Average Time: 0.9789759725073109
2019-03-02 23:12:44 INFO     --> Processed: 2400; Average Time: 0.9837952526410421
2019-03-02 23:14:23 INFO     --> Processed: 2500; Average Time: 0.9840064867019653
2019-03-02 23:16:57 INFO     --> Processed: 2600; Average Time: 1.0055484620424417
2019-03-02 23:18:07 INFO     --> Processed: 2700; Average Time: 0.9940647882002371
2019-03-02 23:20:22 INFO     --> Processed: 2800; Average Time: 1.006868357998984
2019-03-02 23:21:36 INFO     --> Processed: 2900; Average Time: 0.9975240406496771
2019-03-02 23:23:22 WARNING  [Exception] => [division by zero] - [FileSetID: 013], [FileID: 10.2307_42853418]
2019-03-02 23:23:46 WARNING  [Exception] => [division by zero] - [FileSetID: 013], [FileID: 10.2307_41318839]
2019-03-02 23:28:36 WARNING  [Exception] => [division by zero] - [FileSetID: 013], [FileID: 10.1525_si.1983.6.1.cover]
2019-03-02 23:31:37 INFO     --> Processed: 3000; Average Time: 1.1645626077651978
2019-03-02 23:31:38 INFO     --> Processed: 3100; Average Time: 1.1272692375798379
2019-03-02 23:31:38 INFO     --> Processed: 3200; Average Time: 1.0923158156126738
2019-03-02 23:31:39 INFO     --> Processed: 3300; Average Time: 1.0594753908388543
2019-03-02 23:31:40 INFO     --> Processed: 3400; Average Time: 1.0286273833583384
2019-03-02 23:31:41 INFO     --> Processed: 3500; Average Time: 0.9994825731686183
2019-03-02 23:33:24 INFO     --> Processed: 3600; Average Time: 1.000125329626931
2019-03-02 23:35:15 INFO     --> Processed: 3700; Average Time: 1.0033054206177996
2019-03-02 23:35:37 WARNING  [Exception] => [division by zero] - [FileSetID: 013], [FileID: 10.2307_monthlylaborrev.2008.02.083]
2019-03-02 23:36:20 INFO     --> Processed: 3800; Average Time: 0.9938949204118628
2019-03-02 23:36:20 WARNING  [Exception] => [division by zero] - [FileSetID: 013], [FileID: 10.2307_43294459]
2019-03-02 23:37:41 INFO     --> Processed: 3900; Average Time: 0.9891158816753289
2019-03-02 23:39:10 INFO     --> Processed: 4000; Average Time: 0.9867955136299134
2019-03-02 23:40:27 INFO     --> Processed: 4100; Average Time: 0.9814201753313948
2019-03-02 23:42:57 INFO     --> Processed: 4200; Average Time: 0.9938405971300034
2019-03-02 23:43:00 WARNING  [Exception] => [division by zero] - [FileSetID: 013], [FileID: 10.2307_41838057]
2019-03-02 23:45:00 INFO     --> Processed: 4300; Average Time: 0.9992801214927851
2019-03-02 23:48:03 INFO     --> Processed: 4400; Average Time: 1.018067155697129
2019-03-02 23:48:09 INFO     --> Processed: 4500; Average Time: 0.9968967903455098
2019-03-02 23:51:15 INFO     --> Processed: 4600; Average Time: 1.0155378679607225
2019-03-02 23:51:19 INFO     --> Processed: 4700; Average Time: 0.9948119788474225
2019-03-02 23:52:36 INFO     --> Processed: 4800; Average Time: 0.9901051815847556
2019-03-02 23:54:44 INFO     --> Processed: 4900; Average Time: 0.9960608570429743
2019-03-02 23:55:52 INFO     --> Processed: 5000; Average Time: 0.9897093062400818
2019-03-02 23:57:02 INFO     --> Processed: 5100; Average Time: 0.9840468711479038
2019-03-02 23:58:27 INFO     --> Processed: 5200; Average Time: 0.9815134877424974
2019-03-03 00:00:00 INFO     --> Processed: 5300; Average Time: 0.9806241391289909
2019-03-03 00:01:43 INFO     --> Processed: 5400; Average Time: 0.9815208535724216
2019-03-03 00:04:59 INFO     --> Processed: 5500; Average Time: 0.9992915499860591
2019-03-03 00:05:22 INFO     --> Processed: 5600; Average Time: 0.9854468876123428
2019-03-03 00:08:28 INFO     --> Processed: 5700; Average Time: 1.0009309198563558
2019-03-03 00:12:35 INFO     --> Processed: 5800; Average Time: 1.0261820940724735
2019-03-03 00:12:38 INFO     --> Processed: 5900; Average Time: 1.0093873959880764
2019-03-03 00:12:51 INFO     --> Processed: 6000; Average Time: 0.9947349437475205
2019-03-03 00:13:34 INFO     --> Processed: 6100; Average Time: 0.9854117035474934
2019-03-03 00:14:56 INFO     --> Processed: 6200; Average Time: 0.9827617900986825
2019-03-03 00:15:08 WARNING  [Exception] => [division by zero] - [FileSetID: 013], [FileID: 10.2307_41843940]
2019-03-03 00:16:07 INFO     --> Processed: 6300; Average Time: 0.9783306312939477
2019-03-03 00:17:41 WARNING  [Exception] => [division by zero] - [FileSetID: 013], [FileID: 10.2307_350679]
2019-03-03 00:17:45 INFO     --> Processed: 6400; Average Time: 0.978378408178687
2019-03-03 00:18:22 WARNING  [Exception] => [division by zero] - [FileSetID: 013], [FileID: 10.2307_41861524]
2019-03-03 00:21:01 INFO     --> Processed: 6500; Average Time: 0.9934943821980403
2019-03-03 00:22:48 INFO     --> Processed: 6600; Average Time: 0.9946870280395854
2019-03-03 00:23:21 WARNING  [Exception] => [division by zero] - [FileSetID: 013], [FileID: 10.2307_350621]
2019-03-03 00:24:46 INFO     --> Processed: 6700; Average Time: 0.9974113560790446
2019-03-03 00:26:04 INFO     --> Processed: 6800; Average Time: 0.9942346644401551
2019-03-03 00:26:30 WARNING  [Exception] => [division by zero] - [FileSetID: 013], [FileID: 10.2307_41844223]
2019-03-03 00:27:41 INFO     --> Processed: 6900; Average Time: 0.9938546487213908
2019-03-03 00:29:35 INFO     --> Processed: 7000; Average Time: 0.9960131012371608
2019-03-03 00:31:15 INFO     --> Processed: 7100; Average Time: 0.996072630412142
2019-03-03 00:32:54 INFO     --> Processed: 7200; Average Time: 0.9960310313105584
2019-03-03 00:34:51 WARNING  [Exception] => [division by zero] - [FileSetID: 013], [FileID: 10.2307_41336930]
2019-03-03 00:34:57 INFO     --> Processed: 7300; Average Time: 0.9991069924014888
2019-03-03 00:36:10 INFO     --> Processed: 7400; Average Time: 0.9954978095518576
2019-03-03 00:37:36 INFO     --> Processed: 7500; Average Time: 0.9937592322985331
2019-03-03 00:37:50 WARNING  [Exception] => [division by zero] - [FileSetID: 013], [FileID: 10.2307_43294414]
2019-03-03 00:40:37 INFO     --> Processed: 7600; Average Time: 1.0045257482403203
2019-03-03 00:41:01 INFO     --> Processed: 7700; Average Time: 0.9945099795948376
2019-03-03 00:41:26 WARNING  [Exception] => [division by zero] - [FileSetID: 013], [FileID: 10.2307_41844211]
2019-03-03 00:42:52 INFO     --> Processed: 7800; Average Time: 0.9960110096136728
2019-03-03 00:43:39 WARNING  [Exception] => [division by zero] - [FileSetID: 013], [FileID: 10.2307_44816248]
2019-03-03 00:44:16 INFO     --> Processed: 7900; Average Time: 0.9940796303145493
2019-03-03 00:45:50 INFO     --> Processed: 8000; Average Time: 0.9933984418213367
2019-03-03 00:47:25 INFO     --> Processed: 8100; Average Time: 0.9928004155629947
2019-03-03 00:48:40 WARNING  [Exception] => [division by zero] - [FileSetID: 013], [FileID: 10.2307_42843945]
2019-03-03 00:49:19 WARNING  [Exception] => [division by zero] - [FileSetID: 013], [FileID: 10.2307_24719432]
2019-03-03 00:49:40 INFO     --> Processed: 8200; Average Time: 0.9971837872121392
2019-03-03 00:52:54 INFO     --> Processed: 8300; Average Time: 1.0085608372343593
2019-03-03 00:52:55 INFO     --> Processed: 8400; Average Time: 0.9966678029298782
2019-03-03 00:53:21 WARNING  [Exception] => [division by zero] - [FileSetID: 013], [FileID: 10.2307_41843287]
2019-03-03 00:54:03 INFO     --> Processed: 8500; Average Time: 0.9929029610297259
2019-03-03 00:56:12 INFO     --> Processed: 8600; Average Time: 0.996385171829268
2019-03-03 00:56:34 WARNING  [Exception] => [division by zero] - [FileSetID: 013], [FileID: 10.2307_350700]
2019-03-03 00:56:57 INFO     --> Processed: 8700; Average Time: 0.9900761528672843
2019-03-03 00:58:53 INFO     --> Processed: 8800; Average Time: 0.9920380741357804
2019-03-03 01:00:19 INFO     --> Processed: 8900; Average Time: 0.9905668156334524
2019-03-03 01:01:44 INFO     --> Processed: 9000; Average Time: 0.9889469470712874
2019-03-03 01:03:17 WARNING  [Exception] => [division by zero] - [FileSetID: 013], [FileID: 10.2307_350685]
2019-03-03 01:03:35 INFO     --> Processed: 9100; Average Time: 0.9903457185200283
2019-03-03 01:05:04 INFO     --> Processed: 9200; Average Time: 0.9892135008003401
2019-03-03 01:06:36 INFO     --> Processed: 9300; Average Time: 0.9884351196083971
2019-03-03 01:09:24 INFO     --> Processed: 9400; Average Time: 0.9958596955968979
2019-03-03 01:10:57 INFO     --> Processed: 9500; Average Time: 0.9951868896484375
2019-03-03 01:11:35 INFO     --> Processed: 9600; Average Time: 0.9887678304314613
2019-03-03 01:14:24 INFO     --> Processed: 9700; Average Time: 0.9959449027002473
2019-03-03 01:15:28 INFO     --> Processed: 9800; Average Time: 0.9922906658357503
2019-03-03 01:19:02 INFO     --> Processed: 9900; Average Time: 1.0039232821416373
2019-03-03 01:19:03 INFO     --> Processed: 10000; Average Time: 0.9939730983257293
2019-03-03 01:20:33 INFO     --> Processed: 10100; Average Time: 0.993061703478936
2019-03-03 01:21:52 INFO     --> Processed: 10200; Average Time: 0.9911142301793192
2019-03-03 01:24:23 INFO     --> Processed: 10300; Average Time: 0.996095907803878
2019-03-03 01:25:22 WARNING  [Exception] => [division by zero] - [FileSetID: 013], [FileID: 10.2307_351522]
2019-03-03 01:26:10 INFO     --> Processed: 10400; Average Time: 0.9968484388635709
2019-03-03 01:26:40 INFO     --> Processed: 10500; Average Time: 0.9902213892028445
2019-03-03 01:27:46 WARNING  [Exception] => [division by zero] - [FileSetID: 013], [FileID: 10.2307_1387649]
2019-03-03 01:28:25 INFO     --> Processed: 10600; Average Time: 0.9907384190469418
2019-03-03 01:29:09 WARNING  [Exception] => [division by zero] - [FileSetID: 013], [FileID: 10.2307_23891713]
2019-03-03 01:30:13 INFO     --> Processed: 10700; Average Time: 0.9915497613176008
2019-03-03 01:30:48 WARNING  [Exception] => [division by zero] - [FileSetID: 013], [FileID: 10.2307_351525]
2019-03-03 01:31:38 INFO     --> Processed: 10800; Average Time: 0.9902832566808771
2019-03-03 01:34:00 INFO     --> Processed: 10900; Average Time: 0.9942191017002141
2019-03-03 01:34:40 WARNING  [Exception] => [division by zero] - [FileSetID: 013], [FileID: 10.2307_2083362]
2019-03-03 01:36:04 INFO     --> Processed: 11000; Average Time: 0.9964516424699263
2019-03-03 01:36:45 WARNING  [Exception] => [division by zero] - [FileSetID: 013], [FileID: 10.2307_41863053]
2019-03-03 01:37:11 INFO     --> Processed: 11100; Average Time: 0.9935484769322851
2019-03-03 01:37:42 WARNING  [Exception] => [division by zero] - [FileSetID: 013], [FileID: 10.2307_1387631]
2019-03-03 01:39:17 INFO     --> Processed: 11200; Average Time: 0.9958893315068313
2019-03-03 01:40:25 INFO     --> Processed: 11300; Average Time: 0.9931343383071697
2019-03-03 01:40:34 WARNING  [Exception] => [division by zero] - [FileSetID: 013], [FileID: 10.2307_41932079]
2019-03-03 01:41:50 INFO     --> Processed: 11400; Average Time: 0.9918666462521804
2019-03-03 01:43:46 INFO     --> Processed: 11500; Average Time: 0.9932719733611397
2019-03-03 01:46:44 INFO     --> Processed: 11600; Average Time: 1.0001082680965292
2019-03-03 01:47:11 INFO     --> Processed: 11700; Average Time: 0.9938391099424444
2019-03-03 01:48:17 WARNING  [Exception] => [division by zero] - [FileSetID: 013], [FileID: 10.2307_3069640]
2019-03-03 01:49:22 INFO     --> Processed: 11800; Average Time: 0.9965455612893832
2019-03-03 01:50:56 INFO     --> Processed: 11900; Average Time: 0.9960255624466583
2019-03-03 01:51:29 INFO     --> Processed: 12000; Average Time: 0.9904864993095398
2019-03-03 01:53:47 INFO     --> Processed: 12100; Average Time: 0.9937101135569171
2019-03-03 01:54:40 INFO     --> Processed: 12200; Average Time: 0.9898931517366503
2019-03-03 01:56:16 INFO     --> Processed: 12300; Average Time: 0.9896672291096633
2019-03-03 01:57:58 INFO     --> Processed: 12400; Average Time: 0.9899525514148897
2019-03-03 01:58:38 WARNING  [Exception] => [division by zero] - [FileSetID: 013], [FileID: 10.2307_42853223]
2019-03-03 01:59:48 INFO     --> Processed: 12500; Average Time: 0.9907877205085754
2019-03-03 02:03:50 WARNING  [Exception] => [division by zero] - [FileSetID: 013], [FileID: 10.2307_41842130]
2019-03-03 02:06:29 INFO     --> Processed: 12600; Average Time: 1.0147535750979468
2019-03-03 02:06:53 INFO     --> Processed: 12700; Average Time: 1.0086603563226113
2019-03-03 02:07:11 INFO     --> Processed: 12800; Average Time: 1.0022119249403476
2019-03-03 02:07:43 WARNING  [Exception] => [division by zero] - [FileSetID: 013], [FileID: 10.2307_41929335]
2019-03-03 02:07:59 INFO     --> Processed: 12900; Average Time: 0.9981283570999323
2019-03-03 02:08:11 WARNING  [Exception] => [division by zero] - [FileSetID: 013], [FileID: 10.1525_si.1997.20.2.cover]
2019-03-03 02:08:49 INFO     --> Processed: 13000; Average Time: 0.9942880425453186
2019-03-03 02:10:19 INFO     --> Processed: 13100; Average Time: 0.9935811964610151
2019-03-03 02:12:09 INFO     --> Processed: 13200; Average Time: 0.994373535784808
2019-03-03 02:12:46 WARNING  [Exception] => [division by zero] - [FileSetID: 013], [FileID: 10.2307_24047905]
2019-03-03 02:14:05 INFO     --> Processed: 13300; Average Time: 0.9956146381134378
2019-03-03 02:15:24 INFO     --> Processed: 13400; Average Time: 0.994073691243556
2019-03-03 02:17:21 INFO     --> Processed: 13500; Average Time: 0.9953934151154977
2019-03-03 02:20:50 INFO     --> Processed: 13600; Average Time: 1.0034566742883009
2019-03-03 02:21:27 INFO     --> Processed: 13700; Average Time: 0.9988480727167895
2019-03-03 02:22:02 INFO     --> Processed: 13800; Average Time: 0.9941612277687459
2019-03-03 02:23:49 INFO     --> Processed: 13900; Average Time: 0.9946854196521018
2019-03-03 02:25:06 WARNING  [Exception] => [division by zero] - [FileSetID: 013], [FileID: 10.2307_41800996]
2019-03-03 02:25:07 INFO     --> Processed: 14000; Average Time: 0.9931130495582308
2019-03-03 02:25:14 WARNING  [Exception] => [division by zero] - [FileSetID: 013], [FileID: 10.1525_si.1978.1.2.cover]
2019-03-03 02:26:39 INFO     --> Processed: 14100; Average Time: 0.9926218607070598
2019-03-03 02:28:34 INFO     --> Processed: 14200; Average Time: 0.9937288074090447
2019-03-03 02:28:35 WARNING  [Exception] => [division by zero] - [FileSetID: 013], [FileID: 10.2307_41845048]
2019-03-03 02:30:07 INFO     --> Processed: 14300; Average Time: 0.9932845567990016
2019-03-03 02:31:38 INFO     --> Processed: 14400; Average Time: 0.992689168834024
2019-03-03 02:32:40 WARNING  [Exception] => [division by zero] - [FileSetID: 013], [FileID: 10.2307_42852200]
2019-03-03 02:33:30 WARNING  [Exception] => [division by zero] - [FileSetID: 013], [FileID: 10.2307_24720919]
2019-03-03 02:33:43 INFO     --> Processed: 14500; Average Time: 0.9945119419591181
2019-03-03 02:34:06 INFO     --> Processed: 14600; Average Time: 0.9892345255531677
2019-03-03 02:36:28 INFO     --> Processed: 14700; Average Time: 0.9921754101182327
2019-03-03 02:37:24 INFO     --> Processed: 14800; Average Time: 0.9892214305497504
2019-03-03 02:38:00 WARNING  [Exception] => [division by zero] - [FileSetID: 013], [FileID: 10.2307_41484884]
2019-03-03 02:38:50 INFO     --> Processed: 14900; Average Time: 0.9883975259569667
2019-03-03 02:41:21 INFO     --> Processed: 15000; Average Time: 0.9918476166566212
2019-03-03 02:42:40 INFO     --> Processed: 15100; Average Time: 0.9905230229421956
2019-03-03 02:43:58 INFO     --> Processed: 15200; Average Time: 0.9891148375210009
2019-03-03 02:44:15 WARNING  [Exception] => [division by zero] - [FileSetID: 013], [FileID: 10.2307_2083368]
2019-03-03 02:46:58 INFO     --> Processed: 15300; Average Time: 0.9944349469234741
2019-03-03 02:47:37 INFO     --> Processed: 15400; Average Time: 0.9905036906143287
2019-03-03 02:49:23 INFO     --> Processed: 15500; Average Time: 0.9909773109805199
2019-03-03 02:53:10 INFO     --> Processed: 15600; Average Time: 0.9991506119569142
2019-03-03 02:53:15 INFO     --> Processed: 15700; Average Time: 0.993130382610734
2019-03-03 02:53:46 INFO     --> Processed: 15800; Average Time: 0.9887839852254602
2019-03-03 02:56:09 INFO     --> Processed: 15900; Average Time: 0.9915679914096617
2019-03-03 02:57:31 WARNING  [Exception] => [division by zero] - [FileSetID: 013], [FileID: 10.2307_23634594]
2019-03-03 02:58:11 INFO     --> Processed: 16000; Average Time: 0.9930142774432897
2019-03-03 02:59:04 INFO     --> Processed: 16100; Average Time: 0.9901241160919948
2019-03-03 03:00:50 INFO     --> Processed: 16200; Average Time: 0.9905797200879933
2019-03-03 03:02:33 INFO     --> Processed: 16300; Average Time: 0.9907942280740094
2019-03-03 03:04:28 INFO     --> Processed: 16400; Average Time: 0.991746873070554
2019-03-03 03:06:25 WARNING  [Exception] => [division by zero] - [FileSetID: 013], [FileID: 10.2307_41069897]
2019-03-03 03:06:54 INFO     --> Processed: 16500; Average Time: 0.9945976368875215
2019-03-03 03:07:28 INFO     --> Processed: 16600; Average Time: 0.9906643980669688
2019-03-03 03:08:42 INFO     --> Processed: 16700; Average Time: 0.9891672536141858
2019-03-03 03:10:39 INFO     --> Processed: 16800; Average Time: 0.9902324705180667
2019-03-03 03:12:52 INFO     --> Processed: 16900; Average Time: 0.9922662880293717
2019-03-03 03:14:12 WARNING  [Exception] => [division by zero] - [FileSetID: 013], [FileID: 10.2307_41068340]
2019-03-03 03:14:38 INFO     --> Processed: 17000; Average Time: 0.9926500410893384
2019-03-03 03:16:02 INFO     --> Processed: 17100; Average Time: 0.9917273590439244
2019-03-03 03:17:38 INFO     --> Processed: 17200; Average Time: 0.9915726310014725
2019-03-03 03:19:07 INFO     --> Processed: 17300; Average Time: 0.9909617441789264
2019-03-03 03:21:54 INFO     --> Processed: 17400; Average Time: 0.994864848811051
2019-03-03 03:23:00 INFO     --> Processed: 17500; Average Time: 0.9929719653538295
2019-03-03 03:24:22 INFO     --> Processed: 17600; Average Time: 0.9919959150119261
2019-03-03 03:24:43 WARNING  [Exception] => [division by zero] - [FileSetID: 013], [FileID: 10.2307_43956320]
2019-03-03 03:25:23 WARNING  [Exception] => [division by zero] - [FileSetID: 013], [FileID: 10.2307_41800729]
2019-03-03 03:26:09 WARNING  [Exception] => [division by zero] - [FileSetID: 013], [FileID: 10.2307_23893723]
2019-03-03 03:26:14 INFO     --> Processed: 17700; Average Time: 0.992707754083946
2019-03-03 03:27:21 WARNING  [Exception] => [division by zero] - [FileSetID: 013], [FileID: 10.2307_41555190]
2019-03-03 03:29:21 INFO     --> Processed: 17800; Average Time: 0.9976428577739201
2019-03-03 03:29:28 INFO     --> Processed: 17900; Average Time: 0.9924363638302467
2019-03-03 03:30:45 INFO     --> Processed: 18000; Average Time: 0.991202205631468
2019-03-03 03:32:57 WARNING  [Exception] => [division by zero] - [FileSetID: 013], [FileID: 10.2307_41068047]
2019-03-03 03:33:02 INFO     --> Processed: 18100; Average Time: 0.9933339503193428
2019-03-03 03:33:53 INFO     --> Processed: 18200; Average Time: 0.9906642466587025
2019-03-03 03:38:12 WARNING  [Exception] => [division by zero] - [FileSetID: 013], [FileID: 10.2307_41132976]
2019-03-03 03:39:53 WARNING  [Exception] => [division by zero] - [FileSetID: 013], [FileID: 10.2307_41960221]
2019-03-03 03:42:08 INFO     --> Processed: 18300; Average Time: 1.0122997481835996
2019-03-03 03:42:09 INFO     --> Processed: 18400; Average Time: 1.0068464265051096
2019-03-03 03:42:10 INFO     --> Processed: 18500; Average Time: 1.0014487672754235
2019-03-03 03:42:11 INFO     --> Processed: 18600; Average Time: 0.9961096983827571
2019-03-03 03:48:00 INFO     --> Processed: 18700; Average Time: 1.009456479141419
2019-03-03 03:48:11 INFO     --> Processed: 18800; Average Time: 1.0046629328676995
2019-03-03 03:48:32 INFO     --> Processed: 18900; Average Time: 1.0004970341258579
2019-03-03 03:48:58 INFO     --> Processed: 19000; Average Time: 0.9965598185062409
2019-03-03 03:49:35 WARNING  [Exception] => [division by zero] - [FileSetID: 013], [FileID: 10.2307_351520]
2019-03-03 03:49:59 INFO     --> Processed: 19100; Average Time: 0.9945437579878962
2019-03-03 03:50:59 INFO     --> Processed: 19200; Average Time: 0.9924972061440349
2019-03-03 03:53:15 INFO     --> Processed: 19300; Average Time: 0.994390883791632
2019-03-03 03:53:39 INFO     --> Processed: 19400; Average Time: 0.9904983686540545
2019-03-03 03:55:17 INFO     --> Processed: 19500; Average Time: 0.9904672601895455
2019-03-03 03:57:39 INFO     --> Processed: 19600; Average Time: 0.9926471470205152
2019-03-03 03:58:49 WARNING  [Exception] => [division by zero] - [FileSetID: 013], [FileID: 10.2307_43294548]
2019-03-03 03:58:53 INFO     --> Processed: 19700; Average Time: 0.9913896680241309
2019-03-03 04:00:08 INFO     --> Processed: 19800; Average Time: 0.9901576955872353
2019-03-03 04:02:00 WARNING  [Exception] => [division by zero] - [FileSetID: 013], [FileID: 10.2307_41959969]
2019-03-03 04:02:23 INFO     --> Processed: 19900; Average Time: 0.9919466311608127
2019-03-03 04:03:50 INFO     --> Processed: 20000; Average Time: 0.9913576224684715
2019-03-03 04:05:09 INFO     --> Processed: 20100; Average Time: 0.9903417128591395
2019-03-03 04:06:28 INFO     --> Processed: 20200; Average Time: 0.9893768198537355
2019-03-03 04:07:51 INFO     --> Processed: 20300; Average Time: 0.9885654366192559
2019-03-03 04:09:47 INFO     --> Processed: 20400; Average Time: 0.9894257694365931
2019-03-03 04:12:34 WARNING  [Exception] => [division by zero] - [FileSetID: 013], [FileID: 10.2307_24175976]
2019-03-03 04:12:35 INFO     --> Processed: 20500; Average Time: 0.9927944849874916
2019-03-03 04:12:57 INFO     --> Processed: 20600; Average Time: 0.9890022300516518
2019-03-03 04:13:13 WARNING  [Exception] => [division by zero] - [FileSetID: 013], [FileID: 10.2307_41554419]
2019-03-03 04:14:14 INFO     --> Processed: 20700; Average Time: 0.9879486052080053
2019-03-03 04:16:28 INFO     --> Processed: 20800; Average Time: 0.9896430396689818
2019-03-03 04:16:39 WARNING  [Exception] => [division by zero] - [FileSetID: 013], [FileID: 10.2307_41861859]
2019-03-03 04:17:18 WARNING  [Exception] => [division by zero] - [FileSetID: 013], [FileID: 10.2307_24175834]
2019-03-03 04:17:42 INFO     --> Processed: 20900; Average Time: 0.9884619063966011
2019-03-03 04:20:16 INFO     --> Processed: 21000; Average Time: 0.9910863468760536
