2019-03-02 22:14:26 INFO     DB Reset Command Received
2019-03-02 22:14:26 INFO     Please input authorization code: 
2019-03-02 22:14:29 WARNING  [Exception] => [no such table: map_result]
2019-03-02 22:14:29 INFO     Table Init Success
2019-03-02 22:14:29 INFO     Connecting to DB
2019-03-02 22:14:29 INFO     Processing Mapping
2019-03-02 22:14:29 INFO     Loading File Set: [010]
2019-03-02 22:14:29 INFO     --> Total Files [29225]
2019-03-02 22:14:29 INFO     Async Processing
2019-03-02 22:14:30 INFO     Collecting Results
2019-03-02 22:15:27 WARNING  [Exception] => [division by zero] - [FileSetID: 010], [FileID: 10.2307_351942]
2019-03-02 22:16:44 WARNING  [Exception] => [division by zero] - [FileSetID: 010], [FileID: 10.2307_351512]
2019-03-02 22:17:55 INFO     --> Processed: 100; Average Time: 2.0486357593536377
2019-03-02 22:20:06 INFO     --> Processed: 200; Average Time: 1.6809259045124054
2019-03-02 22:20:22 INFO     --> Processed: 300; Average Time: 1.173616698582967
2019-03-02 22:22:44 INFO     --> Processed: 400; Average Time: 1.2356161522865294
2019-03-02 22:24:29 INFO     --> Processed: 500; Average Time: 1.1977789430618286
2019-03-02 22:25:54 INFO     --> Processed: 600; Average Time: 1.1407831939061484
2019-03-02 22:26:24 WARNING  [Exception] => [division by zero] - [FileSetID: 010], [FileID: 10.2307_41274570]
2019-03-02 22:27:41 INFO     --> Processed: 700; Average Time: 1.129631211417062
2019-03-02 22:28:19 INFO     --> Processed: 800; Average Time: 1.035705587863922
2019-03-02 22:30:04 INFO     --> Processed: 900; Average Time: 1.0373086796866522
2019-03-02 22:31:42 WARNING  [Exception] => [division by zero] - [FileSetID: 010], [FileID: 10.2307_41484808]
2019-03-02 22:31:45 INFO     --> Processed: 1000; Average Time: 1.0349325168132781
2019-03-02 22:34:20 INFO     --> Processed: 1100; Average Time: 1.082249738519842
2019-03-02 22:37:22 INFO     --> Processed: 1200; Average Time: 1.1429902996619543
2019-03-02 22:37:22 INFO     --> Processed: 1300; Average Time: 1.0557302662042471
2019-03-02 22:39:07 INFO     --> Processed: 1400; Average Time: 1.055236791712897
2019-03-02 22:39:49 WARNING  [Exception] => [division by zero] - [FileSetID: 010], [FileID: 10.2307_41845229]
2019-03-02 22:40:33 INFO     --> Processed: 1500; Average Time: 1.0422909460067749
2019-03-02 22:42:27 INFO     --> Processed: 1600; Average Time: 1.0480825759470462
2019-03-02 22:44:43 INFO     --> Processed: 1700; Average Time: 1.0664889722711899
2019-03-02 22:46:41 INFO     --> Processed: 1800; Average Time: 1.0726743091477289
2019-03-02 22:47:55 INFO     --> Processed: 1900; Average Time: 1.05532296720304
2019-03-02 22:50:16 INFO     --> Processed: 2000; Average Time: 1.072826819062233
2019-03-02 22:50:19 INFO     --> Processed: 2100; Average Time: 1.0232103830292112
2019-03-02 22:52:39 WARNING  [Exception] => [division by zero] - [FileSetID: 010], [FileID: 10.2307_43294440]
2019-03-02 22:53:31 INFO     --> Processed: 2200; Average Time: 1.064288460449739
2019-03-02 22:53:43 INFO     --> Processed: 2300; Average Time: 1.0231462869436845
2019-03-02 22:54:44 INFO     --> Processed: 2400; Average Time: 1.0056403019030888
2019-03-02 22:56:13 INFO     --> Processed: 2500; Average Time: 1.0010551888465882
2019-03-02 22:57:53 INFO     --> Processed: 2600; Average Time: 1.0011433405142565
2019-03-02 22:59:43 INFO     --> Processed: 2700; Average Time: 1.0048331343686139
2019-03-02 23:00:58 INFO     --> Processed: 2800; Average Time: 0.9958856033427375
2019-03-02 23:02:28 WARNING  [Exception] => [division by zero] - [FileSetID: 010], [FileID: 10.2307_41131135]
2019-03-02 23:03:04 INFO     --> Processed: 2900; Average Time: 1.004861173958614
2019-03-02 23:04:38 INFO     --> Processed: 3000; Average Time: 1.0026627083619435
2019-03-02 23:05:41 INFO     --> Processed: 3100; Average Time: 0.9907964416473143
2019-03-02 23:07:25 INFO     --> Processed: 3200; Average Time: 0.9921195254474878
2019-03-02 23:08:55 INFO     --> Processed: 3300; Average Time: 0.9893085580883604
2019-03-02 23:10:19 INFO     --> Processed: 3400; Average Time: 0.9849425661563873
2019-03-02 23:11:04 WARNING  [Exception] => [division by zero] - [FileSetID: 010], [FileID: 10.2307_44817435]
2019-03-02 23:11:23 INFO     --> Processed: 3500; Average Time: 0.9750876327242171
2019-03-02 23:13:29 INFO     --> Processed: 3600; Average Time: 0.9830219473441442
2019-03-02 23:14:45 INFO     --> Processed: 3700; Average Time: 0.9770917793222376
2019-03-02 23:16:44 INFO     --> Processed: 3800; Average Time: 0.9825765592173527
2019-03-02 23:18:04 INFO     --> Processed: 3900; Average Time: 0.9780176712916447
2019-03-02 23:18:21 WARNING  [Exception] => [division by zero] - [FileSetID: 010], [FileID: 10.2307_41844948]
2019-03-02 23:19:50 INFO     --> Processed: 4000; Average Time: 0.9799568979144097
2019-03-02 23:19:54 WARNING  [Exception] => [division by zero] - [FileSetID: 010], [FileID: 10.2307_41842932]
2019-03-02 23:21:10 INFO     --> Processed: 4100; Average Time: 0.9756981384463427
2019-03-02 23:23:06 INFO     --> Processed: 4200; Average Time: 0.9800604403586615
2019-03-02 23:24:34 INFO     --> Processed: 4300; Average Time: 0.9776141125656838
2019-03-02 23:25:11 INFO     --> Processed: 4400; Average Time: 0.9639394088224931
2019-03-02 23:26:34 INFO     --> Processed: 4500; Average Time: 0.9609135077794393
2019-03-02 23:30:38 INFO     --> Processed: 4600; Average Time: 0.9929769337177277
2019-03-02 23:30:39 INFO     --> Processed: 4700; Average Time: 0.9720383077479423
2019-03-02 23:31:43 INFO     --> Processed: 4800; Average Time: 0.9653075824181239
2019-03-02 23:33:17 INFO     --> Processed: 4900; Average Time: 0.964657513900679
2019-03-02 23:34:13 WARNING  [Exception] => [division by zero] - [FileSetID: 010], [FileID: 10.2307_43697710]
2019-03-02 23:34:44 INFO     --> Processed: 5000; Average Time: 0.9628316668987275
2019-03-02 23:35:01 WARNING  [Exception] => [division by zero] - [FileSetID: 010], [FileID: 10.2307_44815673]
2019-03-02 23:36:21 INFO     --> Processed: 5100; Average Time: 0.962944055819044
2019-03-02 23:38:27 INFO     --> Processed: 5200; Average Time: 0.9686479237904916
2019-03-02 23:39:36 INFO     --> Processed: 5300; Average Time: 0.9633856288891919
2019-03-02 23:40:59 INFO     --> Processed: 5400; Average Time: 0.9608775368884758
2019-03-02 23:41:41 WARNING  [Exception] => [division by zero] - [FileSetID: 010], [FileID: 10.2307_2391189]
2019-03-02 23:42:44 WARNING  [Exception] => [division by zero] - [FileSetID: 010], [FileID: 10.2307_41495227]
2019-03-02 23:42:54 INFO     --> Processed: 5500; Average Time: 0.964374871600758
2019-03-02 23:44:45 WARNING  [Exception] => [division by zero] - [FileSetID: 010], [FileID: 10.2307_43497842]
2019-03-02 23:45:06 INFO     --> Processed: 5600; Average Time: 0.9707016049964088
2019-03-02 23:47:02 INFO     --> Processed: 5700; Average Time: 0.9740162582564772
2019-03-02 23:49:16 WARNING  [Exception] => [division by zero] - [FileSetID: 010], [FileID: 10.2307_41490008]
2019-03-02 23:49:29 WARNING  [Exception] => [division by zero] - [FileSetID: 010], [FileID: 10.2307_42844807]
2019-03-02 23:49:44 INFO     --> Processed: 5800; Average Time: 0.9852249126187687
2019-03-02 23:51:17 INFO     --> Processed: 5900; Average Time: 0.9843118645377078
2019-03-02 23:51:38 WARNING  [Exception] => [division by zero] - [FileSetID: 010], [FileID: 10.2307_44815773]
2019-03-02 23:51:52 WARNING  [Exception] => [division by zero] - [FileSetID: 010], [FileID: 10.2307_41484667]
2019-03-02 23:52:19 INFO     --> Processed: 6000; Average Time: 0.9781904552380244
2019-03-02 23:53:50 INFO     --> Processed: 6100; Average Time: 0.9770783837896878
2019-03-02 23:55:27 INFO     --> Processed: 6200; Average Time: 0.9769104949505099
2019-03-02 23:56:15 INFO     --> Processed: 6300; Average Time: 0.9690766137365311
2019-03-02 23:58:41 INFO     --> Processed: 6400; Average Time: 0.9767926364764571
2019-03-02 23:59:30 INFO     --> Processed: 6500; Average Time: 0.9693030993755047
2019-03-03 00:00:31 INFO     --> Processed: 6600; Average Time: 0.9637340028358228
2019-03-03 00:01:04 WARNING  [Exception] => [division by zero] - [FileSetID: 010], [FileID: 10.2307_41844767]
2019-03-03 00:02:25 INFO     --> Processed: 6700; Average Time: 0.9664930551799376
2019-03-03 00:03:32 INFO     --> Processed: 6800; Average Time: 0.9620080764854656
2019-03-03 00:04:47 INFO     --> Processed: 6900; Average Time: 0.9590424101594566
2019-03-03 00:06:23 INFO     --> Processed: 7000; Average Time: 0.9589591965334756
2019-03-03 00:08:11 WARNING  [Exception] => [division by zero] - [FileSetID: 010], [FileID: 10.2307_23746070]
2019-03-03 00:08:27 INFO     --> Processed: 7100; Average Time: 0.9629662997621885
2019-03-03 00:10:12 INFO     --> Processed: 7200; Average Time: 0.9642068689068158
2019-03-03 00:11:18 INFO     --> Processed: 7300; Average Time: 0.9599438352780799
2019-03-03 00:12:41 WARNING  [Exception] => [division by zero] - [FileSetID: 010], [FileID: 10.2307_42854183]
2019-03-03 00:12:53 WARNING  [Exception] => [division by zero] - [FileSetID: 010], [FileID: 10.2307_26196666]
2019-03-03 00:12:57 WARNING  [Exception] => [division by zero] - [FileSetID: 010], [FileID: 10.2307_351949]
2019-03-03 00:13:02 INFO     --> Processed: 7400; Average Time: 0.9610323685890919
2019-03-03 00:14:42 INFO     --> Processed: 7500; Average Time: 0.9615626493453979
2019-03-03 00:15:34 WARNING  [Exception] => [division by zero] - [FileSetID: 010], [FileID: 10.2307_41844696]
2019-03-03 00:16:39 INFO     --> Processed: 7600; Average Time: 0.9642989814281464
2019-03-03 00:18:33 INFO     --> Processed: 7700; Average Time: 0.9665710109240049
2019-03-03 00:19:52 INFO     --> Processed: 7800; Average Time: 0.9642982946603726
2019-03-03 00:20:25 WARNING  [Exception] => [division by zero] - [FileSetID: 010], [FileID: 10.2307_41555219]
2019-03-03 00:21:16 INFO     --> Processed: 7900; Average Time: 0.9627493940124029
2019-03-03 00:22:50 WARNING  [Exception] => [division by zero] - [FileSetID: 010], [FileID: 10.2307_42843845]
2019-03-03 00:23:20 WARNING  [Exception] => [division by zero] - [FileSetID: 010], [FileID: 10.2307_44816956]
2019-03-03 00:24:29 INFO     --> Processed: 8000; Average Time: 0.974884350836277
2019-03-03 00:24:34 INFO     --> Processed: 8100; Average Time: 0.9634932856795229
2019-03-03 00:26:06 INFO     --> Processed: 8200; Average Time: 0.9629036950192801
2019-03-03 00:27:07 WARNING  [Exception] => [division by zero] - [FileSetID: 010], [FileID: 10.2307_43294404]
2019-03-03 00:27:56 INFO     --> Processed: 8300; Average Time: 0.9645837006224207
2019-03-03 00:29:40 WARNING  [Exception] => [division by zero] - [FileSetID: 010], [FileID: 10.2307_41844501]
2019-03-03 00:30:11 INFO     --> Processed: 8400; Average Time: 0.9691236883969534
2019-03-03 00:31:38 INFO     --> Processed: 8500; Average Time: 0.9680198233548333
2019-03-03 00:32:34 WARNING  [Exception] => [division by zero] - [FileSetID: 010], [FileID: 10.2307_41484763]
2019-03-03 00:34:59 INFO     --> Processed: 8600; Average Time: 0.9800932823779971
2019-03-03 00:35:13 WARNING  [Exception] => [division by zero] - [FileSetID: 010], [FileID: 10.2307_353319]
2019-03-03 00:35:33 INFO     --> Processed: 8700; Average Time: 0.972800878683726
2019-03-03 00:36:59 INFO     --> Processed: 8800; Average Time: 0.9715273477543485
2019-03-03 00:38:29 INFO     --> Processed: 8900; Average Time: 0.9706267323118917
2019-03-03 00:41:15 INFO     --> Processed: 9000; Average Time: 0.9782912446392907
2019-03-03 00:41:34 INFO     --> Processed: 9100; Average Time: 0.9696951835234087
2019-03-03 00:42:48 WARNING  [Exception] => [division by zero] - [FileSetID: 010], [FileID: 10.2307_351523]
2019-03-03 00:43:26 WARNING  [Exception] => [division by zero] - [FileSetID: 010], [FileID: 10.2307_43294943]
2019-03-03 00:43:52 INFO     --> Processed: 9200; Average Time: 0.9741450519924578
2019-03-03 00:44:16 WARNING  [Exception] => [division by zero] - [FileSetID: 010], [FileID: 10.2307_2083365]
2019-03-03 00:45:41 INFO     --> Processed: 9300; Average Time: 0.9754057340724493
2019-03-03 00:47:57 INFO     --> Processed: 9400; Average Time: 0.9794941379415228
2019-03-03 00:48:03 INFO     --> Processed: 9500; Average Time: 0.9697400534529435
2019-03-03 00:48:45 WARNING  [Exception] => [division by zero] - [FileSetID: 010], [FileID: 10.2307_41328601]
2019-03-03 00:49:32 INFO     --> Processed: 9600; Average Time: 0.9689325504998366
2019-03-03 00:51:18 INFO     --> Processed: 9700; Average Time: 0.9699069520616039
2019-03-03 00:51:19 WARNING  [Exception] => [division by zero] - [FileSetID: 010], [FileID: 10.2307_41844706]
2019-03-03 00:53:55 INFO     --> Processed: 9800; Average Time: 0.976043787148534
2019-03-03 00:54:38 INFO     --> Processed: 9900; Average Time: 0.9704973815667509
2019-03-03 00:55:26 INFO     --> Processed: 10000; Average Time: 0.9655818638324738
2019-03-03 00:56:10 WARNING  [Exception] => [division by zero] - [FileSetID: 010], [FileID: 10.2307_43294508]
2019-03-03 00:56:53 INFO     --> Processed: 10100; Average Time: 0.9646836074508063
2019-03-03 00:57:33 WARNING  [Exception] => [division by zero] - [FileSetID: 010], [FileID: 10.2307_1385047]
2019-03-03 00:59:06 INFO     --> Processed: 10200; Average Time: 0.9681919474695243
2019-03-03 01:00:48 INFO     --> Processed: 10300; Average Time: 0.9687635006950897
2019-03-03 01:00:57 WARNING  [Exception] => [division by zero] - [FileSetID: 010], [FileID: 10.2307_42861266]
2019-03-03 01:01:55 INFO     --> Processed: 10400; Average Time: 0.9658653287245678
2019-03-03 01:03:42 INFO     --> Processed: 10500; Average Time: 0.9669043520064581
2019-03-03 01:05:07 INFO     --> Processed: 10600; Average Time: 0.9657961688626487
2019-03-03 01:07:53 INFO     --> Processed: 10700; Average Time: 0.9722336286696318
2019-03-03 01:08:32 INFO     --> Processed: 10800; Average Time: 0.9668389375342263
2019-03-03 01:09:16 WARNING  [Exception] => [division by zero] - [FileSetID: 010], [FileID: 10.2307_23891535]
2019-03-03 01:09:46 INFO     --> Processed: 10900; Average Time: 0.9647531641076464
2019-03-03 01:11:23 INFO     --> Processed: 11000; Average Time: 0.96481145585667
2019-03-03 01:14:17 INFO     --> Processed: 11100; Average Time: 0.9718194810979001
2019-03-03 01:14:23 INFO     --> Processed: 11200; Average Time: 0.9636864111466067
2019-03-03 01:14:36 WARNING  [Exception] => [division by zero] - [FileSetID: 010], [FileID: 10.2307_2083372]
2019-03-03 01:16:27 INFO     --> Processed: 11300; Average Time: 0.9661469084604651
2019-03-03 01:18:55 INFO     --> Processed: 11400; Average Time: 0.970572625607775
2019-03-03 01:18:55 INFO     --> Processed: 11500; Average Time: 0.9622182071727255
2019-03-03 01:20:30 INFO     --> Processed: 11600; Average Time: 0.9621077093584784
2019-03-03 01:22:22 INFO     --> Processed: 11700; Average Time: 0.9634614811595689
2019-03-03 01:24:46 INFO     --> Processed: 11800; Average Time: 0.9674710657839047
2019-03-03 01:25:22 INFO     --> Processed: 11900; Average Time: 0.9623428424266206
2019-03-03 01:27:10 INFO     --> Processed: 12000; Average Time: 0.963344521244367
2019-03-03 01:28:19 INFO     --> Processed: 12100; Average Time: 0.9611115500355555
2019-03-03 01:29:59 INFO     --> Processed: 12200; Average Time: 0.9614228695924165
2019-03-03 01:32:53 INFO     --> Processed: 12300; Average Time: 0.9677573292236018
2019-03-03 01:33:25 INFO     --> Processed: 12400; Average Time: 0.9624782948916958
2019-03-03 01:34:47 INFO     --> Processed: 12500; Average Time: 0.9613726781272888
2019-03-03 01:37:17 INFO     --> Processed: 12600; Average Time: 0.9656208754721142
2019-03-03 01:38:32 INFO     --> Processed: 12700; Average Time: 0.9639638558522923
2019-03-03 01:40:15 INFO     --> Processed: 12800; Average Time: 0.9644177632406354
2019-03-03 01:42:27 INFO     --> Processed: 12900; Average Time: 0.967206598825233
2019-03-03 01:42:47 INFO     --> Processed: 13000; Average Time: 0.9613095232706803
2019-03-03 01:44:41 INFO     --> Processed: 13100; Average Time: 0.9626373734546981
2019-03-03 01:48:14 INFO     --> Processed: 13200; Average Time: 0.971486740455483
2019-03-03 01:48:51 WARNING  [Exception] => [division by zero] - [FileSetID: 010], [FileID: 10.2307_43481359]
2019-03-03 01:49:09 INFO     --> Processed: 13300; Average Time: 0.9683820390163508
2019-03-03 01:49:12 INFO     --> Processed: 13400; Average Time: 0.961374084273381
2019-03-03 01:51:18 WARNING  [Exception] => [division by zero] - [FileSetID: 010], [FileID: 10.2307_41623135]
2019-03-03 01:52:22 INFO     --> Processed: 13500; Average Time: 0.9682761982635215
2019-03-03 01:53:21 INFO     --> Processed: 13600; Average Time: 0.9655150174743989
2019-03-03 01:53:49 WARNING  [Exception] => [division by zero] - [FileSetID: 010], [FileID: 10.2307_3011378]
2019-03-03 01:55:15 INFO     --> Processed: 13700; Average Time: 0.9667579705523749
2019-03-03 01:55:35 INFO     --> Processed: 13800; Average Time: 0.9612241856948189
2019-03-03 01:58:59 INFO     --> Processed: 13900; Average Time: 0.9690190701862034
2019-03-03 01:59:18 WARNING  [Exception] => [division by zero] - [FileSetID: 010], [FileID: 10.2307_23893988]
2019-03-03 01:59:41 WARNING  [Exception] => [division by zero] - [FileSetID: 010], [FileID: 10.2307_41069865]
2019-03-03 02:00:24 WARNING  [Exception] => [division by zero] - [FileSetID: 010], [FileID: 10.2307_42843924]
2019-03-03 02:00:35 INFO     --> Processed: 14000; Average Time: 0.9689062387772969
2019-03-03 02:01:13 INFO     --> Processed: 14100; Average Time: 0.9647371251870555
2019-03-03 02:03:05 INFO     --> Processed: 14200; Average Time: 0.9658292668805996
2019-03-03 02:04:49 INFO     --> Processed: 14300; Average Time: 0.9663888550971771
2019-03-03 02:05:39 INFO     --> Processed: 14400; Average Time: 0.9630936861866051
2019-03-03 02:06:21 WARNING  [Exception] => [division by zero] - [FileSetID: 010], [FileID: 10.2307_2083359]
2019-03-03 02:06:48 WARNING  [Exception] => [division by zero] - [FileSetID: 010], [FileID: 10.2307_42869261]
2019-03-03 02:07:13 INFO     --> Processed: 14500; Average Time: 0.9629387753420863
2019-03-03 02:10:52 WARNING  [Exception] => [division by zero] - [FileSetID: 010], [FileID: 10.2307_42853018]
2019-03-03 02:11:22 INFO     --> Processed: 14600; Average Time: 0.9734445351117278
2019-03-03 02:11:23 INFO     --> Processed: 14700; Average Time: 0.9668844837396323
2019-03-03 02:11:55 INFO     --> Processed: 14800; Average Time: 0.9625266978386287
2019-03-03 02:13:36 INFO     --> Processed: 14900; Average Time: 0.9628497742966518
2019-03-03 02:13:47 WARNING  [Exception] => [division by zero] - [FileSetID: 010], [FileID: 10.2307_1387647]
2019-03-03 02:21:50 WARNING  [Exception] => [division by zero] - [FileSetID: 010], [FileID: 10.2307_30302198]
2019-03-03 02:22:34 WARNING  [Exception] => [division by zero] - [FileSetID: 010], [FileID: 10.2307_41845383]
2019-03-03 02:23:05 INFO     --> Processed: 15000; Average Time: 0.9943424413363139
2019-03-03 02:23:38 INFO     --> Processed: 15100; Average Time: 0.989962517425714
2019-03-03 02:24:05 INFO     --> Processed: 15200; Average Time: 0.9852256567697776
2019-03-03 02:24:21 INFO     --> Processed: 15300; Average Time: 0.9798169293746449
2019-03-03 02:24:46 WARNING  [Exception] => [division by zero] - [FileSetID: 010], [FileID: 10.2307_2083364]
2019-03-03 02:24:51 INFO     --> Processed: 15400; Average Time: 0.9754082743997697
2019-03-03 02:25:14 INFO     --> Processed: 15500; Average Time: 0.9706098196429591
2019-03-03 02:26:35 INFO     --> Processed: 15600; Average Time: 0.969579074260516
2019-03-03 02:27:54 INFO     --> Processed: 15700; Average Time: 0.968434917547141
2019-03-03 02:28:35 INFO     --> Processed: 15800; Average Time: 0.9648443144937104
2019-03-03 02:30:14 INFO     --> Processed: 15900; Average Time: 0.96503408039141
2019-03-03 02:32:10 INFO     --> Processed: 16000; Average Time: 0.9662388868778944
2019-03-03 02:33:28 WARNING  [Exception] => [division by zero] - [FileSetID: 010], [FileID: 10.2307_44815791]
2019-03-03 02:34:02 INFO     --> Processed: 16100; Average Time: 0.9671899597096888
2019-03-03 02:35:16 INFO     --> Processed: 16200; Average Time: 0.9658180764869407
2019-03-03 02:37:24 INFO     --> Processed: 16300; Average Time: 0.9677134816778218
2019-03-03 02:38:39 INFO     --> Processed: 16400; Average Time: 0.9664071789747332
2019-03-03 02:38:51 WARNING  [Exception] => [division by zero] - [FileSetID: 010], [FileID: 10.2307_41514464]
2019-03-03 02:40:11 INFO     --> Processed: 16500; Average Time: 0.9660950078530746
2019-03-03 02:40:19 WARNING  [Exception] => [division by zero] - [FileSetID: 010], [FileID: 10.2307_41800785]
2019-03-03 02:41:35 INFO     --> Processed: 16600; Average Time: 0.9653785243953567
2019-03-03 02:43:06 INFO     --> Processed: 16700; Average Time: 0.9650211979529101
2019-03-03 02:44:07 WARNING  [Exception] => [division by zero] - [FileSetID: 010], [FileID: 10.2307_41554698]
2019-03-03 02:45:07 INFO     --> Processed: 16800; Average Time: 0.9664965953713371
2019-03-03 02:46:25 INFO     --> Processed: 16900; Average Time: 0.9654076936259072
2019-03-03 02:47:31 INFO     --> Processed: 17000; Average Time: 0.9635968433969161
2019-03-03 02:48:47 WARNING  [Exception] => [division by zero] - [FileSetID: 010], [FileID: 10.2307_41845165]
2019-03-03 02:50:25 INFO     --> Processed: 17100; Average Time: 0.968122509250864
2019-03-03 02:51:17 INFO     --> Processed: 17200; Average Time: 0.9655073326826096
2019-03-03 02:52:41 WARNING  [Exception] => [division by zero] - [FileSetID: 010], [FileID: 10.2307_42844273]
2019-03-03 02:53:01 WARNING  [Exception] => [division by zero] - [FileSetID: 010], [FileID: 10.2307_20851541]
2019-03-03 02:53:16 INFO     --> Processed: 17300; Average Time: 0.9668281291399388
2019-03-03 02:54:06 INFO     --> Processed: 17400; Average Time: 0.9641573891420474
2019-03-03 02:56:08 INFO     --> Processed: 17500; Average Time: 0.9655899811063494
2019-03-03 02:59:09 INFO     --> Processed: 17600; Average Time: 0.9704273242706603
2019-03-03 02:59:19 INFO     --> Processed: 17700; Average Time: 0.9654640735071258
2019-03-03 02:59:51 WARNING  [Exception] => [division by zero] - [FileSetID: 010], [FileID: 10.2307_23618937]
2019-03-03 03:00:21 WARNING  [Exception] => [division by zero] - [FileSetID: 010], [FileID: 10.2307_1385063]
2019-03-03 03:01:07 INFO     --> Processed: 17800; Average Time: 0.9661492854959509
2019-03-03 03:02:28 INFO     --> Processed: 17900; Average Time: 0.9652290852908981
2019-03-03 03:04:14 INFO     --> Processed: 18000; Average Time: 0.9657554295725292
2019-03-03 03:05:17 INFO     --> Processed: 18100; Average Time: 0.9639303923575259
2019-03-03 03:07:00 INFO     --> Processed: 18200; Average Time: 0.96427850487468
2019-03-03 03:08:21 INFO     --> Processed: 18300; Average Time: 0.9634358229793486
2019-03-03 03:10:51 INFO     --> Processed: 18400; Average Time: 0.966357855408088
2019-03-03 03:11:47 INFO     --> Processed: 18500; Average Time: 0.96416122685252
2019-03-03 03:13:16 INFO     --> Processed: 18600; Average Time: 0.9637739787306837
2019-03-03 03:15:14 INFO     --> Processed: 18700; Average Time: 0.9649141951168285
2019-03-03 03:18:10 INFO     --> Processed: 18800; Average Time: 0.9691740950498176
2019-03-03 03:19:02 INFO     --> Processed: 18900; Average Time: 0.9667897615104756
2019-03-03 03:19:32 WARNING  [Exception] => [division by zero] - [FileSetID: 010], [FileID: 10.2307_monthlylaborrev.2013.03.031]
2019-03-03 03:19:41 INFO     --> Processed: 19000; Average Time: 0.9637332179420873
2019-03-03 03:20:56 INFO     --> Processed: 19100; Average Time: 0.9626010190504384
2019-03-03 03:22:51 INFO     --> Processed: 19200; Average Time: 0.9635724655290445
2019-03-03 03:26:19 INFO     --> Processed: 19300; Average Time: 0.9693648514352314
2019-03-03 03:26:30 INFO     --> Processed: 19400; Average Time: 0.964931233850951
2019-03-03 03:26:57 WARNING  [Exception] => [division by zero] - [FileSetID: 010], [FileID: 10.1525_si.1986.9.2.cover]
2019-03-03 03:27:31 WARNING  [Exception] => [division by zero] - [FileSetID: 010], [FileID: 10.2307_41495701]
2019-03-03 03:27:43 INFO     --> Processed: 19500; Average Time: 0.9637379577832345
2019-03-03 03:29:18 INFO     --> Processed: 19600; Average Time: 0.9636738829101835
2019-03-03 03:30:38 INFO     --> Processed: 19700; Average Time: 0.9628678661675623
2019-03-03 03:32:45 INFO     --> Processed: 19800; Average Time: 0.9643807799767966
2019-03-03 03:33:48 INFO     --> Processed: 19900; Average Time: 0.962716443526685
2019-03-03 03:34:58 WARNING  [Exception] => [division by zero] - [FileSetID: 010], [FileID: 10.2307_41069882]
2019-03-03 03:37:12 INFO     --> Processed: 20000; Average Time: 0.9681172212600708
2019-03-03 03:37:13 INFO     --> Processed: 20100; Average Time: 0.9633430330077214
2019-03-03 03:38:56 INFO     --> Processed: 20200; Average Time: 0.9636804842240739
2019-03-03 03:39:38 WARNING  [Exception] => [division by zero] - [FileSetID: 010], [FileID: 10.2307_42629847]
2019-03-03 03:39:38 INFO     --> Processed: 20300; Average Time: 0.9609960994462075
2019-03-03 03:41:33 INFO     --> Processed: 20400; Average Time: 0.9619049177450292
2019-03-03 03:43:29 INFO     --> Processed: 20500; Average Time: 0.9628793885649705
2019-03-03 03:44:54 INFO     --> Processed: 20600; Average Time: 0.9623126826587233
2019-03-03 03:46:15 INFO     --> Processed: 20700; Average Time: 0.9615916425824741
2019-03-03 03:48:00 INFO     --> Processed: 20800; Average Time: 0.9620089175838691
2019-03-03 03:50:10 INFO     --> Processed: 20900; Average Time: 0.9636388435546291
2019-03-03 03:51:31 INFO     --> Processed: 21000; Average Time: 0.9628964626107898
2019-03-03 03:52:58 INFO     --> Processed: 21100; Average Time: 0.9624561238966847
2019-03-03 03:54:14 INFO     --> Processed: 21200; Average Time: 0.9614896810504625
2019-03-03 03:56:06 INFO     --> Processed: 21300; Average Time: 0.9622482938385906
2019-03-03 03:59:04 INFO     --> Processed: 21400; Average Time: 0.9660932136918897
2019-03-03 03:59:26 WARNING  [Exception] => [division by zero] - [FileSetID: 010], [FileID: 10.2307_30124940]
2019-03-03 04:00:48 INFO     --> Processed: 21500; Average Time: 0.9664385011362475
2019-03-03 04:01:36 INFO     --> Processed: 21600; Average Time: 0.964178460571501
2019-03-03 04:02:13 WARNING  [Exception] => [division by zero] - [FileSetID: 010], [FileID: 10.2307_3013458]
2019-03-03 04:02:31 INFO     --> Processed: 21700; Average Time: 0.9622622386211623
2019-03-03 04:03:23 INFO     --> Processed: 21800; Average Time: 0.9602482760827475
2019-03-03 04:05:08 INFO     --> Processed: 21900; Average Time: 0.9606452761610893
2019-03-03 04:06:53 WARNING  [Exception] => [division by zero] - [FileSetID: 010], [FileID: 10.2307_23413005]
2019-03-03 04:08:12 INFO     --> Processed: 22000; Average Time: 0.9646556869311766
2019-03-03 04:08:31 INFO     --> Processed: 22100; Average Time: 0.9611142647859737
2019-03-03 04:10:19 INFO     --> Processed: 22200; Average Time: 0.96165543515403
2019-03-03 04:10:52 WARNING  [Exception] => [division by zero] - [FileSetID: 010], [FileID: 10.2307_41929316]
2019-03-03 04:11:00 WARNING  [Exception] => [division by zero] - [FileSetID: 010], [FileID: 10.2307_41844415]
2019-03-03 04:12:18 INFO     --> Processed: 22300; Average Time: 0.9626736893995995
2019-03-03 04:13:09 WARNING  [Exception] => [division by zero] - [FileSetID: 010], [FileID: 10.2307_41800712]
2019-03-03 04:14:21 INFO     --> Processed: 22400; Average Time: 0.9639039480792625
2019-03-03 04:15:35 INFO     --> Processed: 22500; Average Time: 0.9628919325934516
2019-03-03 04:16:21 INFO     --> Processed: 22600; Average Time: 0.9606651091470128
2019-03-03 04:20:03 WARNING  [Exception] => [division by zero] - [FileSetID: 010], [FileID: 10.2307_41844251]
2019-03-03 04:29:35 INFO     --> Processed: 22700; Average Time: 0.9913984997682109
2019-03-03 04:29:47 INFO     --> Processed: 22800; Average Time: 0.987595644572325
2019-03-03 04:29:53 INFO     --> Processed: 22900; Average Time: 0.9835551315520008
2019-03-03 04:30:00 INFO     --> Processed: 23000; Average Time: 0.979576073459957
2019-03-03 04:30:06 INFO     --> Processed: 23100; Average Time: 0.9756020793254241
2019-03-03 04:30:12 WARNING  [Exception] => [division by zero] - [FileSetID: 010], [FileID: 10.2307_351957]
2019-03-03 04:30:14 INFO     --> Processed: 23200; Average Time: 0.9717182241123298
2019-03-03 04:30:20 INFO     --> Processed: 23300; Average Time: 0.9677942651433494
2019-03-03 04:30:29 INFO     --> Processed: 23400; Average Time: 0.9640558622637365
2019-03-03 04:32:54 INFO     --> Processed: 23500; Average Time: 0.9661428767873885
2019-03-03 04:33:34 WARNING  [Exception] => [division by zero] - [FileSetID: 010], [FileID: 10.2307_23745987]
2019-03-03 04:34:01 INFO     --> Processed: 23600; Average Time: 0.9648538503404391
2019-03-03 04:34:01 INFO     --> Processed: 23700; Average Time: 0.9608188479761534
2019-03-03 04:34:04 WARNING  [Exception] => [division by zero] - [FileSetID: 010], [FileID: 10.2307_350615]
2019-03-03 04:36:17 INFO     --> Processed: 23800; Average Time: 0.9624743416930447
2019-03-03 04:37:13 INFO     --> Processed: 23900; Average Time: 0.9608040404718791
2019-03-03 04:40:30 INFO     --> Processed: 24000; Average Time: 0.9649829203387101
2019-03-03 04:40:47 INFO     --> Processed: 24100; Average Time: 0.9617130808810476
2019-03-03 04:42:21 INFO     --> Processed: 24200; Average Time: 0.9616053499761692
2019-03-03 04:43:20 INFO     --> Processed: 24300; Average Time: 0.9600652303911531
2019-03-03 04:46:39 INFO     --> Processed: 24400; Average Time: 0.9643224961249555
2019-03-03 04:47:55 INFO     --> Processed: 24500; Average Time: 0.9634605235372271
2019-03-03 04:48:58 INFO     --> Processed: 24600; Average Time: 0.9621290900939848
2019-03-03 04:50:50 INFO     --> Processed: 24700; Average Time: 0.9627366226211733
2019-03-03 04:54:14 INFO     --> Processed: 24800; Average Time: 0.9670950770954931
2019-03-03 04:55:00 WARNING  [Exception] => [division by zero] - [FileSetID: 010], [FileID: 10.2307_43294474]
2019-03-03 04:57:23 INFO     --> Processed: 24900; Average Time: 0.9708003460930055
2019-03-03 04:57:49 INFO     --> Processed: 25000; Average Time: 0.9679754225063324
2019-03-03 04:58:16 WARNING  [Exception] => [division by zero] - [FileSetID: 010], [FileID: 10.2307_41328574]
2019-03-03 04:58:21 INFO     --> Processed: 25100; Average Time: 0.9653830931576125
2019-03-03 05:00:11 INFO     --> Processed: 25200; Average Time: 0.9659280426918514
2019-03-03 05:00:45 WARNING  [Exception] => [division by zero] - [FileSetID: 010], [FileID: 10.2307_1387630]
2019-03-03 05:01:01 INFO     --> Processed: 25300; Average Time: 0.9640582033673765
2019-03-03 05:03:38 WARNING  [Exception] => [division by zero] - [FileSetID: 010], [FileID: 10.2307_44713615]
2019-03-03 05:04:01 INFO     --> Processed: 25400; Average Time: 0.9673792096761268
2019-03-03 05:04:02 INFO     --> Processed: 25500; Average Time: 0.9636218737807928
2019-03-03 05:06:37 INFO     --> Processed: 25600; Average Time: 0.9659151727799327
2019-03-03 05:07:15 INFO     --> Processed: 25700; Average Time: 0.9636022889289411
2019-03-03 05:07:54 WARNING  [Exception] => [division by zero] - [FileSetID: 010], [FileID: 10.2307_44816947]
2019-03-03 05:08:24 WARNING  [Exception] => [division by zero] - [FileSetID: 010], [FileID: 10.2307_24175984]
2019-03-03 05:08:36 INFO     --> Processed: 25800; Average Time: 0.963011623944423
2019-03-03 05:10:04 INFO     --> Processed: 25900; Average Time: 0.9626908454563627
2019-03-03 05:14:18 INFO     --> Processed: 26000; Average Time: 0.9687726792005392
2019-03-03 05:14:28 INFO     --> Processed: 26100; Average Time: 0.9654295297600757
2019-03-03 05:14:35 INFO     --> Processed: 26200; Average Time: 0.9620324082956969
2019-03-03 05:15:53 WARNING  [Exception] => [division by zero] - [FileSetID: 010], [FileID: 10.2307_41843151]
2019-03-03 05:16:10 INFO     --> Processed: 26300; Average Time: 0.9619636582965633
2019-03-03 05:17:43 INFO     --> Processed: 26400; Average Time: 0.9618688612363555
2019-03-03 05:19:37 INFO     --> Processed: 26500; Average Time: 0.9625378501550207
2019-03-03 05:20:19 WARNING  [Exception] => [division by zero] - [FileSetID: 010], [FileID: 10.2307_41229818]
2019-03-03 05:21:06 INFO     --> Processed: 26600; Average Time: 0.9622633458797196
2019-03-03 05:21:07 WARNING  [Exception] => [division by zero] - [FileSetID: 010], [FileID: 10.2307_2391625]
2019-03-03 05:23:00 WARNING  [Exception] => [division by zero] - [FileSetID: 010], [FileID: 10.2307_30115612]
2019-03-03 05:23:13 INFO     --> Processed: 26700; Average Time: 0.9634134805336427
2019-03-03 05:24:09 INFO     --> Processed: 26800; Average Time: 0.9619010235658333
2019-03-03 05:26:38 INFO     --> Processed: 26900; Average Time: 0.9638758311218488
2019-03-03 05:27:31 INFO     --> Processed: 27000; Average Time: 0.9622420926623875
2019-03-03 05:27:37 WARNING  [Exception] => [division by zero] - [FileSetID: 010], [FileID: 10.2307_24720866]
2019-03-03 05:29:19 WARNING  [Exception] => [division by zero] - [FileSetID: 010], [FileID: 10.2307_41840228]
2019-03-03 05:29:39 INFO     --> Processed: 27100; Average Time: 0.9634212123775834
2019-03-03 05:30:24 WARNING  [Exception] => [division by zero] - [FileSetID: 010], [FileID: 10.2307_351928]
2019-03-03 05:30:40 INFO     --> Processed: 27200; Average Time: 0.9621503796998192
2019-03-03 05:32:19 INFO     --> Processed: 27300; Average Time: 0.9622384776300563
2019-03-03 05:33:56 INFO     --> Processed: 27400; Average Time: 0.9622807373269631
2019-03-03 05:35:52 INFO     --> Processed: 27500; Average Time: 0.9629852000930093
2019-03-03 05:36:45 INFO     --> Processed: 27600; Average Time: 0.9614053259552389
2019-03-03 05:38:55 INFO     --> Processed: 27700; Average Time: 0.9626203948840337
2019-03-03 05:40:30 INFO     --> Processed: 27800; Average Time: 0.9625795919946629
2019-03-03 05:41:33 INFO     --> Processed: 27900; Average Time: 0.9614079688441369
2019-03-03 05:43:12 INFO     --> Processed: 28000; Average Time: 0.961501137810094
2019-03-03 05:44:59 INFO     --> Processed: 28100; Average Time: 0.9618720486664687
2019-03-03 05:47:00 INFO     --> Processed: 28200; Average Time: 0.9627745169612533
2019-03-03 05:48:25 INFO     --> Processed: 28300; Average Time: 0.9623520040933319
2019-03-03 05:49:48 INFO     --> Processed: 28400; Average Time: 0.9619191764274113
2019-03-03 05:49:52 WARNING  [Exception] => [division by zero] - [FileSetID: 010], [FileID: 10.2307_3013304]
2019-03-03 05:50:37 WARNING  [Exception] => [division by zero] - [FileSetID: 010], [FileID: 10.2307_30124563]
2019-03-03 05:51:23 INFO     --> Processed: 28500; Average Time: 0.9618566462198893
2019-03-03 05:53:25 INFO     --> Processed: 28600; Average Time: 0.9627692247020615
2019-03-03 05:54:10 WARNING  [Exception] => [division by zero] - [FileSetID: 010], [FileID: 10.2307_41132966]
2019-03-03 05:54:28 INFO     --> Processed: 28700; Average Time: 0.9616198045783757
2019-03-03 05:56:38 INFO     --> Processed: 28800; Average Time: 0.962784584313631
2019-03-03 05:57:57 INFO     --> Processed: 28900; Average Time: 0.9621710916043977
2019-03-03 05:59:38 INFO     --> Processed: 29000; Average Time: 0.9623369961031552
2019-03-03 06:01:00 INFO     --> Processed: 29100; Average Time: 0.9618634743379154
2019-03-03 06:01:38 INFO     Mission Complete
