2019-03-03 06:14:03 INFO     Connecting to DB
2019-03-03 06:14:04 INFO     Processing Mapping
2019-03-03 06:14:04 INFO     Loading File Set: [010]
2019-03-03 06:14:04 INFO     --> Total Files [29225]
2019-03-03 06:14:04 INFO     --> Detect Loaded [29130], Resume Mapping
2019-03-03 06:14:04 INFO     Async Processing
2019-03-03 06:14:04 INFO     Collecting Results
2019-03-03 06:14:04 WARNING  [Exception] => [division by zero] - [FileSetID: 010], [FileID: 10.2307_351942]
2019-03-03 06:14:04 WARNING  [Exception] => [division by zero] - [FileSetID: 010], [FileID: 10.2307_351512]
2019-03-03 06:14:04 WARNING  [Exception] => [division by zero] - [FileSetID: 010], [FileID: 10.2307_26196666]
2019-03-03 06:14:04 WARNING  [Exception] => [division by zero] - [FileSetID: 010], [FileID: 10.2307_23746070]
2019-03-03 06:14:04 WARNING  [Exception] => [division by zero] - [FileSetID: 010], [FileID: 10.2307_351949]
2019-03-03 06:14:04 WARNING  [Exception] => [division by zero] - [FileSetID: 010], [FileID: 10.2307_41495227]
2019-03-03 06:14:04 WARNING  [Exception] => [division by zero] - [FileSetID: 010], [FileID: 10.2307_43294440]
2019-03-03 06:14:04 WARNING  [Exception] => [division by zero] - [FileSetID: 010], [FileID: 10.2307_41274570]
2019-03-03 06:14:04 WARNING  [Exception] => [division by zero] - [FileSetID: 010], [FileID: 10.2307_41845229]
2019-03-03 06:14:04 WARNING  [Exception] => [division by zero] - [FileSetID: 010], [FileID: 10.2307_42844807]
2019-03-03 06:14:04 WARNING  [Exception] => [division by zero] - [FileSetID: 010], [FileID: 10.2307_41490008]
2019-03-03 06:14:04 WARNING  [Exception] => [division by zero] - [FileSetID: 010], [FileID: 10.2307_353319]
2019-03-03 06:14:04 WARNING  [Exception] => [division by zero] - [FileSetID: 010], [FileID: 10.2307_42843845]
2019-03-03 06:14:04 WARNING  [Exception] => [division by zero] - [FileSetID: 010], [FileID: 10.2307_41131135]
2019-03-03 06:14:04 WARNING  [Exception] => [division by zero] - [FileSetID: 010], [FileID: 10.2307_351523]
2019-03-03 06:14:04 WARNING  [Exception] => [division by zero] - [FileSetID: 010], [FileID: 10.2307_43497842]
2019-03-03 06:14:04 WARNING  [Exception] => [division by zero] - [FileSetID: 010], [FileID: 10.2307_41484667]
2019-03-03 06:14:04 WARNING  [Exception] => [division by zero] - [FileSetID: 010], [FileID: 10.2307_2083365]
2019-03-03 06:14:04 WARNING  [Exception] => [division by zero] - [FileSetID: 010], [FileID: 10.2307_1385047]
2019-03-03 06:14:04 WARNING  [Exception] => [division by zero] - [FileSetID: 010], [FileID: 10.2307_23891535]
2019-03-03 06:14:04 WARNING  [Exception] => [division by zero] - [FileSetID: 010], [FileID: 10.2307_2083372]
2019-03-03 06:14:04 WARNING  [Exception] => [division by zero] - [FileSetID: 010], [FileID: 10.2307_42854183]
2019-03-03 06:14:04 WARNING  [Exception] => [division by zero] - [FileSetID: 010], [FileID: 10.2307_41842932]
2019-03-03 06:14:04 WARNING  [Exception] => [division by zero] - [FileSetID: 010], [FileID: 10.2307_44816956]
2019-03-03 06:14:04 WARNING  [Exception] => [division by zero] - [FileSetID: 010], [FileID: 10.2307_41844948]
2019-03-03 06:14:04 WARNING  [Exception] => [division by zero] - [FileSetID: 010], [FileID: 10.2307_41844696]
2019-03-03 06:14:04 WARNING  [Exception] => [division by zero] - [FileSetID: 010], [FileID: 10.2307_41555219]
2019-03-03 06:14:04 WARNING  [Exception] => [division by zero] - [FileSetID: 010], [FileID: 10.2307_23893988]
2019-03-03 06:14:04 WARNING  [Exception] => [division by zero] - [FileSetID: 010], [FileID: 10.2307_2083359]
2019-03-03 06:14:04 WARNING  [Exception] => [division by zero] - [FileSetID: 010], [FileID: 10.2307_30302198]
2019-03-03 06:14:04 WARNING  [Exception] => [division by zero] - [FileSetID: 010], [FileID: 10.2307_1387647]
2019-03-03 06:14:04 WARNING  [Exception] => [division by zero] - [FileSetID: 010], [FileID: 10.2307_41484763]
2019-03-03 06:14:04 WARNING  [Exception] => [division by zero] - [FileSetID: 010], [FileID: 10.2307_2083364]
2019-03-03 06:14:04 WARNING  [Exception] => [division by zero] - [FileSetID: 010], [FileID: 10.2307_43294404]
2019-03-03 06:14:04 WARNING  [Exception] => [division by zero] - [FileSetID: 010], [FileID: 10.2307_41844706]
2019-03-03 06:14:04 WARNING  [Exception] => [division by zero] - [FileSetID: 010], [FileID: 10.2307_42861266]
2019-03-03 06:14:04 WARNING  [Exception] => [division by zero] - [FileSetID: 010], [FileID: 10.2307_41844501]
2019-03-03 06:14:04 WARNING  [Exception] => [division by zero] - [FileSetID: 010], [FileID: 10.2307_42853018]
2019-03-03 06:14:04 WARNING  [Exception] => [division by zero] - [FileSetID: 010], [FileID: 10.2307_43294508]
2019-03-03 06:14:04 WARNING  [Exception] => [division by zero] - [FileSetID: 010], [FileID: 10.2307_43481359]
2019-03-03 06:14:04 WARNING  [Exception] => [division by zero] - [FileSetID: 010], [FileID: 10.2307_23618937]
2019-03-03 06:14:04 WARNING  [Exception] => [division by zero] - [FileSetID: 010], [FileID: 10.2307_41328601]
2019-03-03 06:14:04 WARNING  [Exception] => [division by zero] - [FileSetID: 010], [FileID: 10.2307_1385063]
2019-03-03 06:14:04 WARNING  [Exception] => [division by zero] - [FileSetID: 010], [FileID: 10.2307_monthlylaborrev.2013.03.031]
2019-03-03 06:14:04 WARNING  [Exception] => [division by zero] - [FileSetID: 010], [FileID: 10.2307_41069865]
2019-03-03 06:14:04 WARNING  [Exception] => [division by zero] - [FileSetID: 010], [FileID: 10.1525_si.1986.9.2.cover]
2019-03-03 06:14:04 WARNING  [Exception] => [division by zero] - [FileSetID: 010], [FileID: 10.2307_41623135]
2019-03-03 06:14:04 WARNING  [Exception] => [division by zero] - [FileSetID: 010], [FileID: 10.2307_2391189]
2019-03-03 06:14:04 WARNING  [Exception] => [division by zero] - [FileSetID: 010], [FileID: 10.2307_42869261]
2019-03-03 06:14:04 WARNING  [Exception] => [division by zero] - [FileSetID: 010], [FileID: 10.2307_3013458]
2019-03-03 06:14:04 WARNING  [Exception] => [division by zero] - [FileSetID: 010], [FileID: 10.2307_41514464]
2019-03-03 06:14:04 WARNING  [Exception] => [division by zero] - [FileSetID: 010], [FileID: 10.2307_42843924]
2019-03-03 06:14:04 WARNING  [Exception] => [division by zero] - [FileSetID: 010], [FileID: 10.2307_41495701]
2019-03-03 06:14:04 WARNING  [Exception] => [division by zero] - [FileSetID: 010], [FileID: 10.2307_42844273]
2019-03-03 06:14:04 WARNING  [Exception] => [division by zero] - [FileSetID: 010], [FileID: 10.2307_351957]
2019-03-03 06:14:04 WARNING  [Exception] => [division by zero] - [FileSetID: 010], [FileID: 10.2307_20851541]
2019-03-03 06:14:04 WARNING  [Exception] => [division by zero] - [FileSetID: 010], [FileID: 10.2307_44815791]
2019-03-03 06:14:04 WARNING  [Exception] => [division by zero] - [FileSetID: 010], [FileID: 10.2307_23745987]
2019-03-03 06:14:04 WARNING  [Exception] => [division by zero] - [FileSetID: 010], [FileID: 10.2307_41845165]
2019-03-03 06:14:04 WARNING  [Exception] => [division by zero] - [FileSetID: 010], [FileID: 10.2307_23413005]
2019-03-03 06:14:04 WARNING  [Exception] => [division by zero] - [FileSetID: 010], [FileID: 10.2307_350615]
2019-03-03 06:14:04 WARNING  [Exception] => [division by zero] - [FileSetID: 010], [FileID: 10.2307_1387630]
2019-03-03 06:14:04 WARNING  [Exception] => [division by zero] - [FileSetID: 010], [FileID: 10.2307_41845383]
2019-03-03 06:14:04 WARNING  [Exception] => [division by zero] - [FileSetID: 010], [FileID: 10.2307_43294943]
2019-03-03 06:14:04 WARNING  [Exception] => [division by zero] - [FileSetID: 010], [FileID: 10.2307_41328574]
2019-03-03 06:14:04 WARNING  [Exception] => [division by zero] - [FileSetID: 010], [FileID: 10.2307_24175984]
2019-03-03 06:14:04 WARNING  [Exception] => [division by zero] - [FileSetID: 010], [FileID: 10.2307_43697710]
2019-03-03 06:14:04 WARNING  [Exception] => [division by zero] - [FileSetID: 010], [FileID: 10.2307_24720866]
2019-03-03 06:14:04 WARNING  [Exception] => [division by zero] - [FileSetID: 010], [FileID: 10.2307_41800785]
2019-03-03 06:14:04 WARNING  [Exception] => [division by zero] - [FileSetID: 010], [FileID: 10.2307_351928]
2019-03-03 06:14:04 WARNING  [Exception] => [division by zero] - [FileSetID: 010], [FileID: 10.2307_41929316]
2019-03-03 06:14:04 WARNING  [Exception] => [division by zero] - [FileSetID: 010], [FileID: 10.2307_3013304]
2019-03-03 06:14:04 WARNING  [Exception] => [division by zero] - [FileSetID: 010], [FileID: 10.2307_41069882]
2019-03-03 06:14:04 WARNING  [Exception] => [division by zero] - [FileSetID: 010], [FileID: 10.2307_44816947]
2019-03-03 06:14:04 WARNING  [Exception] => [division by zero] - [FileSetID: 010], [FileID: 10.2307_44815773]
2019-03-03 06:14:04 WARNING  [Exception] => [division by zero] - [FileSetID: 010], [FileID: 10.2307_41844415]
2019-03-03 06:14:04 WARNING  [Exception] => [division by zero] - [FileSetID: 010], [FileID: 10.2307_42629847]
2019-03-03 06:14:04 WARNING  [Exception] => [division by zero] - [FileSetID: 010], [FileID: 10.2307_44713615]
2019-03-03 06:14:04 WARNING  [Exception] => [division by zero] - [FileSetID: 010], [FileID: 10.2307_41132966]
2019-03-03 06:14:04 WARNING  [Exception] => [division by zero] - [FileSetID: 010], [FileID: 10.2307_41844251]
2019-03-03 06:14:04 WARNING  [Exception] => [division by zero] - [FileSetID: 010], [FileID: 10.2307_41800712]
2019-03-03 06:14:04 WARNING  [Exception] => [division by zero] - [FileSetID: 010], [FileID: 10.2307_41840228]
2019-03-03 06:14:04 WARNING  [Exception] => [division by zero] - [FileSetID: 010], [FileID: 10.2307_41843151]
2019-03-03 06:14:04 WARNING  [Exception] => [division by zero] - [FileSetID: 010], [FileID: 10.2307_41554698]
2019-03-03 06:14:04 WARNING  [Exception] => [division by zero] - [FileSetID: 010], [FileID: 10.2307_44815673]
2019-03-03 06:14:04 WARNING  [Exception] => [division by zero] - [FileSetID: 010], [FileID: 10.2307_44817435]
2019-03-03 06:14:04 WARNING  [Exception] => [division by zero] - [FileSetID: 010], [FileID: 10.2307_30124563]
2019-03-03 06:14:04 WARNING  [Exception] => [division by zero] - [FileSetID: 010], [FileID: 10.2307_41229818]
2019-03-03 06:14:04 WARNING  [Exception] => [division by zero] - [FileSetID: 010], [FileID: 10.2307_2391625]
2019-03-03 06:14:04 WARNING  [Exception] => [division by zero] - [FileSetID: 010], [FileID: 10.2307_43294474]
2019-03-03 06:14:04 WARNING  [Exception] => [division by zero] - [FileSetID: 010], [FileID: 10.2307_30124940]
2019-03-03 06:14:04 WARNING  [Exception] => [division by zero] - [FileSetID: 010], [FileID: 10.2307_30115612]
2019-03-03 06:14:04 WARNING  [Exception] => [division by zero] - [FileSetID: 010], [FileID: 10.2307_3011378]
2019-03-03 06:14:07 WARNING  [Exception] => [division by zero] - [FileSetID: 010], [FileID: 10.2307_41844767]
2019-03-03 06:14:07 WARNING  [Exception] => [division by zero] - [FileSetID: 010], [FileID: 10.2307_41484808]
2019-03-03 06:14:07 INFO     Mission Complete
