2019-03-03 06:17:40 INFO     Connecting to DB
2019-03-03 06:17:41 INFO     Processing Mapping
2019-03-03 06:17:41 INFO     Loading File Set: [008]
2019-03-03 06:17:41 INFO     --> Total Files [29055]
2019-03-03 06:17:43 INFO     --> Detect Loaded [26175], Resume Mapping
2019-03-03 06:17:43 INFO     Async Processing
2019-03-03 06:17:43 INFO     Collecting Results
2019-03-03 06:20:07 INFO     --> Processed: 26275; Average Time: 1.4376581168174745
2019-03-03 06:21:25 WARNING  [Exception] => [division by zero] - [FileSetID: 008], [FileID: 10.2307_41554392]
2019-03-03 06:21:44 INFO     --> Processed: 26375; Average Time: 1.2035259318351745
2019-03-03 06:23:37 INFO     --> Processed: 26475; Average Time: 1.1785339228312175
2019-03-03 06:25:22 INFO     --> Processed: 26575; Average Time: 1.1463109260797502
2019-03-03 06:26:16 INFO     --> Processed: 26675; Average Time: 1.0264087629318237
2019-03-03 06:26:33 WARNING  [Exception] => [division by zero] - [FileSetID: 008], [FileID: 10.2307_24719150]
2019-03-03 06:27:56 INFO     --> Processed: 26775; Average Time: 1.02149444937706
2019-03-03 06:27:59 WARNING  [Exception] => [division by zero] - [FileSetID: 008], [FileID: 10.2307_41960886]
2019-03-03 06:29:04 WARNING  [Exception] => [division by zero] - [FileSetID: 008], [FileID: 10.2307_24175900]
2019-03-03 06:29:54 INFO     --> Processed: 26875; Average Time: 1.0436479588917325
2019-03-03 06:30:52 INFO     --> Processed: 26975; Average Time: 0.9857059320807458
2019-03-03 06:32:44 INFO     --> Processed: 27075; Average Time: 1.001280202070872
2019-03-03 06:34:29 INFO     --> Processed: 27175; Average Time: 1.0058580305576323
2019-03-03 06:36:04 INFO     --> Processed: 27275; Average Time: 1.0011070052060214
2019-03-03 06:37:58 INFO     --> Processed: 27375; Average Time: 1.0122320286432902
2019-03-03 06:39:21 INFO     --> Processed: 27475; Average Time: 0.9980243380253132
2019-03-03 06:40:55 INFO     --> Processed: 27575; Average Time: 0.9941203212738037
2019-03-03 06:42:53 INFO     --> Processed: 27675; Average Time: 1.0067179446220398
2019-03-03 06:43:10 WARNING  [Exception] => [division by zero] - [FileSetID: 008], [FileID: 10.1525_si.1999.22.3.cover]
2019-03-03 06:44:13 WARNING  [Exception] => [division by zero] - [FileSetID: 008], [FileID: 10.2307_42851949]
2019-03-03 06:44:16 INFO     --> Processed: 27775; Average Time: 0.9953583893179894
2019-03-03 06:45:24 INFO     --> Processed: 27875; Average Time: 0.9769355329345254
2019-03-03 06:46:55 INFO     --> Processed: 27975; Average Time: 0.9731283087200588
2019-03-03 06:48:20 INFO     --> Processed: 28075; Average Time: 0.9668594864795083
2019-03-03 06:49:04 WARNING  [Exception] => [division by zero] - [FileSetID: 008], [FileID: 10.2307_41330501]
2019-03-03 06:50:06 INFO     --> Processed: 28175; Average Time: 0.9714743852615356
2019-03-03 06:53:56 INFO     --> Processed: 28275; Average Time: 1.0344813763527643
2019-03-03 06:54:07 INFO     --> Processed: 28375; Average Time: 0.9924421668052673
2019-03-03 06:54:32 INFO     --> Processed: 28475; Average Time: 0.9603940098182014
2019-03-03 06:57:08 INFO     --> Processed: 28575; Average Time: 0.9852249372005463
2019-03-03 06:57:20 WARNING  [Exception] => [division by zero] - [FileSetID: 008], [FileID: 10.2307_43498771]
2019-03-03 06:57:29 INFO     --> Processed: 28675; Average Time: 0.9541332116127014
2019-03-03 07:00:25 WARNING  [Exception] => [division by zero] - [FileSetID: 008], [FileID: 10.2307_41132963]
2019-03-03 07:01:04 INFO     --> Processed: 28775; Average Time: 1.0001817993017343
2019-03-03 07:01:05 INFO     --> Processed: 28875; Average Time: 0.9634623922242058
2019-03-03 07:01:12 WARNING  [Exception] => [division by zero] - [FileSetID: 008], [FileID: 10.2307_3090241]
2019-03-03 07:01:12 WARNING  [Exception] => [division by zero] - [FileSetID: 008], [FileID: 10.2307_43498804]
2019-03-03 07:01:12 WARNING  [Exception] => [division by zero] - [FileSetID: 008], [FileID: 10.1525_si.1995.18.3.cover]
2019-03-03 07:01:12 WARNING  [Exception] => [division by zero] - [FileSetID: 008], [FileID: 10.2307_41068192]
2019-03-03 07:01:12 WARNING  [Exception] => [division by zero] - [FileSetID: 008], [FileID: 10.2307_41067625]
2019-03-03 07:01:12 WARNING  [Exception] => [division by zero] - [FileSetID: 008], [FileID: 10.2307_30132917]
2019-03-03 07:01:12 WARNING  [Exception] => [division by zero] - [FileSetID: 008], [FileID: 10.2307_43294279]
2019-03-03 07:01:12 WARNING  [Exception] => [division by zero] - [FileSetID: 008], [FileID: 10.2307_350628]
2019-03-03 07:01:12 WARNING  [Exception] => [division by zero] - [FileSetID: 008], [FileID: 10.2307_24175727]
2019-03-03 07:01:12 WARNING  [Exception] => [division by zero] - [FileSetID: 008], [FileID: 10.2307_41960855]
2019-03-03 07:01:12 WARNING  [Exception] => [division by zero] - [FileSetID: 008], [FileID: 10.2307_43295035]
2019-03-03 07:01:12 WARNING  [Exception] => [division by zero] - [FileSetID: 008], [FileID: 10.2307_2083361]
2019-03-03 07:01:12 WARNING  [Exception] => [division by zero] - [FileSetID: 008], [FileID: 10.2307_42852759]
2019-03-03 07:01:12 WARNING  [Exception] => [division by zero] - [FileSetID: 008], [FileID: 10.2307_350695]
2019-03-03 07:01:12 WARNING  [Exception] => [division by zero] - [FileSetID: 008], [FileID: 10.2307_41489973]
2019-03-03 07:01:12 WARNING  [Exception] => [division by zero] - [FileSetID: 008], [FileID: 10.2307_20830998]
2019-03-03 07:01:12 WARNING  [Exception] => [division by zero] - [FileSetID: 008], [FileID: 10.2307_3012846]
2019-03-03 07:01:12 WARNING  [Exception] => [division by zero] - [FileSetID: 008], [FileID: 10.2307_351510]
2019-03-03 07:01:12 WARNING  [Exception] => [division by zero] - [FileSetID: 008], [FileID: 10.2307_24175757]
2019-03-03 07:01:12 WARNING  [Exception] => [division by zero] - [FileSetID: 008], [FileID: 10.2307_24720455]
2019-03-03 07:01:12 WARNING  [Exception] => [division by zero] - [FileSetID: 008], [FileID: 10.1525_si.1997.20.1.cover]
2019-03-03 07:01:12 WARNING  [Exception] => [division by zero] - [FileSetID: 008], [FileID: 10.2307_41489888]
2019-03-03 07:01:12 WARNING  [Exception] => [division by zero] - [FileSetID: 008], [FileID: 10.2307_43498838]
2019-03-03 07:01:12 WARNING  [Exception] => [division by zero] - [FileSetID: 008], [FileID: 10.2307_41623207]
2019-03-03 07:01:13 WARNING  [Exception] => [division by zero] - [FileSetID: 008], [FileID: 10.2307_24713365]
2019-03-03 07:01:13 WARNING  [Exception] => [division by zero] - [FileSetID: 008], [FileID: 10.2307_42843317]
2019-03-03 07:01:13 WARNING  [Exception] => [division by zero] - [FileSetID: 008], [FileID: 10.2307_43294807]
2019-03-03 07:01:13 WARNING  [Exception] => [division by zero] - [FileSetID: 008], [FileID: 10.2307_351530]
2019-03-03 07:01:13 WARNING  [Exception] => [division by zero] - [FileSetID: 008], [FileID: 10.2307_24175911]
2019-03-03 07:01:13 WARNING  [Exception] => [division by zero] - [FileSetID: 008], [FileID: 10.2307_41503335]
2019-03-03 07:01:13 WARNING  [Exception] => [division by zero] - [FileSetID: 008], [FileID: 10.2307_1385054]
2019-03-03 07:01:13 WARNING  [Exception] => [division by zero] - [FileSetID: 008], [FileID: 10.2307_26199085]
2019-03-03 07:01:13 WARNING  [Exception] => [division by zero] - [FileSetID: 008], [FileID: 10.2307_41806686]
2019-03-03 07:01:13 WARNING  [Exception] => [division by zero] - [FileSetID: 008], [FileID: 10.2307_30124593]
2019-03-03 07:01:13 WARNING  [Exception] => [division by zero] - [FileSetID: 008], [FileID: 10.2307_23939573]
2019-03-03 07:01:13 WARNING  [Exception] => [division by zero] - [FileSetID: 008], [FileID: 10.2307_44816926]
2019-03-03 07:01:13 WARNING  [Exception] => [division by zero] - [FileSetID: 008], [FileID: 10.2307_23654856]
2019-03-03 07:01:13 WARNING  [Exception] => [division by zero] - [FileSetID: 008], [FileID: 10.2307_monthlylaborrev.2008.02.003]
2019-03-03 07:01:13 WARNING  [Exception] => [division by zero] - [FileSetID: 008], [FileID: 10.2307_41801224]
2019-03-03 07:01:13 WARNING  [Exception] => [division by zero] - [FileSetID: 008], [FileID: 10.2307_41801149]
2019-03-03 07:01:13 WARNING  [Exception] => [division by zero] - [FileSetID: 008], [FileID: 10.2307_41802780]
2019-03-03 07:01:13 WARNING  [Exception] => [division by zero] - [FileSetID: 008], [FileID: 10.2307_41623214]
2019-03-03 07:01:13 WARNING  [Exception] => [division by zero] - [FileSetID: 008], [FileID: 10.2307_353325]
2019-03-03 07:01:13 WARNING  [Exception] => [division by zero] - [FileSetID: 008], [FileID: 10.2307_43294899]
2019-03-03 07:01:13 WARNING  [Exception] => [division by zero] - [FileSetID: 008], [FileID: 10.2307_43242722]
2019-03-03 07:01:13 WARNING  [Exception] => [division by zero] - [FileSetID: 008], [FileID: 10.2307_20831533]
2019-03-03 07:01:13 WARNING  [Exception] => [division by zero] - [FileSetID: 008], [FileID: 10.2307_3090247]
2019-03-03 07:01:13 WARNING  [Exception] => [division by zero] - [FileSetID: 008], [FileID: 10.2307_2083369]
2019-03-03 07:01:13 WARNING  [Exception] => [division by zero] - [FileSetID: 008], [FileID: 10.2307_43481337]
2019-03-03 07:01:13 WARNING  [Exception] => [division by zero] - [FileSetID: 008], [FileID: 10.2307_350684]
2019-03-03 07:01:13 WARNING  [Exception] => [division by zero] - [FileSetID: 008], [FileID: 10.2307_43294237]
2019-03-03 07:01:13 WARNING  [Exception] => [division by zero] - [FileSetID: 008], [FileID: 10.2307_43294290]
2019-03-03 07:01:13 WARNING  [Exception] => [division by zero] - [FileSetID: 008], [FileID: 10.2307_41554294]
2019-03-03 07:01:13 WARNING  [Exception] => [division by zero] - [FileSetID: 008], [FileID: 10.2307_350626]
2019-03-03 07:01:13 WARNING  [Exception] => [division by zero] - [FileSetID: 008], [FileID: 10.1525_si.1987.10.1.cover]
2019-03-03 07:01:13 WARNING  [Exception] => [division by zero] - [FileSetID: 008], [FileID: 10.2307_43294821]
2019-03-03 07:01:13 WARNING  [Exception] => [division by zero] - [FileSetID: 008], [FileID: 10.2307_3012352]
2019-03-03 07:01:13 WARNING  [Exception] => [division by zero] - [FileSetID: 008], [FileID: 10.2307_41800947]
2019-03-03 07:01:13 WARNING  [Exception] => [division by zero] - [FileSetID: 008], [FileID: 10.2307_43294874]
2019-03-03 07:01:13 WARNING  [Exception] => [division by zero] - [FileSetID: 008], [FileID: 10.2307_41800786]
2019-03-03 07:01:13 WARNING  [Exception] => [division by zero] - [FileSetID: 008], [FileID: 10.1525_si.1985.8.1.cover]
2019-03-03 07:01:13 WARNING  [Exception] => [division by zero] - [FileSetID: 008], [FileID: 10.2307_41554441]
2019-03-03 07:01:13 WARNING  [Exception] => [division by zero] - [FileSetID: 008], [FileID: 10.2307_1387628]
2019-03-03 07:01:13 WARNING  [Exception] => [division by zero] - [FileSetID: 008], [FileID: 10.2307_2083360]
2019-03-03 07:01:13 WARNING  [Exception] => [division by zero] - [FileSetID: 008], [FileID: 10.2307_43481268]
2019-03-03 07:01:13 WARNING  [Exception] => [division by zero] - [FileSetID: 008], [FileID: 10.2307_41554426]
2019-03-03 07:01:13 WARNING  [Exception] => [division by zero] - [FileSetID: 008], [FileID: 10.2307_41861569]
2019-03-03 07:01:13 WARNING  [Exception] => [division by zero] - [FileSetID: 008], [FileID: 10.2307_41802752]
2019-03-03 07:01:13 WARNING  [Exception] => [division by zero] - [FileSetID: 008], [FileID: 10.2307_20851515]
2019-03-03 07:01:13 WARNING  [Exception] => [division by zero] - [FileSetID: 008], [FileID: 10.2307_23982879]
2019-03-03 07:01:13 WARNING  [Exception] => [division by zero] - [FileSetID: 008], [FileID: 10.2307_350633]
2019-03-03 07:01:13 WARNING  [Exception] => [division by zero] - [FileSetID: 008], [FileID: 10.2307_41782057]
2019-03-03 07:01:13 WARNING  [Exception] => [division by zero] - [FileSetID: 008], [FileID: 10.2307_41229676]
2019-03-03 07:01:13 WARNING  [Exception] => [division by zero] - [FileSetID: 008], [FileID: 10.2307_42843833]
2019-03-03 07:01:13 WARNING  [Exception] => [division by zero] - [FileSetID: 008], [FileID: 10.2307_44816088]
2019-03-03 07:01:13 WARNING  [Exception] => [division by zero] - [FileSetID: 008], [FileID: 10.2307_41554762]
2019-03-03 07:01:13 WARNING  [Exception] => [division by zero] - [FileSetID: 008], [FileID: 10.2307_30123826]
2019-03-03 07:02:18 INFO     Mission Complete
