2019-02-27 15:21:16 INFO     Connecting to DB
2019-02-27 15:21:16 INFO     Start Iterative Mapping
2019-02-27 15:21:16 INFO     Computing File Set: [014]
2019-02-27 15:22:50 INFO     Connecting to DB
2019-02-27 15:22:50 INFO     Start Iterative Mapping
2019-02-27 15:22:50 INFO     Computing File Set: [014]
2019-02-27 15:25:57 INFO     Connecting to DB
2019-02-27 15:25:57 INFO     Start Iterative Mapping
2019-02-27 15:25:58 INFO     Computing File Set: [014]
2019-02-27 15:31:47 INFO     Connecting to DB
2019-02-27 15:31:47 INFO     Start Iterative Mapping
2019-02-27 15:31:47 INFO     Computing File Set: [014]
2019-02-27 15:34:25 INFO     Connecting to DB
2019-02-27 15:34:25 INFO     Start Iterative Mapping
2019-02-27 15:34:26 INFO     Computing File Set: [014]
2019-02-27 15:35:13 INFO     Connecting to DB
2019-02-27 15:35:13 INFO     Start Iterative Mapping
2019-02-27 15:35:14 INFO     Computing File Set: [014]
2019-02-27 15:42:08 INFO     Connecting to DB
2019-02-27 15:42:08 INFO     Start Iterative Mapping
2019-02-27 15:42:08 INFO     Computing File Set: [014]
2019-02-27 15:42:08 INFO      Multi-Processing Files 
2019-02-27 15:42:24 INFO     Connecting to DB
2019-02-27 15:42:24 INFO     Start Iterative Mapping
2019-02-27 15:42:24 INFO     Computing File Set: [014]
2019-02-27 15:42:24 INFO      Multi-Processing Files 
2019-02-27 15:42:28 INFO      Async Running -- To Be Completed
