2019-03-01 17:11:22 INFO     Connecting to DB
2019-03-01 17:11:22 INFO     Processing Mapping
2019-03-01 17:11:22 INFO     Loading File Set: [005]
2019-03-01 17:11:22 INFO     --> Total Files [29192]
2019-03-01 17:11:22 INFO     --> Detect Loaded [6], Resume Mapping
2019-03-01 17:11:22 INFO     Async Processing
2019-03-01 17:11:23 INFO     Collecting Results
2019-03-01 17:13:26 INFO     --> Processed: 106; Average Time: 1.2330566787719726
2019-03-01 17:13:55 WARNING  [Exception] => [division by zero] - [FileSetID: 005], [FileID: 10.2307_41800917]
2019-03-01 17:15:49 INFO     --> Processed: 206; Average Time: 1.3323544895648955
2019-03-01 17:17:08 INFO     --> Processed: 306; Average Time: 1.1494838404655456
2019-03-01 17:19:19 INFO     --> Processed: 406; Average Time: 1.1895166367292405
2019-03-01 17:21:42 INFO     --> Processed: 506; Average Time: 1.238033434867859
2019-03-01 17:23:10 WARNING  [Exception] => [division by zero] - [FileSetID: 005], [FileID: 10.2307_42783387]
2019-03-01 17:23:11 INFO     --> Processed: 606; Average Time: 1.1799819095929465
2019-03-01 17:24:11 INFO     --> Processed: 706; Average Time: 1.0968123429162162
2019-03-01 17:26:01 INFO     --> Processed: 806; Average Time: 1.0973991280794144
2019-03-01 17:26:21 WARNING  [Exception] => [division by zero] - [FileSetID: 005], [FileID: 10.2307_42851806]
2019-03-01 17:27:00 INFO     --> Processed: 906; Average Time: 1.0413718191782633
2019-03-01 17:29:15 WARNING  [Exception] => [division by zero] - [FileSetID: 005], [FileID: 10.2307_20851559]
2019-03-01 17:29:15 INFO     --> Processed: 1006; Average Time: 1.0719096531867982
2019-03-01 17:30:16 INFO     --> Processed: 1106; Average Time: 1.030201164375652
2019-03-01 17:31:00 WARNING  [Exception] => [division by zero] - [FileSetID: 005], [FileID: 10.2307_3710756]
2019-03-01 17:32:39 INFO     --> Processed: 1206; Average Time: 1.063684922059377
2019-03-01 17:34:05 INFO     --> Processed: 1306; Average Time: 1.0478346193753756
2019-03-01 17:34:46 WARNING  [Exception] => [division by zero] - [FileSetID: 005], [FileID: 10.2307_350641]
2019-03-01 17:35:47 INFO     --> Processed: 1406; Average Time: 1.0458634729044778
2019-03-01 17:37:27 INFO     --> Processed: 1506; Average Time: 1.0426803164482117
2019-03-01 17:38:50 INFO     --> Processed: 1606; Average Time: 1.0291479256749154
2019-03-01 17:40:03 INFO     --> Processed: 1706; Average Time: 1.0120107373069314
2019-03-01 17:41:41 WARNING  [Exception] => [division by zero] - [FileSetID: 005], [FileID: 10.1525_si.1979.2.1.cover]
2019-03-01 17:43:10 INFO     --> Processed: 1806; Average Time: 1.0595462188455793
2019-03-01 17:43:27 INFO     --> Processed: 1906; Average Time: 1.0128150043989483
2019-03-01 17:47:47 INFO     --> Processed: 2006; Average Time: 1.0920285165309906
2019-03-01 17:47:52 INFO     --> Processed: 2106; Average Time: 1.042475645201547
2019-03-01 17:48:32 INFO     --> Processed: 2206; Average Time: 1.013048540245403
2019-03-01 17:49:39 INFO     --> Processed: 2306; Average Time: 0.9981234512121782
2019-03-01 17:51:27 INFO     --> Processed: 2406; Average Time: 1.0015509659051895
2019-03-01 17:51:35 WARNING  [Exception] => [division by zero] - [FileSetID: 005], [FileID: 10.2307_41410281]
2019-03-01 17:51:55 WARNING  [Exception] => [division by zero] - [FileSetID: 005], [FileID: 10.2307_43481449]
2019-03-01 17:52:53 INFO     --> Processed: 2506; Average Time: 0.9962282608032227
2019-03-01 17:52:59 WARNING  [Exception] => [division by zero] - [FileSetID: 005], [FileID: 10.2307_43294464]
2019-03-01 17:53:32 WARNING  [Exception] => [division by zero] - [FileSetID: 005], [FileID: 10.2307_42783273]
2019-03-01 17:54:33 WARNING  [Exception] => [division by zero] - [FileSetID: 005], [FileID: 10.2307_41960763]
2019-03-01 17:54:48 INFO     --> Processed: 2606; Average Time: 1.0020336744418512
2019-03-01 17:56:04 WARNING  [Exception] => [division by zero] - [FileSetID: 005], [FileID: 10.2307_43294975]
2019-03-01 17:56:48 INFO     --> Processed: 2706; Average Time: 1.0094149494171143
2019-03-01 17:57:41 INFO     --> Processed: 2806; Average Time: 0.9922197224412646
2019-03-01 17:59:22 INFO     --> Processed: 2906; Average Time: 0.9929583719681049
2019-03-01 17:59:44 WARNING  [Exception] => [division by zero] - [FileSetID: 005], [FileID: 10.2307_41843969]
2019-03-01 18:02:29 WARNING  [Exception] => [division by zero] - [FileSetID: 005], [FileID: 10.2307_1385046]
2019-03-01 18:02:36 INFO     --> Processed: 3006; Average Time: 1.024306337118149
2019-03-01 18:02:37 INFO     --> Processed: 3106; Average Time: 0.9915372000202056
2019-03-01 18:02:47 WARNING  [Exception] => [division by zero] - [FileSetID: 005], [FileID: 10.2307_44089914]
2019-03-01 18:05:44 INFO     --> Processed: 3206; Average Time: 1.0191043864935636
2019-03-01 18:06:19 WARNING  [Exception] => [division by zero] - [FileSetID: 005], [FileID: 10.2307_3090248]
2019-03-01 18:06:50 INFO     --> Processed: 3306; Average Time: 1.0081224858399593
2019-03-01 18:07:15 WARNING  [Exception] => [division by zero] - [FileSetID: 005], [FileID: 10.2307_41801047]
2019-03-01 18:07:47 INFO     --> Processed: 3406; Average Time: 0.9954262803582584
2019-03-01 18:09:07 INFO     --> Processed: 3506; Average Time: 0.9897497934613909
2019-03-01 18:10:24 INFO     --> Processed: 3606; Average Time: 0.9836986949708727
2019-03-01 18:12:07 INFO     --> Processed: 3706; Average Time: 0.9848154479748494
2019-03-01 18:14:19 INFO     --> Processed: 3806; Average Time: 0.993623483808417
2019-03-01 18:15:27 INFO     --> Processed: 3906; Average Time: 0.9856138077149025
2019-03-01 18:19:39 INFO     --> Processed: 4006; Average Time: 1.0239867500066757
2019-03-01 18:23:00 WARNING  [Exception] => [division by zero] - [FileSetID: 005], [FileID: 10.2307_351938]
2019-03-01 18:23:53 INFO     --> Processed: 4106; Average Time: 1.0609972648504304
2019-03-01 18:24:33 INFO     --> Processed: 4206; Average Time: 1.0452709057785217
2019-03-01 18:24:47 INFO     --> Processed: 4306; Average Time: 1.024306984613108
2019-03-01 18:24:50 INFO     --> Processed: 4406; Average Time: 1.0016467530619015
2019-03-01 18:27:12 INFO     --> Processed: 4506; Average Time: 1.010867629792955
2019-03-01 18:27:13 INFO     --> Processed: 4606; Average Time: 0.9890640828402146
2019-03-01 18:28:20 INFO     --> Processed: 4706; Average Time: 0.9822853757472748
2019-03-01 18:30:15 INFO     --> Processed: 4806; Average Time: 0.9859411183993022
2019-03-01 18:31:39 INFO     --> Processed: 4906; Average Time: 0.9828398892344261
2019-03-01 18:33:31 INFO     --> Processed: 5006; Average Time: 0.9855430902957917
2019-03-01 18:34:31 INFO     --> Processed: 5106; Average Time: 0.9780508800113903
2019-03-01 18:36:09 INFO     --> Processed: 5206; Average Time: 0.9781777718433967
2019-03-01 18:36:27 WARNING  [Exception] => [division by zero] - [FileSetID: 005], [FileID: 10.2307_41783483]
2019-03-01 18:37:49 INFO     --> Processed: 5306; Average Time: 0.9784818173354527
2019-03-01 18:39:16 INFO     --> Processed: 5406; Average Time: 0.9765942407978906
2019-03-01 18:40:44 INFO     --> Processed: 5506; Average Time: 0.9746820621923967
2019-03-01 18:44:29 INFO     --> Processed: 5606; Average Time: 0.9975506939632552
2019-03-01 18:45:08 INFO     --> Processed: 5706; Average Time: 0.9868363031169824
2019-03-01 18:46:31 INFO     --> Processed: 5806; Average Time: 0.9842338787276169
2019-03-01 18:47:15 INFO     --> Processed: 5906; Average Time: 0.9749988787861193
2019-03-01 18:49:00 INFO     --> Processed: 6006; Average Time: 0.9762062507867814
2019-03-01 18:50:19 INFO     --> Processed: 6106; Average Time: 0.9730760946039294
2019-03-01 18:51:19 WARNING  [Exception] => [division by zero] - [FileSetID: 005], [FileID: 10.2307_41555235]
2019-03-01 18:51:37 INFO     --> Processed: 6206; Average Time: 0.9699519130491441
2019-03-01 18:54:34 INFO     --> Processed: 6306; Average Time: 0.9826550201764183
2019-03-01 18:55:02 INFO     --> Processed: 6406; Average Time: 0.9716870033740997
2019-03-01 18:57:27 INFO     --> Processed: 6506; Average Time: 0.9790885054514958
2019-03-01 18:57:52 WARNING  [Exception] => [division by zero] - [FileSetID: 005], [FileID: 10.2307_24175944]
2019-03-01 18:58:07 INFO     --> Processed: 6606; Average Time: 0.9703839905334242
2019-03-01 18:59:25 INFO     --> Processed: 6706; Average Time: 0.967422665909155
2019-03-01 19:00:04 WARNING  [Exception] => [division by zero] - [FileSetID: 005], [FileID: 10.2307_44815953]
2019-03-01 19:02:19 INFO     --> Processed: 6806; Average Time: 0.9788250265752568
2019-03-01 19:03:13 INFO     --> Processed: 6906; Average Time: 0.9724111718716829
2019-03-01 19:04:51 WARNING  [Exception] => [division by zero] - [FileSetID: 005], [FileID: 10.2307_1387644]
2019-03-01 19:04:51 WARNING  [Exception] => [division by zero] - [FileSetID: 005], [FileID: 10.2307_351937]
2019-03-01 19:04:51 INFO     --> Processed: 7006; Average Time: 0.9725744321686881
2019-03-01 19:05:58 INFO     --> Processed: 7106; Average Time: 0.9683895756493152
2019-03-01 19:07:23 INFO     --> Processed: 7206; Average Time: 0.9666443340645896
2019-03-01 19:08:42 WARNING  [Exception] => [division by zero] - [FileSetID: 005], [FileID: 10.2307_41844279]
2019-03-01 19:09:01 INFO     --> Processed: 7306; Average Time: 0.9668484003249913
2019-03-01 19:10:55 INFO     --> Processed: 7406; Average Time: 0.9691671070859239
2019-03-01 19:11:58 WARNING  [Exception] => [division by zero] - [FileSetID: 005], [FileID: 10.2307_42855376]
2019-03-01 19:12:16 INFO     --> Processed: 7506; Average Time: 0.9670373084704081
2019-03-01 19:14:02 INFO     --> Processed: 7606; Average Time: 0.9682802380699861
2019-03-01 19:15:24 INFO     --> Processed: 7706; Average Time: 0.9663409937511791
2019-03-01 19:16:29 WARNING  [Exception] => [division by zero] - [FileSetID: 005], [FileID: 10.2307_1387626]
2019-03-01 19:17:13 INFO     --> Processed: 7806; Average Time: 0.9679332631367904
2019-03-01 19:19:07 INFO     --> Processed: 7906; Average Time: 0.9702025326897826
2019-03-01 19:20:42 INFO     --> Processed: 8006; Average Time: 0.9699092116057872
2019-03-01 19:21:36 INFO     --> Processed: 8106; Average Time: 0.9645255112353667
2019-03-01 19:25:18 INFO     --> Processed: 8206; Average Time: 0.9799091985749036
2019-03-01 19:26:29 INFO     --> Processed: 8306; Average Time: 0.9766350942921925
2019-03-01 19:26:40 INFO     --> Processed: 8406; Average Time: 0.9663593335094907
2019-03-01 19:27:51 INFO     --> Processed: 8506; Average Time: 0.9633649414006401
2019-03-01 19:29:00 WARNING  [Exception] => [division by zero] - [FileSetID: 005], [FileID: 10.2307_41800748]
2019-03-01 19:30:06 INFO     --> Processed: 8606; Average Time: 0.9678520559432895
2019-03-01 19:30:53 INFO     --> Processed: 8706; Average Time: 0.9620670086213912
2019-03-01 19:35:38 INFO     --> Processed: 8806; Average Time: 0.983588807284832
2019-03-01 19:38:58 INFO     --> Processed: 8906; Average Time: 0.9949521307998829
2019-03-01 19:39:08 INFO     --> Processed: 9006; Average Time: 0.9849657462173038
2019-03-01 19:39:10 INFO     --> Processed: 9106; Average Time: 0.974417998633542
2019-03-01 19:39:12 INFO     --> Processed: 9206; Average Time: 0.9640696398330771
2019-03-01 19:40:15 WARNING  [Exception] => [division by zero] - [FileSetID: 005], [FileID: 10.2307_43294980]
2019-03-01 19:40:34 INFO     --> Processed: 9306; Average Time: 0.9624573888829959
2019-03-01 19:42:08 INFO     --> Processed: 9406; Average Time: 0.9622752247465418
2019-03-01 19:43:43 WARNING  [Exception] => [division by zero] - [FileSetID: 005], [FileID: 10.2307_350706]
2019-03-01 19:45:00 INFO     --> Processed: 9506; Average Time: 0.9702734169960022
2019-03-01 19:47:06 INFO     --> Processed: 9606; Average Time: 0.9732805711776018
2019-03-01 19:48:38 INFO     --> Processed: 9706; Average Time: 0.9727406624174609
2019-03-01 19:50:52 INFO     --> Processed: 9806; Average Time: 0.9764584680722684
2019-03-01 19:51:00 INFO     --> Processed: 9906; Average Time: 0.9674141386301831
2019-03-01 19:52:22 INFO     --> Processed: 10006; Average Time: 0.9659097727298737
2019-03-01 19:56:38 INFO     --> Processed: 10106; Average Time: 0.981679465935962
2019-03-01 19:56:42 INFO     --> Processed: 10206; Average Time: 0.972454193129259
2019-03-01 19:57:11 INFO     --> Processed: 10306; Average Time: 0.9658675947235625
2019-03-01 20:00:03 INFO     --> Processed: 10406; Average Time: 0.9731261189625814
2019-03-01 20:00:44 INFO     --> Processed: 10506; Average Time: 0.967752837680635
2019-03-01 20:02:16 WARNING  [Exception] => [division by zero] - [FileSetID: 005], [FileID: 10.2307_1385061]
2019-03-01 20:02:51 INFO     --> Processed: 10606; Average Time: 0.9705455757087131
2019-03-01 20:03:34 WARNING  [Exception] => [division by zero] - [FileSetID: 005], [FileID: 10.2307_41801243]
2019-03-01 20:04:02 INFO     --> Processed: 10706; Average Time: 0.9681579121250973
2019-03-01 20:05:27 INFO     --> Processed: 10806; Average Time: 0.9670483579459014
2019-03-01 20:06:15 WARNING  [Exception] => [division by zero] - [FileSetID: 005], [FileID: 10.2307_43295056]
2019-03-01 20:06:58 INFO     --> Processed: 10906; Average Time: 0.9665472684868979
2019-03-01 20:09:31 INFO     --> Processed: 11006; Average Time: 0.9716654557748274
2019-03-01 20:09:53 INFO     --> Processed: 11106; Average Time: 0.9648360995988589
2019-03-01 20:11:37 INFO     --> Processed: 11206; Average Time: 0.9655752336553165
2019-03-01 20:12:43 WARNING  [Exception] => [division by zero] - [FileSetID: 005], [FileID: 10.2307_351528]
2019-03-01 20:13:36 INFO     --> Processed: 11306; Average Time: 0.9675363583691352
2019-03-01 20:16:26 INFO     --> Processed: 11406; Average Time: 0.973945051640795
2019-03-01 20:16:27 INFO     --> Processed: 11506; Average Time: 0.9655552262637926
2019-03-01 20:17:41 WARNING  [Exception] => [division by zero] - [FileSetID: 005], [FileID: 10.2307_350697]
2019-03-01 20:17:48 INFO     --> Processed: 11606; Average Time: 0.9642286455220189
2019-03-01 20:19:54 INFO     --> Processed: 11706; Average Time: 0.9667834845771137
2019-03-01 20:22:53 INFO     --> Processed: 11806; Average Time: 0.9737643032558894
2019-03-01 20:24:31 INFO     --> Processed: 11906; Average Time: 0.9737899394997028
2019-03-01 20:24:59 INFO     --> Processed: 12006; Average Time: 0.9679872769316038
2019-03-01 20:27:34 INFO     --> Processed: 12106; Average Time: 0.9728189147799469
2019-03-01 20:27:45 INFO     --> Processed: 12206; Average Time: 0.9657722796573014
2019-03-01 20:29:30 INFO     --> Processed: 12306; Average Time: 0.9664068192195117
2019-03-01 20:31:27 INFO     --> Processed: 12406; Average Time: 0.9681122209179785
2019-03-01 20:33:06 INFO     --> Processed: 12506; Average Time: 0.9682374079704285
2019-03-01 20:34:34 INFO     --> Processed: 12606; Average Time: 0.9675254554975601
2019-03-01 20:35:58 INFO     --> Processed: 12706; Average Time: 0.9665541191363898
2019-03-01 20:38:18 INFO     --> Processed: 12806; Average Time: 0.9699192318692803
2019-03-01 20:38:53 WARNING  [Exception] => [division by zero] - [FileSetID: 005], [FileID: 10.2307_351931]
2019-03-01 20:39:02 INFO     --> Processed: 12906; Average Time: 0.9658596304590388
2019-03-01 20:40:34 INFO     --> Processed: 13006; Average Time: 0.9654615987997789
2019-03-01 20:41:59 INFO     --> Processed: 13106; Average Time: 0.9645927585718286
2019-03-01 20:44:16 INFO     --> Processed: 13206; Average Time: 0.9676308994220965
2019-03-01 20:45:01 WARNING  [Exception] => [division by zero] - [FileSetID: 005], [FileID: 10.2307_43294540]
2019-03-01 20:45:30 INFO     --> Processed: 13306; Average Time: 0.9659602744776503
2019-03-01 20:48:20 WARNING  [Exception] => [division by zero] - [FileSetID: 005], [FileID: 10.2307_41844697]
2019-03-01 20:48:55 INFO     --> Processed: 13406; Average Time: 0.9740098483171036
2019-03-01 20:49:41 INFO     --> Processed: 13506; Average Time: 0.9702234675089518
2019-03-01 20:50:19 INFO     --> Processed: 13606; Average Time: 0.9659033444348504
2019-03-01 20:50:43 WARNING  [Exception] => [division by zero] - [FileSetID: 005], [FileID: 10.2307_41722474]
2019-03-01 20:51:36 INFO     --> Processed: 13706; Average Time: 0.9644877112694901
2019-03-01 20:51:39 WARNING  [Exception] => [division by zero] - [FileSetID: 005], [FileID: 10.2307_350710]
2019-03-01 20:54:17 INFO     --> Processed: 13806; Average Time: 0.9691529077896174
2019-03-01 20:54:30 WARNING  [Exception] => [division by zero] - [FileSetID: 005], [FileID: 10.2307_44816350]
2019-03-01 20:55:35 INFO     --> Processed: 13906; Average Time: 0.9677927293537332
2019-03-01 20:56:25 INFO     --> Processed: 14006; Average Time: 0.9644355106183461
2019-03-01 21:00:19 INFO     --> Processed: 14106; Average Time: 0.9741790145677878
2019-03-01 21:00:23 INFO     --> Processed: 14206; Average Time: 0.9676390043782517
2019-03-01 21:02:49 INFO     --> Processed: 14306; Average Time: 0.9710331082177329
2019-03-01 21:03:49 INFO     --> Processed: 14406; Average Time: 0.9684985059665309
2019-03-01 21:05:00 INFO     --> Processed: 14506; Average Time: 0.9666803760199711
2019-03-01 21:06:17 INFO     --> Processed: 14606; Average Time: 0.9653728639752898
2019-03-01 21:08:49 INFO     --> Processed: 14706; Average Time: 0.9691133598892057
2019-03-01 21:10:05 INFO     --> Processed: 14806; Average Time: 0.967721303798057
2019-03-01 21:11:59 INFO     --> Processed: 14906; Average Time: 0.9688820246722074
2019-03-01 21:13:51 INFO     --> Processed: 15006; Average Time: 0.9699000938733419
2019-03-01 21:15:54 INFO     --> Processed: 15106; Average Time: 0.9715767143420037
2019-03-01 21:16:52 INFO     --> Processed: 15206; Average Time: 0.9689892555694831
2019-03-01 21:18:48 INFO     --> Processed: 15306; Average Time: 0.9702999832739237
2019-03-01 21:20:22 WARNING  [Exception] => [division by zero] - [FileSetID: 005], [FileID: 10.2307_41844961]
2019-03-01 21:21:34 INFO     --> Processed: 15406; Average Time: 0.9747710148854689
2019-03-01 21:22:01 WARNING  [Exception] => [division by zero] - [FileSetID: 005], [FileID: 10.2307_43294360]
2019-03-01 21:22:53 INFO     --> Processed: 15506; Average Time: 0.9735808092855638
2019-03-01 21:24:02 INFO     --> Processed: 15606; Average Time: 0.9717555567851434
2019-03-01 21:25:13 INFO     --> Processed: 15706; Average Time: 0.970092145212137
2019-03-01 21:25:45 WARNING  [Exception] => [division by zero] - [FileSetID: 005], [FileID: 10.2307_42748833]
2019-03-01 21:26:49 INFO     --> Processed: 15806; Average Time: 0.9700047547605973
2019-03-01 21:28:42 WARNING  [Exception] => [division by zero] - [FileSetID: 005], [FileID: 10.2307_351939]
2019-03-01 21:30:33 INFO     --> Processed: 15906; Average Time: 0.9780160036926749
2019-03-01 21:30:34 INFO     --> Processed: 16006; Average Time: 0.9719548819810152
2019-03-01 21:31:34 INFO     --> Processed: 16106; Average Time: 0.9696523022651672
2019-03-01 21:34:57 INFO     --> Processed: 16206; Average Time: 0.9761723485405063
2019-03-01 21:34:59 WARNING  [Exception] => [division by zero] - [FileSetID: 005], [FileID: 10.2307_3012680]
2019-03-01 21:35:05 INFO     --> Processed: 16306; Average Time: 0.9706935546295774
2019-03-01 21:35:20 WARNING  [Exception] => [division by zero] - [FileSetID: 005], [FileID: 10.2307_41274519]
2019-03-01 21:36:59 INFO     --> Processed: 16406; Average Time: 0.9717092641679252
2019-03-01 21:38:27 INFO     --> Processed: 16506; Average Time: 0.9711874012080106
2019-03-01 21:40:54 INFO     --> Processed: 16606; Average Time: 0.9741537584166929
2019-03-01 21:41:02 WARNING  [Exception] => [division by zero] - [FileSetID: 005], [FileID: 10.2307_41068580]
2019-03-01 21:42:00 INFO     --> Processed: 16706; Average Time: 0.9723025495991735
2019-03-01 21:42:54 WARNING  [Exception] => [division by zero] - [FileSetID: 005], [FileID: 10.2307_43287584]
2019-03-01 21:42:56 INFO     --> Processed: 16806; Average Time: 0.9698535434546924
2019-03-01 21:46:55 WARNING  [Exception] => [division by zero] - [FileSetID: 005], [FileID: 10.2307_42629809]
2019-03-01 21:47:43 INFO     --> Processed: 16906; Average Time: 0.9810822053068489
2019-03-01 21:50:30 INFO     --> Processed: 17006; Average Time: 0.985153870863073
2019-03-01 21:50:37 INFO     --> Processed: 17106; Average Time: 0.9797560116282681
2019-03-01 21:51:32 WARNING  [Exception] => [division by zero] - [FileSetID: 005], [FileID: 10.2307_350689]
2019-03-01 21:51:32 INFO     --> Processed: 17206; Average Time: 0.9772894045641256
2019-03-01 21:51:47 INFO     --> Processed: 17306; Average Time: 0.9724772606695319
2019-03-01 21:52:34 WARNING  [Exception] => [division by zero] - [FileSetID: 005], [FileID: 10.2307_41844046]
2019-03-01 21:52:55 INFO     --> Processed: 17406; Average Time: 0.9707988652415659
2019-03-01 21:52:57 WARNING  [Exception] => [division by zero] - [FileSetID: 005], [FileID: 10.2307_350640]
2019-03-01 21:53:34 WARNING  [Exception] => [division by zero] - [FileSetID: 005], [FileID: 10.2307_41844156]
2019-03-01 21:56:33 INFO     --> Processed: 17506; Average Time: 0.9777220097950526
2019-03-01 21:56:34 INFO     --> Processed: 17606; Average Time: 0.9722149158472364
2019-03-01 21:58:29 WARNING  [Exception] => [division by zero] - [FileSetID: 005], [FileID: 10.2307_1385048]
2019-03-01 21:58:29 INFO     --> Processed: 17706; Average Time: 0.9732490859732116
2019-03-01 21:59:19 WARNING  [Exception] => [division by zero] - [FileSetID: 005], [FileID: 10.2307_351932]
2019-03-01 21:59:43 INFO     --> Processed: 17806; Average Time: 0.9719408490282766
2019-03-01 22:01:26 WARNING  [Exception] => [division by zero] - [FileSetID: 005], [FileID: 10.2307_44816935]
2019-03-01 22:01:54 INFO     --> Processed: 17906; Average Time: 0.9737931620874885
2019-03-01 22:03:05 INFO     --> Processed: 18006; Average Time: 0.9723490691847272
2019-03-01 22:04:37 INFO     --> Processed: 18106; Average Time: 0.9720640527477581
2019-03-01 22:06:20 INFO     --> Processed: 18206; Average Time: 0.9723860679877984
2019-03-01 22:08:06 INFO     --> Processed: 18306; Average Time: 0.9728515913838246
2019-03-01 22:09:25 INFO     --> Processed: 18406; Average Time: 0.971872435497201
2019-03-01 22:12:40 WARNING  [Exception] => [division by zero] - [FileSetID: 005], [FileID: 10.2307_41554429]
2019-03-01 22:13:24 INFO     --> Processed: 18506; Average Time: 0.9795317781551465
2019-03-01 22:13:27 WARNING  [Exception] => [division by zero] - [FileSetID: 005], [FileID: 10.2307_41725508]
2019-03-01 22:13:40 WARNING  [Exception] => [division by zero] - [FileSetID: 005], [FileID: 10.2307_351927]
2019-03-01 22:14:18 WARNING  [Exception] => [division by zero] - [FileSetID: 005], [FileID: 10.2307_42853094]
2019-03-01 22:14:20 WARNING  [Exception] => [division by zero] - [FileSetID: 005], [FileID: 10.2307_350694]
2019-03-01 22:14:20 INFO     --> Processed: 18606; Average Time: 0.9772781755078224
2019-03-01 22:15:16 INFO     --> Processed: 18706; Average Time: 0.9750347950241782
2019-03-01 22:16:09 INFO     --> Processed: 18806; Average Time: 0.9726476447759791
2019-03-01 22:19:42 INFO     --> Processed: 18906; Average Time: 0.9787815113673134
2019-03-01 22:20:33 INFO     --> Processed: 19006; Average Time: 0.9763091053084323
2019-03-01 22:22:13 WARNING  [Exception] => [division by zero] - [FileSetID: 005], [FileID: 10.2307_41068720]
2019-03-01 22:22:19 INFO     --> Processed: 19106; Average Time: 0.9767681274738611
2019-03-01 22:25:05 INFO     --> Processed: 19206; Average Time: 0.9803224225218098
2019-03-01 22:25:06 INFO     --> Processed: 19306; Average Time: 0.9752849524132329
2019-03-01 22:25:25 WARNING  [Exception] => [division by zero] - [FileSetID: 005], [FileID: 10.2307_41845023]
2019-03-01 22:26:41 INFO     --> Processed: 19406; Average Time: 0.9751837042680721
2019-03-01 22:30:20 INFO     --> Processed: 19506; Average Time: 0.9813922477257557
2019-03-01 22:30:21 INFO     --> Processed: 19606; Average Time: 0.9764267313966946
2019-03-01 22:31:24 WARNING  [Exception] => [division by zero] - [FileSetID: 005], [FileID: 10.2307_41844366]
2019-03-01 22:33:56 INFO     --> Processed: 19706; Average Time: 0.9823719558619001
2019-03-01 22:33:56 INFO     --> Processed: 19806; Average Time: 0.977451705715873
2019-03-01 22:34:59 INFO     --> Processed: 19906; Average Time: 0.9756733435122811
2019-03-01 22:36:42 INFO     --> Processed: 20006; Average Time: 0.9759741364598274
2019-03-01 22:38:29 INFO     --> Processed: 20106; Average Time: 0.976429430691164
2019-03-01 22:40:09 INFO     --> Processed: 20206; Average Time: 0.9765269263191979
2019-03-01 22:42:12 INFO     --> Processed: 20306; Average Time: 0.9777814674612336
2019-03-01 22:43:10 INFO     --> Processed: 20406; Average Time: 0.9758438416322073
2019-03-01 22:45:10 WARNING  [Exception] => [division by zero] - [FileSetID: 005], [FileID: 10.2307_43294828]
2019-03-01 22:45:50 INFO     --> Processed: 20506; Average Time: 0.9788953146236699
2019-03-01 22:46:15 WARNING  [Exception] => [division by zero] - [FileSetID: 005], [FileID: 10.2307_43294892]
2019-03-01 22:46:38 INFO     --> Processed: 20606; Average Time: 0.9764614054994676
2019-03-01 22:48:53 INFO     --> Processed: 20706; Average Time: 0.9782560492483314
2019-03-01 22:49:31 INFO     --> Processed: 20806; Average Time: 0.9753732534211416
2019-03-01 22:51:17 INFO     --> Processed: 20906; Average Time: 0.975780606281244
2019-03-01 22:52:42 WARNING  [Exception] => [division by zero] - [FileSetID: 005], [FileID: 10.2307_monthlylaborrev.2012.01.114]
2019-03-01 22:53:33 WARNING  [Exception] => [division by zero] - [FileSetID: 005], [FileID: 10.2307_41514664]
2019-03-01 22:53:43 INFO     --> Processed: 21006; Average Time: 0.9781053877103897
2019-03-01 22:54:49 INFO     --> Processed: 21106; Average Time: 0.9766005345317424
2019-03-01 22:55:19 WARNING  [Exception] => [division by zero] - [FileSetID: 005], [FileID: 10.2307_monthlylaborrev.2010.02.020]
2019-03-01 22:56:22 WARNING  [Exception] => [division by zero] - [FileSetID: 005], [FileID: 10.2307_1387642]
2019-03-01 22:56:36 WARNING  [Exception] => [division by zero] - [FileSetID: 005], [FileID: 10.2307_3069642]
2019-03-01 22:57:26 INFO     --> Processed: 21206; Average Time: 0.979376542230822
2019-03-01 22:58:03 INFO     --> Processed: 21306; Average Time: 0.9765096294488146
2019-03-01 22:59:04 WARNING  [Exception] => [division by zero] - [FileSetID: 005], [FileID: 10.2307_1385059]
2019-03-01 23:00:22 INFO     --> Processed: 21406; Average Time: 0.9784487088707006
2019-03-01 23:00:42 INFO     --> Processed: 21506; Average Time: 0.9748249782407007
2019-03-01 23:02:32 INFO     --> Processed: 21606; Average Time: 0.9754207665390439
2019-03-01 23:04:07 INFO     --> Processed: 21706; Average Time: 0.975309907269368
2019-03-01 23:04:39 WARNING  [Exception] => [division by zero] - [FileSetID: 005], [FileID: 10.2307_41554396]
2019-03-01 23:07:41 INFO     --> Processed: 21806; Average Time: 0.9806504761625867
2019-03-01 23:08:14 INFO     --> Processed: 21906; Average Time: 0.9776612741000031
2019-03-01 23:10:36 INFO     --> Processed: 22006; Average Time: 0.9796707471609115
2019-03-01 23:11:17 INFO     --> Processed: 22106; Average Time: 0.977089331786557
2019-03-01 23:12:50 WARNING  [Exception] => [division by zero] - [FileSetID: 005], [FileID: 10.2307_23890324]
2019-03-01 23:13:06 INFO     --> Processed: 22206; Average Time: 0.9776403466430871
2019-03-01 23:14:10 INFO     --> Processed: 22306; Average Time: 0.9761195419828989
2019-03-01 23:15:29 WARNING  [Exception] => [division by zero] - [FileSetID: 005], [FileID: 10.2307_41421674]
2019-03-01 23:15:48 INFO     --> Processed: 22406; Average Time: 0.9761040474474431
2019-03-01 23:17:09 INFO     --> Processed: 22506; Average Time: 0.9753839795536465
2019-03-01 23:17:19 WARNING  [Exception] => [division by zero] - [FileSetID: 005], [FileID: 10.2307_351959]
2019-03-01 23:17:27 WARNING  [Exception] => [division by zero] - [FileSetID: 005], [FileID: 10.2307_3711334]
2019-03-01 23:17:47 WARNING  [Exception] => [division by zero] - [FileSetID: 005], [FileID: 10.2307_350627]
2019-03-01 23:19:06 WARNING  [Exception] => [division by zero] - [FileSetID: 005], [FileID: 10.1525_si.1979.2.2.cover]
2019-03-01 23:20:57 INFO     --> Processed: 22606; Average Time: 0.981160855124482
2019-03-01 23:20:58 INFO     --> Processed: 22706; Average Time: 0.9768758613527608
2019-03-01 23:21:41 INFO     --> Processed: 22806; Average Time: 0.9744878873385882
2019-03-01 23:23:19 INFO     --> Processed: 22906; Average Time: 0.974489231817587
2019-03-01 23:24:15 WARNING  [Exception] => [division by zero] - [FileSetID: 005], [FileID: 10.2307_41132961]
2019-03-01 23:25:08 INFO     --> Processed: 23006; Average Time: 0.9749966412005218
2019-03-01 23:26:57 INFO     --> Processed: 23106; Average Time: 0.9755094441913423
2019-03-01 23:28:10 INFO     --> Processed: 23206; Average Time: 0.9744328277686547
2019-03-01 23:29:24 WARNING  [Exception] => [division by zero] - [FileSetID: 005], [FileID: 10.2307_monthlylaborrev.2011.05.016]
2019-03-01 23:29:56 INFO     --> Processed: 23306; Average Time: 0.9748125899605485
2019-03-01 23:33:18 INFO     --> Processed: 23406; Average Time: 0.9792984713142754
2019-03-01 23:33:24 INFO     --> Processed: 23506; Average Time: 0.9753474222345555
2019-03-01 23:35:06 INFO     --> Processed: 23606; Average Time: 0.975569121797206
2019-03-01 23:38:23 INFO     --> Processed: 23706; Average Time: 0.9797317268375606
2019-03-01 23:38:25 INFO     --> Processed: 23806; Average Time: 0.9757092912557747
2019-03-01 23:38:51 WARNING  [Exception] => [division by zero] - [FileSetID: 005], [FileID: 10.2307_43294569]
2019-03-01 23:39:22 INFO     --> Processed: 23906; Average Time: 0.9740348620394782
2019-03-01 23:41:46 WARNING  [Exception] => [division by zero] - [FileSetID: 005], [FileID: 10.2307_41929431]
2019-03-01 23:42:05 INFO     --> Processed: 24006; Average Time: 0.9767530611952145
2019-03-01 23:42:22 INFO     --> Processed: 24106; Average Time: 0.9734172540977288
2019-03-01 23:44:14 INFO     --> Processed: 24206; Average Time: 0.9740222473085419
2019-03-01 23:45:38 INFO     --> Processed: 24306; Average Time: 0.9734752137670791
2019-03-01 23:46:15 WARNING  [Exception] => [division by zero] - [FileSetID: 005], [FileID: 10.2307_350634]
2019-03-01 23:46:17 WARNING  [Exception] => [division by zero] - [FileSetID: 005], [FileID: 10.2307_41484748]
2019-03-01 23:49:03 INFO     --> Processed: 24406; Average Time: 0.9778877769337326
2019-03-01 23:49:04 INFO     --> Processed: 24506; Average Time: 0.9739330099942732
2019-03-01 23:49:57 WARNING  [Exception] => [division by zero] - [FileSetID: 005], [FileID: 10.2307_41931482]
2019-03-01 23:50:05 WARNING  [Exception] => [division by zero] - [FileSetID: 005], [FileID: 10.2307_2391627]
2019-03-01 23:51:35 INFO     --> Processed: 24606; Average Time: 0.9760834205829031
2019-03-01 23:52:09 WARNING  [Exception] => [division by zero] - [FileSetID: 005], [FileID: 10.2307_41554408]
2019-03-01 23:52:35 INFO     --> Processed: 24706; Average Time: 0.9746001418302899
2019-03-01 23:53:32 INFO     --> Processed: 24806; Average Time: 0.97296358946831
2019-03-01 23:53:42 WARNING  [Exception] => [division by zero] - [FileSetID: 005], [FileID: 10.2307_41683018]
2019-03-01 23:55:18 INFO     --> Processed: 24906; Average Time: 0.9733106807341059
2019-03-01 23:56:37 WARNING  [Exception] => [division by zero] - [FileSetID: 005], [FileID: 10.2307_20831464]
2019-03-01 23:56:47 INFO     --> Processed: 25006; Average Time: 0.9729694082164765
2019-03-01 23:57:58 WARNING  [Exception] => [division by zero] - [FileSetID: 005], [FileID: 10.2307_41067957]
2019-03-01 23:58:37 INFO     --> Processed: 25106; Average Time: 0.9734861491305895
2019-03-02 00:00:37 INFO     --> Processed: 25206; Average Time: 0.9743576587381817
2019-03-02 00:01:22 INFO     --> Processed: 25306; Average Time: 0.9722808620863752
2019-03-02 00:01:40 WARNING  [Exception] => [division by zero] - [FileSetID: 005], [FileID: 10.2307_351930]
2019-03-02 00:02:40 INFO     --> Processed: 25406; Average Time: 0.971554894822789
2019-03-02 00:04:24 WARNING  [Exception] => [division by zero] - [FileSetID: 005], [FileID: 10.1525_si.1994.17.2.cover]
2019-03-02 00:04:55 INFO     --> Processed: 25506; Average Time: 0.973025402396333
2019-03-02 00:06:03 INFO     --> Processed: 25606; Average Time: 0.971889317361638
2019-03-02 00:08:23 INFO     --> Processed: 25706; Average Time: 0.9735486898719105
2019-03-02 00:09:24 INFO     --> Processed: 25806; Average Time: 0.9721363022900367
2019-03-02 00:11:09 INFO     --> Processed: 25906; Average Time: 0.9724465948826558
2019-03-02 00:11:11 WARNING  [Exception] => [division by zero] - [FileSetID: 005], [FileID: 10.2307_41845141]
2019-03-02 00:14:50 INFO     --> Processed: 26006; Average Time: 0.9772061682572731
2019-03-02 00:14:51 INFO     --> Processed: 26106; Average Time: 0.9734949276639128
2019-03-02 00:16:55 INFO     --> Processed: 26206; Average Time: 0.9744978438624899
2019-03-02 00:17:48 INFO     --> Processed: 26306; Average Time: 0.9728370328185223
2019-03-02 00:19:06 INFO     --> Processed: 26406; Average Time: 0.972087749712395
2019-03-02 00:20:55 INFO     --> Processed: 26506; Average Time: 0.9725361440496625
2019-03-02 00:21:36 WARNING  [Exception] => [division by zero] - [FileSetID: 005], [FileID: 10.2307_41843454]
2019-03-02 00:22:27 INFO     --> Processed: 26606; Average Time: 0.9723512933397651
2019-03-02 00:23:36 INFO     --> Processed: 26706; Average Time: 0.9712668472640077
2019-03-02 00:26:36 INFO     --> Processed: 26806; Average Time: 0.9743796488331326
2019-03-02 00:26:49 WARNING  [Exception] => [division by zero] - [FileSetID: 005], [FileID: 10.2307_20831129]
2019-03-02 00:27:41 INFO     --> Processed: 26906; Average Time: 0.9731595565395285
2019-03-02 00:30:11 INFO     --> Processed: 27006; Average Time: 0.9750980562545635
2019-03-02 00:30:27 WARNING  [Exception] => [division by zero] - [FileSetID: 005], [FileID: 10.2307_41800805]
2019-03-02 00:30:44 WARNING  [Exception] => [division by zero] - [FileSetID: 005], [FileID: 10.2307_42855729]
2019-03-02 00:31:40 INFO     --> Processed: 27106; Average Time: 0.9747866835717346
2019-03-02 00:33:56 INFO     --> Processed: 27206; Average Time: 0.9762312129315208
2019-03-02 00:34:02 INFO     --> Processed: 27306; Average Time: 0.9728627151971335
2019-03-02 00:37:16 INFO     --> Processed: 27406; Average Time: 0.9763904908016651
2019-03-02 00:37:54 INFO     --> Processed: 27506; Average Time: 0.9742373803745616
2019-03-02 00:39:01 INFO     --> Processed: 27606; Average Time: 0.9731336129402769
2019-03-02 00:40:28 INFO     --> Processed: 27706; Average Time: 0.9727626301837742
2019-03-02 00:43:19 INFO     --> Processed: 27806; Average Time: 0.9753929101134375
2019-03-02 00:43:43 INFO     --> Processed: 27906; Average Time: 0.9727571528530463
2019-03-02 00:44:58 WARNING  [Exception] => [division by zero] - [FileSetID: 005], [FileID: 10.2307_43294490]
2019-03-02 00:45:34 INFO     --> Processed: 28006; Average Time: 0.97325077268907
2019-03-02 00:47:04 INFO     --> Processed: 28106; Average Time: 0.973007282811976
2019-03-02 00:48:29 INFO     --> Processed: 28206; Average Time: 0.9725684002443409
2019-03-02 00:50:32 INFO     --> Processed: 28306; Average Time: 0.9734678770965064
2019-03-02 00:51:49 INFO     --> Processed: 28406; Average Time: 0.9727616253621142
2019-03-02 00:53:40 WARNING  [Exception] => [division by zero] - [FileSetID: 005], [FileID: 10.2307_41304588]
2019-03-02 00:53:51 INFO     --> Processed: 28506; Average Time: 0.9736087978262651
2019-03-02 00:55:13 INFO     --> Processed: 28606; Average Time: 0.9730646435614232
2019-03-02 00:57:39 INFO     --> Processed: 28706; Average Time: 0.9747859749395258
2019-03-02 00:59:13 INFO     --> Processed: 28806; Average Time: 0.9746568579640653
2019-03-02 01:01:50 INFO     --> Processed: 28906; Average Time: 0.9767183598762565
2019-03-02 01:02:12 INFO     --> Processed: 29006; Average Time: 0.9741017587267119
