2019-02-27 22:15:28 INFO     Table Dropped
2019-02-27 22:15:28 INFO     Table Init Success
2019-02-27 22:15:28 INFO     Connecting to DB
2019-02-27 22:15:28 INFO     Start Iterative Mapping
2019-02-27 22:15:28 INFO     Loading File Set: [014]
2019-02-27 22:15:28 INFO     Async Processing
2019-02-27 22:15:28 WARNING  [Exception] => [name 'freq_list' is not defined] 
 => [FileSetID: 014], [FileID: 10.2307_30038603], [NGramType: ngram1]
2019-02-27 22:15:28 WARNING  [Exception] => [name 'freq_list' is not defined] 
 => [FileSetID: 014], [FileID: 10.2307_30038603], [NGramType: ngram2]
2019-02-27 22:15:28 WARNING  [Exception] => [name 'freq_list' is not defined] 
 => [FileSetID: 014], [FileID: 10.2307_30038603], [NGramType: ngram3]
2019-02-27 22:15:28 WARNING  [Exception] => [name 'freq_list' is not defined] 
 => [FileSetID: 014], [FileID: 10.2307_23746057], [NGramType: ngram1]
2019-02-27 22:15:28 WARNING  [Exception] => [name 'freq_list' is not defined] 
 => [FileSetID: 014], [FileID: 10.2307_23746057], [NGramType: ngram2]
2019-02-27 22:15:28 WARNING  [Exception] => [name 'freq_list' is not defined] 
 => [FileSetID: 014], [FileID: 10.2307_26202753], [NGramType: ngram1]
2019-02-27 22:15:28 WARNING  [Exception] => [name 'freq_list' is not defined] 
 => [FileSetID: 014], [FileID: 10.2307_30302021], [NGramType: ngram1]
2019-02-27 22:15:28 WARNING  [Exception] => [name 'freq_list' is not defined] 
 => [FileSetID: 014], [FileID: 10.2307_23746057], [NGramType: ngram3]
2019-02-27 22:15:28 WARNING  [Exception] => [name 'freq_list' is not defined] 
 => [FileSetID: 014], [FileID: 10.2307_975258], [NGramType: ngram1]
2019-02-27 22:15:28 WARNING  [Exception] => [name 'freq_list' is not defined] 
 => [FileSetID: 014], [FileID: 10.2307_4093688], [NGramType: ngram1]
2019-02-27 22:15:28 WARNING  [Exception] => [name 'freq_list' is not defined] 
 => [FileSetID: 014], [FileID: 10.2307_26202753], [NGramType: ngram2]
2019-02-27 22:15:28 WARNING  [Exception] => [name 'freq_list' is not defined] 
 => [FileSetID: 014], [FileID: 10.2307_30302021], [NGramType: ngram2]
2019-02-27 22:15:28 WARNING  [Exception] => [name 'freq_list' is not defined] 
 => [FileSetID: 014], [FileID: 10.2307_3380055], [NGramType: ngram1]
2019-02-27 22:15:28 WARNING  [Exception] => [name 'freq_list' is not defined] 
 => [FileSetID: 014], [FileID: 10.2307_975258], [NGramType: ngram2]
2019-02-27 22:15:28 WARNING  [Exception] => [name 'freq_list' is not defined] 
 => [FileSetID: 014], [FileID: 10.2307_4093688], [NGramType: ngram2]
2019-02-27 22:15:28 WARNING  [Exception] => [name 'freq_list' is not defined] 
 => [FileSetID: 014], [FileID: 10.2307_40419850], [NGramType: ngram1]
2019-02-27 22:15:28 WARNING  [Exception] => [name 'freq_list' is not defined] 
 => [FileSetID: 014], [FileID: 10.2307_30302021], [NGramType: ngram3]
2019-02-27 22:15:28 WARNING  [Exception] => [name 'freq_list' is not defined] 
 => [FileSetID: 014], [FileID: 10.2307_26202753], [NGramType: ngram3]
2019-02-27 22:15:28 WARNING  [Exception] => [name 'freq_list' is not defined] 
 => [FileSetID: 014], [FileID: 10.2307_40377128], [NGramType: ngram1]
2019-02-27 22:15:28 WARNING  [Exception] => [name 'freq_list' is not defined] 
 => [FileSetID: 014], [FileID: 10.2307_3380055], [NGramType: ngram2]
2019-02-27 22:15:28 WARNING  [Exception] => [name 'freq_list' is not defined] 
 => [FileSetID: 014], [FileID: 10.2307_4093688], [NGramType: ngram3]
2019-02-27 22:15:28 WARNING  [Exception] => [name 'freq_list' is not defined] 
 => [FileSetID: 014], [FileID: 10.2307_975258], [NGramType: ngram3]
2019-02-27 22:15:28 WARNING  [Exception] => [name 'freq_list' is not defined] 
 => [FileSetID: 014], [FileID: 10.2307_40419850], [NGramType: ngram2]
2019-02-27 22:15:28 WARNING  [Exception] => [name 'freq_list' is not defined] 
 => [FileSetID: 014], [FileID: 10.2307_3559496], [NGramType: ngram1]
2019-02-27 22:15:28 WARNING  [Exception] => [name 'freq_list' is not defined] 
 => [FileSetID: 014], [FileID: 10.2307_40377128], [NGramType: ngram2]
2019-02-27 22:15:28 WARNING  [Exception] => [name 'freq_list' is not defined] 
 => [FileSetID: 014], [FileID: 10.2307_3380055], [NGramType: ngram3]
2019-02-27 22:15:28 WARNING  [Exception] => [name 'freq_list' is not defined] 
 => [FileSetID: 014], [FileID: 10.2307_353264], [NGramType: ngram1]
2019-02-27 22:15:28 WARNING  [Exception] => [name 'freq_list' is not defined] 
 => [FileSetID: 014], [FileID: 10.2307_40419850], [NGramType: ngram3]
2019-02-27 22:15:28 WARNING  [Exception] => [name 'freq_list' is not defined] 
 => [FileSetID: 014], [FileID: 10.2307_3813594], [NGramType: ngram1]
2019-02-27 22:15:28 WARNING  [Exception] => [name 'freq_list' is not defined] 
 => [FileSetID: 014], [FileID: 10.2307_41288393], [NGramType: ngram1]
2019-02-27 22:15:28 WARNING  [Exception] => [name 'freq_list' is not defined] 
 => [FileSetID: 014], [FileID: 10.2307_40377128], [NGramType: ngram3]
2019-02-27 22:15:28 WARNING  [Exception] => [name 'freq_list' is not defined] 
 => [FileSetID: 014], [FileID: 10.2307_3559496], [NGramType: ngram2]
2019-02-27 22:15:28 WARNING  [Exception] => [name 'freq_list' is not defined] 
 => [FileSetID: 014], [FileID: 10.2307_1387186], [NGramType: ngram1]
2019-02-27 22:15:28 WARNING  [Exception] => [name 'freq_list' is not defined] 
 => [FileSetID: 014], [FileID: 10.2307_3339966], [NGramType: ngram1]
2019-02-27 22:15:28 WARNING  [Exception] => [name 'freq_list' is not defined] 
 => [FileSetID: 014], [FileID: 10.2307_353264], [NGramType: ngram2]
2019-02-27 22:15:28 WARNING  [Exception] => [name 'freq_list' is not defined] 
 => [FileSetID: 014], [FileID: 10.2307_41288393], [NGramType: ngram2]
2019-02-27 22:15:28 WARNING  [Exception] => [name 'freq_list' is not defined] 
 => [FileSetID: 014], [FileID: 10.2307_3813594], [NGramType: ngram2]
2019-02-27 22:15:28 WARNING  [Exception] => [name 'freq_list' is not defined] 
 => [FileSetID: 014], [FileID: 10.2307_1319290], [NGramType: ngram1]
2019-02-27 22:15:28 WARNING  [Exception] => [name 'freq_list' is not defined] 
 => [FileSetID: 014], [FileID: 10.1086_669661], [NGramType: ngram1]
2019-02-27 22:15:28 WARNING  [Exception] => [name 'freq_list' is not defined] 
 => [FileSetID: 014], [FileID: 10.2307_3559496], [NGramType: ngram3]
2019-02-27 22:15:28 WARNING  [Exception] => [name 'freq_list' is not defined] 
 => [FileSetID: 014], [FileID: 10.2307_1387186], [NGramType: ngram2]
2019-02-27 22:15:28 WARNING  [Exception] => [name 'freq_list' is not defined] 
 => [FileSetID: 014], [FileID: 10.2307_30126716], [NGramType: ngram1]
2019-02-27 22:15:28 WARNING  [Exception] => [name 'freq_list' is not defined] 
 => [FileSetID: 014], [FileID: 10.2307_41288393], [NGramType: ngram3]
2019-02-27 22:15:28 WARNING  [Exception] => [name 'freq_list' is not defined] 
 => [FileSetID: 014], [FileID: 10.2307_353264], [NGramType: ngram3]
2019-02-27 22:15:28 WARNING  [Exception] => [name 'freq_list' is not defined] 
 => [FileSetID: 014], [FileID: 10.2307_23042139], [NGramType: ngram1]
2019-02-27 22:15:28 WARNING  [Exception] => [name 'freq_list' is not defined] 
 => [FileSetID: 014], [FileID: 10.2307_3339966], [NGramType: ngram2]
2019-02-27 22:15:28 WARNING  [Exception] => [name 'freq_list' is not defined] 
 => [FileSetID: 014], [FileID: 10.2307_41621656], [NGramType: ngram1]
2019-02-27 22:15:28 WARNING  [Exception] => [name 'freq_list' is not defined] 
 => [FileSetID: 014], [FileID: 10.2307_1319290], [NGramType: ngram2]
2019-02-27 22:15:28 WARNING  [Exception] => [name 'freq_list' is not defined] 
 => [FileSetID: 014], [FileID: 10.2307_3813594], [NGramType: ngram3]
2019-02-27 22:15:28 WARNING  [Exception] => [name 'freq_list' is not defined] 
 => [FileSetID: 014], [FileID: 10.2307_160736], [NGramType: ngram1]
2019-02-27 22:15:28 WARNING  [Exception] => [name 'freq_list' is not defined] 
 => [FileSetID: 014], [FileID: 10.2307_1387186], [NGramType: ngram3]
2019-02-27 22:15:28 WARNING  [Exception] => [name 'freq_list' is not defined] 
 => [FileSetID: 014], [FileID: 10.1086_669661], [NGramType: ngram2]
2019-02-27 22:15:28 WARNING  [Exception] => [name 'freq_list' is not defined] 
 => [FileSetID: 014], [FileID: 10.2307_3339966], [NGramType: ngram3]
2019-02-27 22:15:28 WARNING  [Exception] => [name 'freq_list' is not defined] 
 => [FileSetID: 014], [FileID: 10.2307_30126716], [NGramType: ngram2]
2019-02-27 22:15:28 WARNING  [Exception] => [name 'freq_list' is not defined] 
 => [FileSetID: 014], [FileID: 10.2307_27820064], [NGramType: ngram1]
2019-02-27 22:15:28 WARNING  [Exception] => [name 'freq_list' is not defined] 
 => [FileSetID: 014], [FileID: 10.2307_23042139], [NGramType: ngram2]
2019-02-27 22:15:28 WARNING  [Exception] => [name 'freq_list' is not defined] 
 => [FileSetID: 014], [FileID: 10.1086_425392], [NGramType: ngram1]
2019-02-27 22:15:28 WARNING  [Exception] => [name 'freq_list' is not defined] 
 => [FileSetID: 014], [FileID: 10.2307_41621656], [NGramType: ngram2]
2019-02-27 22:15:28 WARNING  [Exception] => [name 'freq_list' is not defined] 
 => [FileSetID: 014], [FileID: 10.2307_1319290], [NGramType: ngram3]
2019-02-27 22:15:28 WARNING  [Exception] => [name 'freq_list' is not defined] 
 => [FileSetID: 014], [FileID: 10.1086_669661], [NGramType: ngram3]
2019-02-27 22:15:28 WARNING  [Exception] => [name 'freq_list' is not defined] 
 => [FileSetID: 014], [FileID: 10.2307_160736], [NGramType: ngram2]
2019-02-27 22:15:28 WARNING  [Exception] => [name 'freq_list' is not defined] 
 => [FileSetID: 014], [FileID: 10.2307_30126716], [NGramType: ngram3]
2019-02-27 22:15:28 WARNING  [Exception] => [name 'freq_list' is not defined] 
 => [FileSetID: 014], [FileID: 10.2307_27820064], [NGramType: ngram2]
2019-02-27 22:15:28 WARNING  [Exception] => [name 'freq_list' is not defined] 
 => [FileSetID: 014], [FileID: 10.2307_23042139], [NGramType: ngram3]
2019-02-27 22:15:28 WARNING  [Exception] => [name 'freq_list' is not defined] 
 => [FileSetID: 014], [FileID: 10.2307_41621656], [NGramType: ngram3]
2019-02-27 22:15:28 WARNING  [Exception] => [name 'freq_list' is not defined] 
 => [FileSetID: 014], [FileID: 10.2307_42857704], [NGramType: ngram1]
2019-02-27 22:15:28 WARNING  [Exception] => [name 'freq_list' is not defined] 
 => [FileSetID: 014], [FileID: 10.1086_425392], [NGramType: ngram2]
2019-02-27 22:15:28 WARNING  [Exception] => [name 'freq_list' is not defined] 
 => [FileSetID: 014], [FileID: 10.2307_27820064], [NGramType: ngram3]
2019-02-27 22:15:28 WARNING  [Exception] => [name 'freq_list' is not defined] 
 => [FileSetID: 014], [FileID: 10.2307_160736], [NGramType: ngram3]
2019-02-27 22:15:28 WARNING  [Exception] => [name 'freq_list' is not defined] 
 => [FileSetID: 014], [FileID: 10.2307_42857704], [NGramType: ngram2]
2019-02-27 22:15:28 WARNING  [Exception] => [name 'freq_list' is not defined] 
 => [FileSetID: 014], [FileID: 10.1086_425392], [NGramType: ngram3]
2019-02-27 22:15:28 WARNING  [Exception] => [name 'freq_list' is not defined] 
 => [FileSetID: 014], [FileID: 10.2307_42857704], [NGramType: ngram3]
2019-02-27 22:15:28 WARNING  [Exception] => [name 'freq_list' is not defined] 
 => [FileSetID: 014], [FileID: 10.2307_30126823], [NGramType: ngram1]
2019-02-27 22:15:28 WARNING  [Exception] => [name 'freq_list' is not defined] 
 => [FileSetID: 014], [FileID: 10.2307_30126823], [NGramType: ngram2]
2019-02-27 22:15:28 WARNING  [Exception] => [name 'freq_list' is not defined] 
 => [FileSetID: 014], [FileID: 10.2307_30126823], [NGramType: ngram3]
2019-02-27 22:15:28 WARNING  [Exception] => [name 'freq_list' is not defined] 
 => [FileSetID: 014], [FileID: 10.2307_2064111], [NGramType: ngram1]
2019-02-27 22:15:28 WARNING  [Exception] => [name 'freq_list' is not defined] 
 => [FileSetID: 014], [FileID: 10.2307_41132838], [NGramType: ngram1]
2019-02-27 22:15:28 WARNING  [Exception] => [name 'freq_list' is not defined] 
 => [FileSetID: 014], [FileID: 10.2307_2064111], [NGramType: ngram2]
2019-02-27 22:15:28 WARNING  [Exception] => [name 'freq_list' is not defined] 
 => [FileSetID: 014], [FileID: 10.2307_41132838], [NGramType: ngram2]
2019-02-27 22:15:28 WARNING  [Exception] => [name 'freq_list' is not defined] 
 => [FileSetID: 014], [FileID: 10.2307_2064111], [NGramType: ngram3]
2019-02-27 22:15:28 WARNING  [Exception] => [name 'freq_list' is not defined] 
 => [FileSetID: 014], [FileID: 10.2307_40930004], [NGramType: ngram1]
2019-02-27 22:15:28 WARNING  [Exception] => [name 'freq_list' is not defined] 
 => [FileSetID: 014], [FileID: 10.2307_41132838], [NGramType: ngram3]
2019-02-27 22:15:28 WARNING  [Exception] => [name 'freq_list' is not defined] 
 => [FileSetID: 014], [FileID: 10.2307_40930004], [NGramType: ngram2]
2019-02-27 22:15:28 WARNING  [Exception] => [name 'freq_list' is not defined] 
 => [FileSetID: 014], [FileID: 10.2307_40930004], [NGramType: ngram3]
2019-02-27 22:15:28 WARNING  [Exception] => [name 'freq_list' is not defined] 
 => [FileSetID: 014], [FileID: 10.2307_25060271], [NGramType: ngram1]
2019-02-27 22:15:28 WARNING  [Exception] => [name 'freq_list' is not defined] 
 => [FileSetID: 014], [FileID: 10.2307_25060271], [NGramType: ngram2]
2019-02-27 22:15:28 WARNING  [Exception] => [name 'freq_list' is not defined] 
 => [FileSetID: 014], [FileID: 10.2307_25060271], [NGramType: ngram3]
2019-02-27 22:15:28 WARNING  [Exception] => [name 'freq_list' is not defined] 
 => [FileSetID: 014], [FileID: 10.2307_41843884], [NGramType: ngram1]
2019-02-27 22:15:28 WARNING  [Exception] => [name 'freq_list' is not defined] 
 => [FileSetID: 014], [FileID: 10.2307_41843884], [NGramType: ngram2]
2019-02-27 22:15:28 WARNING  [Exception] => [name 'freq_list' is not defined] 
 => [FileSetID: 014], [FileID: 10.2307_41843884], [NGramType: ngram3]
2019-02-27 22:15:28 WARNING  [Exception] => [name 'freq_list' is not defined] 
 => [FileSetID: 014], [FileID: 10.2307_24492958], [NGramType: ngram1]
2019-02-27 22:15:28 WARNING  [Exception] => [name 'freq_list' is not defined] 
 => [FileSetID: 014], [FileID: 10.2307_24492958], [NGramType: ngram2]
2019-02-27 22:15:28 WARNING  [Exception] => [name 'freq_list' is not defined] 
 => [FileSetID: 014], [FileID: 10.2307_24492958], [NGramType: ngram3]
2019-02-27 22:15:28 WARNING  [Exception] => [name 'freq_list' is not defined] 
 => [FileSetID: 014], [FileID: 10.2307_23525432], [NGramType: ngram1]
2019-02-27 22:15:28 WARNING  [Exception] => [name 'freq_list' is not defined] 
 => [FileSetID: 014], [FileID: 10.2307_23525432], [NGramType: ngram2]
2019-02-27 22:15:28 WARNING  [Exception] => [name 'freq_list' is not defined] 
 => [FileSetID: 014], [FileID: 10.2307_23525432], [NGramType: ngram3]
2019-02-27 22:15:28 WARNING  [Exception] => [name 'freq_list' is not defined] 
 => [FileSetID: 014], [FileID: 10.2307_3511885], [NGramType: ngram1]
2019-02-27 22:15:28 WARNING  [Exception] => [name 'freq_list' is not defined] 
 => [FileSetID: 014], [FileID: 10.2307_3511885], [NGramType: ngram2]
2019-02-27 22:15:28 WARNING  [Exception] => [name 'freq_list' is not defined] 
 => [FileSetID: 014], [FileID: 10.2307_3511885], [NGramType: ngram3]
2019-02-27 22:15:28 WARNING  [Exception] => [name 'freq_list' is not defined] 
 => [FileSetID: 014], [FileID: 10.2307_3593617], [NGramType: ngram1]
2019-02-27 22:15:28 WARNING  [Exception] => [name 'freq_list' is not defined] 
 => [FileSetID: 014], [FileID: 10.2307_822532], [NGramType: ngram1]
2019-02-27 22:15:28 WARNING  [Exception] => [name 'freq_list' is not defined] 
 => [FileSetID: 014], [FileID: 10.2307_3593617], [NGramType: ngram2]
2019-02-27 22:15:28 WARNING  [Exception] => [name 'freq_list' is not defined] 
 => [FileSetID: 014], [FileID: 10.2307_822532], [NGramType: ngram2]
2019-02-27 22:15:28 WARNING  [Exception] => [name 'freq_list' is not defined] 
 => [FileSetID: 014], [FileID: 10.2307_3593617], [NGramType: ngram3]
2019-02-27 22:15:28 WARNING  [Exception] => [name 'freq_list' is not defined] 
 => [FileSetID: 014], [FileID: 10.2307_822532], [NGramType: ngram3]
2019-02-27 22:15:28 WARNING  [Exception] => [name 'freq_list' is not defined] 
 => [FileSetID: 014], [FileID: 10.2307_3094845], [NGramType: ngram1]
2019-02-27 22:15:28 WARNING  [Exception] => [name 'freq_list' is not defined] 
 => [FileSetID: 014], [FileID: 10.2307_3094845], [NGramType: ngram2]
2019-02-27 22:15:28 WARNING  [Exception] => [name 'freq_list' is not defined] 
 => [FileSetID: 014], [FileID: 10.2307_3094845], [NGramType: ngram3]
2019-02-27 22:15:28 WARNING  [Exception] => [name 'freq_list' is not defined] 
 => [FileSetID: 014], [FileID: 10.2307_684670], [NGramType: ngram1]
2019-02-27 22:15:28 WARNING  [Exception] => [name 'freq_list' is not defined] 
 => [FileSetID: 014], [FileID: 10.2307_684670], [NGramType: ngram2]
2019-02-27 22:15:28 WARNING  [Exception] => [name 'freq_list' is not defined] 
 => [FileSetID: 014], [FileID: 10.2307_684670], [NGramType: ngram3]
2019-02-27 22:15:28 WARNING  [Exception] => [name 'freq_list' is not defined] 
 => [FileSetID: 014], [FileID: 10.2307_2486748], [NGramType: ngram1]
2019-02-27 22:15:28 WARNING  [Exception] => [name 'freq_list' is not defined] 
 => [FileSetID: 014], [FileID: 10.2307_41229737], [NGramType: ngram1]
2019-02-27 22:15:28 WARNING  [Exception] => [name 'freq_list' is not defined] 
 => [FileSetID: 014], [FileID: 10.2307_2486748], [NGramType: ngram2]
2019-02-27 22:15:28 WARNING  [Exception] => [name 'freq_list' is not defined] 
 => [FileSetID: 014], [FileID: 10.2307_41229737], [NGramType: ngram2]
2019-02-27 22:15:28 WARNING  [Exception] => [name 'freq_list' is not defined] 
 => [FileSetID: 014], [FileID: 10.2307_2486748], [NGramType: ngram3]
2019-02-27 22:15:28 WARNING  [Exception] => [name 'freq_list' is not defined] 
 => [FileSetID: 014], [FileID: 10.2307_41229737], [NGramType: ngram3]
2019-02-27 22:15:28 WARNING  [Exception] => [name 'freq_list' is not defined] 
 => [FileSetID: 014], [FileID: 10.2307_23028652], [NGramType: ngram1]
2019-02-27 22:15:28 WARNING  [Exception] => [name 'freq_list' is not defined] 
 => [FileSetID: 014], [FileID: 10.2307_23028652], [NGramType: ngram2]
2019-02-27 22:15:28 WARNING  [Exception] => [name 'freq_list' is not defined] 
 => [FileSetID: 014], [FileID: 10.2307_23028652], [NGramType: ngram3]
2019-02-27 22:15:28 WARNING  [Exception] => [name 'freq_list' is not defined] 
 => [FileSetID: 014], [FileID: 10.2307_3089265], [NGramType: ngram1]
2019-02-27 22:15:28 WARNING  [Exception] => [name 'freq_list' is not defined] 
 => [FileSetID: 014], [FileID: 10.2307_3089265], [NGramType: ngram2]
2019-02-27 22:15:28 WARNING  [Exception] => [name 'freq_list' is not defined] 
 => [FileSetID: 014], [FileID: 10.2307_3089265], [NGramType: ngram3]
2019-02-27 22:15:28 WARNING  [Exception] => [name 'freq_list' is not defined] 
 => [FileSetID: 014], [FileID: 10.2307_41782704], [NGramType: ngram1]
2019-02-27 22:15:28 WARNING  [Exception] => [name 'freq_list' is not defined] 
 => [FileSetID: 014], [FileID: 10.2307_41782704], [NGramType: ngram2]
2019-02-27 22:15:28 WARNING  [Exception] => [name 'freq_list' is not defined] 
 => [FileSetID: 014], [FileID: 10.2307_41782704], [NGramType: ngram3]
2019-02-27 22:15:28 WARNING  [Exception] => [name 'freq_list' is not defined] 
 => [FileSetID: 014], [FileID: 10.2307_29770031], [NGramType: ngram1]
2019-02-27 22:15:28 WARNING  [Exception] => [name 'freq_list' is not defined] 
 => [FileSetID: 014], [FileID: 10.2307_29770031], [NGramType: ngram2]
2019-02-27 22:15:28 WARNING  [Exception] => [name 'freq_list' is not defined] 
 => [FileSetID: 014], [FileID: 10.2307_29770031], [NGramType: ngram3]
2019-02-27 22:15:28 WARNING  [Exception] => [name 'freq_list' is not defined] 
 => [FileSetID: 014], [FileID: 10.2307_23004091], [NGramType: ngram1]
2019-02-27 22:15:28 WARNING  [Exception] => [name 'freq_list' is not defined] 
 => [FileSetID: 014], [FileID: 10.2307_23004091], [NGramType: ngram2]
2019-02-27 22:15:28 WARNING  [Exception] => [name 'freq_list' is not defined] 
 => [FileSetID: 014], [FileID: 10.2307_23004091], [NGramType: ngram3]
2019-02-27 22:15:28 WARNING  [Exception] => [name 'freq_list' is not defined] 
 => [FileSetID: 014], [FileID: 10.2307_3323861], [NGramType: ngram1]
2019-02-27 22:15:28 WARNING  [Exception] => [name 'freq_list' is not defined] 
 => [FileSetID: 014], [FileID: 10.2307_3323861], [NGramType: ngram2]
2019-02-27 22:15:28 WARNING  [Exception] => [name 'freq_list' is not defined] 
 => [FileSetID: 014], [FileID: 10.2307_3323861], [NGramType: ngram3]
2019-02-27 22:15:28 WARNING  [Exception] => [name 'freq_list' is not defined] 
 => [FileSetID: 014], [FileID: 10.2307_2631683], [NGramType: ngram1]
2019-02-27 22:15:28 WARNING  [Exception] => [name 'freq_list' is not defined] 
 => [FileSetID: 014], [FileID: 10.2307_2631683], [NGramType: ngram2]
2019-02-27 22:15:28 WARNING  [Exception] => [name 'freq_list' is not defined] 
 => [FileSetID: 014], [FileID: 10.2307_2631683], [NGramType: ngram3]
2019-02-27 22:15:28 WARNING  [Exception] => [name 'freq_list' is not defined] 
 => [FileSetID: 014], [FileID: 10.2307_4131482], [NGramType: ngram1]
2019-02-27 22:15:28 WARNING  [Exception] => [name 'freq_list' is not defined] 
 => [FileSetID: 014], [FileID: 10.2307_4131482], [NGramType: ngram2]
2019-02-27 22:15:28 WARNING  [Exception] => [name 'freq_list' is not defined] 
 => [FileSetID: 014], [FileID: 10.2307_4131482], [NGramType: ngram3]
2019-02-27 22:15:28 WARNING  [Exception] => [name 'freq_list' is not defined] 
 => [FileSetID: 014], [FileID: 10.2307_42956369], [NGramType: ngram1]
2019-02-27 22:15:28 WARNING  [Exception] => [name 'freq_list' is not defined] 
 => [FileSetID: 014], [FileID: 10.2307_42956369], [NGramType: ngram2]
2019-02-27 22:15:28 WARNING  [Exception] => [name 'freq_list' is not defined] 
 => [FileSetID: 014], [FileID: 10.2307_42956369], [NGramType: ngram3]
2019-02-27 22:15:28 WARNING  [Exception] => [name 'freq_list' is not defined] 
 => [FileSetID: 014], [FileID: 10.2307_3485382], [NGramType: ngram1]
2019-02-27 22:15:28 WARNING  [Exception] => [name 'freq_list' is not defined] 
 => [FileSetID: 014], [FileID: 10.2307_3485382], [NGramType: ngram2]
2019-02-27 22:15:28 WARNING  [Exception] => [name 'freq_list' is not defined] 
 => [FileSetID: 014], [FileID: 10.2307_3485382], [NGramType: ngram3]
2019-02-27 22:15:28 WARNING  [Exception] => [name 'freq_list' is not defined] 
 => [FileSetID: 014], [FileID: 10.2307_40368870], [NGramType: ngram1]
2019-02-27 22:15:28 WARNING  [Exception] => [name 'freq_list' is not defined] 
 => [FileSetID: 014], [FileID: 10.2307_40368870], [NGramType: ngram2]
2019-02-27 22:15:28 WARNING  [Exception] => [name 'freq_list' is not defined] 
 => [FileSetID: 014], [FileID: 10.2307_40368870], [NGramType: ngram3]
2019-02-27 22:15:28 WARNING  [Exception] => [name 'freq_list' is not defined] 
 => [FileSetID: 014], [FileID: 10.2307_41428710], [NGramType: ngram1]
2019-02-27 22:15:28 WARNING  [Exception] => [name 'freq_list' is not defined] 
 => [FileSetID: 014], [FileID: 10.2307_41428710], [NGramType: ngram2]
2019-02-27 22:15:28 WARNING  [Exception] => [name 'freq_list' is not defined] 
 => [FileSetID: 014], [FileID: 10.2307_41428710], [NGramType: ngram3]
2019-02-27 22:15:28 WARNING  [Exception] => [name 'freq_list' is not defined] 
 => [FileSetID: 014], [FileID: 10.2307_3516938], [NGramType: ngram1]
2019-02-27 22:15:28 WARNING  [Exception] => [name 'freq_list' is not defined] 
 => [FileSetID: 014], [FileID: 10.2307_3516938], [NGramType: ngram2]
2019-02-27 22:15:28 WARNING  [Exception] => [name 'freq_list' is not defined] 
 => [FileSetID: 014], [FileID: 10.2307_3516938], [NGramType: ngram3]
2019-02-27 22:15:28 WARNING  [Exception] => [name 'freq_list' is not defined] 
 => [FileSetID: 014], [FileID: 10.2307_40370234], [NGramType: ngram1]
2019-02-27 22:15:28 WARNING  [Exception] => [name 'freq_list' is not defined] 
 => [FileSetID: 014], [FileID: 10.2307_40370234], [NGramType: ngram2]
2019-02-27 22:15:28 WARNING  [Exception] => [name 'freq_list' is not defined] 
 => [FileSetID: 014], [FileID: 10.2307_40370234], [NGramType: ngram3]
2019-02-27 22:15:28 WARNING  [Exception] => [name 'freq_list' is not defined] 
 => [FileSetID: 014], [FileID: 10.2307_43548361], [NGramType: ngram1]
2019-02-27 22:15:28 WARNING  [Exception] => [name 'freq_list' is not defined] 
 => [FileSetID: 014], [FileID: 10.2307_43548361], [NGramType: ngram2]
2019-02-27 22:15:28 WARNING  [Exception] => [name 'freq_list' is not defined] 
 => [FileSetID: 014], [FileID: 10.2307_43548361], [NGramType: ngram3]
2019-02-27 22:15:28 WARNING  [Exception] => [name 'freq_list' is not defined] 
 => [FileSetID: 014], [FileID: 10.2307_40836099], [NGramType: ngram1]
2019-02-27 22:15:28 WARNING  [Exception] => [name 'freq_list' is not defined] 
 => [FileSetID: 014], [FileID: 10.2307_40836099], [NGramType: ngram2]
2019-02-27 22:15:28 WARNING  [Exception] => [name 'freq_list' is not defined] 
 => [FileSetID: 014], [FileID: 10.2307_40836099], [NGramType: ngram3]
2019-02-27 22:15:28 WARNING  [Exception] => [name 'freq_list' is not defined] 
 => [FileSetID: 014], [FileID: 10.2307_41618748], [NGramType: ngram1]
2019-02-27 22:15:28 WARNING  [Exception] => [name 'freq_list' is not defined] 
 => [FileSetID: 014], [FileID: 10.2307_41618748], [NGramType: ngram2]
2019-02-27 22:15:28 WARNING  [Exception] => [name 'freq_list' is not defined] 
 => [FileSetID: 014], [FileID: 10.2307_41618748], [NGramType: ngram3]
2019-02-27 22:15:28 WARNING  [Exception] => [name 'freq_list' is not defined] 
 => [FileSetID: 014], [FileID: 10.2307_3516825], [NGramType: ngram1]
2019-02-27 22:15:28 WARNING  [Exception] => [name 'freq_list' is not defined] 
 => [FileSetID: 014], [FileID: 10.2307_3516825], [NGramType: ngram2]
2019-02-27 22:15:28 WARNING  [Exception] => [name 'freq_list' is not defined] 
 => [FileSetID: 014], [FileID: 10.2307_3516825], [NGramType: ngram3]
2019-02-27 22:15:28 WARNING  [Exception] => [name 'freq_list' is not defined] 
 => [FileSetID: 014], [FileID: 10.2307_3069395], [NGramType: ngram1]
2019-02-27 22:15:28 WARNING  [Exception] => [name 'freq_list' is not defined] 
 => [FileSetID: 014], [FileID: 10.2307_3069395], [NGramType: ngram2]
2019-02-27 22:15:28 WARNING  [Exception] => [name 'freq_list' is not defined] 
 => [FileSetID: 014], [FileID: 10.2307_3069395], [NGramType: ngram3]
2019-02-27 22:15:28 WARNING  [Exception] => [name 'freq_list' is not defined] 
 => [FileSetID: 014], [FileID: 10.2307_2630497], [NGramType: ngram1]
2019-02-27 22:15:28 WARNING  [Exception] => [name 'freq_list' is not defined] 
 => [FileSetID: 014], [FileID: 10.2307_2630497], [NGramType: ngram2]
2019-02-27 22:15:28 WARNING  [Exception] => [name 'freq_list' is not defined] 
 => [FileSetID: 014], [FileID: 10.2307_2630497], [NGramType: ngram3]
2019-02-27 22:15:28 WARNING  [Exception] => [name 'freq_list' is not defined] 
 => [FileSetID: 014], [FileID: 10.2307_24706843], [NGramType: ngram1]
2019-02-27 22:15:28 WARNING  [Exception] => [name 'freq_list' is not defined] 
 => [FileSetID: 014], [FileID: 10.2307_24706843], [NGramType: ngram2]
2019-02-27 22:15:28 WARNING  [Exception] => [name 'freq_list' is not defined] 
 => [FileSetID: 014], [FileID: 10.2307_24706843], [NGramType: ngram3]
2019-02-27 22:15:28 WARNING  [Exception] => [name 'freq_list' is not defined] 
 => [FileSetID: 014], [FileID: 10.2307_23745478], [NGramType: ngram1]
2019-02-27 22:15:28 WARNING  [Exception] => [name 'freq_list' is not defined] 
 => [FileSetID: 014], [FileID: 10.2307_23745478], [NGramType: ngram2]
2019-02-27 22:15:28 WARNING  [Exception] => [name 'freq_list' is not defined] 
 => [FileSetID: 014], [FileID: 10.2307_23745478], [NGramType: ngram3]
2019-02-27 22:15:28 WARNING  [Exception] => [name 'freq_list' is not defined] 
 => [FileSetID: 014], [FileID: 10.2307_2093117], [NGramType: ngram1]
2019-02-27 22:15:28 WARNING  [Exception] => [name 'freq_list' is not defined] 
 => [FileSetID: 014], [FileID: 10.2307_3780227], [NGramType: ngram1]
2019-02-27 22:15:28 WARNING  [Exception] => [name 'freq_list' is not defined] 
 => [FileSetID: 014], [FileID: 10.2307_27889189], [NGramType: ngram1]
2019-02-27 22:15:28 WARNING  [Exception] => [name 'freq_list' is not defined] 
 => [FileSetID: 014], [FileID: 10.2307_2093117], [NGramType: ngram2]
2019-02-27 22:15:28 WARNING  [Exception] => [name 'freq_list' is not defined] 
 => [FileSetID: 014], [FileID: 10.2307_40690308], [NGramType: ngram1]
2019-02-27 22:15:28 WARNING  [Exception] => [name 'freq_list' is not defined] 
 => [FileSetID: 014], [FileID: 10.2307_3069393], [NGramType: ngram1]
2019-02-27 22:15:28 WARNING  [Exception] => [name 'freq_list' is not defined] 
 => [FileSetID: 014], [FileID: 10.2307_3780227], [NGramType: ngram2]
2019-02-27 22:15:28 WARNING  [Exception] => [name 'freq_list' is not defined] 
 => [FileSetID: 014], [FileID: 10.2307_40971232], [NGramType: ngram1]
2019-02-27 22:15:28 WARNING  [Exception] => [name 'freq_list' is not defined] 
 => [FileSetID: 014], [FileID: 10.2307_41131145], [NGramType: ngram1]
2019-02-27 22:15:28 WARNING  [Exception] => [name 'freq_list' is not defined] 
 => [FileSetID: 014], [FileID: 10.2307_4165908], [NGramType: ngram1]
2019-02-27 22:15:28 WARNING  [Exception] => [name 'freq_list' is not defined] 
 => [FileSetID: 014], [FileID: 10.2307_2093117], [NGramType: ngram3]
2019-02-27 22:15:28 WARNING  [Exception] => [name 'freq_list' is not defined] 
 => [FileSetID: 014], [FileID: 10.2307_27889189], [NGramType: ngram2]
2019-02-27 22:15:28 WARNING  [Exception] => [name 'freq_list' is not defined] 
 => [FileSetID: 014], [FileID: 10.2307_23983840], [NGramType: ngram1]
2019-02-27 22:15:28 WARNING  [Exception] => [name 'freq_list' is not defined] 
 => [FileSetID: 014], [FileID: 10.2307_41697989], [NGramType: ngram1]
2019-02-27 22:15:28 WARNING  [Exception] => [name 'freq_list' is not defined] 
 => [FileSetID: 014], [FileID: 10.2307_40690308], [NGramType: ngram2]
2019-02-27 22:15:28 WARNING  [Exception] => [name 'freq_list' is not defined] 
 => [FileSetID: 014], [FileID: 10.2307_3069393], [NGramType: ngram2]
2019-02-27 22:15:28 WARNING  [Exception] => [name 'freq_list' is not defined] 
 => [FileSetID: 014], [FileID: 10.2307_27640994], [NGramType: ngram1]
2019-02-27 22:15:28 WARNING  [Exception] => [name 'freq_list' is not defined] 
 => [FileSetID: 014], [FileID: 10.2307_3780227], [NGramType: ngram3]
2019-02-27 22:15:28 WARNING  [Exception] => [name 'freq_list' is not defined] 
 => [FileSetID: 014], [FileID: 10.2307_40971232], [NGramType: ngram2]
2019-02-27 22:15:28 WARNING  [Exception] => [name 'freq_list' is not defined] 
 => [FileSetID: 014], [FileID: 10.2307_1316919], [NGramType: ngram1]
2019-02-27 22:15:28 WARNING  [Exception] => [name 'freq_list' is not defined] 
 => [FileSetID: 014], [FileID: 10.2307_41131145], [NGramType: ngram2]
2019-02-27 22:15:28 WARNING  [Exception] => [name 'freq_list' is not defined] 
 => [FileSetID: 014], [FileID: 10.2307_4165908], [NGramType: ngram2]
2019-02-27 22:15:28 WARNING  [Exception] => [name 'freq_list' is not defined] 
 => [FileSetID: 014], [FileID: 10.2307_27889189], [NGramType: ngram3]
2019-02-27 22:15:28 WARNING  [Exception] => [name 'freq_list' is not defined] 
 => [FileSetID: 014], [FileID: 10.2307_23983840], [NGramType: ngram2]
2019-02-27 22:15:28 WARNING  [Exception] => [name 'freq_list' is not defined] 
 => [FileSetID: 014], [FileID: 10.2307_353090], [NGramType: ngram1]
2019-02-27 22:15:28 WARNING  [Exception] => [name 'freq_list' is not defined] 
 => [FileSetID: 014], [FileID: 10.2307_41697989], [NGramType: ngram2]
2019-02-27 22:15:28 WARNING  [Exception] => [name 'freq_list' is not defined] 
 => [FileSetID: 014], [FileID: 10.2307_40690308], [NGramType: ngram3]
2019-02-27 22:15:28 WARNING  [Exception] => [name 'freq_list' is not defined] 
 => [FileSetID: 014], [FileID: 10.2307_3069393], [NGramType: ngram3]
2019-02-27 22:15:28 WARNING  [Exception] => [name 'freq_list' is not defined] 
 => [FileSetID: 014], [FileID: 10.2307_27640994], [NGramType: ngram2]
2019-02-27 22:15:28 WARNING  [Exception] => [name 'freq_list' is not defined] 
 => [FileSetID: 014], [FileID: 10.2307_40971232], [NGramType: ngram3]
2019-02-27 22:15:28 WARNING  [Exception] => [name 'freq_list' is not defined] 
 => [FileSetID: 014], [FileID: 10.2307_1316919], [NGramType: ngram2]
2019-02-27 22:15:28 WARNING  [Exception] => [name 'freq_list' is not defined] 
 => [FileSetID: 014], [FileID: 10.2307_2069997], [NGramType: ngram1]
2019-02-27 22:15:28 WARNING  [Exception] => [name 'freq_list' is not defined] 
 => [FileSetID: 014], [FileID: 10.2307_41131145], [NGramType: ngram3]
2019-02-27 22:15:28 WARNING  [Exception] => [name 'freq_list' is not defined] 
 => [FileSetID: 014], [FileID: 10.2307_4165908], [NGramType: ngram3]
2019-02-27 22:15:28 WARNING  [Exception] => [name 'freq_list' is not defined] 
 => [FileSetID: 014], [FileID: 10.2307_23983840], [NGramType: ngram3]
2019-02-27 22:15:28 WARNING  [Exception] => [name 'freq_list' is not defined] 
 => [FileSetID: 014], [FileID: 10.2307_353090], [NGramType: ngram2]
2019-02-27 22:15:28 WARNING  [Exception] => [name 'freq_list' is not defined] 
 => [FileSetID: 014], [FileID: 10.2307_41697989], [NGramType: ngram3]
2019-02-27 22:15:28 WARNING  [Exception] => [name 'freq_list' is not defined] 
 => [FileSetID: 014], [FileID: 10.2307_42853818], [NGramType: ngram1]
2019-02-27 22:15:28 WARNING  [Exception] => [name 'freq_list' is not defined] 
 => [FileSetID: 014], [FileID: 10.2307_27640994], [NGramType: ngram3]
2019-02-27 22:15:28 WARNING  [Exception] => [name 'freq_list' is not defined] 
 => [FileSetID: 014], [FileID: 10.2307_1316919], [NGramType: ngram3]
2019-02-27 22:15:28 WARNING  [Exception] => [name 'freq_list' is not defined] 
 => [FileSetID: 014], [FileID: 10.2307_2069997], [NGramType: ngram2]
2019-02-27 22:15:28 WARNING  [Exception] => [name 'freq_list' is not defined] 
 => [FileSetID: 014], [FileID: 10.2307_353090], [NGramType: ngram3]
2019-02-27 22:15:28 WARNING  [Exception] => [name 'freq_list' is not defined] 
 => [FileSetID: 014], [FileID: 10.2307_42853818], [NGramType: ngram2]
2019-02-27 22:15:28 WARNING  [Exception] => [name 'freq_list' is not defined] 
 => [FileSetID: 014], [FileID: 10.2307_2069997], [NGramType: ngram3]
2019-02-27 22:15:28 WARNING  [Exception] => [name 'freq_list' is not defined] 
 => [FileSetID: 014], [FileID: 10.2307_42853818], [NGramType: ngram3]
2019-02-27 22:15:28 WARNING  [Exception] => [name 'freq_list' is not defined] 
 => [FileSetID: 014], [FileID: 10.2307_43241532], [NGramType: ngram1]
2019-02-27 22:15:28 WARNING  [Exception] => [name 'freq_list' is not defined] 
 => [FileSetID: 014], [FileID: 10.2307_43241532], [NGramType: ngram2]
2019-02-27 22:15:28 WARNING  [Exception] => [name 'freq_list' is not defined] 
 => [FileSetID: 014], [FileID: 10.2307_43241532], [NGramType: ngram3]
2019-02-27 22:15:28 WARNING  [Exception] => [name 'freq_list' is not defined] 
 => [FileSetID: 014], [FileID: 10.2307_40181811], [NGramType: ngram1]
2019-02-27 22:15:28 WARNING  [Exception] => [name 'freq_list' is not defined] 
 => [FileSetID: 014], [FileID: 10.2307_40181811], [NGramType: ngram2]
2019-02-27 22:15:28 WARNING  [Exception] => [name 'freq_list' is not defined] 
 => [FileSetID: 014], [FileID: 10.2307_40181811], [NGramType: ngram3]
2019-02-27 22:15:28 WARNING  [Exception] => [name 'freq_list' is not defined] 
 => [FileSetID: 014], [FileID: 10.2307_3090053], [NGramType: ngram1]
2019-02-27 22:15:28 WARNING  [Exception] => [name 'freq_list' is not defined] 
 => [FileSetID: 014], [FileID: 10.2307_3090053], [NGramType: ngram2]
2019-02-27 22:15:28 WARNING  [Exception] => [name 'freq_list' is not defined] 
 => [FileSetID: 014], [FileID: 10.2307_3090053], [NGramType: ngram3]
2019-02-27 22:15:28 INFO     Collecting Results
2019-02-27 22:15:28 WARNING  [Exception] => [name 'freq_list' is not defined] 
 => [FileSetID: 014], [FileID: 10.2307_1049262], [NGramType: ngram1]
2019-02-27 22:15:28 WARNING  [Exception] => [name 'freq_list' is not defined] 
 => [FileSetID: 014], [FileID: 10.2307_41554463], [NGramType: ngram1]
2019-02-27 22:15:28 WARNING  [Exception] => [name 'freq_list' is not defined] 
 => [FileSetID: 014], [FileID: 10.2307_190431], [NGramType: ngram1]
2019-02-27 22:15:28 WARNING  [Exception] => [name 'freq_list' is not defined] 
 => [FileSetID: 014], [FileID: 10.2307_23747412], [NGramType: ngram1]
2019-02-27 22:15:28 WARNING  [Exception] => [name 'freq_list' is not defined] 
 => [FileSetID: 014], [FileID: 10.2307_1388924], [NGramType: ngram1]
2019-02-27 22:15:28 WARNING  [Exception] => [name 'freq_list' is not defined] 
 => [FileSetID: 014], [FileID: 10.2307_1049262], [NGramType: ngram2]
2019-02-27 22:15:28 WARNING  [Exception] => [name 'freq_list' is not defined] 
 => [FileSetID: 014], [FileID: 10.2307_41554463], [NGramType: ngram2]
2019-02-27 22:15:28 WARNING  [Exception] => [name 'freq_list' is not defined] 
 => [FileSetID: 014], [FileID: 10.2307_40971222], [NGramType: ngram1]
2019-02-27 22:15:28 WARNING  [Exception] => [name 'freq_list' is not defined] 
 => [FileSetID: 014], [FileID: 10.2307_27702293], [NGramType: ngram1]
2019-02-27 22:15:28 WARNING  [Exception] => [name 'freq_list' is not defined] 
 => [FileSetID: 014], [FileID: 10.2307_24236598], [NGramType: ngram1]
2019-02-27 22:15:28 WARNING  [Exception] => [name 'freq_list' is not defined] 
 => [FileSetID: 014], [FileID: 10.2307_24369523], [NGramType: ngram1]
2019-02-27 22:15:28 WARNING  [Exception] => [name 'freq_list' is not defined] 
 => [FileSetID: 014], [FileID: 10.2307_190431], [NGramType: ngram2]
2019-02-27 22:15:28 WARNING  [Exception] => [name 'freq_list' is not defined] 
 => [FileSetID: 014], [FileID: 10.2307_23747412], [NGramType: ngram2]
2019-02-27 22:15:28 WARNING  [Exception] => [name 'freq_list' is not defined] 
 => [FileSetID: 014], [FileID: 10.2307_178164], [NGramType: ngram1]
2019-02-27 22:15:28 WARNING  [Exception] => [name 'freq_list' is not defined] 
 => [FileSetID: 014], [FileID: 10.2307_24236598], [NGramType: ngram2]
2019-02-27 22:15:28 WARNING  [Exception] => [name 'freq_list' is not defined] 
 => [FileSetID: 014], [FileID: 10.2307_24369523], [NGramType: ngram2]
2019-02-27 22:15:28 WARNING  [Exception] => [name 'freq_list' is not defined] 
 => [FileSetID: 014], [FileID: 10.2307_1388924], [NGramType: ngram2]
2019-02-27 22:15:28 WARNING  [Exception] => [name 'freq_list' is not defined] 
 => [FileSetID: 014], [FileID: 10.2307_2579686], [NGramType: ngram1]
2019-02-27 22:15:28 WARNING  [Exception] => [name 'freq_list' is not defined] 
 => [FileSetID: 014], [FileID: 10.2307_3812411], [NGramType: ngram1]
2019-02-27 22:15:28 WARNING  [Exception] => [name 'freq_list' is not defined] 
 => [FileSetID: 014], [FileID: 10.2307_2537225], [NGramType: ngram1]
2019-02-27 22:15:28 WARNING  [Exception] => [name 'freq_list' is not defined] 
 => [FileSetID: 014], [FileID: 10.2307_24236598], [NGramType: ngram3]
2019-02-27 22:15:28 WARNING  [Exception] => [name 'freq_list' is not defined] 
 => [FileSetID: 014], [FileID: 10.2307_178164], [NGramType: ngram2]
2019-02-27 22:15:28 WARNING  [Exception] => [name 'freq_list' is not defined] 
 => [FileSetID: 014], [FileID: 10.2307_3322075], [NGramType: ngram1]
2019-02-27 22:15:28 WARNING  [Exception] => [name 'freq_list' is not defined] 
 => [FileSetID: 014], [FileID: 10.2307_24369523], [NGramType: ngram3]
2019-02-27 22:15:28 WARNING  [Exception] => [name 'freq_list' is not defined] 
 => [FileSetID: 014], [FileID: 10.2307_1040412], [NGramType: ngram1]
2019-02-27 22:15:28 WARNING  [Exception] => [name 'freq_list' is not defined] 
 => [FileSetID: 014], [FileID: 10.2307_3559498], [NGramType: ngram1]
2019-02-27 22:15:28 WARNING  [Exception] => [name 'freq_list' is not defined] 
 => [FileSetID: 014], [FileID: 10.2307_2579686], [NGramType: ngram2]
2019-02-27 22:15:28 WARNING  [Exception] => [name 'freq_list' is not defined] 
 => [FileSetID: 014], [FileID: 10.2307_1388924], [NGramType: ngram3]
2019-02-27 22:15:28 WARNING  [Exception] => [name 'freq_list' is not defined] 
 => [FileSetID: 014], [FileID: 10.2307_3812411], [NGramType: ngram2]
2019-02-27 22:15:28 WARNING  [Exception] => [name 'freq_list' is not defined] 
 => [FileSetID: 014], [FileID: 10.2307_2537225], [NGramType: ngram2]
2019-02-27 22:15:28 WARNING  [Exception] => [name 'freq_list' is not defined] 
 => [FileSetID: 014], [FileID: 10.2307_178164], [NGramType: ngram3]
2019-02-27 22:15:28 WARNING  [Exception] => [name 'freq_list' is not defined] 
 => [FileSetID: 014], [FileID: 10.2307_3322075], [NGramType: ngram2]
2019-02-27 22:15:28 WARNING  [Exception] => [name 'freq_list' is not defined] 
 => [FileSetID: 014], [FileID: 10.2307_27583357], [NGramType: ngram1]
2019-02-27 22:15:28 WARNING  [Exception] => [name 'freq_list' is not defined] 
 => [FileSetID: 014], [FileID: 10.2307_1040412], [NGramType: ngram2]
2019-02-27 22:15:28 WARNING  [Exception] => [name 'freq_list' is not defined] 
 => [FileSetID: 014], [FileID: 10.2307_589572], [NGramType: ngram1]
2019-02-27 22:15:28 WARNING  [Exception] => [name 'freq_list' is not defined] 
 => [FileSetID: 014], [FileID: 10.2307_3559498], [NGramType: ngram2]
2019-02-27 22:15:28 WARNING  [Exception] => [name 'freq_list' is not defined] 
 => [FileSetID: 014], [FileID: 10.2307_2579686], [NGramType: ngram3]
2019-02-27 22:15:28 WARNING  [Exception] => [name 'freq_list' is not defined] 
 => [FileSetID: 014], [FileID: 10.2307_3812411], [NGramType: ngram3]
2019-02-27 22:15:28 WARNING  [Exception] => [name 'freq_list' is not defined] 
 => [FileSetID: 014], [FileID: 10.2307_2537225], [NGramType: ngram3]
2019-02-27 22:15:28 WARNING  [Exception] => [name 'freq_list' is not defined] 
 => [FileSetID: 014], [FileID: 10.2307_3322075], [NGramType: ngram3]
2019-02-27 22:15:28 WARNING  [Exception] => [name 'freq_list' is not defined] 
 => [FileSetID: 014], [FileID: 10.2307_27583357], [NGramType: ngram2]
2019-02-27 22:15:28 WARNING  [Exception] => [name 'freq_list' is not defined] 
 => [FileSetID: 014], [FileID: 10.2307_27587174], [NGramType: ngram1]
2019-02-27 22:15:28 WARNING  [Exception] => [name 'freq_list' is not defined] 
 => [FileSetID: 014], [FileID: 10.2307_1040412], [NGramType: ngram3]
2019-02-27 22:15:28 WARNING  [Exception] => [name 'freq_list' is not defined] 
 => [FileSetID: 014], [FileID: 10.2307_589572], [NGramType: ngram2]
2019-02-27 22:15:28 WARNING  [Exception] => [name 'freq_list' is not defined] 
 => [FileSetID: 014], [FileID: 10.2307_3559498], [NGramType: ngram3]
2019-02-27 22:15:28 WARNING  [Exception] => [name 'freq_list' is not defined] 
 => [FileSetID: 014], [FileID: 10.2307_26194581], [NGramType: ngram1]
2019-02-27 22:15:28 WARNING  [Exception] => [name 'freq_list' is not defined] 
 => [FileSetID: 014], [FileID: 10.2307_27583357], [NGramType: ngram3]
2019-02-27 22:15:28 WARNING  [Exception] => [name 'freq_list' is not defined] 
 => [FileSetID: 014], [FileID: 10.2307_23737822], [NGramType: ngram1]
2019-02-27 22:15:28 WARNING  [Exception] => [name 'freq_list' is not defined] 
 => [FileSetID: 014], [FileID: 10.2307_350937], [NGramType: ngram1]
2019-02-27 22:15:28 WARNING  [Exception] => [name 'freq_list' is not defined] 
 => [FileSetID: 014], [FileID: 10.2307_27587174], [NGramType: ngram2]
2019-02-27 22:15:28 WARNING  [Exception] => [name 'freq_list' is not defined] 
 => [FileSetID: 014], [FileID: 10.1086_651360], [NGramType: ngram1]
2019-02-27 22:15:28 WARNING  [Exception] => [name 'freq_list' is not defined] 
 => [FileSetID: 014], [FileID: 10.2307_589572], [NGramType: ngram3]
2019-02-27 22:15:28 WARNING  [Exception] => [name 'freq_list' is not defined] 
 => [FileSetID: 014], [FileID: 10.2307_3341263], [NGramType: ngram1]
2019-02-27 22:15:28 WARNING  [Exception] => [name 'freq_list' is not defined] 
 => [FileSetID: 014], [FileID: 10.2307_26194581], [NGramType: ngram2]
2019-02-27 22:15:28 WARNING  [Exception] => [name 'freq_list' is not defined] 
 => [FileSetID: 014], [FileID: 10.2307_23737822], [NGramType: ngram2]
2019-02-27 22:15:28 WARNING  [Exception] => [name 'freq_list' is not defined] 
 => [FileSetID: 014], [FileID: 10.2307_44076819], [NGramType: ngram1]
2019-02-27 22:15:28 WARNING  [Exception] => [name 'freq_list' is not defined] 
 => [FileSetID: 014], [FileID: 10.2307_350937], [NGramType: ngram2]
2019-02-27 22:15:28 WARNING  [Exception] => [name 'freq_list' is not defined] 
 => [FileSetID: 014], [FileID: 10.2307_3173034], [NGramType: ngram1]
2019-02-27 22:15:28 WARNING  [Exception] => [name 'freq_list' is not defined] 
 => [FileSetID: 014], [FileID: 10.2307_27587174], [NGramType: ngram3]
2019-02-27 22:15:28 WARNING  [Exception] => [name 'freq_list' is not defined] 
 => [FileSetID: 014], [FileID: 10.1086_651360], [NGramType: ngram2]
2019-02-27 22:15:28 WARNING  [Exception] => [name 'freq_list' is not defined] 
 => [FileSetID: 014], [FileID: 10.2307_3341263], [NGramType: ngram2]
2019-02-27 22:15:28 WARNING  [Exception] => [name 'freq_list' is not defined] 
 => [FileSetID: 014], [FileID: 10.2307_26194581], [NGramType: ngram3]
2019-02-27 22:15:28 WARNING  [Exception] => [name 'freq_list' is not defined] 
 => [FileSetID: 014], [FileID: 10.2307_23737822], [NGramType: ngram3]
2019-02-27 22:15:28 WARNING  [Exception] => [name 'freq_list' is not defined] 
 => [FileSetID: 014], [FileID: 10.2307_43304123], [NGramType: ngram1]
2019-02-27 22:15:28 WARNING  [Exception] => [name 'freq_list' is not defined] 
 => [FileSetID: 014], [FileID: 10.2307_44076819], [NGramType: ngram2]
2019-02-27 22:15:28 WARNING  [Exception] => [name 'freq_list' is not defined] 
 => [FileSetID: 014], [FileID: 10.2307_350937], [NGramType: ngram3]
2019-02-27 22:15:28 WARNING  [Exception] => [name 'freq_list' is not defined] 
 => [FileSetID: 014], [FileID: 10.2307_3173034], [NGramType: ngram2]
2019-02-27 22:15:28 WARNING  [Exception] => [name 'freq_list' is not defined] 
 => [FileSetID: 014], [FileID: 10.1086_651360], [NGramType: ngram3]
2019-02-27 22:15:28 WARNING  [Exception] => [name 'freq_list' is not defined] 
 => [FileSetID: 014], [FileID: 10.2307_3341263], [NGramType: ngram3]
2019-02-27 22:15:28 WARNING  [Exception] => [name 'freq_list' is not defined] 
 => [FileSetID: 014], [FileID: 10.2307_43294797], [NGramType: ngram1]
2019-02-27 22:15:28 WARNING  [Exception] => [name 'freq_list' is not defined] 
 => [FileSetID: 014], [FileID: 10.2307_43304123], [NGramType: ngram2]
2019-02-27 22:15:28 WARNING  [Exception] => [name 'freq_list' is not defined] 
 => [FileSetID: 014], [FileID: 10.2307_590947], [NGramType: ngram1]
2019-02-27 22:15:28 WARNING  [Exception] => [name 'freq_list' is not defined] 
 => [FileSetID: 014], [FileID: 10.2307_jcorpciti.59.112], [NGramType: ngram1]
2019-02-27 22:15:28 WARNING  [Exception] => [name 'freq_list' is not defined] 
 => [FileSetID: 014], [FileID: 10.2307_44076819], [NGramType: ngram3]
2019-02-27 22:15:28 WARNING  [Exception] => [name 'freq_list' is not defined] 
 => [FileSetID: 014], [FileID: 10.2307_3173034], [NGramType: ngram3]
2019-02-27 22:15:28 WARNING  [Exception] => [name 'freq_list' is not defined] 
 => [FileSetID: 014], [FileID: 10.2307_2064960], [NGramType: ngram1]
2019-02-27 22:15:28 WARNING  [Exception] => [name 'freq_list' is not defined] 
 => [FileSetID: 014], [FileID: 10.2307_43294797], [NGramType: ngram2]
2019-02-27 22:15:28 WARNING  [Exception] => [name 'freq_list' is not defined] 
 => [FileSetID: 014], [FileID: 10.2307_43304123], [NGramType: ngram3]
2019-02-27 22:15:28 WARNING  [Exception] => [name 'freq_list' is not defined] 
 => [FileSetID: 014], [FileID: 10.2307_40220060], [NGramType: ngram1]
2019-02-27 22:15:28 WARNING  [Exception] => [name 'freq_list' is not defined] 
 => [FileSetID: 014], [FileID: 10.2307_590947], [NGramType: ngram2]
2019-02-27 22:15:28 WARNING  [Exception] => [name 'freq_list' is not defined] 
 => [FileSetID: 014], [FileID: 10.2307_2071733], [NGramType: ngram1]
2019-02-27 22:15:28 WARNING  [Exception] => [name 'freq_list' is not defined] 
 => [FileSetID: 014], [FileID: 10.2307_jcorpciti.59.112], [NGramType: ngram2]
2019-02-27 22:15:28 WARNING  [Exception] => [name 'freq_list' is not defined] 
 => [FileSetID: 014], [FileID: 10.2307_2064960], [NGramType: ngram2]
2019-02-27 22:15:28 WARNING  [Exception] => [name 'freq_list' is not defined] 
 => [FileSetID: 014], [FileID: 10.2307_43294797], [NGramType: ngram3]
2019-02-27 22:15:28 WARNING  [Exception] => [name 'freq_list' is not defined] 
 => [FileSetID: 014], [FileID: 10.2307_25763001], [NGramType: ngram1]
2019-02-27 22:15:28 WARNING  [Exception] => [name 'freq_list' is not defined] 
 => [FileSetID: 014], [FileID: 10.2307_25782175], [NGramType: ngram1]
2019-02-27 22:15:28 WARNING  [Exception] => [name 'freq_list' is not defined] 
 => [FileSetID: 014], [FileID: 10.2307_40220060], [NGramType: ngram2]
2019-02-27 22:15:28 WARNING  [Exception] => [name 'freq_list' is not defined] 
 => [FileSetID: 014], [FileID: 10.2307_590947], [NGramType: ngram3]
2019-02-27 22:15:28 WARNING  [Exception] => [name 'freq_list' is not defined] 
 => [FileSetID: 014], [FileID: 10.2307_20850812], [NGramType: ngram1]
2019-02-27 22:15:28 WARNING  [Exception] => [name 'freq_list' is not defined] 
 => [FileSetID: 014], [FileID: 10.2307_2071733], [NGramType: ngram2]
2019-02-27 22:15:28 WARNING  [Exception] => [name 'freq_list' is not defined] 
 => [FileSetID: 014], [FileID: 10.2307_jcorpciti.59.112], [NGramType: ngram3]
2019-02-27 22:15:28 WARNING  [Exception] => [name 'freq_list' is not defined] 
 => [FileSetID: 014], [FileID: 10.2307_2064960], [NGramType: ngram3]
2019-02-27 22:15:28 WARNING  [Exception] => [name 'freq_list' is not defined] 
 => [FileSetID: 014], [FileID: 10.2307_25763001], [NGramType: ngram2]
2019-02-27 22:15:28 WARNING  [Exception] => [name 'freq_list' is not defined] 
 => [FileSetID: 014], [FileID: 10.2307_25782175], [NGramType: ngram2]
2019-02-27 22:15:28 WARNING  [Exception] => [name 'freq_list' is not defined] 
 => [FileSetID: 014], [FileID: 10.2307_41840988], [NGramType: ngram1]
2019-02-27 22:15:28 WARNING  [Exception] => [name 'freq_list' is not defined] 
 => [FileSetID: 014], [FileID: 10.2307_40220060], [NGramType: ngram3]
2019-02-27 22:15:28 WARNING  [Exception] => [name 'freq_list' is not defined] 
 => [FileSetID: 014], [FileID: 10.2307_20850812], [NGramType: ngram2]
2019-02-27 22:15:28 WARNING  [Exception] => [name 'freq_list' is not defined] 
 => [FileSetID: 014], [FileID: 10.2307_4121556], [NGramType: ngram1]
2019-02-27 22:15:28 WARNING  [Exception] => [name 'freq_list' is not defined] 
 => [FileSetID: 014], [FileID: 10.2307_2071733], [NGramType: ngram3]
2019-02-27 22:15:28 WARNING  [Exception] => [name 'freq_list' is not defined] 
 => [FileSetID: 014], [FileID: 10.2307_3598496], [NGramType: ngram1]
2019-02-27 22:15:28 WARNING  [Exception] => [name 'freq_list' is not defined] 
 => [FileSetID: 014], [FileID: 10.2307_43294424], [NGramType: ngram1]
2019-02-27 22:15:28 WARNING  [Exception] => [name 'freq_list' is not defined] 
 => [FileSetID: 014], [FileID: 10.2307_25763001], [NGramType: ngram3]
2019-02-27 22:15:28 WARNING  [Exception] => [name 'freq_list' is not defined] 
 => [FileSetID: 014], [FileID: 10.2307_25782175], [NGramType: ngram3]
2019-02-27 22:15:28 WARNING  [Exception] => [name 'freq_list' is not defined] 
 => [FileSetID: 014], [FileID: 10.2307_41844375], [NGramType: ngram1]
2019-02-27 22:15:28 WARNING  [Exception] => [name 'freq_list' is not defined] 
 => [FileSetID: 014], [FileID: 10.2307_41840988], [NGramType: ngram2]
2019-02-27 22:15:28 WARNING  [Exception] => [name 'freq_list' is not defined] 
 => [FileSetID: 014], [FileID: 10.2307_20850812], [NGramType: ngram3]
2019-02-27 22:15:28 WARNING  [Exception] => [name 'freq_list' is not defined] 
 => [FileSetID: 014], [FileID: 10.2307_4121556], [NGramType: ngram2]
2019-02-27 22:15:28 WARNING  [Exception] => [name 'freq_list' is not defined] 
 => [FileSetID: 014], [FileID: 10.2307_40183532], [NGramType: ngram1]
2019-02-27 22:15:28 WARNING  [Exception] => [name 'freq_list' is not defined] 
 => [FileSetID: 014], [FileID: 10.2307_3598496], [NGramType: ngram2]
2019-02-27 22:15:28 WARNING  [Exception] => [name 'freq_list' is not defined] 
 => [FileSetID: 014], [FileID: 10.2307_43294424], [NGramType: ngram2]
2019-02-27 22:15:28 WARNING  [Exception] => [name 'freq_list' is not defined] 
 => [FileSetID: 014], [FileID: 10.2307_2776639], [NGramType: ngram1]
2019-02-27 22:15:28 WARNING  [Exception] => [name 'freq_list' is not defined] 
 => [FileSetID: 014], [FileID: 10.2307_41844375], [NGramType: ngram2]
2019-02-27 22:15:28 WARNING  [Exception] => [name 'freq_list' is not defined] 
 => [FileSetID: 014], [FileID: 10.2307_41840988], [NGramType: ngram3]
2019-02-27 22:15:28 WARNING  [Exception] => [name 'freq_list' is not defined] 
 => [FileSetID: 014], [FileID: 10.2307_24048108], [NGramType: ngram1]
2019-02-27 22:15:28 WARNING  [Exception] => [name 'freq_list' is not defined] 
 => [FileSetID: 014], [FileID: 10.2307_24048123], [NGramType: ngram1]
2019-02-27 22:15:28 WARNING  [Exception] => [name 'freq_list' is not defined] 
 => [FileSetID: 014], [FileID: 10.2307_4121556], [NGramType: ngram3]
2019-02-27 22:15:28 WARNING  [Exception] => [name 'freq_list' is not defined] 
 => [FileSetID: 014], [FileID: 10.2307_40183532], [NGramType: ngram2]
2019-02-27 22:15:28 WARNING  [Exception] => [name 'freq_list' is not defined] 
 => [FileSetID: 014], [FileID: 10.2307_40989045], [NGramType: ngram1]
2019-02-27 22:15:28 WARNING  [Exception] => [name 'freq_list' is not defined] 
 => [FileSetID: 014], [FileID: 10.2307_3598496], [NGramType: ngram3]
2019-02-27 22:15:28 WARNING  [Exception] => [name 'freq_list' is not defined] 
 => [FileSetID: 014], [FileID: 10.2307_43294424], [NGramType: ngram3]
2019-02-27 22:15:28 WARNING  [Exception] => [name 'freq_list' is not defined] 
 => [FileSetID: 014], [FileID: 10.2307_2776639], [NGramType: ngram2]
2019-02-27 22:15:28 WARNING  [Exception] => [name 'freq_list' is not defined] 
 => [FileSetID: 014], [FileID: 10.2307_41844375], [NGramType: ngram3]
2019-02-27 22:15:28 WARNING  [Exception] => [name 'freq_list' is not defined] 
 => [FileSetID: 014], [FileID: 10.2307_24048108], [NGramType: ngram2]
2019-02-27 22:15:28 WARNING  [Exception] => [name 'freq_list' is not defined] 
 => [FileSetID: 014], [FileID: 10.2307_24048123], [NGramType: ngram2]
2019-02-27 22:15:28 WARNING  [Exception] => [name 'freq_list' is not defined] 
 => [FileSetID: 014], [FileID: 10.2307_23896122], [NGramType: ngram1]
2019-02-27 22:15:28 WARNING  [Exception] => [name 'freq_list' is not defined] 
 => [FileSetID: 014], [FileID: 10.2307_40183532], [NGramType: ngram3]
2019-02-27 22:15:28 WARNING  [Exception] => [name 'freq_list' is not defined] 
 => [FileSetID: 014], [FileID: 10.2307_179227], [NGramType: ngram1]
2019-02-27 22:15:28 WARNING  [Exception] => [name 'freq_list' is not defined] 
 => [FileSetID: 014], [FileID: 10.2307_40989045], [NGramType: ngram2]
2019-02-27 22:15:28 WARNING  [Exception] => [name 'freq_list' is not defined] 
 => [FileSetID: 014], [FileID: 10.2307_2776639], [NGramType: ngram3]
2019-02-27 22:15:28 WARNING  [Exception] => [name 'freq_list' is not defined] 
 => [FileSetID: 014], [FileID: 10.2307_2655362], [NGramType: ngram1]
2019-02-27 22:15:28 WARNING  [Exception] => [name 'freq_list' is not defined] 
 => [FileSetID: 014], [FileID: 10.2307_25059964], [NGramType: ngram1]
2019-02-27 22:15:28 WARNING  [Exception] => [name 'freq_list' is not defined] 
 => [FileSetID: 014], [FileID: 10.2307_24048108], [NGramType: ngram3]
2019-02-27 22:15:28 WARNING  [Exception] => [name 'freq_list' is not defined] 
 => [FileSetID: 014], [FileID: 10.2307_24048123], [NGramType: ngram3]
2019-02-27 22:15:28 WARNING  [Exception] => [name 'freq_list' is not defined] 
 => [FileSetID: 014], [FileID: 10.2307_23896122], [NGramType: ngram2]
2019-02-27 22:15:28 WARNING  [Exception] => [name 'freq_list' is not defined] 
 => [FileSetID: 014], [FileID: 10.2307_179227], [NGramType: ngram2]
2019-02-27 22:15:28 WARNING  [Exception] => [name 'freq_list' is not defined] 
 => [FileSetID: 014], [FileID: 10.2307_40989045], [NGramType: ngram3]
2019-02-27 22:15:28 WARNING  [Exception] => [name 'freq_list' is not defined] 
 => [FileSetID: 014], [FileID: 10.2307_2655362], [NGramType: ngram2]
2019-02-27 22:15:28 WARNING  [Exception] => [name 'freq_list' is not defined] 
 => [FileSetID: 014], [FileID: 10.2307_25059964], [NGramType: ngram2]
2019-02-27 22:15:28 WARNING  [Exception] => [name 'freq_list' is not defined] 
 => [FileSetID: 014], [FileID: 10.2307_1049262], [NGramType: ngram3]
2019-02-27 22:15:28 WARNING  [Exception] => [name 'freq_list' is not defined] 
 => [FileSetID: 014], [FileID: 10.2307_23896122], [NGramType: ngram3]
2019-02-27 22:15:28 WARNING  [Exception] => [name 'freq_list' is not defined] 
 => [FileSetID: 014], [FileID: 10.2307_179227], [NGramType: ngram3]
2019-02-27 22:15:28 WARNING  [Exception] => [name 'freq_list' is not defined] 
 => [FileSetID: 014], [FileID: 10.2307_41554463], [NGramType: ngram3]
2019-02-27 22:15:28 WARNING  [Exception] => [name 'freq_list' is not defined] 
 => [FileSetID: 014], [FileID: 10.2307_2655362], [NGramType: ngram3]
2019-02-27 22:15:28 WARNING  [Exception] => [name 'freq_list' is not defined] 
 => [FileSetID: 014], [FileID: 10.2307_25059964], [NGramType: ngram3]
2019-02-27 22:15:28 WARNING  [Exception] => [name 'freq_list' is not defined] 
 => [FileSetID: 014], [FileID: 10.2307_350578], [NGramType: ngram1]
2019-02-27 22:15:28 WARNING  [Exception] => [name 'freq_list' is not defined] 
 => [FileSetID: 014], [FileID: 10.2307_40971222], [NGramType: ngram2]
2019-02-27 22:15:28 WARNING  [Exception] => [name 'freq_list' is not defined] 
 => [FileSetID: 014], [FileID: 10.2307_27702293], [NGramType: ngram2]
2019-02-27 22:15:28 WARNING  [Exception] => [name 'freq_list' is not defined] 
 => [FileSetID: 014], [FileID: 10.2307_190431], [NGramType: ngram3]
2019-02-27 22:15:28 WARNING  [Exception] => [name 'freq_list' is not defined] 
 => [FileSetID: 014], [FileID: 10.2307_23747412], [NGramType: ngram3]
2019-02-27 22:15:28 WARNING  [Exception] => [name 'freq_list' is not defined] 
 => [FileSetID: 014], [FileID: 10.2307_2787164], [NGramType: ngram1]
2019-02-27 22:15:28 WARNING  [Exception] => [name 'freq_list' is not defined] 
 => [FileSetID: 014], [FileID: 10.2307_350578], [NGramType: ngram2]
2019-02-27 22:15:28 WARNING  [Exception] => [name 'freq_list' is not defined] 
 => [FileSetID: 014], [FileID: 10.2307_40971222], [NGramType: ngram3]
2019-02-27 22:15:28 WARNING  [Exception] => [name 'freq_list' is not defined] 
 => [FileSetID: 014], [FileID: 10.2307_27702293], [NGramType: ngram3]
2019-02-27 22:15:28 WARNING  [Exception] => [name 'freq_list' is not defined] 
 => [FileSetID: 014], [FileID: 10.2307_40877436], [NGramType: ngram1]
2019-02-27 22:15:28 WARNING  [Exception] => [name 'freq_list' is not defined] 
 => [FileSetID: 014], [FileID: 10.2307_2787164], [NGramType: ngram2]
2019-02-27 22:15:28 WARNING  [Exception] => [name 'freq_list' is not defined] 
 => [FileSetID: 014], [FileID: 10.2307_350578], [NGramType: ngram3]
2019-02-27 22:15:28 WARNING  [Exception] => [name 'freq_list' is not defined] 
 => [FileSetID: 014], [FileID: 10.2307_40877436], [NGramType: ngram2]
2019-02-27 22:15:28 WARNING  [Exception] => [name 'freq_list' is not defined] 
 => [FileSetID: 014], [FileID: 10.2307_2787164], [NGramType: ngram3]
2019-02-27 22:15:28 WARNING  [Exception] => [name 'freq_list' is not defined] 
 => [FileSetID: 014], [FileID: 10.2307_40877436], [NGramType: ngram3]
