2019-03-03 06:13:56 INFO     Connecting to DB
2019-03-03 06:13:56 INFO     Processing Mapping
2019-03-03 06:13:56 INFO     Loading File Set: [011]
2019-03-03 06:13:56 INFO     --> Total Files [29058]
2019-03-03 06:13:56 INFO     --> Detect Loaded [28974], Resume Mapping
2019-03-03 06:13:56 INFO     Async Processing
2019-03-03 06:13:56 INFO     Collecting Results
2019-03-03 06:13:56 WARNING  [Exception] => [division by zero] - [FileSetID: 011], [FileID: 10.2307_351532]
2019-03-03 06:13:56 WARNING  [Exception] => [division by zero] - [FileSetID: 011], [FileID: 10.1525_si.1998.21.1.cover]
2019-03-03 06:13:56 WARNING  [Exception] => [division by zero] - [FileSetID: 011], [FileID: 10.2307_3012845]
2019-03-03 06:13:56 WARNING  [Exception] => [division by zero] - [FileSetID: 011], [FileID: 10.2307_350606]
2019-03-03 06:13:56 WARNING  [Exception] => [division by zero] - [FileSetID: 011], [FileID: 10.2307_350708]
2019-03-03 06:13:56 WARNING  [Exception] => [division by zero] - [FileSetID: 011], [FileID: 10.2307_3012844]
2019-03-03 06:13:56 WARNING  [Exception] => [division by zero] - [FileSetID: 011], [FileID: 10.2307_41960764]
2019-03-03 06:13:56 WARNING  [Exception] => [division by zero] - [FileSetID: 011], [FileID: 10.1525_si.1997.20.4.cover]
2019-03-03 06:13:56 WARNING  [Exception] => [division by zero] - [FileSetID: 011], [FileID: 10.2307_351502]
2019-03-03 06:13:56 WARNING  [Exception] => [division by zero] - [FileSetID: 011], [FileID: 10.2307_41514484]
2019-03-03 06:13:56 WARNING  [Exception] => [division by zero] - [FileSetID: 011], [FileID: 10.2307_90003771]
2019-03-03 06:13:56 WARNING  [Exception] => [division by zero] - [FileSetID: 011], [FileID: 10.2307_350614]
2019-03-03 06:13:56 WARNING  [Exception] => [division by zero] - [FileSetID: 011], [FileID: 10.2307_41800825]
2019-03-03 06:13:56 WARNING  [Exception] => [division by zero] - [FileSetID: 011], [FileID: 10.2307_3013318]
2019-03-03 06:13:56 WARNING  [Exception] => [division by zero] - [FileSetID: 011], [FileID: 10.2307_41723054]
2019-03-03 06:13:56 WARNING  [Exception] => [division by zero] - [FileSetID: 011], [FileID: 10.2307_41274550]
2019-03-03 06:13:56 WARNING  [Exception] => [division by zero] - [FileSetID: 011], [FileID: 10.2307_41514594]
2019-03-03 06:13:56 WARNING  [Exception] => [division by zero] - [FileSetID: 011], [FileID: 10.2307_41960602]
2019-03-03 06:13:56 WARNING  [Exception] => [division by zero] - [FileSetID: 011], [FileID: 10.2307_2083358]
2019-03-03 06:13:56 WARNING  [Exception] => [division by zero] - [FileSetID: 011], [FileID: 10.2307_41925428]
2019-03-03 06:13:56 WARNING  [Exception] => [division by zero] - [FileSetID: 011], [FileID: 10.2307_23866830]
2019-03-03 06:13:56 WARNING  [Exception] => [division by zero] - [FileSetID: 011], [FileID: 10.2307_41960041]
2019-03-03 06:13:56 WARNING  [Exception] => [division by zero] - [FileSetID: 011], [FileID: 10.2307_41702564]
2019-03-03 06:13:56 WARNING  [Exception] => [division by zero] - [FileSetID: 011], [FileID: 10.2307_41839891]
2019-03-03 06:13:56 WARNING  [Exception] => [division by zero] - [FileSetID: 011], [FileID: 10.2307_1385062]
2019-03-03 06:13:56 WARNING  [Exception] => [division by zero] - [FileSetID: 011], [FileID: 10.1525_si.1982.5.1.cover]
2019-03-03 06:13:56 WARNING  [Exception] => [division by zero] - [FileSetID: 011], [FileID: 10.2307_41800765]
2019-03-03 06:13:56 WARNING  [Exception] => [division by zero] - [FileSetID: 011], [FileID: 10.2307_41415700]
2019-03-03 06:13:56 WARNING  [Exception] => [division by zero] - [FileSetID: 011], [FileID: 10.2307_41683982]
2019-03-03 06:13:56 WARNING  [Exception] => [division by zero] - [FileSetID: 011], [FileID: 10.2307_353314]
2019-03-03 06:13:56 WARNING  [Exception] => [division by zero] - [FileSetID: 011], [FileID: 10.2307_41844562]
2019-03-03 06:13:56 WARNING  [Exception] => [division by zero] - [FileSetID: 011], [FileID: 10.1086_499441]
2019-03-03 06:13:56 WARNING  [Exception] => [division by zero] - [FileSetID: 011], [FileID: 10.2307_41783528]
2019-03-03 06:13:56 WARNING  [Exception] => [division by zero] - [FileSetID: 011], [FileID: 10.2307_351946]
2019-03-03 06:13:56 WARNING  [Exception] => [division by zero] - [FileSetID: 011], [FileID: 10.2307_41843670]
2019-03-03 06:13:56 WARNING  [Exception] => [division by zero] - [FileSetID: 011], [FileID: 10.2307_1385057]
2019-03-03 06:13:56 WARNING  [Exception] => [division by zero] - [FileSetID: 011], [FileID: 10.2307_30123858]
2019-03-03 06:13:56 WARNING  [Exception] => [division by zero] - [FileSetID: 011], [FileID: 10.2307_41970393]
2019-03-03 06:13:56 WARNING  [Exception] => [division by zero] - [FileSetID: 011], [FileID: 10.2307_3380079]
2019-03-03 06:13:56 WARNING  [Exception] => [division by zero] - [FileSetID: 011], [FileID: 10.2307_41554571]
2019-03-03 06:13:56 WARNING  [Exception] => [division by zero] - [FileSetID: 011], [FileID: 10.2307_350629]
2019-03-03 06:13:56 WARNING  [Exception] => [division by zero] - [FileSetID: 011], [FileID: 10.2307_41067196]
2019-03-03 06:13:56 WARNING  [Exception] => [division by zero] - [FileSetID: 011], [FileID: 10.2307_41839919]
2019-03-03 06:13:56 WARNING  [Exception] => [division by zero] - [FileSetID: 011], [FileID: 10.2307_41495188]
2019-03-03 06:13:56 WARNING  [Exception] => [division by zero] - [FileSetID: 011], [FileID: 10.2307_1387639]
2019-03-03 06:13:56 WARNING  [Exception] => [division by zero] - [FileSetID: 011], [FileID: 10.2307_41624822]
2019-03-03 06:13:56 WARNING  [Exception] => [division by zero] - [FileSetID: 011], [FileID: 10.2307_41514498]
2019-03-03 06:13:56 WARNING  [Exception] => [division by zero] - [FileSetID: 011], [FileID: 10.2307_30302134]
2019-03-03 06:13:56 WARNING  [Exception] => [division by zero] - [FileSetID: 011], [FileID: 10.2307_41702466]
2019-03-03 06:13:56 WARNING  [Exception] => [division by zero] - [FileSetID: 011], [FileID: 10.2307_41432800]
2019-03-03 06:13:56 WARNING  [Exception] => [division by zero] - [FileSetID: 011], [FileID: 10.2307_43294365]
2019-03-03 06:13:56 WARNING  [Exception] => [division by zero] - [FileSetID: 011], [FileID: 10.2307_41069875]
2019-03-03 06:13:56 WARNING  [Exception] => [division by zero] - [FileSetID: 011], [FileID: 10.2307_24178460]
2019-03-03 06:13:56 WARNING  [Exception] => [division by zero] - [FileSetID: 011], [FileID: 10.2307_24178541]
2019-03-03 06:13:56 WARNING  [Exception] => [division by zero] - [FileSetID: 011], [FileID: 10.2307_24721512]
2019-03-03 06:13:56 WARNING  [Exception] => [division by zero] - [FileSetID: 011], [FileID: 10.2307_41066891]
2019-03-03 06:13:56 WARNING  [Exception] => [division by zero] - [FileSetID: 011], [FileID: 10.2307_350637]
2019-03-03 06:13:56 WARNING  [Exception] => [division by zero] - [FileSetID: 011], [FileID: 10.2307_41960789]
2019-03-03 06:13:56 WARNING  [Exception] => [division by zero] - [FileSetID: 011], [FileID: 10.2307_24178514]
2019-03-03 06:13:56 WARNING  [Exception] => [division by zero] - [FileSetID: 011], [FileID: 10.2307_43500547]
2019-03-03 06:13:56 WARNING  [Exception] => [division by zero] - [FileSetID: 011], [FileID: 10.2307_353313]
2019-03-03 06:13:56 WARNING  [Exception] => [division by zero] - [FileSetID: 011], [FileID: 10.2307_350698]
2019-03-03 06:13:56 WARNING  [Exception] => [division by zero] - [FileSetID: 011], [FileID: 10.2307_41801020]
2019-03-03 06:13:56 WARNING  [Exception] => [division by zero] - [FileSetID: 011], [FileID: 10.2307_353324]
2019-03-03 06:13:56 WARNING  [Exception] => [division by zero] - [FileSetID: 011], [FileID: 10.2307_41844654]
2019-03-03 06:13:56 WARNING  [Exception] => [division by zero] - [FileSetID: 011], [FileID: 10.2307_351526]
2019-03-03 06:13:56 WARNING  [Exception] => [division by zero] - [FileSetID: 011], [FileID: 10.2307_42844040]
2019-03-03 06:13:56 WARNING  [Exception] => [division by zero] - [FileSetID: 011], [FileID: 10.2307_42844603]
2019-03-03 06:13:56 WARNING  [Exception] => [division by zero] - [FileSetID: 011], [FileID: 10.2307_41421348]
2019-03-03 06:13:56 WARNING  [Exception] => [division by zero] - [FileSetID: 011], [FileID: 10.2307_41843413]
2019-03-03 06:13:56 WARNING  [Exception] => [division by zero] - [FileSetID: 011], [FileID: 10.2307_43294323]
2019-03-03 06:13:56 WARNING  [Exception] => [division by zero] - [FileSetID: 011], [FileID: 10.2307_41844573]
2019-03-03 06:13:56 WARNING  [Exception] => [division by zero] - [FileSetID: 011], [FileID: 10.2307_41843590]
2019-03-03 06:13:56 WARNING  [Exception] => [division by zero] - [FileSetID: 011], [FileID: 10.2307_41582840]
2019-03-03 06:13:56 WARNING  [Exception] => [division by zero] - [FileSetID: 011], [FileID: 10.2307_42856392]
2019-03-03 06:13:56 WARNING  [Exception] => [division by zero] - [FileSetID: 011], [FileID: 10.2307_42855855]
2019-03-03 06:13:56 WARNING  [Exception] => [division by zero] - [FileSetID: 011], [FileID: 10.2307_20831008]
2019-03-03 06:13:56 WARNING  [Exception] => [division by zero] - [FileSetID: 011], [FileID: 10.2307_41960222]
2019-03-03 06:13:56 WARNING  [Exception] => [division by zero] - [FileSetID: 011], [FileID: 10.2307_20831541]
2019-03-03 06:13:56 WARNING  [Exception] => [division by zero] - [FileSetID: 011], [FileID: 10.2307_23889465]
2019-03-03 06:13:56 WARNING  [Exception] => [division by zero] - [FileSetID: 011], [FileID: 10.2307_40968906]
2019-03-03 06:13:56 WARNING  [Exception] => [division by zero] - [FileSetID: 011], [FileID: 10.2307_41131196]
2019-03-03 06:13:56 WARNING  [Exception] => [division by zero] - [FileSetID: 011], [FileID: 10.2307_44816281]
2019-03-03 06:13:56 WARNING  [Exception] => [division by zero] - [FileSetID: 011], [FileID: 10.2307_44815935]
2019-03-03 06:13:56 INFO     Mission Complete
