2019-03-02 03:27:47 INFO     Connecting to DB
2019-03-02 03:27:47 INFO     Processing Mapping
2019-03-02 03:27:47 INFO     Loading File Set: [005]
2019-03-02 03:27:47 INFO     --> Total Files [29192]
2019-03-02 03:27:47 INFO     --> Detect Loaded [29090], Resume Mapping
2019-03-02 03:27:47 INFO     Async Processing
2019-03-02 03:27:47 INFO     Collecting Results
2019-03-02 03:27:47 WARNING  [Exception] => [division by zero] - [FileSetID: 005], [FileID: 10.1525_si.1979.2.1.cover]
2019-03-02 03:27:47 WARNING  [Exception] => [division by zero] - [FileSetID: 005], [FileID: 10.2307_350641]
2019-03-02 03:27:47 WARNING  [Exception] => [division by zero] - [FileSetID: 005], [FileID: 10.2307_24175944]
2019-03-02 03:27:47 WARNING  [Exception] => [division by zero] - [FileSetID: 005], [FileID: 10.2307_351938]
2019-03-02 03:27:47 WARNING  [Exception] => [division by zero] - [FileSetID: 005], [FileID: 10.2307_41410281]
2019-03-02 03:27:47 WARNING  [Exception] => [division by zero] - [FileSetID: 005], [FileID: 10.2307_1387626]
2019-03-02 03:27:47 WARNING  [Exception] => [division by zero] - [FileSetID: 005], [FileID: 10.2307_42783387]
2019-03-02 03:27:47 WARNING  [Exception] => [division by zero] - [FileSetID: 005], [FileID: 10.2307_350706]
2019-03-02 03:27:47 WARNING  [Exception] => [division by zero] - [FileSetID: 005], [FileID: 10.2307_41843969]
2019-03-02 03:27:47 WARNING  [Exception] => [division by zero] - [FileSetID: 005], [FileID: 10.2307_41800917]
2019-03-02 03:27:47 WARNING  [Exception] => [division by zero] - [FileSetID: 005], [FileID: 10.2307_1385061]
2019-03-02 03:27:47 WARNING  [Exception] => [division by zero] - [FileSetID: 005], [FileID: 10.2307_43294975]
2019-03-02 03:27:47 WARNING  [Exception] => [division by zero] - [FileSetID: 005], [FileID: 10.2307_351528]
2019-03-02 03:27:47 WARNING  [Exception] => [division by zero] - [FileSetID: 005], [FileID: 10.2307_41800748]
2019-03-02 03:27:47 WARNING  [Exception] => [division by zero] - [FileSetID: 005], [FileID: 10.2307_1387644]
2019-03-02 03:27:47 WARNING  [Exception] => [division by zero] - [FileSetID: 005], [FileID: 10.2307_43294464]
2019-03-02 03:27:47 WARNING  [Exception] => [division by zero] - [FileSetID: 005], [FileID: 10.2307_350697]
2019-03-02 03:27:47 WARNING  [Exception] => [division by zero] - [FileSetID: 005], [FileID: 10.2307_350710]
2019-03-02 03:27:47 WARNING  [Exception] => [division by zero] - [FileSetID: 005], [FileID: 10.2307_41960763]
2019-03-02 03:27:47 WARNING  [Exception] => [division by zero] - [FileSetID: 005], [FileID: 10.2307_41783483]
2019-03-02 03:27:47 WARNING  [Exception] => [division by zero] - [FileSetID: 005], [FileID: 10.2307_43295056]
2019-03-02 03:27:47 WARNING  [Exception] => [division by zero] - [FileSetID: 005], [FileID: 10.2307_42851806]
2019-03-02 03:27:47 WARNING  [Exception] => [division by zero] - [FileSetID: 005], [FileID: 10.2307_351937]
2019-03-02 03:27:47 WARNING  [Exception] => [division by zero] - [FileSetID: 005], [FileID: 10.2307_1385046]
2019-03-02 03:27:47 WARNING  [Exception] => [division by zero] - [FileSetID: 005], [FileID: 10.2307_43294980]
2019-03-02 03:27:47 WARNING  [Exception] => [division by zero] - [FileSetID: 005], [FileID: 10.2307_351939]
2019-03-02 03:27:47 WARNING  [Exception] => [division by zero] - [FileSetID: 005], [FileID: 10.2307_42855376]
2019-03-02 03:27:47 WARNING  [Exception] => [division by zero] - [FileSetID: 005], [FileID: 10.2307_41801243]
2019-03-02 03:27:47 WARNING  [Exception] => [division by zero] - [FileSetID: 005], [FileID: 10.2307_351931]
2019-03-02 03:27:47 WARNING  [Exception] => [division by zero] - [FileSetID: 005], [FileID: 10.2307_41722474]
2019-03-02 03:27:47 WARNING  [Exception] => [division by zero] - [FileSetID: 005], [FileID: 10.2307_41274519]
2019-03-02 03:27:47 WARNING  [Exception] => [division by zero] - [FileSetID: 005], [FileID: 10.2307_350640]
2019-03-02 03:27:47 WARNING  [Exception] => [division by zero] - [FileSetID: 005], [FileID: 10.2307_42748833]
2019-03-02 03:27:47 WARNING  [Exception] => [division by zero] - [FileSetID: 005], [FileID: 10.2307_41844697]
2019-03-02 03:27:47 WARNING  [Exception] => [division by zero] - [FileSetID: 005], [FileID: 10.2307_1385048]
2019-03-02 03:27:47 WARNING  [Exception] => [division by zero] - [FileSetID: 005], [FileID: 10.2307_43287584]
2019-03-02 03:27:47 WARNING  [Exception] => [division by zero] - [FileSetID: 005], [FileID: 10.2307_41844046]
2019-03-02 03:27:47 WARNING  [Exception] => [division by zero] - [FileSetID: 005], [FileID: 10.2307_41068580]
2019-03-02 03:27:47 WARNING  [Exception] => [division by zero] - [FileSetID: 005], [FileID: 10.2307_351927]
2019-03-02 03:27:47 WARNING  [Exception] => [division by zero] - [FileSetID: 005], [FileID: 10.2307_42629809]
2019-03-02 03:27:47 WARNING  [Exception] => [division by zero] - [FileSetID: 005], [FileID: 10.2307_43294360]
2019-03-02 03:27:47 WARNING  [Exception] => [division by zero] - [FileSetID: 005], [FileID: 10.2307_44816935]
2019-03-02 03:27:47 WARNING  [Exception] => [division by zero] - [FileSetID: 005], [FileID: 10.2307_41068720]
2019-03-02 03:27:47 WARNING  [Exception] => [division by zero] - [FileSetID: 005], [FileID: 10.2307_41844156]
2019-03-02 03:27:47 WARNING  [Exception] => [division by zero] - [FileSetID: 005], [FileID: 10.2307_42853094]
2019-03-02 03:27:47 WARNING  [Exception] => [division by zero] - [FileSetID: 005], [FileID: 10.2307_monthlylaborrev.2012.01.114]
2019-03-02 03:27:47 WARNING  [Exception] => [division by zero] - [FileSetID: 005], [FileID: 10.2307_41555235]
2019-03-02 03:27:47 WARNING  [Exception] => [division by zero] - [FileSetID: 005], [FileID: 10.2307_41725508]
2019-03-02 03:27:47 WARNING  [Exception] => [division by zero] - [FileSetID: 005], [FileID: 10.2307_41844366]
2019-03-02 03:27:47 WARNING  [Exception] => [division by zero] - [FileSetID: 005], [FileID: 10.2307_43294828]
2019-03-02 03:27:47 WARNING  [Exception] => [division by zero] - [FileSetID: 005], [FileID: 10.2307_41845023]
2019-03-02 03:27:47 WARNING  [Exception] => [division by zero] - [FileSetID: 005], [FileID: 10.2307_1387642]
2019-03-02 03:27:47 WARNING  [Exception] => [division by zero] - [FileSetID: 005], [FileID: 10.2307_41514664]
2019-03-02 03:27:47 WARNING  [Exception] => [division by zero] - [FileSetID: 005], [FileID: 10.2307_41554396]
2019-03-02 03:27:47 WARNING  [Exception] => [division by zero] - [FileSetID: 005], [FileID: 10.2307_350694]
2019-03-02 03:27:47 WARNING  [Exception] => [division by zero] - [FileSetID: 005], [FileID: 10.2307_351959]
2019-03-02 03:27:47 WARNING  [Exception] => [division by zero] - [FileSetID: 005], [FileID: 10.2307_43294892]
2019-03-02 03:27:47 WARNING  [Exception] => [division by zero] - [FileSetID: 005], [FileID: 10.2307_44815953]
2019-03-02 03:27:47 WARNING  [Exception] => [division by zero] - [FileSetID: 005], [FileID: 10.2307_350627]
2019-03-02 03:27:47 WARNING  [Exception] => [division by zero] - [FileSetID: 005], [FileID: 10.2307_3069642]
2019-03-02 03:27:47 WARNING  [Exception] => [division by zero] - [FileSetID: 005], [FileID: 10.2307_1385059]
2019-03-02 03:27:47 WARNING  [Exception] => [division by zero] - [FileSetID: 005], [FileID: 10.1525_si.1979.2.2.cover]
2019-03-02 03:27:47 WARNING  [Exception] => [division by zero] - [FileSetID: 005], [FileID: 10.2307_350634]
2019-03-02 03:27:47 WARNING  [Exception] => [division by zero] - [FileSetID: 005], [FileID: 10.2307_44089914]
2019-03-02 03:27:47 WARNING  [Exception] => [division by zero] - [FileSetID: 005], [FileID: 10.2307_23890324]
2019-03-02 03:27:47 WARNING  [Exception] => [division by zero] - [FileSetID: 005], [FileID: 10.2307_3710756]
2019-03-02 03:27:47 WARNING  [Exception] => [division by zero] - [FileSetID: 005], [FileID: 10.2307_43294569]
2019-03-02 03:27:47 WARNING  [Exception] => [division by zero] - [FileSetID: 005], [FileID: 10.2307_41421674]
2019-03-02 03:27:47 WARNING  [Exception] => [division by zero] - [FileSetID: 005], [FileID: 10.2307_41132961]
2019-03-02 03:27:47 WARNING  [Exception] => [division by zero] - [FileSetID: 005], [FileID: 10.2307_41484748]
2019-03-02 03:27:47 WARNING  [Exception] => [division by zero] - [FileSetID: 005], [FileID: 10.2307_monthlylaborrev.2011.05.016]
2019-03-02 03:27:47 WARNING  [Exception] => [division by zero] - [FileSetID: 005], [FileID: 10.2307_351930]
2019-03-02 03:27:47 WARNING  [Exception] => [division by zero] - [FileSetID: 005], [FileID: 10.1525_si.1994.17.2.cover]
2019-03-02 03:27:47 WARNING  [Exception] => [division by zero] - [FileSetID: 005], [FileID: 10.2307_41554408]
2019-03-02 03:27:47 WARNING  [Exception] => [division by zero] - [FileSetID: 005], [FileID: 10.2307_41067957]
2019-03-02 03:27:47 WARNING  [Exception] => [division by zero] - [FileSetID: 005], [FileID: 10.2307_41845141]
2019-03-02 03:27:47 WARNING  [Exception] => [division by zero] - [FileSetID: 005], [FileID: 10.2307_3012680]
2019-03-02 03:27:47 WARNING  [Exception] => [division by zero] - [FileSetID: 005], [FileID: 10.2307_41929431]
2019-03-02 03:27:47 WARNING  [Exception] => [division by zero] - [FileSetID: 005], [FileID: 10.2307_43294540]
2019-03-02 03:27:47 WARNING  [Exception] => [division by zero] - [FileSetID: 005], [FileID: 10.2307_41843454]
2019-03-02 03:27:47 WARNING  [Exception] => [division by zero] - [FileSetID: 005], [FileID: 10.2307_41800805]
2019-03-02 03:27:47 WARNING  [Exception] => [division by zero] - [FileSetID: 005], [FileID: 10.2307_41931482]
2019-03-02 03:27:47 WARNING  [Exception] => [division by zero] - [FileSetID: 005], [FileID: 10.2307_43294490]
2019-03-02 03:27:47 WARNING  [Exception] => [division by zero] - [FileSetID: 005], [FileID: 10.2307_44816350]
2019-03-02 03:27:47 WARNING  [Exception] => [division by zero] - [FileSetID: 005], [FileID: 10.2307_3711334]
2019-03-02 03:27:47 WARNING  [Exception] => [division by zero] - [FileSetID: 005], [FileID: 10.2307_20831129]
2019-03-02 03:27:47 WARNING  [Exception] => [division by zero] - [FileSetID: 005], [FileID: 10.2307_41304588]
2019-03-02 03:27:48 WARNING  [Exception] => [division by zero] - [FileSetID: 005], [FileID: 10.2307_3090248]
2019-03-02 03:27:48 WARNING  [Exception] => [division by zero] - [FileSetID: 005], [FileID: 10.2307_42783273]
2019-03-02 03:27:48 WARNING  [Exception] => [division by zero] - [FileSetID: 005], [FileID: 10.2307_350689]
2019-03-02 03:27:48 WARNING  [Exception] => [division by zero] - [FileSetID: 005], [FileID: 10.2307_351932]
2019-03-02 03:27:48 WARNING  [Exception] => [division by zero] - [FileSetID: 005], [FileID: 10.2307_41844279]
2019-03-02 03:27:48 WARNING  [Exception] => [division by zero] - [FileSetID: 005], [FileID: 10.2307_20851559]
2019-03-02 03:27:48 WARNING  [Exception] => [division by zero] - [FileSetID: 005], [FileID: 10.2307_41801047]
2019-03-02 03:27:48 WARNING  [Exception] => [division by zero] - [FileSetID: 005], [FileID: 10.2307_41844961]
2019-03-02 03:27:48 WARNING  [Exception] => [division by zero] - [FileSetID: 005], [FileID: 10.2307_43481449]
2019-03-02 03:27:48 WARNING  [Exception] => [division by zero] - [FileSetID: 005], [FileID: 10.2307_41554429]
2019-03-02 03:27:48 WARNING  [Exception] => [division by zero] - [FileSetID: 005], [FileID: 10.2307_41683018]
2019-03-02 03:27:48 WARNING  [Exception] => [division by zero] - [FileSetID: 005], [FileID: 10.2307_42855729]
2019-03-02 03:27:48 WARNING  [Exception] => [division by zero] - [FileSetID: 005], [FileID: 10.2307_2391627]
2019-03-02 03:27:48 WARNING  [Exception] => [division by zero] - [FileSetID: 005], [FileID: 10.2307_monthlylaborrev.2010.02.020]
2019-03-02 03:27:48 WARNING  [Exception] => [division by zero] - [FileSetID: 005], [FileID: 10.2307_20831464]
2019-03-02 03:27:48 INFO     Mission Complete
